[2023-03-30 11:34:41,934] {processor.py:153} INFO - Started process (PID=34) to work on /opt/airflow/dags/user_processing.py
[2023-03-30 11:34:41,936] {processor.py:641} INFO - Processing file /opt/airflow/dags/user_processing.py for tasks to queue
[2023-03-30 11:34:41,937] {logging_mixin.py:115} INFO - [2023-03-30 11:34:41,937] {dagbag.py:507} INFO - Filling up the DagBag from /opt/airflow/dags/user_processing.py
[2023-03-30 11:34:42,688] {processor.py:651} INFO - DAG(s) dict_keys(['user_processing']) retrieved from /opt/airflow/dags/user_processing.py
[2023-03-30 11:34:42,931] {logging_mixin.py:115} INFO - [2023-03-30 11:34:42,931] {manager.py:508} INFO - Created Permission View: can read on DAG:user_processing
[2023-03-30 11:34:42,945] {logging_mixin.py:115} INFO - [2023-03-30 11:34:42,945] {manager.py:508} INFO - Created Permission View: can delete on DAG:user_processing
[2023-03-30 11:34:42,956] {logging_mixin.py:115} INFO - [2023-03-30 11:34:42,956] {manager.py:508} INFO - Created Permission View: can edit on DAG:user_processing
[2023-03-30 11:34:42,957] {logging_mixin.py:115} INFO - [2023-03-30 11:34:42,956] {dag.py:2371} INFO - Sync 1 DAGs
[2023-03-30 11:34:42,967] {logging_mixin.py:115} INFO - [2023-03-30 11:34:42,967] {dag.py:2390} INFO - Creating ORM DAG for user_processing
[2023-03-30 11:34:43,005] {logging_mixin.py:115} INFO - [2023-03-30 11:34:43,005] {dag.py:2919} INFO - Setting next_dagrun for user_processing to 2023-03-29T00:00:00+00:00, run_after=2023-03-30T00:00:00+00:00
[2023-03-30 11:34:43,037] {processor.py:161} INFO - Processing /opt/airflow/dags/user_processing.py took 1.106 seconds
[2023-03-30 11:35:13,604] {processor.py:153} INFO - Started process (PID=98) to work on /opt/airflow/dags/user_processing.py
[2023-03-30 11:35:13,606] {processor.py:641} INFO - Processing file /opt/airflow/dags/user_processing.py for tasks to queue
[2023-03-30 11:35:13,606] {logging_mixin.py:115} INFO - [2023-03-30 11:35:13,606] {dagbag.py:507} INFO - Filling up the DagBag from /opt/airflow/dags/user_processing.py
[2023-03-30 11:35:13,889] {processor.py:651} INFO - DAG(s) dict_keys(['user_processing']) retrieved from /opt/airflow/dags/user_processing.py
[2023-03-30 11:35:13,988] {logging_mixin.py:115} INFO - [2023-03-30 11:35:13,988] {dag.py:2371} INFO - Sync 1 DAGs
[2023-03-30 11:35:14,041] {logging_mixin.py:115} INFO - [2023-03-30 11:35:14,041] {dag.py:2919} INFO - Setting next_dagrun for user_processing to 2023-03-29T00:00:00+00:00, run_after=2023-03-30T00:00:00+00:00
[2023-03-30 11:35:14,067] {processor.py:161} INFO - Processing /opt/airflow/dags/user_processing.py took 0.465 seconds
[2023-03-30 11:35:44,120] {processor.py:153} INFO - Started process (PID=161) to work on /opt/airflow/dags/user_processing.py
[2023-03-30 11:35:44,121] {processor.py:641} INFO - Processing file /opt/airflow/dags/user_processing.py for tasks to queue
[2023-03-30 11:35:44,122] {logging_mixin.py:115} INFO - [2023-03-30 11:35:44,122] {dagbag.py:507} INFO - Filling up the DagBag from /opt/airflow/dags/user_processing.py
[2023-03-30 11:35:44,395] {processor.py:651} INFO - DAG(s) dict_keys(['user_processing']) retrieved from /opt/airflow/dags/user_processing.py
[2023-03-30 11:35:44,500] {logging_mixin.py:115} INFO - [2023-03-30 11:35:44,500] {dag.py:2371} INFO - Sync 1 DAGs
[2023-03-30 11:35:44,552] {logging_mixin.py:115} INFO - [2023-03-30 11:35:44,551] {dag.py:2919} INFO - Setting next_dagrun for user_processing to 2023-03-29T00:00:00+00:00, run_after=2023-03-30T00:00:00+00:00
[2023-03-30 11:35:44,575] {processor.py:161} INFO - Processing /opt/airflow/dags/user_processing.py took 0.458 seconds
[2023-03-30 11:36:14,815] {processor.py:153} INFO - Started process (PID=224) to work on /opt/airflow/dags/user_processing.py
[2023-03-30 11:36:14,817] {processor.py:641} INFO - Processing file /opt/airflow/dags/user_processing.py for tasks to queue
[2023-03-30 11:36:14,818] {logging_mixin.py:115} INFO - [2023-03-30 11:36:14,818] {dagbag.py:507} INFO - Filling up the DagBag from /opt/airflow/dags/user_processing.py
[2023-03-30 11:36:15,068] {processor.py:651} INFO - DAG(s) dict_keys(['user_processing']) retrieved from /opt/airflow/dags/user_processing.py
[2023-03-30 11:36:15,227] {logging_mixin.py:115} INFO - [2023-03-30 11:36:15,226] {dag.py:2371} INFO - Sync 1 DAGs
[2023-03-30 11:36:15,312] {logging_mixin.py:115} INFO - [2023-03-30 11:36:15,312] {dag.py:2919} INFO - Setting next_dagrun for user_processing to 2023-03-29T00:00:00+00:00, run_after=2023-03-30T00:00:00+00:00
[2023-03-30 11:36:15,353] {processor.py:161} INFO - Processing /opt/airflow/dags/user_processing.py took 0.541 seconds
[2023-03-30 11:36:45,613] {processor.py:153} INFO - Started process (PID=278) to work on /opt/airflow/dags/user_processing.py
[2023-03-30 11:36:45,614] {processor.py:641} INFO - Processing file /opt/airflow/dags/user_processing.py for tasks to queue
[2023-03-30 11:36:45,615] {logging_mixin.py:115} INFO - [2023-03-30 11:36:45,615] {dagbag.py:507} INFO - Filling up the DagBag from /opt/airflow/dags/user_processing.py
[2023-03-30 11:36:45,898] {processor.py:651} INFO - DAG(s) dict_keys(['user_processing']) retrieved from /opt/airflow/dags/user_processing.py
[2023-03-30 11:36:46,045] {logging_mixin.py:115} INFO - [2023-03-30 11:36:46,044] {dag.py:2371} INFO - Sync 1 DAGs
[2023-03-30 11:36:46,097] {logging_mixin.py:115} INFO - [2023-03-30 11:36:46,097] {dag.py:2919} INFO - Setting next_dagrun for user_processing to 2023-03-29T00:00:00+00:00, run_after=2023-03-30T00:00:00+00:00
[2023-03-30 11:36:46,123] {processor.py:161} INFO - Processing /opt/airflow/dags/user_processing.py took 0.512 seconds
[2023-03-30 11:37:16,366] {processor.py:153} INFO - Started process (PID=343) to work on /opt/airflow/dags/user_processing.py
[2023-03-30 11:37:16,368] {processor.py:641} INFO - Processing file /opt/airflow/dags/user_processing.py for tasks to queue
[2023-03-30 11:37:16,369] {logging_mixin.py:115} INFO - [2023-03-30 11:37:16,369] {dagbag.py:507} INFO - Filling up the DagBag from /opt/airflow/dags/user_processing.py
[2023-03-30 11:37:16,736] {processor.py:651} INFO - DAG(s) dict_keys(['user_processing']) retrieved from /opt/airflow/dags/user_processing.py
[2023-03-30 11:37:16,903] {logging_mixin.py:115} INFO - [2023-03-30 11:37:16,902] {dag.py:2371} INFO - Sync 1 DAGs
[2023-03-30 11:37:16,950] {logging_mixin.py:115} INFO - [2023-03-30 11:37:16,950] {dag.py:2919} INFO - Setting next_dagrun for user_processing to 2023-03-29T00:00:00+00:00, run_after=2023-03-30T00:00:00+00:00
[2023-03-30 11:37:16,970] {processor.py:161} INFO - Processing /opt/airflow/dags/user_processing.py took 0.608 seconds
[2023-03-30 11:37:47,515] {processor.py:153} INFO - Started process (PID=406) to work on /opt/airflow/dags/user_processing.py
[2023-03-30 11:37:47,517] {processor.py:641} INFO - Processing file /opt/airflow/dags/user_processing.py for tasks to queue
[2023-03-30 11:37:47,517] {logging_mixin.py:115} INFO - [2023-03-30 11:37:47,517] {dagbag.py:507} INFO - Filling up the DagBag from /opt/airflow/dags/user_processing.py
[2023-03-30 11:37:47,775] {processor.py:651} INFO - DAG(s) dict_keys(['user_processing']) retrieved from /opt/airflow/dags/user_processing.py
[2023-03-30 11:37:47,878] {logging_mixin.py:115} INFO - [2023-03-30 11:37:47,877] {dag.py:2371} INFO - Sync 1 DAGs
[2023-03-30 11:37:47,922] {logging_mixin.py:115} INFO - [2023-03-30 11:37:47,922] {dag.py:2919} INFO - Setting next_dagrun for user_processing to 2023-03-29T00:00:00+00:00, run_after=2023-03-30T00:00:00+00:00
[2023-03-30 11:37:47,941] {processor.py:161} INFO - Processing /opt/airflow/dags/user_processing.py took 0.429 seconds
[2023-03-30 11:38:18,100] {processor.py:153} INFO - Started process (PID=469) to work on /opt/airflow/dags/user_processing.py
[2023-03-30 11:38:18,105] {processor.py:641} INFO - Processing file /opt/airflow/dags/user_processing.py for tasks to queue
[2023-03-30 11:38:18,107] {logging_mixin.py:115} INFO - [2023-03-30 11:38:18,107] {dagbag.py:507} INFO - Filling up the DagBag from /opt/airflow/dags/user_processing.py
[2023-03-30 11:38:18,375] {processor.py:651} INFO - DAG(s) dict_keys(['user_processing']) retrieved from /opt/airflow/dags/user_processing.py
[2023-03-30 11:38:18,486] {logging_mixin.py:115} INFO - [2023-03-30 11:38:18,486] {dag.py:2371} INFO - Sync 1 DAGs
[2023-03-30 11:38:18,533] {logging_mixin.py:115} INFO - [2023-03-30 11:38:18,533] {dag.py:2919} INFO - Setting next_dagrun for user_processing to 2023-03-30T00:00:00+00:00, run_after=2023-03-31T00:00:00+00:00
[2023-03-30 11:38:18,553] {processor.py:161} INFO - Processing /opt/airflow/dags/user_processing.py took 0.455 seconds
[2023-03-30 11:38:48,844] {processor.py:153} INFO - Started process (PID=532) to work on /opt/airflow/dags/user_processing.py
[2023-03-30 11:38:48,845] {processor.py:641} INFO - Processing file /opt/airflow/dags/user_processing.py for tasks to queue
[2023-03-30 11:38:48,846] {logging_mixin.py:115} INFO - [2023-03-30 11:38:48,846] {dagbag.py:507} INFO - Filling up the DagBag from /opt/airflow/dags/user_processing.py
[2023-03-30 11:38:49,084] {processor.py:651} INFO - DAG(s) dict_keys(['user_processing']) retrieved from /opt/airflow/dags/user_processing.py
[2023-03-30 11:38:49,187] {logging_mixin.py:115} INFO - [2023-03-30 11:38:49,187] {dag.py:2371} INFO - Sync 1 DAGs
[2023-03-30 11:38:49,234] {logging_mixin.py:115} INFO - [2023-03-30 11:38:49,234] {dag.py:2919} INFO - Setting next_dagrun for user_processing to 2023-03-30T00:00:00+00:00, run_after=2023-03-31T00:00:00+00:00
[2023-03-30 11:38:49,254] {processor.py:161} INFO - Processing /opt/airflow/dags/user_processing.py took 0.413 seconds
[2023-03-30 11:39:19,468] {processor.py:153} INFO - Started process (PID=586) to work on /opt/airflow/dags/user_processing.py
[2023-03-30 11:39:19,470] {processor.py:641} INFO - Processing file /opt/airflow/dags/user_processing.py for tasks to queue
[2023-03-30 11:39:19,471] {logging_mixin.py:115} INFO - [2023-03-30 11:39:19,471] {dagbag.py:507} INFO - Filling up the DagBag from /opt/airflow/dags/user_processing.py
[2023-03-30 11:39:19,726] {processor.py:651} INFO - DAG(s) dict_keys(['user_processing']) retrieved from /opt/airflow/dags/user_processing.py
[2023-03-30 11:39:19,829] {logging_mixin.py:115} INFO - [2023-03-30 11:39:19,829] {dag.py:2371} INFO - Sync 1 DAGs
[2023-03-30 11:39:19,878] {logging_mixin.py:115} INFO - [2023-03-30 11:39:19,878] {dag.py:2919} INFO - Setting next_dagrun for user_processing to 2023-03-30T00:00:00+00:00, run_after=2023-03-31T00:00:00+00:00
[2023-03-30 11:39:19,899] {processor.py:161} INFO - Processing /opt/airflow/dags/user_processing.py took 0.433 seconds
[2023-03-30 11:39:50,426] {processor.py:153} INFO - Started process (PID=649) to work on /opt/airflow/dags/user_processing.py
[2023-03-30 11:39:50,427] {processor.py:641} INFO - Processing file /opt/airflow/dags/user_processing.py for tasks to queue
[2023-03-30 11:39:50,428] {logging_mixin.py:115} INFO - [2023-03-30 11:39:50,428] {dagbag.py:507} INFO - Filling up the DagBag from /opt/airflow/dags/user_processing.py
[2023-03-30 11:39:50,677] {processor.py:651} INFO - DAG(s) dict_keys(['user_processing']) retrieved from /opt/airflow/dags/user_processing.py
[2023-03-30 11:39:50,779] {logging_mixin.py:115} INFO - [2023-03-30 11:39:50,779] {dag.py:2371} INFO - Sync 1 DAGs
[2023-03-30 11:39:50,828] {logging_mixin.py:115} INFO - [2023-03-30 11:39:50,828] {dag.py:2919} INFO - Setting next_dagrun for user_processing to 2023-03-30T00:00:00+00:00, run_after=2023-03-31T00:00:00+00:00
[2023-03-30 11:39:50,847] {processor.py:161} INFO - Processing /opt/airflow/dags/user_processing.py took 0.424 seconds
[2023-03-30 11:40:21,882] {processor.py:153} INFO - Started process (PID=712) to work on /opt/airflow/dags/user_processing.py
[2023-03-30 11:40:21,884] {processor.py:641} INFO - Processing file /opt/airflow/dags/user_processing.py for tasks to queue
[2023-03-30 11:40:21,885] {logging_mixin.py:115} INFO - [2023-03-30 11:40:21,885] {dagbag.py:507} INFO - Filling up the DagBag from /opt/airflow/dags/user_processing.py
[2023-03-30 11:40:22,149] {processor.py:651} INFO - DAG(s) dict_keys(['user_processing']) retrieved from /opt/airflow/dags/user_processing.py
[2023-03-30 11:40:22,251] {logging_mixin.py:115} INFO - [2023-03-30 11:40:22,251] {dag.py:2371} INFO - Sync 1 DAGs
[2023-03-30 11:40:22,296] {logging_mixin.py:115} INFO - [2023-03-30 11:40:22,296] {dag.py:2919} INFO - Setting next_dagrun for user_processing to 2023-03-30T00:00:00+00:00, run_after=2023-03-31T00:00:00+00:00
[2023-03-30 11:40:22,316] {processor.py:161} INFO - Processing /opt/airflow/dags/user_processing.py took 0.436 seconds
[2023-03-30 11:40:53,016] {processor.py:153} INFO - Started process (PID=775) to work on /opt/airflow/dags/user_processing.py
[2023-03-30 11:40:53,017] {processor.py:641} INFO - Processing file /opt/airflow/dags/user_processing.py for tasks to queue
[2023-03-30 11:40:53,018] {logging_mixin.py:115} INFO - [2023-03-30 11:40:53,018] {dagbag.py:507} INFO - Filling up the DagBag from /opt/airflow/dags/user_processing.py
[2023-03-30 11:40:53,270] {processor.py:651} INFO - DAG(s) dict_keys(['user_processing']) retrieved from /opt/airflow/dags/user_processing.py
[2023-03-30 11:40:53,374] {logging_mixin.py:115} INFO - [2023-03-30 11:40:53,374] {dag.py:2371} INFO - Sync 1 DAGs
[2023-03-30 11:40:53,419] {logging_mixin.py:115} INFO - [2023-03-30 11:40:53,419] {dag.py:2919} INFO - Setting next_dagrun for user_processing to 2023-03-30T00:00:00+00:00, run_after=2023-03-31T00:00:00+00:00
[2023-03-30 11:40:53,440] {processor.py:161} INFO - Processing /opt/airflow/dags/user_processing.py took 0.427 seconds
[2023-03-30 11:41:23,639] {processor.py:153} INFO - Started process (PID=838) to work on /opt/airflow/dags/user_processing.py
[2023-03-30 11:41:23,640] {processor.py:641} INFO - Processing file /opt/airflow/dags/user_processing.py for tasks to queue
[2023-03-30 11:41:23,641] {logging_mixin.py:115} INFO - [2023-03-30 11:41:23,641] {dagbag.py:507} INFO - Filling up the DagBag from /opt/airflow/dags/user_processing.py
[2023-03-30 11:41:23,890] {processor.py:651} INFO - DAG(s) dict_keys(['user_processing']) retrieved from /opt/airflow/dags/user_processing.py
[2023-03-30 11:41:23,993] {logging_mixin.py:115} INFO - [2023-03-30 11:41:23,992] {dag.py:2371} INFO - Sync 1 DAGs
[2023-03-30 11:41:24,039] {logging_mixin.py:115} INFO - [2023-03-30 11:41:24,039] {dag.py:2919} INFO - Setting next_dagrun for user_processing to 2023-03-30T00:00:00+00:00, run_after=2023-03-31T00:00:00+00:00
[2023-03-30 11:41:24,059] {processor.py:161} INFO - Processing /opt/airflow/dags/user_processing.py took 0.423 seconds
[2023-03-30 11:41:54,329] {processor.py:153} INFO - Started process (PID=902) to work on /opt/airflow/dags/user_processing.py
[2023-03-30 11:41:54,331] {processor.py:641} INFO - Processing file /opt/airflow/dags/user_processing.py for tasks to queue
[2023-03-30 11:41:54,332] {logging_mixin.py:115} INFO - [2023-03-30 11:41:54,332] {dagbag.py:507} INFO - Filling up the DagBag from /opt/airflow/dags/user_processing.py
[2023-03-30 11:41:54,589] {processor.py:651} INFO - DAG(s) dict_keys(['user_processing']) retrieved from /opt/airflow/dags/user_processing.py
[2023-03-30 11:41:54,722] {logging_mixin.py:115} INFO - [2023-03-30 11:41:54,721] {dag.py:2371} INFO - Sync 1 DAGs
[2023-03-30 11:41:54,782] {logging_mixin.py:115} INFO - [2023-03-30 11:41:54,781] {dag.py:2919} INFO - Setting next_dagrun for user_processing to 2023-03-30T00:00:00+00:00, run_after=2023-03-31T00:00:00+00:00
[2023-03-30 11:41:54,813] {processor.py:161} INFO - Processing /opt/airflow/dags/user_processing.py took 0.487 seconds
[2023-03-30 11:42:24,960] {processor.py:153} INFO - Started process (PID=954) to work on /opt/airflow/dags/user_processing.py
[2023-03-30 11:42:24,961] {processor.py:641} INFO - Processing file /opt/airflow/dags/user_processing.py for tasks to queue
[2023-03-30 11:42:24,962] {logging_mixin.py:115} INFO - [2023-03-30 11:42:24,962] {dagbag.py:507} INFO - Filling up the DagBag from /opt/airflow/dags/user_processing.py
[2023-03-30 11:42:25,216] {processor.py:651} INFO - DAG(s) dict_keys(['user_processing']) retrieved from /opt/airflow/dags/user_processing.py
[2023-03-30 11:42:25,319] {logging_mixin.py:115} INFO - [2023-03-30 11:42:25,319] {dag.py:2371} INFO - Sync 1 DAGs
[2023-03-30 11:42:25,367] {logging_mixin.py:115} INFO - [2023-03-30 11:42:25,367] {dag.py:2919} INFO - Setting next_dagrun for user_processing to 2023-03-30T00:00:00+00:00, run_after=2023-03-31T00:00:00+00:00
[2023-03-30 11:42:25,389] {processor.py:161} INFO - Processing /opt/airflow/dags/user_processing.py took 0.432 seconds
[2023-03-30 11:42:55,531] {processor.py:153} INFO - Started process (PID=1017) to work on /opt/airflow/dags/user_processing.py
[2023-03-30 11:42:55,532] {processor.py:641} INFO - Processing file /opt/airflow/dags/user_processing.py for tasks to queue
[2023-03-30 11:42:55,533] {logging_mixin.py:115} INFO - [2023-03-30 11:42:55,533] {dagbag.py:507} INFO - Filling up the DagBag from /opt/airflow/dags/user_processing.py
[2023-03-30 11:42:55,803] {processor.py:651} INFO - DAG(s) dict_keys(['user_processing']) retrieved from /opt/airflow/dags/user_processing.py
[2023-03-30 11:42:55,910] {logging_mixin.py:115} INFO - [2023-03-30 11:42:55,910] {dag.py:2371} INFO - Sync 1 DAGs
[2023-03-30 11:42:55,956] {logging_mixin.py:115} INFO - [2023-03-30 11:42:55,956] {dag.py:2919} INFO - Setting next_dagrun for user_processing to 2023-03-30T00:00:00+00:00, run_after=2023-03-31T00:00:00+00:00
[2023-03-30 11:42:55,975] {processor.py:161} INFO - Processing /opt/airflow/dags/user_processing.py took 0.447 seconds
[2023-03-30 11:43:26,325] {processor.py:153} INFO - Started process (PID=1081) to work on /opt/airflow/dags/user_processing.py
[2023-03-30 11:43:26,326] {processor.py:641} INFO - Processing file /opt/airflow/dags/user_processing.py for tasks to queue
[2023-03-30 11:43:26,327] {logging_mixin.py:115} INFO - [2023-03-30 11:43:26,327] {dagbag.py:507} INFO - Filling up the DagBag from /opt/airflow/dags/user_processing.py
[2023-03-30 11:43:26,603] {processor.py:651} INFO - DAG(s) dict_keys(['user_processing']) retrieved from /opt/airflow/dags/user_processing.py
[2023-03-30 11:43:26,705] {logging_mixin.py:115} INFO - [2023-03-30 11:43:26,705] {dag.py:2371} INFO - Sync 1 DAGs
[2023-03-30 11:43:26,755] {logging_mixin.py:115} INFO - [2023-03-30 11:43:26,755] {dag.py:2919} INFO - Setting next_dagrun for user_processing to 2023-03-30T00:00:00+00:00, run_after=2023-03-31T00:00:00+00:00
[2023-03-30 11:43:26,778] {processor.py:161} INFO - Processing /opt/airflow/dags/user_processing.py took 0.456 seconds
[2023-03-30 11:43:57,002] {processor.py:153} INFO - Started process (PID=1145) to work on /opt/airflow/dags/user_processing.py
[2023-03-30 11:43:57,003] {processor.py:641} INFO - Processing file /opt/airflow/dags/user_processing.py for tasks to queue
[2023-03-30 11:43:57,003] {logging_mixin.py:115} INFO - [2023-03-30 11:43:57,003] {dagbag.py:507} INFO - Filling up the DagBag from /opt/airflow/dags/user_processing.py
[2023-03-30 11:43:57,261] {processor.py:651} INFO - DAG(s) dict_keys(['user_processing']) retrieved from /opt/airflow/dags/user_processing.py
[2023-03-30 11:43:57,367] {logging_mixin.py:115} INFO - [2023-03-30 11:43:57,366] {dag.py:2371} INFO - Sync 1 DAGs
[2023-03-30 11:43:57,416] {logging_mixin.py:115} INFO - [2023-03-30 11:43:57,415] {dag.py:2919} INFO - Setting next_dagrun for user_processing to 2023-03-30T00:00:00+00:00, run_after=2023-03-31T00:00:00+00:00
[2023-03-30 11:43:57,438] {processor.py:161} INFO - Processing /opt/airflow/dags/user_processing.py took 0.439 seconds
[2023-03-30 11:44:27,541] {processor.py:153} INFO - Started process (PID=1208) to work on /opt/airflow/dags/user_processing.py
[2023-03-30 11:44:27,542] {processor.py:641} INFO - Processing file /opt/airflow/dags/user_processing.py for tasks to queue
[2023-03-30 11:44:27,543] {logging_mixin.py:115} INFO - [2023-03-30 11:44:27,543] {dagbag.py:507} INFO - Filling up the DagBag from /opt/airflow/dags/user_processing.py
[2023-03-30 11:44:27,828] {processor.py:651} INFO - DAG(s) dict_keys(['user_processing']) retrieved from /opt/airflow/dags/user_processing.py
[2023-03-30 11:44:27,943] {logging_mixin.py:115} INFO - [2023-03-30 11:44:27,943] {dag.py:2371} INFO - Sync 1 DAGs
[2023-03-30 11:44:28,006] {logging_mixin.py:115} INFO - [2023-03-30 11:44:28,006] {dag.py:2919} INFO - Setting next_dagrun for user_processing to 2023-03-30T00:00:00+00:00, run_after=2023-03-31T00:00:00+00:00
[2023-03-30 11:44:28,030] {processor.py:161} INFO - Processing /opt/airflow/dags/user_processing.py took 0.492 seconds
[2023-03-30 11:44:58,269] {processor.py:153} INFO - Started process (PID=1268) to work on /opt/airflow/dags/user_processing.py
[2023-03-30 11:44:58,270] {processor.py:641} INFO - Processing file /opt/airflow/dags/user_processing.py for tasks to queue
[2023-03-30 11:44:58,271] {logging_mixin.py:115} INFO - [2023-03-30 11:44:58,271] {dagbag.py:507} INFO - Filling up the DagBag from /opt/airflow/dags/user_processing.py
[2023-03-30 11:44:58,522] {processor.py:651} INFO - DAG(s) dict_keys(['user_processing']) retrieved from /opt/airflow/dags/user_processing.py
[2023-03-30 11:44:58,636] {logging_mixin.py:115} INFO - [2023-03-30 11:44:58,635] {dag.py:2371} INFO - Sync 1 DAGs
[2023-03-30 11:44:58,690] {logging_mixin.py:115} INFO - [2023-03-30 11:44:58,690] {dag.py:2919} INFO - Setting next_dagrun for user_processing to 2023-03-30T00:00:00+00:00, run_after=2023-03-31T00:00:00+00:00
[2023-03-30 11:44:58,712] {processor.py:161} INFO - Processing /opt/airflow/dags/user_processing.py took 0.446 seconds
[2023-03-30 11:45:28,807] {processor.py:153} INFO - Started process (PID=1325) to work on /opt/airflow/dags/user_processing.py
[2023-03-30 11:45:28,808] {processor.py:641} INFO - Processing file /opt/airflow/dags/user_processing.py for tasks to queue
[2023-03-30 11:45:28,809] {logging_mixin.py:115} INFO - [2023-03-30 11:45:28,809] {dagbag.py:507} INFO - Filling up the DagBag from /opt/airflow/dags/user_processing.py
[2023-03-30 11:45:29,070] {processor.py:651} INFO - DAG(s) dict_keys(['user_processing']) retrieved from /opt/airflow/dags/user_processing.py
[2023-03-30 11:45:29,173] {logging_mixin.py:115} INFO - [2023-03-30 11:45:29,173] {dag.py:2371} INFO - Sync 1 DAGs
[2023-03-30 11:45:29,220] {logging_mixin.py:115} INFO - [2023-03-30 11:45:29,220] {dag.py:2919} INFO - Setting next_dagrun for user_processing to 2023-03-30T00:00:00+00:00, run_after=2023-03-31T00:00:00+00:00
[2023-03-30 11:45:29,240] {processor.py:161} INFO - Processing /opt/airflow/dags/user_processing.py took 0.436 seconds
[2023-03-30 11:45:59,587] {processor.py:153} INFO - Started process (PID=1386) to work on /opt/airflow/dags/user_processing.py
[2023-03-30 11:45:59,589] {processor.py:641} INFO - Processing file /opt/airflow/dags/user_processing.py for tasks to queue
[2023-03-30 11:45:59,590] {logging_mixin.py:115} INFO - [2023-03-30 11:45:59,590] {dagbag.py:507} INFO - Filling up the DagBag from /opt/airflow/dags/user_processing.py
[2023-03-30 11:45:59,843] {processor.py:651} INFO - DAG(s) dict_keys(['user_processing']) retrieved from /opt/airflow/dags/user_processing.py
[2023-03-30 11:45:59,948] {logging_mixin.py:115} INFO - [2023-03-30 11:45:59,948] {dag.py:2371} INFO - Sync 1 DAGs
[2023-03-30 11:45:59,998] {logging_mixin.py:115} INFO - [2023-03-30 11:45:59,998] {dag.py:2919} INFO - Setting next_dagrun for user_processing to 2023-03-30T00:00:00+00:00, run_after=2023-03-31T00:00:00+00:00
[2023-03-30 11:46:00,018] {processor.py:161} INFO - Processing /opt/airflow/dags/user_processing.py took 0.433 seconds
[2023-03-30 11:46:30,091] {processor.py:153} INFO - Started process (PID=1449) to work on /opt/airflow/dags/user_processing.py
[2023-03-30 11:46:30,093] {processor.py:641} INFO - Processing file /opt/airflow/dags/user_processing.py for tasks to queue
[2023-03-30 11:46:30,094] {logging_mixin.py:115} INFO - [2023-03-30 11:46:30,094] {dagbag.py:507} INFO - Filling up the DagBag from /opt/airflow/dags/user_processing.py
[2023-03-30 11:46:30,358] {processor.py:651} INFO - DAG(s) dict_keys(['user_processing']) retrieved from /opt/airflow/dags/user_processing.py
[2023-03-30 11:46:30,459] {logging_mixin.py:115} INFO - [2023-03-30 11:46:30,459] {dag.py:2371} INFO - Sync 1 DAGs
[2023-03-30 11:46:30,506] {logging_mixin.py:115} INFO - [2023-03-30 11:46:30,506] {dag.py:2919} INFO - Setting next_dagrun for user_processing to 2023-03-30T00:00:00+00:00, run_after=2023-03-31T00:00:00+00:00
[2023-03-30 11:46:30,527] {processor.py:161} INFO - Processing /opt/airflow/dags/user_processing.py took 0.438 seconds
[2023-03-30 11:47:00,836] {processor.py:153} INFO - Started process (PID=1511) to work on /opt/airflow/dags/user_processing.py
[2023-03-30 11:47:00,837] {processor.py:641} INFO - Processing file /opt/airflow/dags/user_processing.py for tasks to queue
[2023-03-30 11:47:00,838] {logging_mixin.py:115} INFO - [2023-03-30 11:47:00,838] {dagbag.py:507} INFO - Filling up the DagBag from /opt/airflow/dags/user_processing.py
[2023-03-30 11:47:01,125] {processor.py:651} INFO - DAG(s) dict_keys(['user_processing']) retrieved from /opt/airflow/dags/user_processing.py
[2023-03-30 11:47:01,233] {logging_mixin.py:115} INFO - [2023-03-30 11:47:01,233] {dag.py:2371} INFO - Sync 1 DAGs
[2023-03-30 11:47:01,281] {logging_mixin.py:115} INFO - [2023-03-30 11:47:01,281] {dag.py:2919} INFO - Setting next_dagrun for user_processing to 2023-03-30T00:00:00+00:00, run_after=2023-03-31T00:00:00+00:00
[2023-03-30 11:47:01,303] {processor.py:161} INFO - Processing /opt/airflow/dags/user_processing.py took 0.470 seconds
[2023-03-30 11:47:31,533] {processor.py:153} INFO - Started process (PID=1573) to work on /opt/airflow/dags/user_processing.py
[2023-03-30 11:47:31,534] {processor.py:641} INFO - Processing file /opt/airflow/dags/user_processing.py for tasks to queue
[2023-03-30 11:47:31,535] {logging_mixin.py:115} INFO - [2023-03-30 11:47:31,534] {dagbag.py:507} INFO - Filling up the DagBag from /opt/airflow/dags/user_processing.py
[2023-03-30 11:47:31,795] {processor.py:651} INFO - DAG(s) dict_keys(['user_processing']) retrieved from /opt/airflow/dags/user_processing.py
[2023-03-30 11:47:31,911] {logging_mixin.py:115} INFO - [2023-03-30 11:47:31,910] {dag.py:2371} INFO - Sync 1 DAGs
[2023-03-30 11:47:31,992] {logging_mixin.py:115} INFO - [2023-03-30 11:47:31,992] {dag.py:2919} INFO - Setting next_dagrun for user_processing to 2023-03-30T00:00:00+00:00, run_after=2023-03-31T00:00:00+00:00
[2023-03-30 11:47:32,022] {processor.py:161} INFO - Processing /opt/airflow/dags/user_processing.py took 0.492 seconds
[2023-03-30 11:48:03,077] {processor.py:153} INFO - Started process (PID=1630) to work on /opt/airflow/dags/user_processing.py
[2023-03-30 11:48:03,079] {processor.py:641} INFO - Processing file /opt/airflow/dags/user_processing.py for tasks to queue
[2023-03-30 11:48:03,080] {logging_mixin.py:115} INFO - [2023-03-30 11:48:03,080] {dagbag.py:507} INFO - Filling up the DagBag from /opt/airflow/dags/user_processing.py
[2023-03-30 11:48:03,339] {processor.py:651} INFO - DAG(s) dict_keys(['user_processing']) retrieved from /opt/airflow/dags/user_processing.py
[2023-03-30 11:48:03,439] {logging_mixin.py:115} INFO - [2023-03-30 11:48:03,439] {dag.py:2371} INFO - Sync 1 DAGs
[2023-03-30 11:48:03,484] {logging_mixin.py:115} INFO - [2023-03-30 11:48:03,484] {dag.py:2919} INFO - Setting next_dagrun for user_processing to 2023-03-30T00:00:00+00:00, run_after=2023-03-31T00:00:00+00:00
[2023-03-30 11:48:03,503] {processor.py:161} INFO - Processing /opt/airflow/dags/user_processing.py took 0.429 seconds
[2023-03-30 11:48:33,986] {processor.py:153} INFO - Started process (PID=1692) to work on /opt/airflow/dags/user_processing.py
[2023-03-30 11:48:33,987] {processor.py:641} INFO - Processing file /opt/airflow/dags/user_processing.py for tasks to queue
[2023-03-30 11:48:33,988] {logging_mixin.py:115} INFO - [2023-03-30 11:48:33,988] {dagbag.py:507} INFO - Filling up the DagBag from /opt/airflow/dags/user_processing.py
[2023-03-30 11:48:34,226] {processor.py:651} INFO - DAG(s) dict_keys(['user_processing']) retrieved from /opt/airflow/dags/user_processing.py
[2023-03-30 11:48:34,326] {logging_mixin.py:115} INFO - [2023-03-30 11:48:34,325] {dag.py:2371} INFO - Sync 1 DAGs
[2023-03-30 11:48:34,372] {logging_mixin.py:115} INFO - [2023-03-30 11:48:34,372] {dag.py:2919} INFO - Setting next_dagrun for user_processing to 2023-03-30T00:00:00+00:00, run_after=2023-03-31T00:00:00+00:00
[2023-03-30 11:48:34,390] {processor.py:161} INFO - Processing /opt/airflow/dags/user_processing.py took 0.407 seconds
[2023-03-30 11:49:04,544] {processor.py:153} INFO - Started process (PID=1754) to work on /opt/airflow/dags/user_processing.py
[2023-03-30 11:49:04,545] {processor.py:641} INFO - Processing file /opt/airflow/dags/user_processing.py for tasks to queue
[2023-03-30 11:49:04,546] {logging_mixin.py:115} INFO - [2023-03-30 11:49:04,546] {dagbag.py:507} INFO - Filling up the DagBag from /opt/airflow/dags/user_processing.py
[2023-03-30 11:49:04,803] {processor.py:651} INFO - DAG(s) dict_keys(['user_processing']) retrieved from /opt/airflow/dags/user_processing.py
[2023-03-30 11:49:04,913] {logging_mixin.py:115} INFO - [2023-03-30 11:49:04,912] {dag.py:2371} INFO - Sync 1 DAGs
[2023-03-30 11:49:04,965] {logging_mixin.py:115} INFO - [2023-03-30 11:49:04,965] {dag.py:2919} INFO - Setting next_dagrun for user_processing to 2023-03-30T00:00:00+00:00, run_after=2023-03-31T00:00:00+00:00
[2023-03-30 11:49:04,986] {processor.py:161} INFO - Processing /opt/airflow/dags/user_processing.py took 0.445 seconds
[2023-03-30 11:49:35,100] {processor.py:153} INFO - Started process (PID=1816) to work on /opt/airflow/dags/user_processing.py
[2023-03-30 11:49:35,102] {processor.py:641} INFO - Processing file /opt/airflow/dags/user_processing.py for tasks to queue
[2023-03-30 11:49:35,103] {logging_mixin.py:115} INFO - [2023-03-30 11:49:35,103] {dagbag.py:507} INFO - Filling up the DagBag from /opt/airflow/dags/user_processing.py
[2023-03-30 11:49:35,372] {processor.py:651} INFO - DAG(s) dict_keys(['user_processing']) retrieved from /opt/airflow/dags/user_processing.py
[2023-03-30 11:49:35,495] {logging_mixin.py:115} INFO - [2023-03-30 11:49:35,495] {dag.py:2371} INFO - Sync 1 DAGs
[2023-03-30 11:49:35,545] {logging_mixin.py:115} INFO - [2023-03-30 11:49:35,545] {dag.py:2919} INFO - Setting next_dagrun for user_processing to 2023-03-30T00:00:00+00:00, run_after=2023-03-31T00:00:00+00:00
[2023-03-30 11:49:35,576] {processor.py:161} INFO - Processing /opt/airflow/dags/user_processing.py took 0.479 seconds
[2023-03-30 11:50:05,897] {processor.py:153} INFO - Started process (PID=1880) to work on /opt/airflow/dags/user_processing.py
[2023-03-30 11:50:05,898] {processor.py:641} INFO - Processing file /opt/airflow/dags/user_processing.py for tasks to queue
[2023-03-30 11:50:05,899] {logging_mixin.py:115} INFO - [2023-03-30 11:50:05,898] {dagbag.py:507} INFO - Filling up the DagBag from /opt/airflow/dags/user_processing.py
[2023-03-30 11:50:06,138] {processor.py:651} INFO - DAG(s) dict_keys(['user_processing']) retrieved from /opt/airflow/dags/user_processing.py
[2023-03-30 11:50:06,235] {logging_mixin.py:115} INFO - [2023-03-30 11:50:06,235] {dag.py:2371} INFO - Sync 1 DAGs
[2023-03-30 11:50:06,280] {logging_mixin.py:115} INFO - [2023-03-30 11:50:06,280] {dag.py:2919} INFO - Setting next_dagrun for user_processing to 2023-03-30T00:00:00+00:00, run_after=2023-03-31T00:00:00+00:00
[2023-03-30 11:50:06,299] {processor.py:161} INFO - Processing /opt/airflow/dags/user_processing.py took 0.405 seconds
[2023-03-30 11:50:36,520] {processor.py:153} INFO - Started process (PID=1935) to work on /opt/airflow/dags/user_processing.py
[2023-03-30 11:50:36,521] {processor.py:641} INFO - Processing file /opt/airflow/dags/user_processing.py for tasks to queue
[2023-03-30 11:50:36,522] {logging_mixin.py:115} INFO - [2023-03-30 11:50:36,522] {dagbag.py:507} INFO - Filling up the DagBag from /opt/airflow/dags/user_processing.py
[2023-03-30 11:50:36,758] {processor.py:651} INFO - DAG(s) dict_keys(['user_processing']) retrieved from /opt/airflow/dags/user_processing.py
[2023-03-30 11:50:36,895] {logging_mixin.py:115} INFO - [2023-03-30 11:50:36,894] {dag.py:2371} INFO - Sync 1 DAGs
[2023-03-30 11:50:36,950] {logging_mixin.py:115} INFO - [2023-03-30 11:50:36,949] {dag.py:2919} INFO - Setting next_dagrun for user_processing to 2023-03-30T00:00:00+00:00, run_after=2023-03-31T00:00:00+00:00
[2023-03-30 11:50:36,997] {processor.py:161} INFO - Processing /opt/airflow/dags/user_processing.py took 0.479 seconds
[2023-03-30 11:51:07,300] {processor.py:153} INFO - Started process (PID=1998) to work on /opt/airflow/dags/user_processing.py
[2023-03-30 11:51:07,301] {processor.py:641} INFO - Processing file /opt/airflow/dags/user_processing.py for tasks to queue
[2023-03-30 11:51:07,302] {logging_mixin.py:115} INFO - [2023-03-30 11:51:07,302] {dagbag.py:507} INFO - Filling up the DagBag from /opt/airflow/dags/user_processing.py
[2023-03-30 11:51:07,538] {processor.py:651} INFO - DAG(s) dict_keys(['user_processing']) retrieved from /opt/airflow/dags/user_processing.py
[2023-03-30 11:51:07,640] {logging_mixin.py:115} INFO - [2023-03-30 11:51:07,639] {dag.py:2371} INFO - Sync 1 DAGs
[2023-03-30 11:51:07,686] {logging_mixin.py:115} INFO - [2023-03-30 11:51:07,686] {dag.py:2919} INFO - Setting next_dagrun for user_processing to 2023-03-30T00:00:00+00:00, run_after=2023-03-31T00:00:00+00:00
[2023-03-30 11:51:07,705] {processor.py:161} INFO - Processing /opt/airflow/dags/user_processing.py took 0.407 seconds
[2023-03-30 11:51:38,450] {processor.py:153} INFO - Started process (PID=2061) to work on /opt/airflow/dags/user_processing.py
[2023-03-30 11:51:38,452] {processor.py:641} INFO - Processing file /opt/airflow/dags/user_processing.py for tasks to queue
[2023-03-30 11:51:38,454] {logging_mixin.py:115} INFO - [2023-03-30 11:51:38,453] {dagbag.py:507} INFO - Filling up the DagBag from /opt/airflow/dags/user_processing.py
[2023-03-30 11:51:38,711] {processor.py:651} INFO - DAG(s) dict_keys(['user_processing']) retrieved from /opt/airflow/dags/user_processing.py
[2023-03-30 11:51:38,812] {logging_mixin.py:115} INFO - [2023-03-30 11:51:38,811] {dag.py:2371} INFO - Sync 1 DAGs
[2023-03-30 11:51:38,859] {logging_mixin.py:115} INFO - [2023-03-30 11:51:38,859] {dag.py:2919} INFO - Setting next_dagrun for user_processing to 2023-03-30T00:00:00+00:00, run_after=2023-03-31T00:00:00+00:00
[2023-03-30 11:51:38,880] {processor.py:161} INFO - Processing /opt/airflow/dags/user_processing.py took 0.435 seconds
[2023-03-30 11:52:09,223] {processor.py:153} INFO - Started process (PID=2125) to work on /opt/airflow/dags/user_processing.py
[2023-03-30 11:52:09,224] {processor.py:641} INFO - Processing file /opt/airflow/dags/user_processing.py for tasks to queue
[2023-03-30 11:52:09,225] {logging_mixin.py:115} INFO - [2023-03-30 11:52:09,225] {dagbag.py:507} INFO - Filling up the DagBag from /opt/airflow/dags/user_processing.py
[2023-03-30 11:52:09,485] {processor.py:651} INFO - DAG(s) dict_keys(['user_processing']) retrieved from /opt/airflow/dags/user_processing.py
[2023-03-30 11:52:09,591] {logging_mixin.py:115} INFO - [2023-03-30 11:52:09,590] {dag.py:2371} INFO - Sync 1 DAGs
[2023-03-30 11:52:09,641] {logging_mixin.py:115} INFO - [2023-03-30 11:52:09,641] {dag.py:2919} INFO - Setting next_dagrun for user_processing to 2023-03-30T00:00:00+00:00, run_after=2023-03-31T00:00:00+00:00
[2023-03-30 11:52:09,661] {processor.py:161} INFO - Processing /opt/airflow/dags/user_processing.py took 0.441 seconds
[2023-03-30 11:52:39,866] {processor.py:153} INFO - Started process (PID=2187) to work on /opt/airflow/dags/user_processing.py
[2023-03-30 11:52:39,868] {processor.py:641} INFO - Processing file /opt/airflow/dags/user_processing.py for tasks to queue
[2023-03-30 11:52:39,868] {logging_mixin.py:115} INFO - [2023-03-30 11:52:39,868] {dagbag.py:507} INFO - Filling up the DagBag from /opt/airflow/dags/user_processing.py
[2023-03-30 11:52:40,128] {processor.py:651} INFO - DAG(s) dict_keys(['user_processing']) retrieved from /opt/airflow/dags/user_processing.py
[2023-03-30 11:52:40,230] {logging_mixin.py:115} INFO - [2023-03-30 11:52:40,229] {dag.py:2371} INFO - Sync 1 DAGs
[2023-03-30 11:52:40,276] {logging_mixin.py:115} INFO - [2023-03-30 11:52:40,276] {dag.py:2919} INFO - Setting next_dagrun for user_processing to 2023-03-30T00:00:00+00:00, run_after=2023-03-31T00:00:00+00:00
[2023-03-30 11:52:40,295] {processor.py:161} INFO - Processing /opt/airflow/dags/user_processing.py took 0.432 seconds
[2023-03-30 11:53:10,671] {processor.py:153} INFO - Started process (PID=2241) to work on /opt/airflow/dags/user_processing.py
[2023-03-30 11:53:10,673] {processor.py:641} INFO - Processing file /opt/airflow/dags/user_processing.py for tasks to queue
[2023-03-30 11:53:10,674] {logging_mixin.py:115} INFO - [2023-03-30 11:53:10,674] {dagbag.py:507} INFO - Filling up the DagBag from /opt/airflow/dags/user_processing.py
[2023-03-30 11:53:10,968] {processor.py:651} INFO - DAG(s) dict_keys(['user_processing']) retrieved from /opt/airflow/dags/user_processing.py
[2023-03-30 11:53:11,101] {logging_mixin.py:115} INFO - [2023-03-30 11:53:11,101] {dag.py:2371} INFO - Sync 1 DAGs
[2023-03-30 11:53:11,159] {logging_mixin.py:115} INFO - [2023-03-30 11:53:11,159] {dag.py:2919} INFO - Setting next_dagrun for user_processing to 2023-03-30T00:00:00+00:00, run_after=2023-03-31T00:00:00+00:00
[2023-03-30 11:53:11,180] {processor.py:161} INFO - Processing /opt/airflow/dags/user_processing.py took 0.513 seconds
[2023-03-30 11:53:41,512] {processor.py:153} INFO - Started process (PID=2303) to work on /opt/airflow/dags/user_processing.py
[2023-03-30 11:53:41,513] {processor.py:641} INFO - Processing file /opt/airflow/dags/user_processing.py for tasks to queue
[2023-03-30 11:53:41,514] {logging_mixin.py:115} INFO - [2023-03-30 11:53:41,514] {dagbag.py:507} INFO - Filling up the DagBag from /opt/airflow/dags/user_processing.py
[2023-03-30 11:53:41,764] {processor.py:651} INFO - DAG(s) dict_keys(['user_processing']) retrieved from /opt/airflow/dags/user_processing.py
[2023-03-30 11:53:41,875] {logging_mixin.py:115} INFO - [2023-03-30 11:53:41,874] {dag.py:2371} INFO - Sync 1 DAGs
[2023-03-30 11:53:41,924] {logging_mixin.py:115} INFO - [2023-03-30 11:53:41,924] {dag.py:2919} INFO - Setting next_dagrun for user_processing to 2023-03-30T00:00:00+00:00, run_after=2023-03-31T00:00:00+00:00
[2023-03-30 11:53:41,945] {processor.py:161} INFO - Processing /opt/airflow/dags/user_processing.py took 0.435 seconds
[2023-03-30 11:54:12,553] {processor.py:153} INFO - Started process (PID=2366) to work on /opt/airflow/dags/user_processing.py
[2023-03-30 11:54:12,555] {processor.py:641} INFO - Processing file /opt/airflow/dags/user_processing.py for tasks to queue
[2023-03-30 11:54:12,556] {logging_mixin.py:115} INFO - [2023-03-30 11:54:12,555] {dagbag.py:507} INFO - Filling up the DagBag from /opt/airflow/dags/user_processing.py
[2023-03-30 11:54:12,823] {processor.py:651} INFO - DAG(s) dict_keys(['user_processing']) retrieved from /opt/airflow/dags/user_processing.py
[2023-03-30 11:54:12,926] {logging_mixin.py:115} INFO - [2023-03-30 11:54:12,926] {dag.py:2371} INFO - Sync 1 DAGs
[2023-03-30 11:54:12,974] {logging_mixin.py:115} INFO - [2023-03-30 11:54:12,974] {dag.py:2919} INFO - Setting next_dagrun for user_processing to 2023-03-30T00:00:00+00:00, run_after=2023-03-31T00:00:00+00:00
[2023-03-30 11:54:12,994] {processor.py:161} INFO - Processing /opt/airflow/dags/user_processing.py took 0.445 seconds
[2023-03-30 11:54:43,300] {processor.py:153} INFO - Started process (PID=2429) to work on /opt/airflow/dags/user_processing.py
[2023-03-30 11:54:43,301] {processor.py:641} INFO - Processing file /opt/airflow/dags/user_processing.py for tasks to queue
[2023-03-30 11:54:43,302] {logging_mixin.py:115} INFO - [2023-03-30 11:54:43,302] {dagbag.py:507} INFO - Filling up the DagBag from /opt/airflow/dags/user_processing.py
[2023-03-30 11:54:43,563] {processor.py:651} INFO - DAG(s) dict_keys(['user_processing']) retrieved from /opt/airflow/dags/user_processing.py
[2023-03-30 11:54:43,668] {logging_mixin.py:115} INFO - [2023-03-30 11:54:43,667] {dag.py:2371} INFO - Sync 1 DAGs
[2023-03-30 11:54:43,715] {logging_mixin.py:115} INFO - [2023-03-30 11:54:43,715] {dag.py:2919} INFO - Setting next_dagrun for user_processing to 2023-03-30T00:00:00+00:00, run_after=2023-03-31T00:00:00+00:00
[2023-03-30 11:54:43,735] {processor.py:161} INFO - Processing /opt/airflow/dags/user_processing.py took 0.438 seconds
[2023-03-30 11:55:14,096] {processor.py:153} INFO - Started process (PID=2493) to work on /opt/airflow/dags/user_processing.py
[2023-03-30 11:55:14,097] {processor.py:641} INFO - Processing file /opt/airflow/dags/user_processing.py for tasks to queue
[2023-03-30 11:55:14,098] {logging_mixin.py:115} INFO - [2023-03-30 11:55:14,098] {dagbag.py:507} INFO - Filling up the DagBag from /opt/airflow/dags/user_processing.py
[2023-03-30 11:55:14,350] {processor.py:651} INFO - DAG(s) dict_keys(['user_processing']) retrieved from /opt/airflow/dags/user_processing.py
[2023-03-30 11:55:14,455] {logging_mixin.py:115} INFO - [2023-03-30 11:55:14,454] {dag.py:2371} INFO - Sync 1 DAGs
[2023-03-30 11:55:14,503] {logging_mixin.py:115} INFO - [2023-03-30 11:55:14,503] {dag.py:2919} INFO - Setting next_dagrun for user_processing to 2023-03-30T00:00:00+00:00, run_after=2023-03-31T00:00:00+00:00
[2023-03-30 11:55:14,524] {processor.py:161} INFO - Processing /opt/airflow/dags/user_processing.py took 0.431 seconds
[2023-03-30 11:55:44,641] {processor.py:153} INFO - Started process (PID=2555) to work on /opt/airflow/dags/user_processing.py
[2023-03-30 11:55:44,642] {processor.py:641} INFO - Processing file /opt/airflow/dags/user_processing.py for tasks to queue
[2023-03-30 11:55:44,643] {logging_mixin.py:115} INFO - [2023-03-30 11:55:44,643] {dagbag.py:507} INFO - Filling up the DagBag from /opt/airflow/dags/user_processing.py
[2023-03-30 11:55:44,888] {processor.py:651} INFO - DAG(s) dict_keys(['user_processing']) retrieved from /opt/airflow/dags/user_processing.py
[2023-03-30 11:55:44,991] {logging_mixin.py:115} INFO - [2023-03-30 11:55:44,991] {dag.py:2371} INFO - Sync 1 DAGs
[2023-03-30 11:55:45,040] {logging_mixin.py:115} INFO - [2023-03-30 11:55:45,040] {dag.py:2919} INFO - Setting next_dagrun for user_processing to 2023-03-30T00:00:00+00:00, run_after=2023-03-31T00:00:00+00:00
[2023-03-30 11:55:45,061] {processor.py:161} INFO - Processing /opt/airflow/dags/user_processing.py took 0.423 seconds
[2023-03-30 11:56:15,161] {processor.py:153} INFO - Started process (PID=2609) to work on /opt/airflow/dags/user_processing.py
[2023-03-30 11:56:15,162] {processor.py:641} INFO - Processing file /opt/airflow/dags/user_processing.py for tasks to queue
[2023-03-30 11:56:15,163] {logging_mixin.py:115} INFO - [2023-03-30 11:56:15,163] {dagbag.py:507} INFO - Filling up the DagBag from /opt/airflow/dags/user_processing.py
[2023-03-30 11:56:15,407] {processor.py:651} INFO - DAG(s) dict_keys(['user_processing']) retrieved from /opt/airflow/dags/user_processing.py
[2023-03-30 11:56:15,566] {logging_mixin.py:115} INFO - [2023-03-30 11:56:15,566] {dag.py:2371} INFO - Sync 1 DAGs
[2023-03-30 11:56:15,635] {logging_mixin.py:115} INFO - [2023-03-30 11:56:15,635] {dag.py:2919} INFO - Setting next_dagrun for user_processing to 2023-03-30T00:00:00+00:00, run_after=2023-03-31T00:00:00+00:00
[2023-03-30 11:56:15,664] {processor.py:161} INFO - Processing /opt/airflow/dags/user_processing.py took 0.506 seconds
[2023-03-30 11:56:45,892] {processor.py:153} INFO - Started process (PID=2671) to work on /opt/airflow/dags/user_processing.py
[2023-03-30 11:56:45,894] {processor.py:641} INFO - Processing file /opt/airflow/dags/user_processing.py for tasks to queue
[2023-03-30 11:56:45,895] {logging_mixin.py:115} INFO - [2023-03-30 11:56:45,895] {dagbag.py:507} INFO - Filling up the DagBag from /opt/airflow/dags/user_processing.py
[2023-03-30 11:56:46,141] {processor.py:651} INFO - DAG(s) dict_keys(['user_processing']) retrieved from /opt/airflow/dags/user_processing.py
[2023-03-30 11:56:46,245] {logging_mixin.py:115} INFO - [2023-03-30 11:56:46,244] {dag.py:2371} INFO - Sync 1 DAGs
[2023-03-30 11:56:46,292] {logging_mixin.py:115} INFO - [2023-03-30 11:56:46,292] {dag.py:2919} INFO - Setting next_dagrun for user_processing to 2023-03-30T00:00:00+00:00, run_after=2023-03-31T00:00:00+00:00
[2023-03-30 11:56:46,313] {processor.py:161} INFO - Processing /opt/airflow/dags/user_processing.py took 0.424 seconds
[2023-03-30 11:57:16,668] {processor.py:153} INFO - Started process (PID=2735) to work on /opt/airflow/dags/user_processing.py
[2023-03-30 11:57:16,670] {processor.py:641} INFO - Processing file /opt/airflow/dags/user_processing.py for tasks to queue
[2023-03-30 11:57:16,671] {logging_mixin.py:115} INFO - [2023-03-30 11:57:16,671] {dagbag.py:507} INFO - Filling up the DagBag from /opt/airflow/dags/user_processing.py
[2023-03-30 11:57:16,922] {processor.py:651} INFO - DAG(s) dict_keys(['user_processing']) retrieved from /opt/airflow/dags/user_processing.py
[2023-03-30 11:57:17,021] {logging_mixin.py:115} INFO - [2023-03-30 11:57:17,021] {dag.py:2371} INFO - Sync 1 DAGs
[2023-03-30 11:57:17,068] {logging_mixin.py:115} INFO - [2023-03-30 11:57:17,068] {dag.py:2919} INFO - Setting next_dagrun for user_processing to 2023-03-30T00:00:00+00:00, run_after=2023-03-31T00:00:00+00:00
[2023-03-30 11:57:17,089] {processor.py:161} INFO - Processing /opt/airflow/dags/user_processing.py took 0.423 seconds
[2023-03-30 11:57:47,747] {processor.py:153} INFO - Started process (PID=2798) to work on /opt/airflow/dags/user_processing.py
[2023-03-30 11:57:47,748] {processor.py:641} INFO - Processing file /opt/airflow/dags/user_processing.py for tasks to queue
[2023-03-30 11:57:47,749] {logging_mixin.py:115} INFO - [2023-03-30 11:57:47,749] {dagbag.py:507} INFO - Filling up the DagBag from /opt/airflow/dags/user_processing.py
[2023-03-30 11:57:47,988] {processor.py:651} INFO - DAG(s) dict_keys(['user_processing']) retrieved from /opt/airflow/dags/user_processing.py
[2023-03-30 11:57:48,096] {logging_mixin.py:115} INFO - [2023-03-30 11:57:48,096] {dag.py:2371} INFO - Sync 1 DAGs
[2023-03-30 11:57:48,141] {logging_mixin.py:115} INFO - [2023-03-30 11:57:48,141] {dag.py:2919} INFO - Setting next_dagrun for user_processing to 2023-03-30T00:00:00+00:00, run_after=2023-03-31T00:00:00+00:00
[2023-03-30 11:57:48,160] {processor.py:161} INFO - Processing /opt/airflow/dags/user_processing.py took 0.416 seconds
[2023-03-30 11:58:18,506] {processor.py:153} INFO - Started process (PID=2862) to work on /opt/airflow/dags/user_processing.py
[2023-03-30 11:58:18,508] {processor.py:641} INFO - Processing file /opt/airflow/dags/user_processing.py for tasks to queue
[2023-03-30 11:58:18,509] {logging_mixin.py:115} INFO - [2023-03-30 11:58:18,509] {dagbag.py:507} INFO - Filling up the DagBag from /opt/airflow/dags/user_processing.py
[2023-03-30 11:58:18,754] {processor.py:651} INFO - DAG(s) dict_keys(['user_processing']) retrieved from /opt/airflow/dags/user_processing.py
[2023-03-30 11:58:18,858] {logging_mixin.py:115} INFO - [2023-03-30 11:58:18,858] {dag.py:2371} INFO - Sync 1 DAGs
[2023-03-30 11:58:18,904] {logging_mixin.py:115} INFO - [2023-03-30 11:58:18,904] {dag.py:2919} INFO - Setting next_dagrun for user_processing to 2023-03-30T00:00:00+00:00, run_after=2023-03-31T00:00:00+00:00
[2023-03-30 11:58:18,925] {processor.py:161} INFO - Processing /opt/airflow/dags/user_processing.py took 0.421 seconds
[2023-03-30 11:58:49,074] {processor.py:153} INFO - Started process (PID=2916) to work on /opt/airflow/dags/user_processing.py
[2023-03-30 11:58:49,076] {processor.py:641} INFO - Processing file /opt/airflow/dags/user_processing.py for tasks to queue
[2023-03-30 11:58:49,077] {logging_mixin.py:115} INFO - [2023-03-30 11:58:49,077] {dagbag.py:507} INFO - Filling up the DagBag from /opt/airflow/dags/user_processing.py
[2023-03-30 11:58:49,337] {processor.py:651} INFO - DAG(s) dict_keys(['user_processing']) retrieved from /opt/airflow/dags/user_processing.py
[2023-03-30 11:58:49,442] {logging_mixin.py:115} INFO - [2023-03-30 11:58:49,442] {dag.py:2371} INFO - Sync 1 DAGs
[2023-03-30 11:58:49,491] {logging_mixin.py:115} INFO - [2023-03-30 11:58:49,491] {dag.py:2919} INFO - Setting next_dagrun for user_processing to 2023-03-30T00:00:00+00:00, run_after=2023-03-31T00:00:00+00:00
[2023-03-30 11:58:49,513] {processor.py:161} INFO - Processing /opt/airflow/dags/user_processing.py took 0.442 seconds
[2023-03-30 11:59:19,898] {processor.py:153} INFO - Started process (PID=2980) to work on /opt/airflow/dags/user_processing.py
[2023-03-30 11:59:19,899] {processor.py:641} INFO - Processing file /opt/airflow/dags/user_processing.py for tasks to queue
[2023-03-30 11:59:19,900] {logging_mixin.py:115} INFO - [2023-03-30 11:59:19,900] {dagbag.py:507} INFO - Filling up the DagBag from /opt/airflow/dags/user_processing.py
[2023-03-30 11:59:20,143] {processor.py:651} INFO - DAG(s) dict_keys(['user_processing']) retrieved from /opt/airflow/dags/user_processing.py
[2023-03-30 11:59:20,244] {logging_mixin.py:115} INFO - [2023-03-30 11:59:20,244] {dag.py:2371} INFO - Sync 1 DAGs
[2023-03-30 11:59:20,293] {logging_mixin.py:115} INFO - [2023-03-30 11:59:20,293] {dag.py:2919} INFO - Setting next_dagrun for user_processing to 2023-03-30T00:00:00+00:00, run_after=2023-03-31T00:00:00+00:00
[2023-03-30 11:59:20,313] {processor.py:161} INFO - Processing /opt/airflow/dags/user_processing.py took 0.418 seconds
[2023-03-30 11:59:50,395] {processor.py:153} INFO - Started process (PID=3042) to work on /opt/airflow/dags/user_processing.py
[2023-03-30 11:59:50,397] {processor.py:641} INFO - Processing file /opt/airflow/dags/user_processing.py for tasks to queue
[2023-03-30 11:59:50,398] {logging_mixin.py:115} INFO - [2023-03-30 11:59:50,397] {dagbag.py:507} INFO - Filling up the DagBag from /opt/airflow/dags/user_processing.py
[2023-03-30 11:59:50,643] {processor.py:651} INFO - DAG(s) dict_keys(['user_processing']) retrieved from /opt/airflow/dags/user_processing.py
[2023-03-30 11:59:50,745] {logging_mixin.py:115} INFO - [2023-03-30 11:59:50,745] {dag.py:2371} INFO - Sync 1 DAGs
[2023-03-30 11:59:50,792] {logging_mixin.py:115} INFO - [2023-03-30 11:59:50,792] {dag.py:2919} INFO - Setting next_dagrun for user_processing to 2023-03-30T00:00:00+00:00, run_after=2023-03-31T00:00:00+00:00
[2023-03-30 11:59:50,812] {processor.py:161} INFO - Processing /opt/airflow/dags/user_processing.py took 0.420 seconds
[2023-03-30 12:00:20,926] {processor.py:153} INFO - Started process (PID=3105) to work on /opt/airflow/dags/user_processing.py
[2023-03-30 12:00:20,928] {processor.py:641} INFO - Processing file /opt/airflow/dags/user_processing.py for tasks to queue
[2023-03-30 12:00:20,928] {logging_mixin.py:115} INFO - [2023-03-30 12:00:20,928] {dagbag.py:507} INFO - Filling up the DagBag from /opt/airflow/dags/user_processing.py
[2023-03-30 12:00:21,195] {processor.py:651} INFO - DAG(s) dict_keys(['user_processing']) retrieved from /opt/airflow/dags/user_processing.py
[2023-03-30 12:00:21,298] {logging_mixin.py:115} INFO - [2023-03-30 12:00:21,297] {dag.py:2371} INFO - Sync 1 DAGs
[2023-03-30 12:00:21,345] {logging_mixin.py:115} INFO - [2023-03-30 12:00:21,345] {dag.py:2919} INFO - Setting next_dagrun for user_processing to 2023-03-30T00:00:00+00:00, run_after=2023-03-31T00:00:00+00:00
[2023-03-30 12:00:21,367] {processor.py:161} INFO - Processing /opt/airflow/dags/user_processing.py took 0.444 seconds
[2023-03-30 12:00:51,502] {processor.py:153} INFO - Started process (PID=3169) to work on /opt/airflow/dags/user_processing.py
[2023-03-30 12:00:51,503] {processor.py:641} INFO - Processing file /opt/airflow/dags/user_processing.py for tasks to queue
[2023-03-30 12:00:51,504] {logging_mixin.py:115} INFO - [2023-03-30 12:00:51,504] {dagbag.py:507} INFO - Filling up the DagBag from /opt/airflow/dags/user_processing.py
[2023-03-30 12:00:51,772] {processor.py:651} INFO - DAG(s) dict_keys(['user_processing']) retrieved from /opt/airflow/dags/user_processing.py
[2023-03-30 12:00:51,882] {logging_mixin.py:115} INFO - [2023-03-30 12:00:51,881] {dag.py:2371} INFO - Sync 1 DAGs
[2023-03-30 12:00:51,929] {logging_mixin.py:115} INFO - [2023-03-30 12:00:51,929] {dag.py:2919} INFO - Setting next_dagrun for user_processing to 2023-03-30T00:00:00+00:00, run_after=2023-03-31T00:00:00+00:00
[2023-03-30 12:00:51,950] {processor.py:161} INFO - Processing /opt/airflow/dags/user_processing.py took 0.451 seconds
[2023-03-30 12:01:22,266] {processor.py:153} INFO - Started process (PID=3232) to work on /opt/airflow/dags/user_processing.py
[2023-03-30 12:01:22,267] {processor.py:641} INFO - Processing file /opt/airflow/dags/user_processing.py for tasks to queue
[2023-03-30 12:01:22,268] {logging_mixin.py:115} INFO - [2023-03-30 12:01:22,268] {dagbag.py:507} INFO - Filling up the DagBag from /opt/airflow/dags/user_processing.py
[2023-03-30 12:01:22,532] {processor.py:651} INFO - DAG(s) dict_keys(['user_processing']) retrieved from /opt/airflow/dags/user_processing.py
[2023-03-30 12:01:22,640] {logging_mixin.py:115} INFO - [2023-03-30 12:01:22,640] {dag.py:2371} INFO - Sync 1 DAGs
[2023-03-30 12:01:22,689] {logging_mixin.py:115} INFO - [2023-03-30 12:01:22,688] {dag.py:2919} INFO - Setting next_dagrun for user_processing to 2023-03-30T00:00:00+00:00, run_after=2023-03-31T00:00:00+00:00
[2023-03-30 12:01:22,720] {processor.py:161} INFO - Processing /opt/airflow/dags/user_processing.py took 0.456 seconds
[2023-03-30 12:01:53,253] {processor.py:153} INFO - Started process (PID=3285) to work on /opt/airflow/dags/user_processing.py
[2023-03-30 12:01:53,254] {processor.py:641} INFO - Processing file /opt/airflow/dags/user_processing.py for tasks to queue
[2023-03-30 12:01:53,255] {logging_mixin.py:115} INFO - [2023-03-30 12:01:53,255] {dagbag.py:507} INFO - Filling up the DagBag from /opt/airflow/dags/user_processing.py
[2023-03-30 12:01:53,509] {processor.py:651} INFO - DAG(s) dict_keys(['user_processing']) retrieved from /opt/airflow/dags/user_processing.py
[2023-03-30 12:01:53,614] {logging_mixin.py:115} INFO - [2023-03-30 12:01:53,613] {dag.py:2371} INFO - Sync 1 DAGs
[2023-03-30 12:01:53,663] {logging_mixin.py:115} INFO - [2023-03-30 12:01:53,662] {dag.py:2919} INFO - Setting next_dagrun for user_processing to 2023-03-30T00:00:00+00:00, run_after=2023-03-31T00:00:00+00:00
[2023-03-30 12:01:53,683] {processor.py:161} INFO - Processing /opt/airflow/dags/user_processing.py took 0.432 seconds
[2023-03-30 12:02:23,794] {processor.py:153} INFO - Started process (PID=3348) to work on /opt/airflow/dags/user_processing.py
[2023-03-30 12:02:23,796] {processor.py:641} INFO - Processing file /opt/airflow/dags/user_processing.py for tasks to queue
[2023-03-30 12:02:23,797] {logging_mixin.py:115} INFO - [2023-03-30 12:02:23,797] {dagbag.py:507} INFO - Filling up the DagBag from /opt/airflow/dags/user_processing.py
[2023-03-30 12:02:24,067] {processor.py:651} INFO - DAG(s) dict_keys(['user_processing']) retrieved from /opt/airflow/dags/user_processing.py
[2023-03-30 12:02:24,194] {logging_mixin.py:115} INFO - [2023-03-30 12:02:24,194] {dag.py:2371} INFO - Sync 1 DAGs
[2023-03-30 12:02:24,244] {logging_mixin.py:115} INFO - [2023-03-30 12:02:24,244] {dag.py:2919} INFO - Setting next_dagrun for user_processing to 2023-03-30T00:00:00+00:00, run_after=2023-03-31T00:00:00+00:00
[2023-03-30 12:02:24,265] {processor.py:161} INFO - Processing /opt/airflow/dags/user_processing.py took 0.474 seconds
[2023-03-30 12:02:54,531] {processor.py:153} INFO - Started process (PID=3413) to work on /opt/airflow/dags/user_processing.py
[2023-03-30 12:02:54,532] {processor.py:641} INFO - Processing file /opt/airflow/dags/user_processing.py for tasks to queue
[2023-03-30 12:02:54,533] {logging_mixin.py:115} INFO - [2023-03-30 12:02:54,533] {dagbag.py:507} INFO - Filling up the DagBag from /opt/airflow/dags/user_processing.py
[2023-03-30 12:02:54,856] {processor.py:651} INFO - DAG(s) dict_keys(['user_processing']) retrieved from /opt/airflow/dags/user_processing.py
[2023-03-30 12:02:54,969] {logging_mixin.py:115} INFO - [2023-03-30 12:02:54,969] {dag.py:2371} INFO - Sync 1 DAGs
[2023-03-30 12:02:55,017] {logging_mixin.py:115} INFO - [2023-03-30 12:02:55,017] {dag.py:2919} INFO - Setting next_dagrun for user_processing to 2023-03-30T00:00:00+00:00, run_after=2023-03-31T00:00:00+00:00
[2023-03-30 12:02:55,039] {processor.py:161} INFO - Processing /opt/airflow/dags/user_processing.py took 0.510 seconds
[2023-03-30 12:03:25,119] {processor.py:153} INFO - Started process (PID=3476) to work on /opt/airflow/dags/user_processing.py
[2023-03-30 12:03:25,120] {processor.py:641} INFO - Processing file /opt/airflow/dags/user_processing.py for tasks to queue
[2023-03-30 12:03:25,121] {logging_mixin.py:115} INFO - [2023-03-30 12:03:25,121] {dagbag.py:507} INFO - Filling up the DagBag from /opt/airflow/dags/user_processing.py
[2023-03-30 12:03:25,376] {processor.py:651} INFO - DAG(s) dict_keys(['user_processing']) retrieved from /opt/airflow/dags/user_processing.py
[2023-03-30 12:03:25,478] {logging_mixin.py:115} INFO - [2023-03-30 12:03:25,478] {dag.py:2371} INFO - Sync 1 DAGs
[2023-03-30 12:03:25,525] {logging_mixin.py:115} INFO - [2023-03-30 12:03:25,525] {dag.py:2919} INFO - Setting next_dagrun for user_processing to 2023-03-30T00:00:00+00:00, run_after=2023-03-31T00:00:00+00:00
[2023-03-30 12:03:25,546] {processor.py:161} INFO - Processing /opt/airflow/dags/user_processing.py took 0.430 seconds
[2023-03-30 12:03:55,776] {processor.py:153} INFO - Started process (PID=3540) to work on /opt/airflow/dags/user_processing.py
[2023-03-30 12:03:55,777] {processor.py:641} INFO - Processing file /opt/airflow/dags/user_processing.py for tasks to queue
[2023-03-30 12:03:55,778] {logging_mixin.py:115} INFO - [2023-03-30 12:03:55,778] {dagbag.py:507} INFO - Filling up the DagBag from /opt/airflow/dags/user_processing.py
[2023-03-30 12:03:56,031] {processor.py:651} INFO - DAG(s) dict_keys(['user_processing']) retrieved from /opt/airflow/dags/user_processing.py
[2023-03-30 12:03:56,135] {logging_mixin.py:115} INFO - [2023-03-30 12:03:56,134] {dag.py:2371} INFO - Sync 1 DAGs
[2023-03-30 12:03:56,183] {logging_mixin.py:115} INFO - [2023-03-30 12:03:56,183] {dag.py:2919} INFO - Setting next_dagrun for user_processing to 2023-03-30T00:00:00+00:00, run_after=2023-03-31T00:00:00+00:00
[2023-03-30 12:03:56,204] {processor.py:161} INFO - Processing /opt/airflow/dags/user_processing.py took 0.431 seconds
[2023-03-30 12:04:26,630] {processor.py:153} INFO - Started process (PID=3595) to work on /opt/airflow/dags/user_processing.py
[2023-03-30 12:04:26,632] {processor.py:641} INFO - Processing file /opt/airflow/dags/user_processing.py for tasks to queue
[2023-03-30 12:04:26,632] {logging_mixin.py:115} INFO - [2023-03-30 12:04:26,632] {dagbag.py:507} INFO - Filling up the DagBag from /opt/airflow/dags/user_processing.py
[2023-03-30 12:04:26,881] {processor.py:651} INFO - DAG(s) dict_keys(['user_processing']) retrieved from /opt/airflow/dags/user_processing.py
[2023-03-30 12:04:26,983] {logging_mixin.py:115} INFO - [2023-03-30 12:04:26,983] {dag.py:2371} INFO - Sync 1 DAGs
[2023-03-30 12:04:27,029] {logging_mixin.py:115} INFO - [2023-03-30 12:04:27,029] {dag.py:2919} INFO - Setting next_dagrun for user_processing to 2023-03-30T00:00:00+00:00, run_after=2023-03-31T00:00:00+00:00
[2023-03-30 12:04:27,050] {processor.py:161} INFO - Processing /opt/airflow/dags/user_processing.py took 0.423 seconds
[2023-03-30 12:04:57,122] {processor.py:153} INFO - Started process (PID=3658) to work on /opt/airflow/dags/user_processing.py
[2023-03-30 12:04:57,123] {processor.py:641} INFO - Processing file /opt/airflow/dags/user_processing.py for tasks to queue
[2023-03-30 12:04:57,124] {logging_mixin.py:115} INFO - [2023-03-30 12:04:57,124] {dagbag.py:507} INFO - Filling up the DagBag from /opt/airflow/dags/user_processing.py
[2023-03-30 12:04:57,367] {processor.py:651} INFO - DAG(s) dict_keys(['user_processing']) retrieved from /opt/airflow/dags/user_processing.py
[2023-03-30 12:04:57,471] {logging_mixin.py:115} INFO - [2023-03-30 12:04:57,471] {dag.py:2371} INFO - Sync 1 DAGs
[2023-03-30 12:04:57,519] {logging_mixin.py:115} INFO - [2023-03-30 12:04:57,519] {dag.py:2919} INFO - Setting next_dagrun for user_processing to 2023-03-30T00:00:00+00:00, run_after=2023-03-31T00:00:00+00:00
[2023-03-30 12:04:57,541] {processor.py:161} INFO - Processing /opt/airflow/dags/user_processing.py took 0.421 seconds
[2023-03-30 12:05:27,647] {processor.py:153} INFO - Started process (PID=3720) to work on /opt/airflow/dags/user_processing.py
[2023-03-30 12:05:27,648] {processor.py:641} INFO - Processing file /opt/airflow/dags/user_processing.py for tasks to queue
[2023-03-30 12:05:27,649] {logging_mixin.py:115} INFO - [2023-03-30 12:05:27,649] {dagbag.py:507} INFO - Filling up the DagBag from /opt/airflow/dags/user_processing.py
[2023-03-30 12:05:27,907] {processor.py:651} INFO - DAG(s) dict_keys(['user_processing']) retrieved from /opt/airflow/dags/user_processing.py
[2023-03-30 12:05:28,010] {logging_mixin.py:115} INFO - [2023-03-30 12:05:28,010] {dag.py:2371} INFO - Sync 1 DAGs
[2023-03-30 12:05:28,057] {logging_mixin.py:115} INFO - [2023-03-30 12:05:28,057] {dag.py:2919} INFO - Setting next_dagrun for user_processing to 2023-03-30T00:00:00+00:00, run_after=2023-03-31T00:00:00+00:00
[2023-03-30 12:05:28,078] {processor.py:161} INFO - Processing /opt/airflow/dags/user_processing.py took 0.434 seconds
[2023-03-30 12:05:58,354] {processor.py:153} INFO - Started process (PID=3784) to work on /opt/airflow/dags/user_processing.py
[2023-03-30 12:05:58,355] {processor.py:641} INFO - Processing file /opt/airflow/dags/user_processing.py for tasks to queue
[2023-03-30 12:05:58,357] {logging_mixin.py:115} INFO - [2023-03-30 12:05:58,357] {dagbag.py:507} INFO - Filling up the DagBag from /opt/airflow/dags/user_processing.py
[2023-03-30 12:05:58,652] {processor.py:651} INFO - DAG(s) dict_keys(['user_processing']) retrieved from /opt/airflow/dags/user_processing.py
[2023-03-30 12:05:58,839] {logging_mixin.py:115} INFO - [2023-03-30 12:05:58,839] {dag.py:2371} INFO - Sync 1 DAGs
[2023-03-30 12:05:58,886] {logging_mixin.py:115} INFO - [2023-03-30 12:05:58,886] {dag.py:2919} INFO - Setting next_dagrun for user_processing to 2023-03-30T00:00:00+00:00, run_after=2023-03-31T00:00:00+00:00
[2023-03-30 12:05:58,907] {processor.py:161} INFO - Processing /opt/airflow/dags/user_processing.py took 0.558 seconds
[2023-03-30 12:06:29,916] {processor.py:153} INFO - Started process (PID=3847) to work on /opt/airflow/dags/user_processing.py
[2023-03-30 12:06:29,917] {processor.py:641} INFO - Processing file /opt/airflow/dags/user_processing.py for tasks to queue
[2023-03-30 12:06:29,918] {logging_mixin.py:115} INFO - [2023-03-30 12:06:29,918] {dagbag.py:507} INFO - Filling up the DagBag from /opt/airflow/dags/user_processing.py
[2023-03-30 12:06:30,206] {processor.py:651} INFO - DAG(s) dict_keys(['user_processing']) retrieved from /opt/airflow/dags/user_processing.py
[2023-03-30 12:06:30,310] {logging_mixin.py:115} INFO - [2023-03-30 12:06:30,309] {dag.py:2371} INFO - Sync 1 DAGs
[2023-03-30 12:06:30,357] {logging_mixin.py:115} INFO - [2023-03-30 12:06:30,357] {dag.py:2919} INFO - Setting next_dagrun for user_processing to 2023-03-30T00:00:00+00:00, run_after=2023-03-31T00:00:00+00:00
[2023-03-30 12:06:30,379] {processor.py:161} INFO - Processing /opt/airflow/dags/user_processing.py took 0.466 seconds
[2023-03-30 12:07:00,629] {processor.py:153} INFO - Started process (PID=3901) to work on /opt/airflow/dags/user_processing.py
[2023-03-30 12:07:00,631] {processor.py:641} INFO - Processing file /opt/airflow/dags/user_processing.py for tasks to queue
[2023-03-30 12:07:00,632] {logging_mixin.py:115} INFO - [2023-03-30 12:07:00,632] {dagbag.py:507} INFO - Filling up the DagBag from /opt/airflow/dags/user_processing.py
[2023-03-30 12:07:00,920] {processor.py:651} INFO - DAG(s) dict_keys(['user_processing']) retrieved from /opt/airflow/dags/user_processing.py
[2023-03-30 12:07:01,036] {logging_mixin.py:115} INFO - [2023-03-30 12:07:01,035] {dag.py:2371} INFO - Sync 1 DAGs
[2023-03-30 12:07:01,087] {logging_mixin.py:115} INFO - [2023-03-30 12:07:01,087] {dag.py:2919} INFO - Setting next_dagrun for user_processing to 2023-03-30T00:00:00+00:00, run_after=2023-03-31T00:00:00+00:00
[2023-03-30 12:07:01,112] {processor.py:161} INFO - Processing /opt/airflow/dags/user_processing.py took 0.486 seconds
[2023-03-30 12:07:31,272] {processor.py:153} INFO - Started process (PID=3964) to work on /opt/airflow/dags/user_processing.py
[2023-03-30 12:07:31,273] {processor.py:641} INFO - Processing file /opt/airflow/dags/user_processing.py for tasks to queue
[2023-03-30 12:07:31,274] {logging_mixin.py:115} INFO - [2023-03-30 12:07:31,274] {dagbag.py:507} INFO - Filling up the DagBag from /opt/airflow/dags/user_processing.py
[2023-03-30 12:07:31,537] {processor.py:651} INFO - DAG(s) dict_keys(['user_processing']) retrieved from /opt/airflow/dags/user_processing.py
[2023-03-30 12:07:31,645] {logging_mixin.py:115} INFO - [2023-03-30 12:07:31,645] {dag.py:2371} INFO - Sync 1 DAGs
[2023-03-30 12:07:31,697] {logging_mixin.py:115} INFO - [2023-03-30 12:07:31,697] {dag.py:2919} INFO - Setting next_dagrun for user_processing to 2023-03-30T00:00:00+00:00, run_after=2023-03-31T00:00:00+00:00
[2023-03-30 12:07:31,719] {processor.py:161} INFO - Processing /opt/airflow/dags/user_processing.py took 0.450 seconds
