[2023-03-30 11:34:43,091] {processor.py:153} INFO - Started process (PID=39) to work on /home/airflow/.local/lib/python3.7/site-packages/airflow/example_dags/example_kubernetes_executor.py
[2023-03-30 11:34:43,092] {processor.py:641} INFO - Processing file /home/airflow/.local/lib/python3.7/site-packages/airflow/example_dags/example_kubernetes_executor.py for tasks to queue
[2023-03-30 11:34:43,093] {logging_mixin.py:115} INFO - [2023-03-30 11:34:43,093] {dagbag.py:507} INFO - Filling up the DagBag from /home/airflow/.local/lib/python3.7/site-packages/airflow/example_dags/example_kubernetes_executor.py
[2023-03-30 11:34:43,110] {processor.py:651} INFO - DAG(s) dict_keys(['example_kubernetes_executor']) retrieved from /home/airflow/.local/lib/python3.7/site-packages/airflow/example_dags/example_kubernetes_executor.py
[2023-03-30 11:34:43,613] {logging_mixin.py:115} INFO - [2023-03-30 11:34:43,613] {manager.py:508} INFO - Created Permission View: can read on DAG:example_kubernetes_executor
[2023-03-30 11:34:43,633] {logging_mixin.py:115} INFO - [2023-03-30 11:34:43,633] {manager.py:508} INFO - Created Permission View: can delete on DAG:example_kubernetes_executor
[2023-03-30 11:34:43,653] {logging_mixin.py:115} INFO - [2023-03-30 11:34:43,653] {manager.py:508} INFO - Created Permission View: can edit on DAG:example_kubernetes_executor
[2023-03-30 11:34:43,655] {logging_mixin.py:115} INFO - [2023-03-30 11:34:43,654] {dag.py:2371} INFO - Sync 1 DAGs
[2023-03-30 11:34:43,668] {logging_mixin.py:115} INFO - [2023-03-30 11:34:43,668] {dag.py:2390} INFO - Creating ORM DAG for example_kubernetes_executor
[2023-03-30 11:34:43,706] {logging_mixin.py:115} INFO - [2023-03-30 11:34:43,706] {dag.py:2919} INFO - Setting next_dagrun for example_kubernetes_executor to None, run_after=None
[2023-03-30 11:34:43,756] {processor.py:161} INFO - Processing /home/airflow/.local/lib/python3.7/site-packages/airflow/example_dags/example_kubernetes_executor.py took 0.668 seconds
[2023-03-30 11:35:13,814] {processor.py:153} INFO - Started process (PID=101) to work on /home/airflow/.local/lib/python3.7/site-packages/airflow/example_dags/example_kubernetes_executor.py
[2023-03-30 11:35:13,815] {processor.py:641} INFO - Processing file /home/airflow/.local/lib/python3.7/site-packages/airflow/example_dags/example_kubernetes_executor.py for tasks to queue
[2023-03-30 11:35:13,816] {logging_mixin.py:115} INFO - [2023-03-30 11:35:13,816] {dagbag.py:507} INFO - Filling up the DagBag from /home/airflow/.local/lib/python3.7/site-packages/airflow/example_dags/example_kubernetes_executor.py
[2023-03-30 11:35:13,834] {processor.py:651} INFO - DAG(s) dict_keys(['example_kubernetes_executor']) retrieved from /home/airflow/.local/lib/python3.7/site-packages/airflow/example_dags/example_kubernetes_executor.py
[2023-03-30 11:35:13,931] {logging_mixin.py:115} INFO - [2023-03-30 11:35:13,931] {dag.py:2371} INFO - Sync 1 DAGs
[2023-03-30 11:35:13,976] {logging_mixin.py:115} INFO - [2023-03-30 11:35:13,976] {dag.py:2919} INFO - Setting next_dagrun for example_kubernetes_executor to None, run_after=None
[2023-03-30 11:35:14,108] {processor.py:161} INFO - Processing /home/airflow/.local/lib/python3.7/site-packages/airflow/example_dags/example_kubernetes_executor.py took 0.296 seconds
[2023-03-30 11:35:44,570] {processor.py:153} INFO - Started process (PID=165) to work on /home/airflow/.local/lib/python3.7/site-packages/airflow/example_dags/example_kubernetes_executor.py
[2023-03-30 11:35:44,571] {processor.py:641} INFO - Processing file /home/airflow/.local/lib/python3.7/site-packages/airflow/example_dags/example_kubernetes_executor.py for tasks to queue
[2023-03-30 11:35:44,572] {logging_mixin.py:115} INFO - [2023-03-30 11:35:44,572] {dagbag.py:507} INFO - Filling up the DagBag from /home/airflow/.local/lib/python3.7/site-packages/airflow/example_dags/example_kubernetes_executor.py
[2023-03-30 11:35:44,589] {processor.py:651} INFO - DAG(s) dict_keys(['example_kubernetes_executor']) retrieved from /home/airflow/.local/lib/python3.7/site-packages/airflow/example_dags/example_kubernetes_executor.py
[2023-03-30 11:35:44,697] {logging_mixin.py:115} INFO - [2023-03-30 11:35:44,697] {dag.py:2371} INFO - Sync 1 DAGs
[2023-03-30 11:35:44,750] {logging_mixin.py:115} INFO - [2023-03-30 11:35:44,750] {dag.py:2919} INFO - Setting next_dagrun for example_kubernetes_executor to None, run_after=None
[2023-03-30 11:35:44,872] {processor.py:161} INFO - Processing /home/airflow/.local/lib/python3.7/site-packages/airflow/example_dags/example_kubernetes_executor.py took 0.305 seconds
[2023-03-30 11:36:15,423] {processor.py:153} INFO - Started process (PID=228) to work on /home/airflow/.local/lib/python3.7/site-packages/airflow/example_dags/example_kubernetes_executor.py
[2023-03-30 11:36:15,424] {processor.py:641} INFO - Processing file /home/airflow/.local/lib/python3.7/site-packages/airflow/example_dags/example_kubernetes_executor.py for tasks to queue
[2023-03-30 11:36:15,424] {logging_mixin.py:115} INFO - [2023-03-30 11:36:15,424] {dagbag.py:507} INFO - Filling up the DagBag from /home/airflow/.local/lib/python3.7/site-packages/airflow/example_dags/example_kubernetes_executor.py
[2023-03-30 11:36:15,438] {processor.py:651} INFO - DAG(s) dict_keys(['example_kubernetes_executor']) retrieved from /home/airflow/.local/lib/python3.7/site-packages/airflow/example_dags/example_kubernetes_executor.py
[2023-03-30 11:36:15,539] {logging_mixin.py:115} INFO - [2023-03-30 11:36:15,539] {dag.py:2371} INFO - Sync 1 DAGs
[2023-03-30 11:36:15,588] {logging_mixin.py:115} INFO - [2023-03-30 11:36:15,588] {dag.py:2919} INFO - Setting next_dagrun for example_kubernetes_executor to None, run_after=None
[2023-03-30 11:36:15,703] {processor.py:161} INFO - Processing /home/airflow/.local/lib/python3.7/site-packages/airflow/example_dags/example_kubernetes_executor.py took 0.283 seconds
[2023-03-30 11:36:46,121] {processor.py:153} INFO - Started process (PID=282) to work on /home/airflow/.local/lib/python3.7/site-packages/airflow/example_dags/example_kubernetes_executor.py
[2023-03-30 11:36:46,122] {processor.py:641} INFO - Processing file /home/airflow/.local/lib/python3.7/site-packages/airflow/example_dags/example_kubernetes_executor.py for tasks to queue
[2023-03-30 11:36:46,123] {logging_mixin.py:115} INFO - [2023-03-30 11:36:46,123] {dagbag.py:507} INFO - Filling up the DagBag from /home/airflow/.local/lib/python3.7/site-packages/airflow/example_dags/example_kubernetes_executor.py
[2023-03-30 11:36:46,141] {processor.py:651} INFO - DAG(s) dict_keys(['example_kubernetes_executor']) retrieved from /home/airflow/.local/lib/python3.7/site-packages/airflow/example_dags/example_kubernetes_executor.py
[2023-03-30 11:36:46,245] {logging_mixin.py:115} INFO - [2023-03-30 11:36:46,245] {dag.py:2371} INFO - Sync 1 DAGs
[2023-03-30 11:36:46,296] {logging_mixin.py:115} INFO - [2023-03-30 11:36:46,296] {dag.py:2919} INFO - Setting next_dagrun for example_kubernetes_executor to None, run_after=None
[2023-03-30 11:36:46,501] {processor.py:161} INFO - Processing /home/airflow/.local/lib/python3.7/site-packages/airflow/example_dags/example_kubernetes_executor.py took 0.382 seconds
[2023-03-30 11:37:17,023] {processor.py:153} INFO - Started process (PID=345) to work on /home/airflow/.local/lib/python3.7/site-packages/airflow/example_dags/example_kubernetes_executor.py
[2023-03-30 11:37:17,024] {processor.py:641} INFO - Processing file /home/airflow/.local/lib/python3.7/site-packages/airflow/example_dags/example_kubernetes_executor.py for tasks to queue
[2023-03-30 11:37:17,025] {logging_mixin.py:115} INFO - [2023-03-30 11:37:17,025] {dagbag.py:507} INFO - Filling up the DagBag from /home/airflow/.local/lib/python3.7/site-packages/airflow/example_dags/example_kubernetes_executor.py
[2023-03-30 11:37:17,041] {processor.py:651} INFO - DAG(s) dict_keys(['example_kubernetes_executor']) retrieved from /home/airflow/.local/lib/python3.7/site-packages/airflow/example_dags/example_kubernetes_executor.py
[2023-03-30 11:37:17,144] {logging_mixin.py:115} INFO - [2023-03-30 11:37:17,144] {dag.py:2371} INFO - Sync 1 DAGs
[2023-03-30 11:37:17,191] {logging_mixin.py:115} INFO - [2023-03-30 11:37:17,191] {dag.py:2919} INFO - Setting next_dagrun for example_kubernetes_executor to None, run_after=None
[2023-03-30 11:37:17,306] {processor.py:161} INFO - Processing /home/airflow/.local/lib/python3.7/site-packages/airflow/example_dags/example_kubernetes_executor.py took 0.286 seconds
[2023-03-30 11:37:47,517] {processor.py:153} INFO - Started process (PID=407) to work on /home/airflow/.local/lib/python3.7/site-packages/airflow/example_dags/example_kubernetes_executor.py
[2023-03-30 11:37:47,518] {processor.py:641} INFO - Processing file /home/airflow/.local/lib/python3.7/site-packages/airflow/example_dags/example_kubernetes_executor.py for tasks to queue
[2023-03-30 11:37:47,519] {logging_mixin.py:115} INFO - [2023-03-30 11:37:47,519] {dagbag.py:507} INFO - Filling up the DagBag from /home/airflow/.local/lib/python3.7/site-packages/airflow/example_dags/example_kubernetes_executor.py
[2023-03-30 11:37:47,536] {processor.py:651} INFO - DAG(s) dict_keys(['example_kubernetes_executor']) retrieved from /home/airflow/.local/lib/python3.7/site-packages/airflow/example_dags/example_kubernetes_executor.py
[2023-03-30 11:37:47,637] {logging_mixin.py:115} INFO - [2023-03-30 11:37:47,637] {dag.py:2371} INFO - Sync 1 DAGs
[2023-03-30 11:37:47,691] {logging_mixin.py:115} INFO - [2023-03-30 11:37:47,691] {dag.py:2919} INFO - Setting next_dagrun for example_kubernetes_executor to None, run_after=None
[2023-03-30 11:37:47,804] {processor.py:161} INFO - Processing /home/airflow/.local/lib/python3.7/site-packages/airflow/example_dags/example_kubernetes_executor.py took 0.289 seconds
[2023-03-30 11:38:18,100] {processor.py:153} INFO - Started process (PID=470) to work on /home/airflow/.local/lib/python3.7/site-packages/airflow/example_dags/example_kubernetes_executor.py
[2023-03-30 11:38:18,105] {processor.py:641} INFO - Processing file /home/airflow/.local/lib/python3.7/site-packages/airflow/example_dags/example_kubernetes_executor.py for tasks to queue
[2023-03-30 11:38:18,107] {logging_mixin.py:115} INFO - [2023-03-30 11:38:18,107] {dagbag.py:507} INFO - Filling up the DagBag from /home/airflow/.local/lib/python3.7/site-packages/airflow/example_dags/example_kubernetes_executor.py
[2023-03-30 11:38:18,124] {processor.py:651} INFO - DAG(s) dict_keys(['example_kubernetes_executor']) retrieved from /home/airflow/.local/lib/python3.7/site-packages/airflow/example_dags/example_kubernetes_executor.py
[2023-03-30 11:38:18,236] {logging_mixin.py:115} INFO - [2023-03-30 11:38:18,236] {dag.py:2371} INFO - Sync 1 DAGs
[2023-03-30 11:38:18,289] {logging_mixin.py:115} INFO - [2023-03-30 11:38:18,289] {dag.py:2919} INFO - Setting next_dagrun for example_kubernetes_executor to None, run_after=None
[2023-03-30 11:38:18,415] {processor.py:161} INFO - Processing /home/airflow/.local/lib/python3.7/site-packages/airflow/example_dags/example_kubernetes_executor.py took 0.317 seconds
[2023-03-30 11:38:48,844] {processor.py:153} INFO - Started process (PID=533) to work on /home/airflow/.local/lib/python3.7/site-packages/airflow/example_dags/example_kubernetes_executor.py
[2023-03-30 11:38:48,845] {processor.py:641} INFO - Processing file /home/airflow/.local/lib/python3.7/site-packages/airflow/example_dags/example_kubernetes_executor.py for tasks to queue
[2023-03-30 11:38:48,846] {logging_mixin.py:115} INFO - [2023-03-30 11:38:48,846] {dagbag.py:507} INFO - Filling up the DagBag from /home/airflow/.local/lib/python3.7/site-packages/airflow/example_dags/example_kubernetes_executor.py
[2023-03-30 11:38:48,860] {processor.py:651} INFO - DAG(s) dict_keys(['example_kubernetes_executor']) retrieved from /home/airflow/.local/lib/python3.7/site-packages/airflow/example_dags/example_kubernetes_executor.py
[2023-03-30 11:38:48,963] {logging_mixin.py:115} INFO - [2023-03-30 11:38:48,963] {dag.py:2371} INFO - Sync 1 DAGs
[2023-03-30 11:38:49,012] {logging_mixin.py:115} INFO - [2023-03-30 11:38:49,012] {dag.py:2919} INFO - Setting next_dagrun for example_kubernetes_executor to None, run_after=None
[2023-03-30 11:38:49,125] {processor.py:161} INFO - Processing /home/airflow/.local/lib/python3.7/site-packages/airflow/example_dags/example_kubernetes_executor.py took 0.283 seconds
[2023-03-30 11:39:19,475] {processor.py:153} INFO - Started process (PID=587) to work on /home/airflow/.local/lib/python3.7/site-packages/airflow/example_dags/example_kubernetes_executor.py
[2023-03-30 11:39:19,476] {processor.py:641} INFO - Processing file /home/airflow/.local/lib/python3.7/site-packages/airflow/example_dags/example_kubernetes_executor.py for tasks to queue
[2023-03-30 11:39:19,477] {logging_mixin.py:115} INFO - [2023-03-30 11:39:19,477] {dagbag.py:507} INFO - Filling up the DagBag from /home/airflow/.local/lib/python3.7/site-packages/airflow/example_dags/example_kubernetes_executor.py
[2023-03-30 11:39:19,493] {processor.py:651} INFO - DAG(s) dict_keys(['example_kubernetes_executor']) retrieved from /home/airflow/.local/lib/python3.7/site-packages/airflow/example_dags/example_kubernetes_executor.py
[2023-03-30 11:39:19,602] {logging_mixin.py:115} INFO - [2023-03-30 11:39:19,602] {dag.py:2371} INFO - Sync 1 DAGs
[2023-03-30 11:39:19,652] {logging_mixin.py:115} INFO - [2023-03-30 11:39:19,652] {dag.py:2919} INFO - Setting next_dagrun for example_kubernetes_executor to None, run_after=None
[2023-03-30 11:39:19,765] {processor.py:161} INFO - Processing /home/airflow/.local/lib/python3.7/site-packages/airflow/example_dags/example_kubernetes_executor.py took 0.293 seconds
[2023-03-30 11:39:50,426] {processor.py:153} INFO - Started process (PID=650) to work on /home/airflow/.local/lib/python3.7/site-packages/airflow/example_dags/example_kubernetes_executor.py
[2023-03-30 11:39:50,427] {processor.py:641} INFO - Processing file /home/airflow/.local/lib/python3.7/site-packages/airflow/example_dags/example_kubernetes_executor.py for tasks to queue
[2023-03-30 11:39:50,428] {logging_mixin.py:115} INFO - [2023-03-30 11:39:50,428] {dagbag.py:507} INFO - Filling up the DagBag from /home/airflow/.local/lib/python3.7/site-packages/airflow/example_dags/example_kubernetes_executor.py
[2023-03-30 11:39:50,444] {processor.py:651} INFO - DAG(s) dict_keys(['example_kubernetes_executor']) retrieved from /home/airflow/.local/lib/python3.7/site-packages/airflow/example_dags/example_kubernetes_executor.py
[2023-03-30 11:39:50,547] {logging_mixin.py:115} INFO - [2023-03-30 11:39:50,547] {dag.py:2371} INFO - Sync 1 DAGs
[2023-03-30 11:39:50,691] {logging_mixin.py:115} INFO - [2023-03-30 11:39:50,691] {dag.py:2919} INFO - Setting next_dagrun for example_kubernetes_executor to None, run_after=None
[2023-03-30 11:39:50,714] {processor.py:161} INFO - Processing /home/airflow/.local/lib/python3.7/site-packages/airflow/example_dags/example_kubernetes_executor.py took 0.291 seconds
[2023-03-30 11:40:21,882] {processor.py:153} INFO - Started process (PID=713) to work on /home/airflow/.local/lib/python3.7/site-packages/airflow/example_dags/example_kubernetes_executor.py
[2023-03-30 11:40:21,884] {processor.py:641} INFO - Processing file /home/airflow/.local/lib/python3.7/site-packages/airflow/example_dags/example_kubernetes_executor.py for tasks to queue
[2023-03-30 11:40:21,885] {logging_mixin.py:115} INFO - [2023-03-30 11:40:21,885] {dagbag.py:507} INFO - Filling up the DagBag from /home/airflow/.local/lib/python3.7/site-packages/airflow/example_dags/example_kubernetes_executor.py
[2023-03-30 11:40:21,902] {processor.py:651} INFO - DAG(s) dict_keys(['example_kubernetes_executor']) retrieved from /home/airflow/.local/lib/python3.7/site-packages/airflow/example_dags/example_kubernetes_executor.py
[2023-03-30 11:40:22,004] {logging_mixin.py:115} INFO - [2023-03-30 11:40:22,004] {dag.py:2371} INFO - Sync 1 DAGs
[2023-03-30 11:40:22,151] {logging_mixin.py:115} INFO - [2023-03-30 11:40:22,151] {dag.py:2919} INFO - Setting next_dagrun for example_kubernetes_executor to None, run_after=None
[2023-03-30 11:40:22,174] {processor.py:161} INFO - Processing /home/airflow/.local/lib/python3.7/site-packages/airflow/example_dags/example_kubernetes_executor.py took 0.295 seconds
[2023-03-30 11:40:53,017] {processor.py:153} INFO - Started process (PID=776) to work on /home/airflow/.local/lib/python3.7/site-packages/airflow/example_dags/example_kubernetes_executor.py
[2023-03-30 11:40:53,019] {processor.py:641} INFO - Processing file /home/airflow/.local/lib/python3.7/site-packages/airflow/example_dags/example_kubernetes_executor.py for tasks to queue
[2023-03-30 11:40:53,019] {logging_mixin.py:115} INFO - [2023-03-30 11:40:53,019] {dagbag.py:507} INFO - Filling up the DagBag from /home/airflow/.local/lib/python3.7/site-packages/airflow/example_dags/example_kubernetes_executor.py
[2023-03-30 11:40:53,035] {processor.py:651} INFO - DAG(s) dict_keys(['example_kubernetes_executor']) retrieved from /home/airflow/.local/lib/python3.7/site-packages/airflow/example_dags/example_kubernetes_executor.py
[2023-03-30 11:40:53,140] {logging_mixin.py:115} INFO - [2023-03-30 11:40:53,140] {dag.py:2371} INFO - Sync 1 DAGs
[2023-03-30 11:40:53,286] {logging_mixin.py:115} INFO - [2023-03-30 11:40:53,286] {dag.py:2919} INFO - Setting next_dagrun for example_kubernetes_executor to None, run_after=None
[2023-03-30 11:40:53,308] {processor.py:161} INFO - Processing /home/airflow/.local/lib/python3.7/site-packages/airflow/example_dags/example_kubernetes_executor.py took 0.293 seconds
[2023-03-30 11:41:23,642] {processor.py:153} INFO - Started process (PID=839) to work on /home/airflow/.local/lib/python3.7/site-packages/airflow/example_dags/example_kubernetes_executor.py
[2023-03-30 11:41:23,643] {processor.py:641} INFO - Processing file /home/airflow/.local/lib/python3.7/site-packages/airflow/example_dags/example_kubernetes_executor.py for tasks to queue
[2023-03-30 11:41:23,644] {logging_mixin.py:115} INFO - [2023-03-30 11:41:23,644] {dagbag.py:507} INFO - Filling up the DagBag from /home/airflow/.local/lib/python3.7/site-packages/airflow/example_dags/example_kubernetes_executor.py
[2023-03-30 11:41:23,661] {processor.py:651} INFO - DAG(s) dict_keys(['example_kubernetes_executor']) retrieved from /home/airflow/.local/lib/python3.7/site-packages/airflow/example_dags/example_kubernetes_executor.py
[2023-03-30 11:41:23,766] {logging_mixin.py:115} INFO - [2023-03-30 11:41:23,766] {dag.py:2371} INFO - Sync 1 DAGs
[2023-03-30 11:41:23,905] {logging_mixin.py:115} INFO - [2023-03-30 11:41:23,905] {dag.py:2919} INFO - Setting next_dagrun for example_kubernetes_executor to None, run_after=None
[2023-03-30 11:41:23,928] {processor.py:161} INFO - Processing /home/airflow/.local/lib/python3.7/site-packages/airflow/example_dags/example_kubernetes_executor.py took 0.289 seconds
[2023-03-30 11:41:54,010] {processor.py:153} INFO - Started process (PID=901) to work on /home/airflow/.local/lib/python3.7/site-packages/airflow/example_dags/example_kubernetes_executor.py
[2023-03-30 11:41:54,012] {processor.py:641} INFO - Processing file /home/airflow/.local/lib/python3.7/site-packages/airflow/example_dags/example_kubernetes_executor.py for tasks to queue
[2023-03-30 11:41:54,013] {logging_mixin.py:115} INFO - [2023-03-30 11:41:54,013] {dagbag.py:507} INFO - Filling up the DagBag from /home/airflow/.local/lib/python3.7/site-packages/airflow/example_dags/example_kubernetes_executor.py
[2023-03-30 11:41:54,028] {processor.py:651} INFO - DAG(s) dict_keys(['example_kubernetes_executor']) retrieved from /home/airflow/.local/lib/python3.7/site-packages/airflow/example_dags/example_kubernetes_executor.py
[2023-03-30 11:41:54,128] {logging_mixin.py:115} INFO - [2023-03-30 11:41:54,128] {dag.py:2371} INFO - Sync 1 DAGs
[2023-03-30 11:41:54,269] {logging_mixin.py:115} INFO - [2023-03-30 11:41:54,269] {dag.py:2919} INFO - Setting next_dagrun for example_kubernetes_executor to None, run_after=None
[2023-03-30 11:41:54,291] {processor.py:161} INFO - Processing /home/airflow/.local/lib/python3.7/site-packages/airflow/example_dags/example_kubernetes_executor.py took 0.284 seconds
[2023-03-30 11:42:24,965] {processor.py:153} INFO - Started process (PID=955) to work on /home/airflow/.local/lib/python3.7/site-packages/airflow/example_dags/example_kubernetes_executor.py
[2023-03-30 11:42:24,966] {processor.py:641} INFO - Processing file /home/airflow/.local/lib/python3.7/site-packages/airflow/example_dags/example_kubernetes_executor.py for tasks to queue
[2023-03-30 11:42:24,967] {logging_mixin.py:115} INFO - [2023-03-30 11:42:24,967] {dagbag.py:507} INFO - Filling up the DagBag from /home/airflow/.local/lib/python3.7/site-packages/airflow/example_dags/example_kubernetes_executor.py
[2023-03-30 11:42:24,984] {processor.py:651} INFO - DAG(s) dict_keys(['example_kubernetes_executor']) retrieved from /home/airflow/.local/lib/python3.7/site-packages/airflow/example_dags/example_kubernetes_executor.py
[2023-03-30 11:42:25,084] {logging_mixin.py:115} INFO - [2023-03-30 11:42:25,084] {dag.py:2371} INFO - Sync 1 DAGs
[2023-03-30 11:42:25,227] {logging_mixin.py:115} INFO - [2023-03-30 11:42:25,227] {dag.py:2919} INFO - Setting next_dagrun for example_kubernetes_executor to None, run_after=None
[2023-03-30 11:42:25,250] {processor.py:161} INFO - Processing /home/airflow/.local/lib/python3.7/site-packages/airflow/example_dags/example_kubernetes_executor.py took 0.288 seconds
[2023-03-30 11:42:55,534] {processor.py:153} INFO - Started process (PID=1018) to work on /home/airflow/.local/lib/python3.7/site-packages/airflow/example_dags/example_kubernetes_executor.py
[2023-03-30 11:42:55,535] {processor.py:641} INFO - Processing file /home/airflow/.local/lib/python3.7/site-packages/airflow/example_dags/example_kubernetes_executor.py for tasks to queue
[2023-03-30 11:42:55,535] {logging_mixin.py:115} INFO - [2023-03-30 11:42:55,535] {dagbag.py:507} INFO - Filling up the DagBag from /home/airflow/.local/lib/python3.7/site-packages/airflow/example_dags/example_kubernetes_executor.py
[2023-03-30 11:42:55,550] {processor.py:651} INFO - DAG(s) dict_keys(['example_kubernetes_executor']) retrieved from /home/airflow/.local/lib/python3.7/site-packages/airflow/example_dags/example_kubernetes_executor.py
[2023-03-30 11:42:55,657] {logging_mixin.py:115} INFO - [2023-03-30 11:42:55,657] {dag.py:2371} INFO - Sync 1 DAGs
[2023-03-30 11:42:55,816] {logging_mixin.py:115} INFO - [2023-03-30 11:42:55,816] {dag.py:2919} INFO - Setting next_dagrun for example_kubernetes_executor to None, run_after=None
[2023-03-30 11:42:55,840] {processor.py:161} INFO - Processing /home/airflow/.local/lib/python3.7/site-packages/airflow/example_dags/example_kubernetes_executor.py took 0.309 seconds
[2023-03-30 11:43:26,021] {processor.py:153} INFO - Started process (PID=1080) to work on /home/airflow/.local/lib/python3.7/site-packages/airflow/example_dags/example_kubernetes_executor.py
[2023-03-30 11:43:26,022] {processor.py:641} INFO - Processing file /home/airflow/.local/lib/python3.7/site-packages/airflow/example_dags/example_kubernetes_executor.py for tasks to queue
[2023-03-30 11:43:26,023] {logging_mixin.py:115} INFO - [2023-03-30 11:43:26,023] {dagbag.py:507} INFO - Filling up the DagBag from /home/airflow/.local/lib/python3.7/site-packages/airflow/example_dags/example_kubernetes_executor.py
[2023-03-30 11:43:26,039] {processor.py:651} INFO - DAG(s) dict_keys(['example_kubernetes_executor']) retrieved from /home/airflow/.local/lib/python3.7/site-packages/airflow/example_dags/example_kubernetes_executor.py
[2023-03-30 11:43:26,138] {logging_mixin.py:115} INFO - [2023-03-30 11:43:26,138] {dag.py:2371} INFO - Sync 1 DAGs
[2023-03-30 11:43:26,274] {logging_mixin.py:115} INFO - [2023-03-30 11:43:26,274] {dag.py:2919} INFO - Setting next_dagrun for example_kubernetes_executor to None, run_after=None
[2023-03-30 11:43:26,298] {processor.py:161} INFO - Processing /home/airflow/.local/lib/python3.7/site-packages/airflow/example_dags/example_kubernetes_executor.py took 0.280 seconds
[2023-03-30 11:43:56,781] {processor.py:153} INFO - Started process (PID=1143) to work on /home/airflow/.local/lib/python3.7/site-packages/airflow/example_dags/example_kubernetes_executor.py
[2023-03-30 11:43:56,782] {processor.py:641} INFO - Processing file /home/airflow/.local/lib/python3.7/site-packages/airflow/example_dags/example_kubernetes_executor.py for tasks to queue
[2023-03-30 11:43:56,783] {logging_mixin.py:115} INFO - [2023-03-30 11:43:56,783] {dagbag.py:507} INFO - Filling up the DagBag from /home/airflow/.local/lib/python3.7/site-packages/airflow/example_dags/example_kubernetes_executor.py
[2023-03-30 11:43:56,800] {processor.py:651} INFO - DAG(s) dict_keys(['example_kubernetes_executor']) retrieved from /home/airflow/.local/lib/python3.7/site-packages/airflow/example_dags/example_kubernetes_executor.py
[2023-03-30 11:43:56,902] {logging_mixin.py:115} INFO - [2023-03-30 11:43:56,902] {dag.py:2371} INFO - Sync 1 DAGs
[2023-03-30 11:43:57,064] {logging_mixin.py:115} INFO - [2023-03-30 11:43:57,064] {dag.py:2919} INFO - Setting next_dagrun for example_kubernetes_executor to None, run_after=None
[2023-03-30 11:43:57,091] {processor.py:161} INFO - Processing /home/airflow/.local/lib/python3.7/site-packages/airflow/example_dags/example_kubernetes_executor.py took 0.313 seconds
[2023-03-30 11:44:27,336] {processor.py:153} INFO - Started process (PID=1206) to work on /home/airflow/.local/lib/python3.7/site-packages/airflow/example_dags/example_kubernetes_executor.py
[2023-03-30 11:44:27,338] {processor.py:641} INFO - Processing file /home/airflow/.local/lib/python3.7/site-packages/airflow/example_dags/example_kubernetes_executor.py for tasks to queue
[2023-03-30 11:44:27,339] {logging_mixin.py:115} INFO - [2023-03-30 11:44:27,338] {dagbag.py:507} INFO - Filling up the DagBag from /home/airflow/.local/lib/python3.7/site-packages/airflow/example_dags/example_kubernetes_executor.py
[2023-03-30 11:44:27,355] {processor.py:651} INFO - DAG(s) dict_keys(['example_kubernetes_executor']) retrieved from /home/airflow/.local/lib/python3.7/site-packages/airflow/example_dags/example_kubernetes_executor.py
[2023-03-30 11:44:27,459] {logging_mixin.py:115} INFO - [2023-03-30 11:44:27,459] {dag.py:2371} INFO - Sync 1 DAGs
[2023-03-30 11:44:27,618] {logging_mixin.py:115} INFO - [2023-03-30 11:44:27,618] {dag.py:2919} INFO - Setting next_dagrun for example_kubernetes_executor to None, run_after=None
[2023-03-30 11:44:27,646] {processor.py:161} INFO - Processing /home/airflow/.local/lib/python3.7/site-packages/airflow/example_dags/example_kubernetes_executor.py took 0.313 seconds
[2023-03-30 11:44:58,060] {processor.py:153} INFO - Started process (PID=1260) to work on /home/airflow/.local/lib/python3.7/site-packages/airflow/example_dags/example_kubernetes_executor.py
[2023-03-30 11:44:58,062] {processor.py:641} INFO - Processing file /home/airflow/.local/lib/python3.7/site-packages/airflow/example_dags/example_kubernetes_executor.py for tasks to queue
[2023-03-30 11:44:58,063] {logging_mixin.py:115} INFO - [2023-03-30 11:44:58,063] {dagbag.py:507} INFO - Filling up the DagBag from /home/airflow/.local/lib/python3.7/site-packages/airflow/example_dags/example_kubernetes_executor.py
[2023-03-30 11:44:58,079] {processor.py:651} INFO - DAG(s) dict_keys(['example_kubernetes_executor']) retrieved from /home/airflow/.local/lib/python3.7/site-packages/airflow/example_dags/example_kubernetes_executor.py
[2023-03-30 11:44:58,179] {logging_mixin.py:115} INFO - [2023-03-30 11:44:58,179] {dag.py:2371} INFO - Sync 1 DAGs
[2023-03-30 11:44:58,330] {logging_mixin.py:115} INFO - [2023-03-30 11:44:58,330] {dag.py:2919} INFO - Setting next_dagrun for example_kubernetes_executor to None, run_after=None
[2023-03-30 11:44:58,361] {processor.py:161} INFO - Processing /home/airflow/.local/lib/python3.7/site-packages/airflow/example_dags/example_kubernetes_executor.py took 0.304 seconds
[2023-03-30 11:45:28,488] {processor.py:153} INFO - Started process (PID=1323) to work on /home/airflow/.local/lib/python3.7/site-packages/airflow/example_dags/example_kubernetes_executor.py
[2023-03-30 11:45:28,491] {processor.py:641} INFO - Processing file /home/airflow/.local/lib/python3.7/site-packages/airflow/example_dags/example_kubernetes_executor.py for tasks to queue
[2023-03-30 11:45:28,491] {logging_mixin.py:115} INFO - [2023-03-30 11:45:28,491] {dagbag.py:507} INFO - Filling up the DagBag from /home/airflow/.local/lib/python3.7/site-packages/airflow/example_dags/example_kubernetes_executor.py
[2023-03-30 11:45:28,506] {processor.py:651} INFO - DAG(s) dict_keys(['example_kubernetes_executor']) retrieved from /home/airflow/.local/lib/python3.7/site-packages/airflow/example_dags/example_kubernetes_executor.py
[2023-03-30 11:45:28,604] {logging_mixin.py:115} INFO - [2023-03-30 11:45:28,604] {dag.py:2371} INFO - Sync 1 DAGs
[2023-03-30 11:45:28,745] {logging_mixin.py:115} INFO - [2023-03-30 11:45:28,745] {dag.py:2919} INFO - Setting next_dagrun for example_kubernetes_executor to None, run_after=None
[2023-03-30 11:45:28,768] {processor.py:161} INFO - Processing /home/airflow/.local/lib/python3.7/site-packages/airflow/example_dags/example_kubernetes_executor.py took 0.282 seconds
[2023-03-30 11:45:59,591] {processor.py:153} INFO - Started process (PID=1387) to work on /home/airflow/.local/lib/python3.7/site-packages/airflow/example_dags/example_kubernetes_executor.py
[2023-03-30 11:45:59,593] {processor.py:641} INFO - Processing file /home/airflow/.local/lib/python3.7/site-packages/airflow/example_dags/example_kubernetes_executor.py for tasks to queue
[2023-03-30 11:45:59,594] {logging_mixin.py:115} INFO - [2023-03-30 11:45:59,594] {dagbag.py:507} INFO - Filling up the DagBag from /home/airflow/.local/lib/python3.7/site-packages/airflow/example_dags/example_kubernetes_executor.py
[2023-03-30 11:45:59,609] {processor.py:651} INFO - DAG(s) dict_keys(['example_kubernetes_executor']) retrieved from /home/airflow/.local/lib/python3.7/site-packages/airflow/example_dags/example_kubernetes_executor.py
[2023-03-30 11:45:59,715] {logging_mixin.py:115} INFO - [2023-03-30 11:45:59,715] {dag.py:2371} INFO - Sync 1 DAGs
[2023-03-30 11:45:59,855] {logging_mixin.py:115} INFO - [2023-03-30 11:45:59,855] {dag.py:2919} INFO - Setting next_dagrun for example_kubernetes_executor to None, run_after=None
[2023-03-30 11:45:59,878] {processor.py:161} INFO - Processing /home/airflow/.local/lib/python3.7/site-packages/airflow/example_dags/example_kubernetes_executor.py took 0.290 seconds
[2023-03-30 11:46:30,027] {processor.py:153} INFO - Started process (PID=1448) to work on /home/airflow/.local/lib/python3.7/site-packages/airflow/example_dags/example_kubernetes_executor.py
[2023-03-30 11:46:30,029] {processor.py:641} INFO - Processing file /home/airflow/.local/lib/python3.7/site-packages/airflow/example_dags/example_kubernetes_executor.py for tasks to queue
[2023-03-30 11:46:30,030] {logging_mixin.py:115} INFO - [2023-03-30 11:46:30,030] {dagbag.py:507} INFO - Filling up the DagBag from /home/airflow/.local/lib/python3.7/site-packages/airflow/example_dags/example_kubernetes_executor.py
[2023-03-30 11:46:30,046] {processor.py:651} INFO - DAG(s) dict_keys(['example_kubernetes_executor']) retrieved from /home/airflow/.local/lib/python3.7/site-packages/airflow/example_dags/example_kubernetes_executor.py
[2023-03-30 11:46:30,153] {logging_mixin.py:115} INFO - [2023-03-30 11:46:30,152] {dag.py:2371} INFO - Sync 1 DAGs
[2023-03-30 11:46:30,306] {logging_mixin.py:115} INFO - [2023-03-30 11:46:30,306] {dag.py:2919} INFO - Setting next_dagrun for example_kubernetes_executor to None, run_after=None
[2023-03-30 11:46:30,329] {processor.py:161} INFO - Processing /home/airflow/.local/lib/python3.7/site-packages/airflow/example_dags/example_kubernetes_executor.py took 0.304 seconds
[2023-03-30 11:47:00,838] {processor.py:153} INFO - Started process (PID=1512) to work on /home/airflow/.local/lib/python3.7/site-packages/airflow/example_dags/example_kubernetes_executor.py
[2023-03-30 11:47:00,839] {processor.py:641} INFO - Processing file /home/airflow/.local/lib/python3.7/site-packages/airflow/example_dags/example_kubernetes_executor.py for tasks to queue
[2023-03-30 11:47:00,840] {logging_mixin.py:115} INFO - [2023-03-30 11:47:00,840] {dagbag.py:507} INFO - Filling up the DagBag from /home/airflow/.local/lib/python3.7/site-packages/airflow/example_dags/example_kubernetes_executor.py
[2023-03-30 11:47:00,859] {processor.py:651} INFO - DAG(s) dict_keys(['example_kubernetes_executor']) retrieved from /home/airflow/.local/lib/python3.7/site-packages/airflow/example_dags/example_kubernetes_executor.py
[2023-03-30 11:47:00,967] {logging_mixin.py:115} INFO - [2023-03-30 11:47:00,966] {dag.py:2371} INFO - Sync 1 DAGs
[2023-03-30 11:47:01,131] {logging_mixin.py:115} INFO - [2023-03-30 11:47:01,131] {dag.py:2919} INFO - Setting next_dagrun for example_kubernetes_executor to None, run_after=None
[2023-03-30 11:47:01,155] {processor.py:161} INFO - Processing /home/airflow/.local/lib/python3.7/site-packages/airflow/example_dags/example_kubernetes_executor.py took 0.320 seconds
[2023-03-30 11:47:31,207] {processor.py:153} INFO - Started process (PID=1565) to work on /home/airflow/.local/lib/python3.7/site-packages/airflow/example_dags/example_kubernetes_executor.py
[2023-03-30 11:47:31,208] {processor.py:641} INFO - Processing file /home/airflow/.local/lib/python3.7/site-packages/airflow/example_dags/example_kubernetes_executor.py for tasks to queue
[2023-03-30 11:47:31,209] {logging_mixin.py:115} INFO - [2023-03-30 11:47:31,209] {dagbag.py:507} INFO - Filling up the DagBag from /home/airflow/.local/lib/python3.7/site-packages/airflow/example_dags/example_kubernetes_executor.py
[2023-03-30 11:47:31,224] {processor.py:651} INFO - DAG(s) dict_keys(['example_kubernetes_executor']) retrieved from /home/airflow/.local/lib/python3.7/site-packages/airflow/example_dags/example_kubernetes_executor.py
[2023-03-30 11:47:31,324] {logging_mixin.py:115} INFO - [2023-03-30 11:47:31,324] {dag.py:2371} INFO - Sync 1 DAGs
[2023-03-30 11:47:31,471] {logging_mixin.py:115} INFO - [2023-03-30 11:47:31,471] {dag.py:2919} INFO - Setting next_dagrun for example_kubernetes_executor to None, run_after=None
[2023-03-30 11:47:31,495] {processor.py:161} INFO - Processing /home/airflow/.local/lib/python3.7/site-packages/airflow/example_dags/example_kubernetes_executor.py took 0.290 seconds
[2023-03-30 11:48:01,745] {processor.py:153} INFO - Started process (PID=1628) to work on /home/airflow/.local/lib/python3.7/site-packages/airflow/example_dags/example_kubernetes_executor.py
[2023-03-30 11:48:01,746] {processor.py:641} INFO - Processing file /home/airflow/.local/lib/python3.7/site-packages/airflow/example_dags/example_kubernetes_executor.py for tasks to queue
[2023-03-30 11:48:01,747] {logging_mixin.py:115} INFO - [2023-03-30 11:48:01,747] {dagbag.py:507} INFO - Filling up the DagBag from /home/airflow/.local/lib/python3.7/site-packages/airflow/example_dags/example_kubernetes_executor.py
[2023-03-30 11:48:01,762] {processor.py:651} INFO - DAG(s) dict_keys(['example_kubernetes_executor']) retrieved from /home/airflow/.local/lib/python3.7/site-packages/airflow/example_dags/example_kubernetes_executor.py
[2023-03-30 11:48:01,869] {logging_mixin.py:115} INFO - [2023-03-30 11:48:01,869] {dag.py:2371} INFO - Sync 1 DAGs
[2023-03-30 11:48:02,012] {logging_mixin.py:115} INFO - [2023-03-30 11:48:02,012] {dag.py:2919} INFO - Setting next_dagrun for example_kubernetes_executor to None, run_after=None
[2023-03-30 11:48:02,034] {processor.py:161} INFO - Processing /home/airflow/.local/lib/python3.7/site-packages/airflow/example_dags/example_kubernetes_executor.py took 0.293 seconds
[2023-03-30 11:48:32,763] {processor.py:153} INFO - Started process (PID=1690) to work on /home/airflow/.local/lib/python3.7/site-packages/airflow/example_dags/example_kubernetes_executor.py
[2023-03-30 11:48:32,764] {processor.py:641} INFO - Processing file /home/airflow/.local/lib/python3.7/site-packages/airflow/example_dags/example_kubernetes_executor.py for tasks to queue
[2023-03-30 11:48:32,765] {logging_mixin.py:115} INFO - [2023-03-30 11:48:32,764] {dagbag.py:507} INFO - Filling up the DagBag from /home/airflow/.local/lib/python3.7/site-packages/airflow/example_dags/example_kubernetes_executor.py
[2023-03-30 11:48:32,780] {processor.py:651} INFO - DAG(s) dict_keys(['example_kubernetes_executor']) retrieved from /home/airflow/.local/lib/python3.7/site-packages/airflow/example_dags/example_kubernetes_executor.py
[2023-03-30 11:48:32,880] {logging_mixin.py:115} INFO - [2023-03-30 11:48:32,880] {dag.py:2371} INFO - Sync 1 DAGs
[2023-03-30 11:48:33,023] {logging_mixin.py:115} INFO - [2023-03-30 11:48:33,023] {dag.py:2919} INFO - Setting next_dagrun for example_kubernetes_executor to None, run_after=None
[2023-03-30 11:48:33,046] {processor.py:161} INFO - Processing /home/airflow/.local/lib/python3.7/site-packages/airflow/example_dags/example_kubernetes_executor.py took 0.285 seconds
[2023-03-30 11:49:03,290] {processor.py:153} INFO - Started process (PID=1752) to work on /home/airflow/.local/lib/python3.7/site-packages/airflow/example_dags/example_kubernetes_executor.py
[2023-03-30 11:49:03,291] {processor.py:641} INFO - Processing file /home/airflow/.local/lib/python3.7/site-packages/airflow/example_dags/example_kubernetes_executor.py for tasks to queue
[2023-03-30 11:49:03,292] {logging_mixin.py:115} INFO - [2023-03-30 11:49:03,292] {dagbag.py:507} INFO - Filling up the DagBag from /home/airflow/.local/lib/python3.7/site-packages/airflow/example_dags/example_kubernetes_executor.py
[2023-03-30 11:49:03,310] {processor.py:651} INFO - DAG(s) dict_keys(['example_kubernetes_executor']) retrieved from /home/airflow/.local/lib/python3.7/site-packages/airflow/example_dags/example_kubernetes_executor.py
[2023-03-30 11:49:03,414] {logging_mixin.py:115} INFO - [2023-03-30 11:49:03,414] {dag.py:2371} INFO - Sync 1 DAGs
[2023-03-30 11:49:03,559] {logging_mixin.py:115} INFO - [2023-03-30 11:49:03,559] {dag.py:2919} INFO - Setting next_dagrun for example_kubernetes_executor to None, run_after=None
[2023-03-30 11:49:03,582] {processor.py:161} INFO - Processing /home/airflow/.local/lib/python3.7/site-packages/airflow/example_dags/example_kubernetes_executor.py took 0.295 seconds
[2023-03-30 11:49:33,782] {processor.py:153} INFO - Started process (PID=1815) to work on /home/airflow/.local/lib/python3.7/site-packages/airflow/example_dags/example_kubernetes_executor.py
[2023-03-30 11:49:33,784] {processor.py:641} INFO - Processing file /home/airflow/.local/lib/python3.7/site-packages/airflow/example_dags/example_kubernetes_executor.py for tasks to queue
[2023-03-30 11:49:33,784] {logging_mixin.py:115} INFO - [2023-03-30 11:49:33,784] {dagbag.py:507} INFO - Filling up the DagBag from /home/airflow/.local/lib/python3.7/site-packages/airflow/example_dags/example_kubernetes_executor.py
[2023-03-30 11:49:33,799] {processor.py:651} INFO - DAG(s) dict_keys(['example_kubernetes_executor']) retrieved from /home/airflow/.local/lib/python3.7/site-packages/airflow/example_dags/example_kubernetes_executor.py
[2023-03-30 11:49:33,899] {logging_mixin.py:115} INFO - [2023-03-30 11:49:33,899] {dag.py:2371} INFO - Sync 1 DAGs
[2023-03-30 11:49:34,033] {logging_mixin.py:115} INFO - [2023-03-30 11:49:34,033] {dag.py:2919} INFO - Setting next_dagrun for example_kubernetes_executor to None, run_after=None
[2023-03-30 11:49:34,056] {processor.py:161} INFO - Processing /home/airflow/.local/lib/python3.7/site-packages/airflow/example_dags/example_kubernetes_executor.py took 0.276 seconds
[2023-03-30 11:50:04,213] {processor.py:153} INFO - Started process (PID=1868) to work on /home/airflow/.local/lib/python3.7/site-packages/airflow/example_dags/example_kubernetes_executor.py
[2023-03-30 11:50:04,215] {processor.py:641} INFO - Processing file /home/airflow/.local/lib/python3.7/site-packages/airflow/example_dags/example_kubernetes_executor.py for tasks to queue
[2023-03-30 11:50:04,215] {logging_mixin.py:115} INFO - [2023-03-30 11:50:04,215] {dagbag.py:507} INFO - Filling up the DagBag from /home/airflow/.local/lib/python3.7/site-packages/airflow/example_dags/example_kubernetes_executor.py
[2023-03-30 11:50:04,232] {processor.py:651} INFO - DAG(s) dict_keys(['example_kubernetes_executor']) retrieved from /home/airflow/.local/lib/python3.7/site-packages/airflow/example_dags/example_kubernetes_executor.py
[2023-03-30 11:50:04,335] {logging_mixin.py:115} INFO - [2023-03-30 11:50:04,335] {dag.py:2371} INFO - Sync 1 DAGs
[2023-03-30 11:50:04,482] {logging_mixin.py:115} INFO - [2023-03-30 11:50:04,482] {dag.py:2919} INFO - Setting next_dagrun for example_kubernetes_executor to None, run_after=None
[2023-03-30 11:50:04,504] {processor.py:161} INFO - Processing /home/airflow/.local/lib/python3.7/site-packages/airflow/example_dags/example_kubernetes_executor.py took 0.293 seconds
[2023-03-30 11:50:34,882] {processor.py:153} INFO - Started process (PID=1931) to work on /home/airflow/.local/lib/python3.7/site-packages/airflow/example_dags/example_kubernetes_executor.py
[2023-03-30 11:50:34,884] {processor.py:641} INFO - Processing file /home/airflow/.local/lib/python3.7/site-packages/airflow/example_dags/example_kubernetes_executor.py for tasks to queue
[2023-03-30 11:50:34,885] {logging_mixin.py:115} INFO - [2023-03-30 11:50:34,885] {dagbag.py:507} INFO - Filling up the DagBag from /home/airflow/.local/lib/python3.7/site-packages/airflow/example_dags/example_kubernetes_executor.py
[2023-03-30 11:50:34,902] {processor.py:651} INFO - DAG(s) dict_keys(['example_kubernetes_executor']) retrieved from /home/airflow/.local/lib/python3.7/site-packages/airflow/example_dags/example_kubernetes_executor.py
[2023-03-30 11:50:35,002] {logging_mixin.py:115} INFO - [2023-03-30 11:50:35,002] {dag.py:2371} INFO - Sync 1 DAGs
[2023-03-30 11:50:35,147] {logging_mixin.py:115} INFO - [2023-03-30 11:50:35,147] {dag.py:2919} INFO - Setting next_dagrun for example_kubernetes_executor to None, run_after=None
[2023-03-30 11:50:35,172] {processor.py:161} INFO - Processing /home/airflow/.local/lib/python3.7/site-packages/airflow/example_dags/example_kubernetes_executor.py took 0.292 seconds
[2023-03-30 11:51:05,667] {processor.py:153} INFO - Started process (PID=1994) to work on /home/airflow/.local/lib/python3.7/site-packages/airflow/example_dags/example_kubernetes_executor.py
[2023-03-30 11:51:05,670] {processor.py:641} INFO - Processing file /home/airflow/.local/lib/python3.7/site-packages/airflow/example_dags/example_kubernetes_executor.py for tasks to queue
[2023-03-30 11:51:05,670] {logging_mixin.py:115} INFO - [2023-03-30 11:51:05,670] {dagbag.py:507} INFO - Filling up the DagBag from /home/airflow/.local/lib/python3.7/site-packages/airflow/example_dags/example_kubernetes_executor.py
[2023-03-30 11:51:05,687] {processor.py:651} INFO - DAG(s) dict_keys(['example_kubernetes_executor']) retrieved from /home/airflow/.local/lib/python3.7/site-packages/airflow/example_dags/example_kubernetes_executor.py
[2023-03-30 11:51:05,790] {logging_mixin.py:115} INFO - [2023-03-30 11:51:05,790] {dag.py:2371} INFO - Sync 1 DAGs
[2023-03-30 11:51:05,934] {logging_mixin.py:115} INFO - [2023-03-30 11:51:05,934] {dag.py:2919} INFO - Setting next_dagrun for example_kubernetes_executor to None, run_after=None
[2023-03-30 11:51:05,958] {processor.py:161} INFO - Processing /home/airflow/.local/lib/python3.7/site-packages/airflow/example_dags/example_kubernetes_executor.py took 0.293 seconds
[2023-03-30 11:51:36,041] {processor.py:153} INFO - Started process (PID=2057) to work on /home/airflow/.local/lib/python3.7/site-packages/airflow/example_dags/example_kubernetes_executor.py
[2023-03-30 11:51:36,042] {processor.py:641} INFO - Processing file /home/airflow/.local/lib/python3.7/site-packages/airflow/example_dags/example_kubernetes_executor.py for tasks to queue
[2023-03-30 11:51:36,043] {logging_mixin.py:115} INFO - [2023-03-30 11:51:36,043] {dagbag.py:507} INFO - Filling up the DagBag from /home/airflow/.local/lib/python3.7/site-packages/airflow/example_dags/example_kubernetes_executor.py
[2023-03-30 11:51:36,058] {processor.py:651} INFO - DAG(s) dict_keys(['example_kubernetes_executor']) retrieved from /home/airflow/.local/lib/python3.7/site-packages/airflow/example_dags/example_kubernetes_executor.py
[2023-03-30 11:51:36,159] {logging_mixin.py:115} INFO - [2023-03-30 11:51:36,159] {dag.py:2371} INFO - Sync 1 DAGs
[2023-03-30 11:51:36,306] {logging_mixin.py:115} INFO - [2023-03-30 11:51:36,306] {dag.py:2919} INFO - Setting next_dagrun for example_kubernetes_executor to None, run_after=None
[2023-03-30 11:51:36,329] {processor.py:161} INFO - Processing /home/airflow/.local/lib/python3.7/site-packages/airflow/example_dags/example_kubernetes_executor.py took 0.290 seconds
[2023-03-30 11:52:06,498] {processor.py:153} INFO - Started process (PID=2121) to work on /home/airflow/.local/lib/python3.7/site-packages/airflow/example_dags/example_kubernetes_executor.py
[2023-03-30 11:52:06,500] {processor.py:641} INFO - Processing file /home/airflow/.local/lib/python3.7/site-packages/airflow/example_dags/example_kubernetes_executor.py for tasks to queue
[2023-03-30 11:52:06,501] {logging_mixin.py:115} INFO - [2023-03-30 11:52:06,501] {dagbag.py:507} INFO - Filling up the DagBag from /home/airflow/.local/lib/python3.7/site-packages/airflow/example_dags/example_kubernetes_executor.py
[2023-03-30 11:52:06,520] {processor.py:651} INFO - DAG(s) dict_keys(['example_kubernetes_executor']) retrieved from /home/airflow/.local/lib/python3.7/site-packages/airflow/example_dags/example_kubernetes_executor.py
[2023-03-30 11:52:06,618] {logging_mixin.py:115} INFO - [2023-03-30 11:52:06,618] {dag.py:2371} INFO - Sync 1 DAGs
[2023-03-30 11:52:06,764] {logging_mixin.py:115} INFO - [2023-03-30 11:52:06,764] {dag.py:2919} INFO - Setting next_dagrun for example_kubernetes_executor to None, run_after=None
[2023-03-30 11:52:06,788] {processor.py:161} INFO - Processing /home/airflow/.local/lib/python3.7/site-packages/airflow/example_dags/example_kubernetes_executor.py took 0.293 seconds
[2023-03-30 11:52:37,453] {processor.py:153} INFO - Started process (PID=2174) to work on /home/airflow/.local/lib/python3.7/site-packages/airflow/example_dags/example_kubernetes_executor.py
[2023-03-30 11:52:37,455] {processor.py:641} INFO - Processing file /home/airflow/.local/lib/python3.7/site-packages/airflow/example_dags/example_kubernetes_executor.py for tasks to queue
[2023-03-30 11:52:37,456] {logging_mixin.py:115} INFO - [2023-03-30 11:52:37,456] {dagbag.py:507} INFO - Filling up the DagBag from /home/airflow/.local/lib/python3.7/site-packages/airflow/example_dags/example_kubernetes_executor.py
[2023-03-30 11:52:37,472] {processor.py:651} INFO - DAG(s) dict_keys(['example_kubernetes_executor']) retrieved from /home/airflow/.local/lib/python3.7/site-packages/airflow/example_dags/example_kubernetes_executor.py
[2023-03-30 11:52:37,573] {logging_mixin.py:115} INFO - [2023-03-30 11:52:37,573] {dag.py:2371} INFO - Sync 1 DAGs
[2023-03-30 11:52:37,723] {logging_mixin.py:115} INFO - [2023-03-30 11:52:37,723] {dag.py:2919} INFO - Setting next_dagrun for example_kubernetes_executor to None, run_after=None
[2023-03-30 11:52:37,747] {processor.py:161} INFO - Processing /home/airflow/.local/lib/python3.7/site-packages/airflow/example_dags/example_kubernetes_executor.py took 0.297 seconds
[2023-03-30 11:53:07,927] {processor.py:153} INFO - Started process (PID=2237) to work on /home/airflow/.local/lib/python3.7/site-packages/airflow/example_dags/example_kubernetes_executor.py
[2023-03-30 11:53:07,928] {processor.py:641} INFO - Processing file /home/airflow/.local/lib/python3.7/site-packages/airflow/example_dags/example_kubernetes_executor.py for tasks to queue
[2023-03-30 11:53:07,929] {logging_mixin.py:115} INFO - [2023-03-30 11:53:07,929] {dagbag.py:507} INFO - Filling up the DagBag from /home/airflow/.local/lib/python3.7/site-packages/airflow/example_dags/example_kubernetes_executor.py
[2023-03-30 11:53:07,946] {processor.py:651} INFO - DAG(s) dict_keys(['example_kubernetes_executor']) retrieved from /home/airflow/.local/lib/python3.7/site-packages/airflow/example_dags/example_kubernetes_executor.py
[2023-03-30 11:53:08,048] {logging_mixin.py:115} INFO - [2023-03-30 11:53:08,048] {dag.py:2371} INFO - Sync 1 DAGs
[2023-03-30 11:53:08,200] {logging_mixin.py:115} INFO - [2023-03-30 11:53:08,200] {dag.py:2919} INFO - Setting next_dagrun for example_kubernetes_executor to None, run_after=None
[2023-03-30 11:53:08,222] {processor.py:161} INFO - Processing /home/airflow/.local/lib/python3.7/site-packages/airflow/example_dags/example_kubernetes_executor.py took 0.298 seconds
[2023-03-30 11:53:38,779] {processor.py:153} INFO - Started process (PID=2299) to work on /home/airflow/.local/lib/python3.7/site-packages/airflow/example_dags/example_kubernetes_executor.py
[2023-03-30 11:53:38,781] {processor.py:641} INFO - Processing file /home/airflow/.local/lib/python3.7/site-packages/airflow/example_dags/example_kubernetes_executor.py for tasks to queue
[2023-03-30 11:53:38,782] {logging_mixin.py:115} INFO - [2023-03-30 11:53:38,782] {dagbag.py:507} INFO - Filling up the DagBag from /home/airflow/.local/lib/python3.7/site-packages/airflow/example_dags/example_kubernetes_executor.py
[2023-03-30 11:53:38,798] {processor.py:651} INFO - DAG(s) dict_keys(['example_kubernetes_executor']) retrieved from /home/airflow/.local/lib/python3.7/site-packages/airflow/example_dags/example_kubernetes_executor.py
[2023-03-30 11:53:38,898] {logging_mixin.py:115} INFO - [2023-03-30 11:53:38,898] {dag.py:2371} INFO - Sync 1 DAGs
[2023-03-30 11:53:39,048] {logging_mixin.py:115} INFO - [2023-03-30 11:53:39,048] {dag.py:2919} INFO - Setting next_dagrun for example_kubernetes_executor to None, run_after=None
[2023-03-30 11:53:39,069] {processor.py:161} INFO - Processing /home/airflow/.local/lib/python3.7/site-packages/airflow/example_dags/example_kubernetes_executor.py took 0.293 seconds
[2023-03-30 11:54:09,169] {processor.py:153} INFO - Started process (PID=2362) to work on /home/airflow/.local/lib/python3.7/site-packages/airflow/example_dags/example_kubernetes_executor.py
[2023-03-30 11:54:09,171] {processor.py:641} INFO - Processing file /home/airflow/.local/lib/python3.7/site-packages/airflow/example_dags/example_kubernetes_executor.py for tasks to queue
[2023-03-30 11:54:09,172] {logging_mixin.py:115} INFO - [2023-03-30 11:54:09,172] {dagbag.py:507} INFO - Filling up the DagBag from /home/airflow/.local/lib/python3.7/site-packages/airflow/example_dags/example_kubernetes_executor.py
[2023-03-30 11:54:09,191] {processor.py:651} INFO - DAG(s) dict_keys(['example_kubernetes_executor']) retrieved from /home/airflow/.local/lib/python3.7/site-packages/airflow/example_dags/example_kubernetes_executor.py
[2023-03-30 11:54:09,306] {logging_mixin.py:115} INFO - [2023-03-30 11:54:09,306] {dag.py:2371} INFO - Sync 1 DAGs
[2023-03-30 11:54:09,454] {logging_mixin.py:115} INFO - [2023-03-30 11:54:09,454] {dag.py:2919} INFO - Setting next_dagrun for example_kubernetes_executor to None, run_after=None
[2023-03-30 11:54:09,478] {processor.py:161} INFO - Processing /home/airflow/.local/lib/python3.7/site-packages/airflow/example_dags/example_kubernetes_executor.py took 0.313 seconds
[2023-03-30 11:54:39,608] {processor.py:153} INFO - Started process (PID=2425) to work on /home/airflow/.local/lib/python3.7/site-packages/airflow/example_dags/example_kubernetes_executor.py
[2023-03-30 11:54:39,610] {processor.py:641} INFO - Processing file /home/airflow/.local/lib/python3.7/site-packages/airflow/example_dags/example_kubernetes_executor.py for tasks to queue
[2023-03-30 11:54:39,610] {logging_mixin.py:115} INFO - [2023-03-30 11:54:39,610] {dagbag.py:507} INFO - Filling up the DagBag from /home/airflow/.local/lib/python3.7/site-packages/airflow/example_dags/example_kubernetes_executor.py
[2023-03-30 11:54:39,626] {processor.py:651} INFO - DAG(s) dict_keys(['example_kubernetes_executor']) retrieved from /home/airflow/.local/lib/python3.7/site-packages/airflow/example_dags/example_kubernetes_executor.py
[2023-03-30 11:54:39,725] {logging_mixin.py:115} INFO - [2023-03-30 11:54:39,725] {dag.py:2371} INFO - Sync 1 DAGs
[2023-03-30 11:54:39,869] {logging_mixin.py:115} INFO - [2023-03-30 11:54:39,869] {dag.py:2919} INFO - Setting next_dagrun for example_kubernetes_executor to None, run_after=None
[2023-03-30 11:54:39,890] {processor.py:161} INFO - Processing /home/airflow/.local/lib/python3.7/site-packages/airflow/example_dags/example_kubernetes_executor.py took 0.285 seconds
[2023-03-30 11:55:10,449] {processor.py:153} INFO - Started process (PID=2479) to work on /home/airflow/.local/lib/python3.7/site-packages/airflow/example_dags/example_kubernetes_executor.py
[2023-03-30 11:55:10,450] {processor.py:641} INFO - Processing file /home/airflow/.local/lib/python3.7/site-packages/airflow/example_dags/example_kubernetes_executor.py for tasks to queue
[2023-03-30 11:55:10,451] {logging_mixin.py:115} INFO - [2023-03-30 11:55:10,451] {dagbag.py:507} INFO - Filling up the DagBag from /home/airflow/.local/lib/python3.7/site-packages/airflow/example_dags/example_kubernetes_executor.py
[2023-03-30 11:55:10,467] {processor.py:651} INFO - DAG(s) dict_keys(['example_kubernetes_executor']) retrieved from /home/airflow/.local/lib/python3.7/site-packages/airflow/example_dags/example_kubernetes_executor.py
[2023-03-30 11:55:10,665] {logging_mixin.py:115} INFO - [2023-03-30 11:55:10,665] {dag.py:2371} INFO - Sync 1 DAGs
[2023-03-30 11:55:10,709] {logging_mixin.py:115} INFO - [2023-03-30 11:55:10,709] {dag.py:2919} INFO - Setting next_dagrun for example_kubernetes_executor to None, run_after=None
[2023-03-30 11:55:10,731] {processor.py:161} INFO - Processing /home/airflow/.local/lib/python3.7/site-packages/airflow/example_dags/example_kubernetes_executor.py took 0.285 seconds
[2023-03-30 11:55:40,995] {processor.py:153} INFO - Started process (PID=2542) to work on /home/airflow/.local/lib/python3.7/site-packages/airflow/example_dags/example_kubernetes_executor.py
[2023-03-30 11:55:40,997] {processor.py:641} INFO - Processing file /home/airflow/.local/lib/python3.7/site-packages/airflow/example_dags/example_kubernetes_executor.py for tasks to queue
[2023-03-30 11:55:40,998] {logging_mixin.py:115} INFO - [2023-03-30 11:55:40,998] {dagbag.py:507} INFO - Filling up the DagBag from /home/airflow/.local/lib/python3.7/site-packages/airflow/example_dags/example_kubernetes_executor.py
[2023-03-30 11:55:41,014] {processor.py:651} INFO - DAG(s) dict_keys(['example_kubernetes_executor']) retrieved from /home/airflow/.local/lib/python3.7/site-packages/airflow/example_dags/example_kubernetes_executor.py
[2023-03-30 11:55:41,212] {logging_mixin.py:115} INFO - [2023-03-30 11:55:41,212] {dag.py:2371} INFO - Sync 1 DAGs
[2023-03-30 11:55:41,256] {logging_mixin.py:115} INFO - [2023-03-30 11:55:41,256] {dag.py:2919} INFO - Setting next_dagrun for example_kubernetes_executor to None, run_after=None
[2023-03-30 11:55:41,278] {processor.py:161} INFO - Processing /home/airflow/.local/lib/python3.7/site-packages/airflow/example_dags/example_kubernetes_executor.py took 0.286 seconds
[2023-03-30 11:56:11,813] {processor.py:153} INFO - Started process (PID=2605) to work on /home/airflow/.local/lib/python3.7/site-packages/airflow/example_dags/example_kubernetes_executor.py
[2023-03-30 11:56:11,814] {processor.py:641} INFO - Processing file /home/airflow/.local/lib/python3.7/site-packages/airflow/example_dags/example_kubernetes_executor.py for tasks to queue
[2023-03-30 11:56:11,815] {logging_mixin.py:115} INFO - [2023-03-30 11:56:11,815] {dagbag.py:507} INFO - Filling up the DagBag from /home/airflow/.local/lib/python3.7/site-packages/airflow/example_dags/example_kubernetes_executor.py
[2023-03-30 11:56:11,831] {processor.py:651} INFO - DAG(s) dict_keys(['example_kubernetes_executor']) retrieved from /home/airflow/.local/lib/python3.7/site-packages/airflow/example_dags/example_kubernetes_executor.py
[2023-03-30 11:56:12,029] {logging_mixin.py:115} INFO - [2023-03-30 11:56:12,029] {dag.py:2371} INFO - Sync 1 DAGs
[2023-03-30 11:56:12,073] {logging_mixin.py:115} INFO - [2023-03-30 11:56:12,073] {dag.py:2919} INFO - Setting next_dagrun for example_kubernetes_executor to None, run_after=None
[2023-03-30 11:56:12,097] {processor.py:161} INFO - Processing /home/airflow/.local/lib/python3.7/site-packages/airflow/example_dags/example_kubernetes_executor.py took 0.287 seconds
[2023-03-30 11:56:42,238] {processor.py:153} INFO - Started process (PID=2667) to work on /home/airflow/.local/lib/python3.7/site-packages/airflow/example_dags/example_kubernetes_executor.py
[2023-03-30 11:56:42,239] {processor.py:641} INFO - Processing file /home/airflow/.local/lib/python3.7/site-packages/airflow/example_dags/example_kubernetes_executor.py for tasks to queue
[2023-03-30 11:56:42,240] {logging_mixin.py:115} INFO - [2023-03-30 11:56:42,240] {dagbag.py:507} INFO - Filling up the DagBag from /home/airflow/.local/lib/python3.7/site-packages/airflow/example_dags/example_kubernetes_executor.py
[2023-03-30 11:56:42,257] {processor.py:651} INFO - DAG(s) dict_keys(['example_kubernetes_executor']) retrieved from /home/airflow/.local/lib/python3.7/site-packages/airflow/example_dags/example_kubernetes_executor.py
[2023-03-30 11:56:42,456] {logging_mixin.py:115} INFO - [2023-03-30 11:56:42,456] {dag.py:2371} INFO - Sync 1 DAGs
[2023-03-30 11:56:42,500] {logging_mixin.py:115} INFO - [2023-03-30 11:56:42,500] {dag.py:2919} INFO - Setting next_dagrun for example_kubernetes_executor to None, run_after=None
[2023-03-30 11:56:42,521] {processor.py:161} INFO - Processing /home/airflow/.local/lib/python3.7/site-packages/airflow/example_dags/example_kubernetes_executor.py took 0.285 seconds
[2023-03-30 11:57:12,654] {processor.py:153} INFO - Started process (PID=2730) to work on /home/airflow/.local/lib/python3.7/site-packages/airflow/example_dags/example_kubernetes_executor.py
[2023-03-30 11:57:12,655] {processor.py:641} INFO - Processing file /home/airflow/.local/lib/python3.7/site-packages/airflow/example_dags/example_kubernetes_executor.py for tasks to queue
[2023-03-30 11:57:12,656] {logging_mixin.py:115} INFO - [2023-03-30 11:57:12,656] {dagbag.py:507} INFO - Filling up the DagBag from /home/airflow/.local/lib/python3.7/site-packages/airflow/example_dags/example_kubernetes_executor.py
[2023-03-30 11:57:12,674] {processor.py:651} INFO - DAG(s) dict_keys(['example_kubernetes_executor']) retrieved from /home/airflow/.local/lib/python3.7/site-packages/airflow/example_dags/example_kubernetes_executor.py
[2023-03-30 11:57:12,884] {logging_mixin.py:115} INFO - [2023-03-30 11:57:12,884] {dag.py:2371} INFO - Sync 1 DAGs
[2023-03-30 11:57:12,929] {logging_mixin.py:115} INFO - [2023-03-30 11:57:12,929] {dag.py:2919} INFO - Setting next_dagrun for example_kubernetes_executor to None, run_after=None
[2023-03-30 11:57:12,953] {processor.py:161} INFO - Processing /home/airflow/.local/lib/python3.7/site-packages/airflow/example_dags/example_kubernetes_executor.py took 0.302 seconds
[2023-03-30 11:57:43,037] {processor.py:153} INFO - Started process (PID=2784) to work on /home/airflow/.local/lib/python3.7/site-packages/airflow/example_dags/example_kubernetes_executor.py
[2023-03-30 11:57:43,038] {processor.py:641} INFO - Processing file /home/airflow/.local/lib/python3.7/site-packages/airflow/example_dags/example_kubernetes_executor.py for tasks to queue
[2023-03-30 11:57:43,039] {logging_mixin.py:115} INFO - [2023-03-30 11:57:43,039] {dagbag.py:507} INFO - Filling up the DagBag from /home/airflow/.local/lib/python3.7/site-packages/airflow/example_dags/example_kubernetes_executor.py
[2023-03-30 11:57:43,054] {processor.py:651} INFO - DAG(s) dict_keys(['example_kubernetes_executor']) retrieved from /home/airflow/.local/lib/python3.7/site-packages/airflow/example_dags/example_kubernetes_executor.py
[2023-03-30 11:57:43,262] {logging_mixin.py:115} INFO - [2023-03-30 11:57:43,262] {dag.py:2371} INFO - Sync 1 DAGs
[2023-03-30 11:57:43,310] {logging_mixin.py:115} INFO - [2023-03-30 11:57:43,310] {dag.py:2919} INFO - Setting next_dagrun for example_kubernetes_executor to None, run_after=None
[2023-03-30 11:57:43,333] {processor.py:161} INFO - Processing /home/airflow/.local/lib/python3.7/site-packages/airflow/example_dags/example_kubernetes_executor.py took 0.299 seconds
[2023-03-30 11:58:13,514] {processor.py:153} INFO - Started process (PID=2847) to work on /home/airflow/.local/lib/python3.7/site-packages/airflow/example_dags/example_kubernetes_executor.py
[2023-03-30 11:58:13,516] {processor.py:641} INFO - Processing file /home/airflow/.local/lib/python3.7/site-packages/airflow/example_dags/example_kubernetes_executor.py for tasks to queue
[2023-03-30 11:58:13,517] {logging_mixin.py:115} INFO - [2023-03-30 11:58:13,517] {dagbag.py:507} INFO - Filling up the DagBag from /home/airflow/.local/lib/python3.7/site-packages/airflow/example_dags/example_kubernetes_executor.py
[2023-03-30 11:58:13,533] {processor.py:651} INFO - DAG(s) dict_keys(['example_kubernetes_executor']) retrieved from /home/airflow/.local/lib/python3.7/site-packages/airflow/example_dags/example_kubernetes_executor.py
[2023-03-30 11:58:13,735] {logging_mixin.py:115} INFO - [2023-03-30 11:58:13,734] {dag.py:2371} INFO - Sync 1 DAGs
[2023-03-30 11:58:13,783] {logging_mixin.py:115} INFO - [2023-03-30 11:58:13,783] {dag.py:2919} INFO - Setting next_dagrun for example_kubernetes_executor to None, run_after=None
[2023-03-30 11:58:13,809] {processor.py:161} INFO - Processing /home/airflow/.local/lib/python3.7/site-packages/airflow/example_dags/example_kubernetes_executor.py took 0.298 seconds
[2023-03-30 11:58:43,915] {processor.py:153} INFO - Started process (PID=2910) to work on /home/airflow/.local/lib/python3.7/site-packages/airflow/example_dags/example_kubernetes_executor.py
[2023-03-30 11:58:43,916] {processor.py:641} INFO - Processing file /home/airflow/.local/lib/python3.7/site-packages/airflow/example_dags/example_kubernetes_executor.py for tasks to queue
[2023-03-30 11:58:43,917] {logging_mixin.py:115} INFO - [2023-03-30 11:58:43,917] {dagbag.py:507} INFO - Filling up the DagBag from /home/airflow/.local/lib/python3.7/site-packages/airflow/example_dags/example_kubernetes_executor.py
[2023-03-30 11:58:43,934] {processor.py:651} INFO - DAG(s) dict_keys(['example_kubernetes_executor']) retrieved from /home/airflow/.local/lib/python3.7/site-packages/airflow/example_dags/example_kubernetes_executor.py
[2023-03-30 11:58:44,136] {logging_mixin.py:115} INFO - [2023-03-30 11:58:44,136] {dag.py:2371} INFO - Sync 1 DAGs
[2023-03-30 11:58:44,183] {logging_mixin.py:115} INFO - [2023-03-30 11:58:44,183] {dag.py:2919} INFO - Setting next_dagrun for example_kubernetes_executor to None, run_after=None
[2023-03-30 11:58:44,206] {processor.py:161} INFO - Processing /home/airflow/.local/lib/python3.7/site-packages/airflow/example_dags/example_kubernetes_executor.py took 0.294 seconds
[2023-03-30 11:59:14,540] {processor.py:153} INFO - Started process (PID=2974) to work on /home/airflow/.local/lib/python3.7/site-packages/airflow/example_dags/example_kubernetes_executor.py
[2023-03-30 11:59:14,541] {processor.py:641} INFO - Processing file /home/airflow/.local/lib/python3.7/site-packages/airflow/example_dags/example_kubernetes_executor.py for tasks to queue
[2023-03-30 11:59:14,542] {logging_mixin.py:115} INFO - [2023-03-30 11:59:14,542] {dagbag.py:507} INFO - Filling up the DagBag from /home/airflow/.local/lib/python3.7/site-packages/airflow/example_dags/example_kubernetes_executor.py
[2023-03-30 11:59:14,557] {processor.py:651} INFO - DAG(s) dict_keys(['example_kubernetes_executor']) retrieved from /home/airflow/.local/lib/python3.7/site-packages/airflow/example_dags/example_kubernetes_executor.py
[2023-03-30 11:59:14,750] {logging_mixin.py:115} INFO - [2023-03-30 11:59:14,750] {dag.py:2371} INFO - Sync 1 DAGs
[2023-03-30 11:59:14,796] {logging_mixin.py:115} INFO - [2023-03-30 11:59:14,796] {dag.py:2919} INFO - Setting next_dagrun for example_kubernetes_executor to None, run_after=None
[2023-03-30 11:59:14,818] {processor.py:161} INFO - Processing /home/airflow/.local/lib/python3.7/site-packages/airflow/example_dags/example_kubernetes_executor.py took 0.281 seconds
[2023-03-30 11:59:45,022] {processor.py:153} INFO - Started process (PID=3036) to work on /home/airflow/.local/lib/python3.7/site-packages/airflow/example_dags/example_kubernetes_executor.py
[2023-03-30 11:59:45,023] {processor.py:641} INFO - Processing file /home/airflow/.local/lib/python3.7/site-packages/airflow/example_dags/example_kubernetes_executor.py for tasks to queue
[2023-03-30 11:59:45,024] {logging_mixin.py:115} INFO - [2023-03-30 11:59:45,024] {dagbag.py:507} INFO - Filling up the DagBag from /home/airflow/.local/lib/python3.7/site-packages/airflow/example_dags/example_kubernetes_executor.py
[2023-03-30 11:59:45,040] {processor.py:651} INFO - DAG(s) dict_keys(['example_kubernetes_executor']) retrieved from /home/airflow/.local/lib/python3.7/site-packages/airflow/example_dags/example_kubernetes_executor.py
[2023-03-30 11:59:45,237] {logging_mixin.py:115} INFO - [2023-03-30 11:59:45,237] {dag.py:2371} INFO - Sync 1 DAGs
[2023-03-30 11:59:45,286] {logging_mixin.py:115} INFO - [2023-03-30 11:59:45,286] {dag.py:2919} INFO - Setting next_dagrun for example_kubernetes_executor to None, run_after=None
[2023-03-30 11:59:45,309] {processor.py:161} INFO - Processing /home/airflow/.local/lib/python3.7/site-packages/airflow/example_dags/example_kubernetes_executor.py took 0.289 seconds
[2023-03-30 12:00:15,552] {processor.py:153} INFO - Started process (PID=3090) to work on /home/airflow/.local/lib/python3.7/site-packages/airflow/example_dags/example_kubernetes_executor.py
[2023-03-30 12:00:15,553] {processor.py:641} INFO - Processing file /home/airflow/.local/lib/python3.7/site-packages/airflow/example_dags/example_kubernetes_executor.py for tasks to queue
[2023-03-30 12:00:15,554] {logging_mixin.py:115} INFO - [2023-03-30 12:00:15,554] {dagbag.py:507} INFO - Filling up the DagBag from /home/airflow/.local/lib/python3.7/site-packages/airflow/example_dags/example_kubernetes_executor.py
[2023-03-30 12:00:15,571] {processor.py:651} INFO - DAG(s) dict_keys(['example_kubernetes_executor']) retrieved from /home/airflow/.local/lib/python3.7/site-packages/airflow/example_dags/example_kubernetes_executor.py
[2023-03-30 12:00:15,766] {logging_mixin.py:115} INFO - [2023-03-30 12:00:15,766] {dag.py:2371} INFO - Sync 1 DAGs
[2023-03-30 12:00:15,812] {logging_mixin.py:115} INFO - [2023-03-30 12:00:15,812] {dag.py:2919} INFO - Setting next_dagrun for example_kubernetes_executor to None, run_after=None
[2023-03-30 12:00:15,833] {processor.py:161} INFO - Processing /home/airflow/.local/lib/python3.7/site-packages/airflow/example_dags/example_kubernetes_executor.py took 0.285 seconds
[2023-03-30 12:00:45,975] {processor.py:153} INFO - Started process (PID=3152) to work on /home/airflow/.local/lib/python3.7/site-packages/airflow/example_dags/example_kubernetes_executor.py
[2023-03-30 12:00:45,977] {processor.py:641} INFO - Processing file /home/airflow/.local/lib/python3.7/site-packages/airflow/example_dags/example_kubernetes_executor.py for tasks to queue
[2023-03-30 12:00:45,978] {logging_mixin.py:115} INFO - [2023-03-30 12:00:45,978] {dagbag.py:507} INFO - Filling up the DagBag from /home/airflow/.local/lib/python3.7/site-packages/airflow/example_dags/example_kubernetes_executor.py
[2023-03-30 12:00:45,996] {processor.py:651} INFO - DAG(s) dict_keys(['example_kubernetes_executor']) retrieved from /home/airflow/.local/lib/python3.7/site-packages/airflow/example_dags/example_kubernetes_executor.py
[2023-03-30 12:00:46,196] {logging_mixin.py:115} INFO - [2023-03-30 12:00:46,196] {dag.py:2371} INFO - Sync 1 DAGs
[2023-03-30 12:00:46,239] {logging_mixin.py:115} INFO - [2023-03-30 12:00:46,239] {dag.py:2919} INFO - Setting next_dagrun for example_kubernetes_executor to None, run_after=None
[2023-03-30 12:00:46,262] {processor.py:161} INFO - Processing /home/airflow/.local/lib/python3.7/site-packages/airflow/example_dags/example_kubernetes_executor.py took 0.289 seconds
[2023-03-30 12:01:16,376] {processor.py:153} INFO - Started process (PID=3215) to work on /home/airflow/.local/lib/python3.7/site-packages/airflow/example_dags/example_kubernetes_executor.py
[2023-03-30 12:01:16,378] {processor.py:641} INFO - Processing file /home/airflow/.local/lib/python3.7/site-packages/airflow/example_dags/example_kubernetes_executor.py for tasks to queue
[2023-03-30 12:01:16,379] {logging_mixin.py:115} INFO - [2023-03-30 12:01:16,379] {dagbag.py:507} INFO - Filling up the DagBag from /home/airflow/.local/lib/python3.7/site-packages/airflow/example_dags/example_kubernetes_executor.py
[2023-03-30 12:01:16,399] {processor.py:651} INFO - DAG(s) dict_keys(['example_kubernetes_executor']) retrieved from /home/airflow/.local/lib/python3.7/site-packages/airflow/example_dags/example_kubernetes_executor.py
[2023-03-30 12:01:16,615] {logging_mixin.py:115} INFO - [2023-03-30 12:01:16,615] {dag.py:2371} INFO - Sync 1 DAGs
[2023-03-30 12:01:16,659] {logging_mixin.py:115} INFO - [2023-03-30 12:01:16,659] {dag.py:2919} INFO - Setting next_dagrun for example_kubernetes_executor to None, run_after=None
[2023-03-30 12:01:16,683] {processor.py:161} INFO - Processing /home/airflow/.local/lib/python3.7/site-packages/airflow/example_dags/example_kubernetes_executor.py took 0.311 seconds
[2023-03-30 12:01:47,181] {processor.py:153} INFO - Started process (PID=3278) to work on /home/airflow/.local/lib/python3.7/site-packages/airflow/example_dags/example_kubernetes_executor.py
[2023-03-30 12:01:47,182] {processor.py:641} INFO - Processing file /home/airflow/.local/lib/python3.7/site-packages/airflow/example_dags/example_kubernetes_executor.py for tasks to queue
[2023-03-30 12:01:47,184] {logging_mixin.py:115} INFO - [2023-03-30 12:01:47,183] {dagbag.py:507} INFO - Filling up the DagBag from /home/airflow/.local/lib/python3.7/site-packages/airflow/example_dags/example_kubernetes_executor.py
[2023-03-30 12:01:47,200] {processor.py:651} INFO - DAG(s) dict_keys(['example_kubernetes_executor']) retrieved from /home/airflow/.local/lib/python3.7/site-packages/airflow/example_dags/example_kubernetes_executor.py
[2023-03-30 12:01:47,429] {logging_mixin.py:115} INFO - [2023-03-30 12:01:47,429] {dag.py:2371} INFO - Sync 1 DAGs
[2023-03-30 12:01:47,475] {logging_mixin.py:115} INFO - [2023-03-30 12:01:47,475] {dag.py:2919} INFO - Setting next_dagrun for example_kubernetes_executor to None, run_after=None
[2023-03-30 12:01:47,498] {processor.py:161} INFO - Processing /home/airflow/.local/lib/python3.7/site-packages/airflow/example_dags/example_kubernetes_executor.py took 0.320 seconds
[2023-03-30 12:02:17,670] {processor.py:153} INFO - Started process (PID=3341) to work on /home/airflow/.local/lib/python3.7/site-packages/airflow/example_dags/example_kubernetes_executor.py
[2023-03-30 12:02:17,672] {processor.py:641} INFO - Processing file /home/airflow/.local/lib/python3.7/site-packages/airflow/example_dags/example_kubernetes_executor.py for tasks to queue
[2023-03-30 12:02:17,672] {logging_mixin.py:115} INFO - [2023-03-30 12:02:17,672] {dagbag.py:507} INFO - Filling up the DagBag from /home/airflow/.local/lib/python3.7/site-packages/airflow/example_dags/example_kubernetes_executor.py
[2023-03-30 12:02:17,688] {processor.py:651} INFO - DAG(s) dict_keys(['example_kubernetes_executor']) retrieved from /home/airflow/.local/lib/python3.7/site-packages/airflow/example_dags/example_kubernetes_executor.py
[2023-03-30 12:02:17,884] {logging_mixin.py:115} INFO - [2023-03-30 12:02:17,884] {dag.py:2371} INFO - Sync 1 DAGs
[2023-03-30 12:02:17,928] {logging_mixin.py:115} INFO - [2023-03-30 12:02:17,928] {dag.py:2919} INFO - Setting next_dagrun for example_kubernetes_executor to None, run_after=None
[2023-03-30 12:02:17,952] {processor.py:161} INFO - Processing /home/airflow/.local/lib/python3.7/site-packages/airflow/example_dags/example_kubernetes_executor.py took 0.284 seconds
[2023-03-30 12:02:48,170] {processor.py:153} INFO - Started process (PID=3396) to work on /home/airflow/.local/lib/python3.7/site-packages/airflow/example_dags/example_kubernetes_executor.py
[2023-03-30 12:02:48,171] {processor.py:641} INFO - Processing file /home/airflow/.local/lib/python3.7/site-packages/airflow/example_dags/example_kubernetes_executor.py for tasks to queue
[2023-03-30 12:02:48,172] {logging_mixin.py:115} INFO - [2023-03-30 12:02:48,172] {dagbag.py:507} INFO - Filling up the DagBag from /home/airflow/.local/lib/python3.7/site-packages/airflow/example_dags/example_kubernetes_executor.py
[2023-03-30 12:02:48,188] {processor.py:651} INFO - DAG(s) dict_keys(['example_kubernetes_executor']) retrieved from /home/airflow/.local/lib/python3.7/site-packages/airflow/example_dags/example_kubernetes_executor.py
[2023-03-30 12:02:48,387] {logging_mixin.py:115} INFO - [2023-03-30 12:02:48,386] {dag.py:2371} INFO - Sync 1 DAGs
[2023-03-30 12:02:48,434] {logging_mixin.py:115} INFO - [2023-03-30 12:02:48,434] {dag.py:2919} INFO - Setting next_dagrun for example_kubernetes_executor to None, run_after=None
[2023-03-30 12:02:48,458] {processor.py:161} INFO - Processing /home/airflow/.local/lib/python3.7/site-packages/airflow/example_dags/example_kubernetes_executor.py took 0.292 seconds
[2023-03-30 12:03:18,804] {processor.py:153} INFO - Started process (PID=3459) to work on /home/airflow/.local/lib/python3.7/site-packages/airflow/example_dags/example_kubernetes_executor.py
[2023-03-30 12:03:18,805] {processor.py:641} INFO - Processing file /home/airflow/.local/lib/python3.7/site-packages/airflow/example_dags/example_kubernetes_executor.py for tasks to queue
[2023-03-30 12:03:18,806] {logging_mixin.py:115} INFO - [2023-03-30 12:03:18,806] {dagbag.py:507} INFO - Filling up the DagBag from /home/airflow/.local/lib/python3.7/site-packages/airflow/example_dags/example_kubernetes_executor.py
[2023-03-30 12:03:18,822] {processor.py:651} INFO - DAG(s) dict_keys(['example_kubernetes_executor']) retrieved from /home/airflow/.local/lib/python3.7/site-packages/airflow/example_dags/example_kubernetes_executor.py
[2023-03-30 12:03:19,019] {logging_mixin.py:115} INFO - [2023-03-30 12:03:19,019] {dag.py:2371} INFO - Sync 1 DAGs
[2023-03-30 12:03:19,062] {logging_mixin.py:115} INFO - [2023-03-30 12:03:19,062] {dag.py:2919} INFO - Setting next_dagrun for example_kubernetes_executor to None, run_after=None
[2023-03-30 12:03:19,083] {processor.py:161} INFO - Processing /home/airflow/.local/lib/python3.7/site-packages/airflow/example_dags/example_kubernetes_executor.py took 0.282 seconds
[2023-03-30 12:03:49,452] {processor.py:153} INFO - Started process (PID=3522) to work on /home/airflow/.local/lib/python3.7/site-packages/airflow/example_dags/example_kubernetes_executor.py
[2023-03-30 12:03:49,453] {processor.py:641} INFO - Processing file /home/airflow/.local/lib/python3.7/site-packages/airflow/example_dags/example_kubernetes_executor.py for tasks to queue
[2023-03-30 12:03:49,454] {logging_mixin.py:115} INFO - [2023-03-30 12:03:49,454] {dagbag.py:507} INFO - Filling up the DagBag from /home/airflow/.local/lib/python3.7/site-packages/airflow/example_dags/example_kubernetes_executor.py
[2023-03-30 12:03:49,471] {processor.py:651} INFO - DAG(s) dict_keys(['example_kubernetes_executor']) retrieved from /home/airflow/.local/lib/python3.7/site-packages/airflow/example_dags/example_kubernetes_executor.py
[2023-03-30 12:03:49,667] {logging_mixin.py:115} INFO - [2023-03-30 12:03:49,667] {dag.py:2371} INFO - Sync 1 DAGs
[2023-03-30 12:03:49,714] {logging_mixin.py:115} INFO - [2023-03-30 12:03:49,714] {dag.py:2919} INFO - Setting next_dagrun for example_kubernetes_executor to None, run_after=None
[2023-03-30 12:03:49,736] {processor.py:161} INFO - Processing /home/airflow/.local/lib/python3.7/site-packages/airflow/example_dags/example_kubernetes_executor.py took 0.287 seconds
[2023-03-30 12:04:19,853] {processor.py:153} INFO - Started process (PID=3585) to work on /home/airflow/.local/lib/python3.7/site-packages/airflow/example_dags/example_kubernetes_executor.py
[2023-03-30 12:04:19,854] {processor.py:641} INFO - Processing file /home/airflow/.local/lib/python3.7/site-packages/airflow/example_dags/example_kubernetes_executor.py for tasks to queue
[2023-03-30 12:04:19,855] {logging_mixin.py:115} INFO - [2023-03-30 12:04:19,855] {dagbag.py:507} INFO - Filling up the DagBag from /home/airflow/.local/lib/python3.7/site-packages/airflow/example_dags/example_kubernetes_executor.py
[2023-03-30 12:04:19,872] {processor.py:651} INFO - DAG(s) dict_keys(['example_kubernetes_executor']) retrieved from /home/airflow/.local/lib/python3.7/site-packages/airflow/example_dags/example_kubernetes_executor.py
[2023-03-30 12:04:20,073] {logging_mixin.py:115} INFO - [2023-03-30 12:04:20,073] {dag.py:2371} INFO - Sync 1 DAGs
[2023-03-30 12:04:20,120] {logging_mixin.py:115} INFO - [2023-03-30 12:04:20,120] {dag.py:2919} INFO - Setting next_dagrun for example_kubernetes_executor to None, run_after=None
[2023-03-30 12:04:20,145] {processor.py:161} INFO - Processing /home/airflow/.local/lib/python3.7/site-packages/airflow/example_dags/example_kubernetes_executor.py took 0.295 seconds
[2023-03-30 12:04:50,406] {processor.py:153} INFO - Started process (PID=3648) to work on /home/airflow/.local/lib/python3.7/site-packages/airflow/example_dags/example_kubernetes_executor.py
[2023-03-30 12:04:50,407] {processor.py:641} INFO - Processing file /home/airflow/.local/lib/python3.7/site-packages/airflow/example_dags/example_kubernetes_executor.py for tasks to queue
[2023-03-30 12:04:50,408] {logging_mixin.py:115} INFO - [2023-03-30 12:04:50,408] {dagbag.py:507} INFO - Filling up the DagBag from /home/airflow/.local/lib/python3.7/site-packages/airflow/example_dags/example_kubernetes_executor.py
[2023-03-30 12:04:50,524] {processor.py:651} INFO - DAG(s) dict_keys(['example_kubernetes_executor']) retrieved from /home/airflow/.local/lib/python3.7/site-packages/airflow/example_dags/example_kubernetes_executor.py
[2023-03-30 12:04:50,619] {logging_mixin.py:115} INFO - [2023-03-30 12:04:50,619] {dag.py:2371} INFO - Sync 1 DAGs
[2023-03-30 12:04:50,664] {logging_mixin.py:115} INFO - [2023-03-30 12:04:50,664] {dag.py:2919} INFO - Setting next_dagrun for example_kubernetes_executor to None, run_after=None
[2023-03-30 12:04:50,688] {processor.py:161} INFO - Processing /home/airflow/.local/lib/python3.7/site-packages/airflow/example_dags/example_kubernetes_executor.py took 0.285 seconds
[2023-03-30 12:05:21,002] {processor.py:153} INFO - Started process (PID=3702) to work on /home/airflow/.local/lib/python3.7/site-packages/airflow/example_dags/example_kubernetes_executor.py
[2023-03-30 12:05:21,004] {processor.py:641} INFO - Processing file /home/airflow/.local/lib/python3.7/site-packages/airflow/example_dags/example_kubernetes_executor.py for tasks to queue
[2023-03-30 12:05:21,005] {logging_mixin.py:115} INFO - [2023-03-30 12:05:21,005] {dagbag.py:507} INFO - Filling up the DagBag from /home/airflow/.local/lib/python3.7/site-packages/airflow/example_dags/example_kubernetes_executor.py
[2023-03-30 12:05:21,124] {processor.py:651} INFO - DAG(s) dict_keys(['example_kubernetes_executor']) retrieved from /home/airflow/.local/lib/python3.7/site-packages/airflow/example_dags/example_kubernetes_executor.py
[2023-03-30 12:05:21,224] {logging_mixin.py:115} INFO - [2023-03-30 12:05:21,224] {dag.py:2371} INFO - Sync 1 DAGs
[2023-03-30 12:05:21,266] {logging_mixin.py:115} INFO - [2023-03-30 12:05:21,266] {dag.py:2919} INFO - Setting next_dagrun for example_kubernetes_executor to None, run_after=None
[2023-03-30 12:05:21,290] {processor.py:161} INFO - Processing /home/airflow/.local/lib/python3.7/site-packages/airflow/example_dags/example_kubernetes_executor.py took 0.290 seconds
[2023-03-30 12:05:51,660] {processor.py:153} INFO - Started process (PID=3765) to work on /home/airflow/.local/lib/python3.7/site-packages/airflow/example_dags/example_kubernetes_executor.py
[2023-03-30 12:05:51,662] {processor.py:641} INFO - Processing file /home/airflow/.local/lib/python3.7/site-packages/airflow/example_dags/example_kubernetes_executor.py for tasks to queue
[2023-03-30 12:05:51,663] {logging_mixin.py:115} INFO - [2023-03-30 12:05:51,663] {dagbag.py:507} INFO - Filling up the DagBag from /home/airflow/.local/lib/python3.7/site-packages/airflow/example_dags/example_kubernetes_executor.py
[2023-03-30 12:05:51,786] {processor.py:651} INFO - DAG(s) dict_keys(['example_kubernetes_executor']) retrieved from /home/airflow/.local/lib/python3.7/site-packages/airflow/example_dags/example_kubernetes_executor.py
[2023-03-30 12:05:51,888] {logging_mixin.py:115} INFO - [2023-03-30 12:05:51,887] {dag.py:2371} INFO - Sync 1 DAGs
[2023-03-30 12:05:51,933] {logging_mixin.py:115} INFO - [2023-03-30 12:05:51,933] {dag.py:2919} INFO - Setting next_dagrun for example_kubernetes_executor to None, run_after=None
[2023-03-30 12:05:51,957] {processor.py:161} INFO - Processing /home/airflow/.local/lib/python3.7/site-packages/airflow/example_dags/example_kubernetes_executor.py took 0.301 seconds
[2023-03-30 12:06:22,080] {processor.py:153} INFO - Started process (PID=3828) to work on /home/airflow/.local/lib/python3.7/site-packages/airflow/example_dags/example_kubernetes_executor.py
[2023-03-30 12:06:22,082] {processor.py:641} INFO - Processing file /home/airflow/.local/lib/python3.7/site-packages/airflow/example_dags/example_kubernetes_executor.py for tasks to queue
[2023-03-30 12:06:22,083] {logging_mixin.py:115} INFO - [2023-03-30 12:06:22,083] {dagbag.py:507} INFO - Filling up the DagBag from /home/airflow/.local/lib/python3.7/site-packages/airflow/example_dags/example_kubernetes_executor.py
[2023-03-30 12:06:22,199] {processor.py:651} INFO - DAG(s) dict_keys(['example_kubernetes_executor']) retrieved from /home/airflow/.local/lib/python3.7/site-packages/airflow/example_dags/example_kubernetes_executor.py
[2023-03-30 12:06:22,295] {logging_mixin.py:115} INFO - [2023-03-30 12:06:22,295] {dag.py:2371} INFO - Sync 1 DAGs
[2023-03-30 12:06:22,339] {logging_mixin.py:115} INFO - [2023-03-30 12:06:22,338] {dag.py:2919} INFO - Setting next_dagrun for example_kubernetes_executor to None, run_after=None
[2023-03-30 12:06:22,362] {processor.py:161} INFO - Processing /home/airflow/.local/lib/python3.7/site-packages/airflow/example_dags/example_kubernetes_executor.py took 0.284 seconds
[2023-03-30 12:06:52,845] {processor.py:153} INFO - Started process (PID=3891) to work on /home/airflow/.local/lib/python3.7/site-packages/airflow/example_dags/example_kubernetes_executor.py
[2023-03-30 12:06:52,846] {processor.py:641} INFO - Processing file /home/airflow/.local/lib/python3.7/site-packages/airflow/example_dags/example_kubernetes_executor.py for tasks to queue
[2023-03-30 12:06:52,847] {logging_mixin.py:115} INFO - [2023-03-30 12:06:52,847] {dagbag.py:507} INFO - Filling up the DagBag from /home/airflow/.local/lib/python3.7/site-packages/airflow/example_dags/example_kubernetes_executor.py
[2023-03-30 12:06:52,971] {processor.py:651} INFO - DAG(s) dict_keys(['example_kubernetes_executor']) retrieved from /home/airflow/.local/lib/python3.7/site-packages/airflow/example_dags/example_kubernetes_executor.py
[2023-03-30 12:06:53,071] {logging_mixin.py:115} INFO - [2023-03-30 12:06:53,071] {dag.py:2371} INFO - Sync 1 DAGs
[2023-03-30 12:06:53,116] {logging_mixin.py:115} INFO - [2023-03-30 12:06:53,116] {dag.py:2919} INFO - Setting next_dagrun for example_kubernetes_executor to None, run_after=None
[2023-03-30 12:06:53,139] {processor.py:161} INFO - Processing /home/airflow/.local/lib/python3.7/site-packages/airflow/example_dags/example_kubernetes_executor.py took 0.297 seconds
[2023-03-30 12:07:23,290] {processor.py:153} INFO - Started process (PID=3954) to work on /home/airflow/.local/lib/python3.7/site-packages/airflow/example_dags/example_kubernetes_executor.py
[2023-03-30 12:07:23,291] {processor.py:641} INFO - Processing file /home/airflow/.local/lib/python3.7/site-packages/airflow/example_dags/example_kubernetes_executor.py for tasks to queue
[2023-03-30 12:07:23,292] {logging_mixin.py:115} INFO - [2023-03-30 12:07:23,292] {dagbag.py:507} INFO - Filling up the DagBag from /home/airflow/.local/lib/python3.7/site-packages/airflow/example_dags/example_kubernetes_executor.py
[2023-03-30 12:07:23,418] {processor.py:651} INFO - DAG(s) dict_keys(['example_kubernetes_executor']) retrieved from /home/airflow/.local/lib/python3.7/site-packages/airflow/example_dags/example_kubernetes_executor.py
[2023-03-30 12:07:23,523] {logging_mixin.py:115} INFO - [2023-03-30 12:07:23,523] {dag.py:2371} INFO - Sync 1 DAGs
[2023-03-30 12:07:23,566] {logging_mixin.py:115} INFO - [2023-03-30 12:07:23,566] {dag.py:2919} INFO - Setting next_dagrun for example_kubernetes_executor to None, run_after=None
[2023-03-30 12:07:23,588] {processor.py:161} INFO - Processing /home/airflow/.local/lib/python3.7/site-packages/airflow/example_dags/example_kubernetes_executor.py took 0.301 seconds
