[2023-03-30 11:34:43,813] {processor.py:153} INFO - Started process (PID=40) to work on /home/airflow/.local/lib/python3.7/site-packages/airflow/example_dags/example_branch_labels.py
[2023-03-30 11:34:43,819] {processor.py:641} INFO - Processing file /home/airflow/.local/lib/python3.7/site-packages/airflow/example_dags/example_branch_labels.py for tasks to queue
[2023-03-30 11:34:43,821] {logging_mixin.py:115} INFO - [2023-03-30 11:34:43,820] {dagbag.py:507} INFO - Filling up the DagBag from /home/airflow/.local/lib/python3.7/site-packages/airflow/example_dags/example_branch_labels.py
[2023-03-30 11:34:43,829] {processor.py:651} INFO - DAG(s) dict_keys(['example_branch_labels']) retrieved from /home/airflow/.local/lib/python3.7/site-packages/airflow/example_dags/example_branch_labels.py
[2023-03-30 11:34:44,697] {logging_mixin.py:115} INFO - [2023-03-30 11:34:44,697] {manager.py:508} INFO - Created Permission View: can read on DAG:example_branch_labels
[2023-03-30 11:34:44,719] {logging_mixin.py:115} INFO - [2023-03-30 11:34:44,719] {manager.py:508} INFO - Created Permission View: can delete on DAG:example_branch_labels
[2023-03-30 11:34:44,770] {logging_mixin.py:115} INFO - [2023-03-30 11:34:44,770] {manager.py:508} INFO - Created Permission View: can edit on DAG:example_branch_labels
[2023-03-30 11:34:44,771] {logging_mixin.py:115} INFO - [2023-03-30 11:34:44,771] {dag.py:2371} INFO - Sync 1 DAGs
[2023-03-30 11:34:44,785] {logging_mixin.py:115} INFO - [2023-03-30 11:34:44,785] {dag.py:2390} INFO - Creating ORM DAG for example_branch_labels
[2023-03-30 11:34:44,852] {logging_mixin.py:115} INFO - [2023-03-30 11:34:44,852] {dag.py:2919} INFO - Setting next_dagrun for example_branch_labels to 2023-03-29T00:00:00+00:00, run_after=2023-03-30T00:00:00+00:00
[2023-03-30 11:34:44,898] {processor.py:161} INFO - Processing /home/airflow/.local/lib/python3.7/site-packages/airflow/example_dags/example_branch_labels.py took 1.088 seconds
[2023-03-30 11:35:15,146] {processor.py:153} INFO - Started process (PID=103) to work on /home/airflow/.local/lib/python3.7/site-packages/airflow/example_dags/example_branch_labels.py
[2023-03-30 11:35:15,148] {processor.py:641} INFO - Processing file /home/airflow/.local/lib/python3.7/site-packages/airflow/example_dags/example_branch_labels.py for tasks to queue
[2023-03-30 11:35:15,149] {logging_mixin.py:115} INFO - [2023-03-30 11:35:15,148] {dagbag.py:507} INFO - Filling up the DagBag from /home/airflow/.local/lib/python3.7/site-packages/airflow/example_dags/example_branch_labels.py
[2023-03-30 11:35:15,154] {processor.py:651} INFO - DAG(s) dict_keys(['example_branch_labels']) retrieved from /home/airflow/.local/lib/python3.7/site-packages/airflow/example_dags/example_branch_labels.py
[2023-03-30 11:35:15,260] {logging_mixin.py:115} INFO - [2023-03-30 11:35:15,260] {dag.py:2371} INFO - Sync 1 DAGs
[2023-03-30 11:35:15,308] {logging_mixin.py:115} INFO - [2023-03-30 11:35:15,308] {dag.py:2919} INFO - Setting next_dagrun for example_branch_labels to 2023-03-29T00:00:00+00:00, run_after=2023-03-30T00:00:00+00:00
[2023-03-30 11:35:15,330] {processor.py:161} INFO - Processing /home/airflow/.local/lib/python3.7/site-packages/airflow/example_dags/example_branch_labels.py took 0.186 seconds
[2023-03-30 11:35:45,628] {processor.py:153} INFO - Started process (PID=166) to work on /home/airflow/.local/lib/python3.7/site-packages/airflow/example_dags/example_branch_labels.py
[2023-03-30 11:35:45,630] {processor.py:641} INFO - Processing file /home/airflow/.local/lib/python3.7/site-packages/airflow/example_dags/example_branch_labels.py for tasks to queue
[2023-03-30 11:35:45,631] {logging_mixin.py:115} INFO - [2023-03-30 11:35:45,630] {dagbag.py:507} INFO - Filling up the DagBag from /home/airflow/.local/lib/python3.7/site-packages/airflow/example_dags/example_branch_labels.py
[2023-03-30 11:35:45,636] {processor.py:651} INFO - DAG(s) dict_keys(['example_branch_labels']) retrieved from /home/airflow/.local/lib/python3.7/site-packages/airflow/example_dags/example_branch_labels.py
[2023-03-30 11:35:45,737] {logging_mixin.py:115} INFO - [2023-03-30 11:35:45,737] {dag.py:2371} INFO - Sync 1 DAGs
[2023-03-30 11:35:45,785] {logging_mixin.py:115} INFO - [2023-03-30 11:35:45,785] {dag.py:2919} INFO - Setting next_dagrun for example_branch_labels to 2023-03-29T00:00:00+00:00, run_after=2023-03-30T00:00:00+00:00
[2023-03-30 11:35:45,806] {processor.py:161} INFO - Processing /home/airflow/.local/lib/python3.7/site-packages/airflow/example_dags/example_branch_labels.py took 0.181 seconds
[2023-03-30 11:36:16,427] {processor.py:153} INFO - Started process (PID=229) to work on /home/airflow/.local/lib/python3.7/site-packages/airflow/example_dags/example_branch_labels.py
[2023-03-30 11:36:16,429] {processor.py:641} INFO - Processing file /home/airflow/.local/lib/python3.7/site-packages/airflow/example_dags/example_branch_labels.py for tasks to queue
[2023-03-30 11:36:16,430] {logging_mixin.py:115} INFO - [2023-03-30 11:36:16,429] {dagbag.py:507} INFO - Filling up the DagBag from /home/airflow/.local/lib/python3.7/site-packages/airflow/example_dags/example_branch_labels.py
[2023-03-30 11:36:16,435] {processor.py:651} INFO - DAG(s) dict_keys(['example_branch_labels']) retrieved from /home/airflow/.local/lib/python3.7/site-packages/airflow/example_dags/example_branch_labels.py
[2023-03-30 11:36:16,536] {logging_mixin.py:115} INFO - [2023-03-30 11:36:16,535] {dag.py:2371} INFO - Sync 1 DAGs
[2023-03-30 11:36:16,582] {logging_mixin.py:115} INFO - [2023-03-30 11:36:16,582] {dag.py:2919} INFO - Setting next_dagrun for example_branch_labels to 2023-03-29T00:00:00+00:00, run_after=2023-03-30T00:00:00+00:00
[2023-03-30 11:36:16,602] {processor.py:161} INFO - Processing /home/airflow/.local/lib/python3.7/site-packages/airflow/example_dags/example_branch_labels.py took 0.178 seconds
[2023-03-30 11:36:47,178] {processor.py:153} INFO - Started process (PID=292) to work on /home/airflow/.local/lib/python3.7/site-packages/airflow/example_dags/example_branch_labels.py
[2023-03-30 11:36:47,183] {processor.py:641} INFO - Processing file /home/airflow/.local/lib/python3.7/site-packages/airflow/example_dags/example_branch_labels.py for tasks to queue
[2023-03-30 11:36:47,184] {logging_mixin.py:115} INFO - [2023-03-30 11:36:47,184] {dagbag.py:507} INFO - Filling up the DagBag from /home/airflow/.local/lib/python3.7/site-packages/airflow/example_dags/example_branch_labels.py
[2023-03-30 11:36:47,195] {processor.py:651} INFO - DAG(s) dict_keys(['example_branch_labels']) retrieved from /home/airflow/.local/lib/python3.7/site-packages/airflow/example_dags/example_branch_labels.py
[2023-03-30 11:36:47,308] {logging_mixin.py:115} INFO - [2023-03-30 11:36:47,308] {dag.py:2371} INFO - Sync 1 DAGs
[2023-03-30 11:36:47,361] {logging_mixin.py:115} INFO - [2023-03-30 11:36:47,361] {dag.py:2919} INFO - Setting next_dagrun for example_branch_labels to 2023-03-29T00:00:00+00:00, run_after=2023-03-30T00:00:00+00:00
[2023-03-30 11:36:47,384] {processor.py:161} INFO - Processing /home/airflow/.local/lib/python3.7/site-packages/airflow/example_dags/example_branch_labels.py took 0.210 seconds
[2023-03-30 11:37:18,096] {processor.py:153} INFO - Started process (PID=346) to work on /home/airflow/.local/lib/python3.7/site-packages/airflow/example_dags/example_branch_labels.py
[2023-03-30 11:37:18,097] {processor.py:641} INFO - Processing file /home/airflow/.local/lib/python3.7/site-packages/airflow/example_dags/example_branch_labels.py for tasks to queue
[2023-03-30 11:37:18,099] {logging_mixin.py:115} INFO - [2023-03-30 11:37:18,099] {dagbag.py:507} INFO - Filling up the DagBag from /home/airflow/.local/lib/python3.7/site-packages/airflow/example_dags/example_branch_labels.py
[2023-03-30 11:37:18,105] {processor.py:651} INFO - DAG(s) dict_keys(['example_branch_labels']) retrieved from /home/airflow/.local/lib/python3.7/site-packages/airflow/example_dags/example_branch_labels.py
[2023-03-30 11:37:18,213] {logging_mixin.py:115} INFO - [2023-03-30 11:37:18,213] {dag.py:2371} INFO - Sync 1 DAGs
[2023-03-30 11:37:18,263] {logging_mixin.py:115} INFO - [2023-03-30 11:37:18,263] {dag.py:2919} INFO - Setting next_dagrun for example_branch_labels to 2023-03-29T00:00:00+00:00, run_after=2023-03-30T00:00:00+00:00
[2023-03-30 11:37:18,287] {processor.py:161} INFO - Processing /home/airflow/.local/lib/python3.7/site-packages/airflow/example_dags/example_branch_labels.py took 0.195 seconds
[2023-03-30 11:37:48,844] {processor.py:153} INFO - Started process (PID=409) to work on /home/airflow/.local/lib/python3.7/site-packages/airflow/example_dags/example_branch_labels.py
[2023-03-30 11:37:48,846] {processor.py:641} INFO - Processing file /home/airflow/.local/lib/python3.7/site-packages/airflow/example_dags/example_branch_labels.py for tasks to queue
[2023-03-30 11:37:48,846] {logging_mixin.py:115} INFO - [2023-03-30 11:37:48,846] {dagbag.py:507} INFO - Filling up the DagBag from /home/airflow/.local/lib/python3.7/site-packages/airflow/example_dags/example_branch_labels.py
[2023-03-30 11:37:48,851] {processor.py:651} INFO - DAG(s) dict_keys(['example_branch_labels']) retrieved from /home/airflow/.local/lib/python3.7/site-packages/airflow/example_dags/example_branch_labels.py
[2023-03-30 11:37:48,953] {logging_mixin.py:115} INFO - [2023-03-30 11:37:48,953] {dag.py:2371} INFO - Sync 1 DAGs
[2023-03-30 11:37:49,001] {logging_mixin.py:115} INFO - [2023-03-30 11:37:49,001] {dag.py:2919} INFO - Setting next_dagrun for example_branch_labels to 2023-03-29T00:00:00+00:00, run_after=2023-03-30T00:00:00+00:00
[2023-03-30 11:37:49,022] {processor.py:161} INFO - Processing /home/airflow/.local/lib/python3.7/site-packages/airflow/example_dags/example_branch_labels.py took 0.180 seconds
[2023-03-30 11:38:19,475] {processor.py:153} INFO - Started process (PID=472) to work on /home/airflow/.local/lib/python3.7/site-packages/airflow/example_dags/example_branch_labels.py
[2023-03-30 11:38:19,476] {processor.py:641} INFO - Processing file /home/airflow/.local/lib/python3.7/site-packages/airflow/example_dags/example_branch_labels.py for tasks to queue
[2023-03-30 11:38:19,477] {logging_mixin.py:115} INFO - [2023-03-30 11:38:19,477] {dagbag.py:507} INFO - Filling up the DagBag from /home/airflow/.local/lib/python3.7/site-packages/airflow/example_dags/example_branch_labels.py
[2023-03-30 11:38:19,482] {processor.py:651} INFO - DAG(s) dict_keys(['example_branch_labels']) retrieved from /home/airflow/.local/lib/python3.7/site-packages/airflow/example_dags/example_branch_labels.py
[2023-03-30 11:38:19,584] {logging_mixin.py:115} INFO - [2023-03-30 11:38:19,584] {dag.py:2371} INFO - Sync 1 DAGs
[2023-03-30 11:38:19,631] {logging_mixin.py:115} INFO - [2023-03-30 11:38:19,631] {dag.py:2919} INFO - Setting next_dagrun for example_branch_labels to 2023-03-29T00:00:00+00:00, run_after=2023-03-30T00:00:00+00:00
[2023-03-30 11:38:19,654] {processor.py:161} INFO - Processing /home/airflow/.local/lib/python3.7/site-packages/airflow/example_dags/example_branch_labels.py took 0.181 seconds
[2023-03-30 11:38:50,185] {processor.py:153} INFO - Started process (PID=535) to work on /home/airflow/.local/lib/python3.7/site-packages/airflow/example_dags/example_branch_labels.py
[2023-03-30 11:38:50,187] {processor.py:641} INFO - Processing file /home/airflow/.local/lib/python3.7/site-packages/airflow/example_dags/example_branch_labels.py for tasks to queue
[2023-03-30 11:38:50,188] {logging_mixin.py:115} INFO - [2023-03-30 11:38:50,188] {dagbag.py:507} INFO - Filling up the DagBag from /home/airflow/.local/lib/python3.7/site-packages/airflow/example_dags/example_branch_labels.py
[2023-03-30 11:38:50,193] {processor.py:651} INFO - DAG(s) dict_keys(['example_branch_labels']) retrieved from /home/airflow/.local/lib/python3.7/site-packages/airflow/example_dags/example_branch_labels.py
[2023-03-30 11:38:50,293] {logging_mixin.py:115} INFO - [2023-03-30 11:38:50,293] {dag.py:2371} INFO - Sync 1 DAGs
[2023-03-30 11:38:50,341] {logging_mixin.py:115} INFO - [2023-03-30 11:38:50,340] {dag.py:2919} INFO - Setting next_dagrun for example_branch_labels to 2023-03-29T00:00:00+00:00, run_after=2023-03-30T00:00:00+00:00
[2023-03-30 11:38:50,362] {processor.py:161} INFO - Processing /home/airflow/.local/lib/python3.7/site-packages/airflow/example_dags/example_branch_labels.py took 0.180 seconds
[2023-03-30 11:39:20,803] {processor.py:153} INFO - Started process (PID=598) to work on /home/airflow/.local/lib/python3.7/site-packages/airflow/example_dags/example_branch_labels.py
[2023-03-30 11:39:20,805] {processor.py:641} INFO - Processing file /home/airflow/.local/lib/python3.7/site-packages/airflow/example_dags/example_branch_labels.py for tasks to queue
[2023-03-30 11:39:20,806] {logging_mixin.py:115} INFO - [2023-03-30 11:39:20,806] {dagbag.py:507} INFO - Filling up the DagBag from /home/airflow/.local/lib/python3.7/site-packages/airflow/example_dags/example_branch_labels.py
[2023-03-30 11:39:20,810] {processor.py:651} INFO - DAG(s) dict_keys(['example_branch_labels']) retrieved from /home/airflow/.local/lib/python3.7/site-packages/airflow/example_dags/example_branch_labels.py
[2023-03-30 11:39:20,914] {logging_mixin.py:115} INFO - [2023-03-30 11:39:20,914] {dag.py:2371} INFO - Sync 1 DAGs
[2023-03-30 11:39:20,962] {logging_mixin.py:115} INFO - [2023-03-30 11:39:20,962] {dag.py:2919} INFO - Setting next_dagrun for example_branch_labels to 2023-03-29T00:00:00+00:00, run_after=2023-03-30T00:00:00+00:00
[2023-03-30 11:39:20,983] {processor.py:161} INFO - Processing /home/airflow/.local/lib/python3.7/site-packages/airflow/example_dags/example_branch_labels.py took 0.182 seconds
[2023-03-30 11:39:51,755] {processor.py:153} INFO - Started process (PID=652) to work on /home/airflow/.local/lib/python3.7/site-packages/airflow/example_dags/example_branch_labels.py
[2023-03-30 11:39:51,757] {processor.py:641} INFO - Processing file /home/airflow/.local/lib/python3.7/site-packages/airflow/example_dags/example_branch_labels.py for tasks to queue
[2023-03-30 11:39:51,757] {logging_mixin.py:115} INFO - [2023-03-30 11:39:51,757] {dagbag.py:507} INFO - Filling up the DagBag from /home/airflow/.local/lib/python3.7/site-packages/airflow/example_dags/example_branch_labels.py
[2023-03-30 11:39:51,762] {processor.py:651} INFO - DAG(s) dict_keys(['example_branch_labels']) retrieved from /home/airflow/.local/lib/python3.7/site-packages/airflow/example_dags/example_branch_labels.py
[2023-03-30 11:39:51,860] {logging_mixin.py:115} INFO - [2023-03-30 11:39:51,860] {dag.py:2371} INFO - Sync 1 DAGs
[2023-03-30 11:39:51,906] {logging_mixin.py:115} INFO - [2023-03-30 11:39:51,906] {dag.py:2919} INFO - Setting next_dagrun for example_branch_labels to 2023-03-29T00:00:00+00:00, run_after=2023-03-30T00:00:00+00:00
[2023-03-30 11:39:51,929] {processor.py:161} INFO - Processing /home/airflow/.local/lib/python3.7/site-packages/airflow/example_dags/example_branch_labels.py took 0.177 seconds
[2023-03-30 11:40:22,209] {processor.py:153} INFO - Started process (PID=715) to work on /home/airflow/.local/lib/python3.7/site-packages/airflow/example_dags/example_branch_labels.py
[2023-03-30 11:40:22,210] {processor.py:641} INFO - Processing file /home/airflow/.local/lib/python3.7/site-packages/airflow/example_dags/example_branch_labels.py for tasks to queue
[2023-03-30 11:40:22,211] {logging_mixin.py:115} INFO - [2023-03-30 11:40:22,211] {dagbag.py:507} INFO - Filling up the DagBag from /home/airflow/.local/lib/python3.7/site-packages/airflow/example_dags/example_branch_labels.py
[2023-03-30 11:40:22,216] {processor.py:651} INFO - DAG(s) dict_keys(['example_branch_labels']) retrieved from /home/airflow/.local/lib/python3.7/site-packages/airflow/example_dags/example_branch_labels.py
[2023-03-30 11:40:22,316] {logging_mixin.py:115} INFO - [2023-03-30 11:40:22,316] {dag.py:2371} INFO - Sync 1 DAGs
[2023-03-30 11:40:22,372] {logging_mixin.py:115} INFO - [2023-03-30 11:40:22,372] {dag.py:2919} INFO - Setting next_dagrun for example_branch_labels to 2023-03-29T00:00:00+00:00, run_after=2023-03-30T00:00:00+00:00
[2023-03-30 11:40:22,393] {processor.py:161} INFO - Processing /home/airflow/.local/lib/python3.7/site-packages/airflow/example_dags/example_branch_labels.py took 0.187 seconds
[2023-03-30 11:40:53,343] {processor.py:153} INFO - Started process (PID=778) to work on /home/airflow/.local/lib/python3.7/site-packages/airflow/example_dags/example_branch_labels.py
[2023-03-30 11:40:53,345] {processor.py:641} INFO - Processing file /home/airflow/.local/lib/python3.7/site-packages/airflow/example_dags/example_branch_labels.py for tasks to queue
[2023-03-30 11:40:53,345] {logging_mixin.py:115} INFO - [2023-03-30 11:40:53,345] {dagbag.py:507} INFO - Filling up the DagBag from /home/airflow/.local/lib/python3.7/site-packages/airflow/example_dags/example_branch_labels.py
[2023-03-30 11:40:53,350] {processor.py:651} INFO - DAG(s) dict_keys(['example_branch_labels']) retrieved from /home/airflow/.local/lib/python3.7/site-packages/airflow/example_dags/example_branch_labels.py
[2023-03-30 11:40:53,450] {logging_mixin.py:115} INFO - [2023-03-30 11:40:53,449] {dag.py:2371} INFO - Sync 1 DAGs
[2023-03-30 11:40:53,498] {logging_mixin.py:115} INFO - [2023-03-30 11:40:53,498] {dag.py:2919} INFO - Setting next_dagrun for example_branch_labels to 2023-03-29T00:00:00+00:00, run_after=2023-03-30T00:00:00+00:00
[2023-03-30 11:40:53,591] {processor.py:161} INFO - Processing /home/airflow/.local/lib/python3.7/site-packages/airflow/example_dags/example_branch_labels.py took 0.249 seconds
[2023-03-30 11:41:23,962] {processor.py:153} INFO - Started process (PID=841) to work on /home/airflow/.local/lib/python3.7/site-packages/airflow/example_dags/example_branch_labels.py
[2023-03-30 11:41:23,963] {processor.py:641} INFO - Processing file /home/airflow/.local/lib/python3.7/site-packages/airflow/example_dags/example_branch_labels.py for tasks to queue
[2023-03-30 11:41:23,964] {logging_mixin.py:115} INFO - [2023-03-30 11:41:23,964] {dagbag.py:507} INFO - Filling up the DagBag from /home/airflow/.local/lib/python3.7/site-packages/airflow/example_dags/example_branch_labels.py
[2023-03-30 11:41:23,968] {processor.py:651} INFO - DAG(s) dict_keys(['example_branch_labels']) retrieved from /home/airflow/.local/lib/python3.7/site-packages/airflow/example_dags/example_branch_labels.py
[2023-03-30 11:41:24,068] {logging_mixin.py:115} INFO - [2023-03-30 11:41:24,068] {dag.py:2371} INFO - Sync 1 DAGs
[2023-03-30 11:41:24,119] {logging_mixin.py:115} INFO - [2023-03-30 11:41:24,119] {dag.py:2919} INFO - Setting next_dagrun for example_branch_labels to 2023-03-29T00:00:00+00:00, run_after=2023-03-30T00:00:00+00:00
[2023-03-30 11:41:24,139] {processor.py:161} INFO - Processing /home/airflow/.local/lib/python3.7/site-packages/airflow/example_dags/example_branch_labels.py took 0.180 seconds
[2023-03-30 11:41:54,332] {processor.py:153} INFO - Started process (PID=903) to work on /home/airflow/.local/lib/python3.7/site-packages/airflow/example_dags/example_branch_labels.py
[2023-03-30 11:41:54,332] {processor.py:641} INFO - Processing file /home/airflow/.local/lib/python3.7/site-packages/airflow/example_dags/example_branch_labels.py for tasks to queue
[2023-03-30 11:41:54,333] {logging_mixin.py:115} INFO - [2023-03-30 11:41:54,333] {dagbag.py:507} INFO - Filling up the DagBag from /home/airflow/.local/lib/python3.7/site-packages/airflow/example_dags/example_branch_labels.py
[2023-03-30 11:41:54,338] {processor.py:651} INFO - DAG(s) dict_keys(['example_branch_labels']) retrieved from /home/airflow/.local/lib/python3.7/site-packages/airflow/example_dags/example_branch_labels.py
[2023-03-30 11:41:54,444] {logging_mixin.py:115} INFO - [2023-03-30 11:41:54,444] {dag.py:2371} INFO - Sync 1 DAGs
[2023-03-30 11:41:54,497] {logging_mixin.py:115} INFO - [2023-03-30 11:41:54,497] {dag.py:2919} INFO - Setting next_dagrun for example_branch_labels to 2023-03-29T00:00:00+00:00, run_after=2023-03-30T00:00:00+00:00
[2023-03-30 11:41:54,521] {processor.py:161} INFO - Processing /home/airflow/.local/lib/python3.7/site-packages/airflow/example_dags/example_branch_labels.py took 0.192 seconds
[2023-03-30 11:42:25,286] {processor.py:153} INFO - Started process (PID=957) to work on /home/airflow/.local/lib/python3.7/site-packages/airflow/example_dags/example_branch_labels.py
[2023-03-30 11:42:25,287] {processor.py:641} INFO - Processing file /home/airflow/.local/lib/python3.7/site-packages/airflow/example_dags/example_branch_labels.py for tasks to queue
[2023-03-30 11:42:25,288] {logging_mixin.py:115} INFO - [2023-03-30 11:42:25,288] {dagbag.py:507} INFO - Filling up the DagBag from /home/airflow/.local/lib/python3.7/site-packages/airflow/example_dags/example_branch_labels.py
[2023-03-30 11:42:25,292] {processor.py:651} INFO - DAG(s) dict_keys(['example_branch_labels']) retrieved from /home/airflow/.local/lib/python3.7/site-packages/airflow/example_dags/example_branch_labels.py
[2023-03-30 11:42:25,394] {logging_mixin.py:115} INFO - [2023-03-30 11:42:25,393] {dag.py:2371} INFO - Sync 1 DAGs
[2023-03-30 11:42:25,445] {logging_mixin.py:115} INFO - [2023-03-30 11:42:25,444] {dag.py:2919} INFO - Setting next_dagrun for example_branch_labels to 2023-03-29T00:00:00+00:00, run_after=2023-03-30T00:00:00+00:00
[2023-03-30 11:42:25,465] {processor.py:161} INFO - Processing /home/airflow/.local/lib/python3.7/site-packages/airflow/example_dags/example_branch_labels.py took 0.182 seconds
[2023-03-30 11:42:55,878] {processor.py:153} INFO - Started process (PID=1020) to work on /home/airflow/.local/lib/python3.7/site-packages/airflow/example_dags/example_branch_labels.py
[2023-03-30 11:42:55,879] {processor.py:641} INFO - Processing file /home/airflow/.local/lib/python3.7/site-packages/airflow/example_dags/example_branch_labels.py for tasks to queue
[2023-03-30 11:42:55,880] {logging_mixin.py:115} INFO - [2023-03-30 11:42:55,880] {dagbag.py:507} INFO - Filling up the DagBag from /home/airflow/.local/lib/python3.7/site-packages/airflow/example_dags/example_branch_labels.py
[2023-03-30 11:42:55,885] {processor.py:651} INFO - DAG(s) dict_keys(['example_branch_labels']) retrieved from /home/airflow/.local/lib/python3.7/site-packages/airflow/example_dags/example_branch_labels.py
[2023-03-30 11:42:55,986] {logging_mixin.py:115} INFO - [2023-03-30 11:42:55,986] {dag.py:2371} INFO - Sync 1 DAGs
[2023-03-30 11:42:56,037] {logging_mixin.py:115} INFO - [2023-03-30 11:42:56,037] {dag.py:2919} INFO - Setting next_dagrun for example_branch_labels to 2023-03-29T00:00:00+00:00, run_after=2023-03-30T00:00:00+00:00
[2023-03-30 11:42:56,057] {processor.py:161} INFO - Processing /home/airflow/.local/lib/python3.7/site-packages/airflow/example_dags/example_branch_labels.py took 0.183 seconds
[2023-03-30 11:43:26,337] {processor.py:153} INFO - Started process (PID=1082) to work on /home/airflow/.local/lib/python3.7/site-packages/airflow/example_dags/example_branch_labels.py
[2023-03-30 11:43:26,338] {processor.py:641} INFO - Processing file /home/airflow/.local/lib/python3.7/site-packages/airflow/example_dags/example_branch_labels.py for tasks to queue
[2023-03-30 11:43:26,339] {logging_mixin.py:115} INFO - [2023-03-30 11:43:26,339] {dagbag.py:507} INFO - Filling up the DagBag from /home/airflow/.local/lib/python3.7/site-packages/airflow/example_dags/example_branch_labels.py
[2023-03-30 11:43:26,344] {processor.py:651} INFO - DAG(s) dict_keys(['example_branch_labels']) retrieved from /home/airflow/.local/lib/python3.7/site-packages/airflow/example_dags/example_branch_labels.py
[2023-03-30 11:43:26,452] {logging_mixin.py:115} INFO - [2023-03-30 11:43:26,452] {dag.py:2371} INFO - Sync 1 DAGs
[2023-03-30 11:43:26,508] {logging_mixin.py:115} INFO - [2023-03-30 11:43:26,508] {dag.py:2919} INFO - Setting next_dagrun for example_branch_labels to 2023-03-29T00:00:00+00:00, run_after=2023-03-30T00:00:00+00:00
[2023-03-30 11:43:26,531] {processor.py:161} INFO - Processing /home/airflow/.local/lib/python3.7/site-packages/airflow/example_dags/example_branch_labels.py took 0.197 seconds
[2023-03-30 11:43:56,783] {processor.py:153} INFO - Started process (PID=1144) to work on /home/airflow/.local/lib/python3.7/site-packages/airflow/example_dags/example_branch_labels.py
[2023-03-30 11:43:56,784] {processor.py:641} INFO - Processing file /home/airflow/.local/lib/python3.7/site-packages/airflow/example_dags/example_branch_labels.py for tasks to queue
[2023-03-30 11:43:56,785] {logging_mixin.py:115} INFO - [2023-03-30 11:43:56,785] {dagbag.py:507} INFO - Filling up the DagBag from /home/airflow/.local/lib/python3.7/site-packages/airflow/example_dags/example_branch_labels.py
[2023-03-30 11:43:56,790] {processor.py:651} INFO - DAG(s) dict_keys(['example_branch_labels']) retrieved from /home/airflow/.local/lib/python3.7/site-packages/airflow/example_dags/example_branch_labels.py
[2023-03-30 11:43:56,897] {logging_mixin.py:115} INFO - [2023-03-30 11:43:56,897] {dag.py:2371} INFO - Sync 1 DAGs
[2023-03-30 11:43:56,950] {logging_mixin.py:115} INFO - [2023-03-30 11:43:56,950] {dag.py:2919} INFO - Setting next_dagrun for example_branch_labels to 2023-03-29T00:00:00+00:00, run_after=2023-03-30T00:00:00+00:00
[2023-03-30 11:43:56,977] {processor.py:161} INFO - Processing /home/airflow/.local/lib/python3.7/site-packages/airflow/example_dags/example_branch_labels.py took 0.197 seconds
[2023-03-30 11:44:27,336] {processor.py:153} INFO - Started process (PID=1207) to work on /home/airflow/.local/lib/python3.7/site-packages/airflow/example_dags/example_branch_labels.py
[2023-03-30 11:44:27,338] {processor.py:641} INFO - Processing file /home/airflow/.local/lib/python3.7/site-packages/airflow/example_dags/example_branch_labels.py for tasks to queue
[2023-03-30 11:44:27,339] {logging_mixin.py:115} INFO - [2023-03-30 11:44:27,338] {dagbag.py:507} INFO - Filling up the DagBag from /home/airflow/.local/lib/python3.7/site-packages/airflow/example_dags/example_branch_labels.py
[2023-03-30 11:44:27,343] {processor.py:651} INFO - DAG(s) dict_keys(['example_branch_labels']) retrieved from /home/airflow/.local/lib/python3.7/site-packages/airflow/example_dags/example_branch_labels.py
[2023-03-30 11:44:27,446] {logging_mixin.py:115} INFO - [2023-03-30 11:44:27,446] {dag.py:2371} INFO - Sync 1 DAGs
[2023-03-30 11:44:27,494] {logging_mixin.py:115} INFO - [2023-03-30 11:44:27,494] {dag.py:2919} INFO - Setting next_dagrun for example_branch_labels to 2023-03-29T00:00:00+00:00, run_after=2023-03-30T00:00:00+00:00
[2023-03-30 11:44:27,517] {processor.py:161} INFO - Processing /home/airflow/.local/lib/python3.7/site-packages/airflow/example_dags/example_branch_labels.py took 0.183 seconds
[2023-03-30 11:44:58,060] {processor.py:153} INFO - Started process (PID=1261) to work on /home/airflow/.local/lib/python3.7/site-packages/airflow/example_dags/example_branch_labels.py
[2023-03-30 11:44:58,062] {processor.py:641} INFO - Processing file /home/airflow/.local/lib/python3.7/site-packages/airflow/example_dags/example_branch_labels.py for tasks to queue
[2023-03-30 11:44:58,063] {logging_mixin.py:115} INFO - [2023-03-30 11:44:58,063] {dagbag.py:507} INFO - Filling up the DagBag from /home/airflow/.local/lib/python3.7/site-packages/airflow/example_dags/example_branch_labels.py
[2023-03-30 11:44:58,068] {processor.py:651} INFO - DAG(s) dict_keys(['example_branch_labels']) retrieved from /home/airflow/.local/lib/python3.7/site-packages/airflow/example_dags/example_branch_labels.py
[2023-03-30 11:44:58,167] {logging_mixin.py:115} INFO - [2023-03-30 11:44:58,167] {dag.py:2371} INFO - Sync 1 DAGs
[2023-03-30 11:44:58,214] {logging_mixin.py:115} INFO - [2023-03-30 11:44:58,214] {dag.py:2919} INFO - Setting next_dagrun for example_branch_labels to 2023-03-29T00:00:00+00:00, run_after=2023-03-30T00:00:00+00:00
[2023-03-30 11:44:58,238] {processor.py:161} INFO - Processing /home/airflow/.local/lib/python3.7/site-packages/airflow/example_dags/example_branch_labels.py took 0.181 seconds
[2023-03-30 11:45:28,488] {processor.py:153} INFO - Started process (PID=1324) to work on /home/airflow/.local/lib/python3.7/site-packages/airflow/example_dags/example_branch_labels.py
[2023-03-30 11:45:28,491] {processor.py:641} INFO - Processing file /home/airflow/.local/lib/python3.7/site-packages/airflow/example_dags/example_branch_labels.py for tasks to queue
[2023-03-30 11:45:28,491] {logging_mixin.py:115} INFO - [2023-03-30 11:45:28,491] {dagbag.py:507} INFO - Filling up the DagBag from /home/airflow/.local/lib/python3.7/site-packages/airflow/example_dags/example_branch_labels.py
[2023-03-30 11:45:28,497] {processor.py:651} INFO - DAG(s) dict_keys(['example_branch_labels']) retrieved from /home/airflow/.local/lib/python3.7/site-packages/airflow/example_dags/example_branch_labels.py
[2023-03-30 11:45:28,597] {logging_mixin.py:115} INFO - [2023-03-30 11:45:28,597] {dag.py:2371} INFO - Sync 1 DAGs
[2023-03-30 11:45:28,648] {logging_mixin.py:115} INFO - [2023-03-30 11:45:28,648] {dag.py:2919} INFO - Setting next_dagrun for example_branch_labels to 2023-03-29T00:00:00+00:00, run_after=2023-03-30T00:00:00+00:00
[2023-03-30 11:45:28,672] {processor.py:161} INFO - Processing /home/airflow/.local/lib/python3.7/site-packages/airflow/example_dags/example_branch_labels.py took 0.186 seconds
[2023-03-30 11:45:59,915] {processor.py:153} INFO - Started process (PID=1389) to work on /home/airflow/.local/lib/python3.7/site-packages/airflow/example_dags/example_branch_labels.py
[2023-03-30 11:45:59,916] {processor.py:641} INFO - Processing file /home/airflow/.local/lib/python3.7/site-packages/airflow/example_dags/example_branch_labels.py for tasks to queue
[2023-03-30 11:45:59,917] {logging_mixin.py:115} INFO - [2023-03-30 11:45:59,917] {dagbag.py:507} INFO - Filling up the DagBag from /home/airflow/.local/lib/python3.7/site-packages/airflow/example_dags/example_branch_labels.py
[2023-03-30 11:45:59,923] {processor.py:651} INFO - DAG(s) dict_keys(['example_branch_labels']) retrieved from /home/airflow/.local/lib/python3.7/site-packages/airflow/example_dags/example_branch_labels.py
[2023-03-30 11:46:00,034] {logging_mixin.py:115} INFO - [2023-03-30 11:46:00,034] {dag.py:2371} INFO - Sync 1 DAGs
[2023-03-30 11:46:00,085] {logging_mixin.py:115} INFO - [2023-03-30 11:46:00,085] {dag.py:2919} INFO - Setting next_dagrun for example_branch_labels to 2023-03-29T00:00:00+00:00, run_after=2023-03-30T00:00:00+00:00
[2023-03-30 11:46:00,106] {processor.py:161} INFO - Processing /home/airflow/.local/lib/python3.7/site-packages/airflow/example_dags/example_branch_labels.py took 0.194 seconds
[2023-03-30 11:46:30,365] {processor.py:153} INFO - Started process (PID=1451) to work on /home/airflow/.local/lib/python3.7/site-packages/airflow/example_dags/example_branch_labels.py
[2023-03-30 11:46:30,366] {processor.py:641} INFO - Processing file /home/airflow/.local/lib/python3.7/site-packages/airflow/example_dags/example_branch_labels.py for tasks to queue
[2023-03-30 11:46:30,366] {logging_mixin.py:115} INFO - [2023-03-30 11:46:30,366] {dagbag.py:507} INFO - Filling up the DagBag from /home/airflow/.local/lib/python3.7/site-packages/airflow/example_dags/example_branch_labels.py
[2023-03-30 11:46:30,371] {processor.py:651} INFO - DAG(s) dict_keys(['example_branch_labels']) retrieved from /home/airflow/.local/lib/python3.7/site-packages/airflow/example_dags/example_branch_labels.py
[2023-03-30 11:46:30,472] {logging_mixin.py:115} INFO - [2023-03-30 11:46:30,472] {dag.py:2371} INFO - Sync 1 DAGs
[2023-03-30 11:46:30,518] {logging_mixin.py:115} INFO - [2023-03-30 11:46:30,518] {dag.py:2919} INFO - Setting next_dagrun for example_branch_labels to 2023-03-29T00:00:00+00:00, run_after=2023-03-30T00:00:00+00:00
[2023-03-30 11:46:30,542] {processor.py:161} INFO - Processing /home/airflow/.local/lib/python3.7/site-packages/airflow/example_dags/example_branch_labels.py took 0.180 seconds
[2023-03-30 11:47:01,192] {processor.py:153} INFO - Started process (PID=1514) to work on /home/airflow/.local/lib/python3.7/site-packages/airflow/example_dags/example_branch_labels.py
[2023-03-30 11:47:01,193] {processor.py:641} INFO - Processing file /home/airflow/.local/lib/python3.7/site-packages/airflow/example_dags/example_branch_labels.py for tasks to queue
[2023-03-30 11:47:01,194] {logging_mixin.py:115} INFO - [2023-03-30 11:47:01,194] {dagbag.py:507} INFO - Filling up the DagBag from /home/airflow/.local/lib/python3.7/site-packages/airflow/example_dags/example_branch_labels.py
[2023-03-30 11:47:01,199] {processor.py:651} INFO - DAG(s) dict_keys(['example_branch_labels']) retrieved from /home/airflow/.local/lib/python3.7/site-packages/airflow/example_dags/example_branch_labels.py
[2023-03-30 11:47:01,299] {logging_mixin.py:115} INFO - [2023-03-30 11:47:01,299] {dag.py:2371} INFO - Sync 1 DAGs
[2023-03-30 11:47:01,353] {logging_mixin.py:115} INFO - [2023-03-30 11:47:01,353] {dag.py:2919} INFO - Setting next_dagrun for example_branch_labels to 2023-03-29T00:00:00+00:00, run_after=2023-03-30T00:00:00+00:00
[2023-03-30 11:47:01,376] {processor.py:161} INFO - Processing /home/airflow/.local/lib/python3.7/site-packages/airflow/example_dags/example_branch_labels.py took 0.187 seconds
[2023-03-30 11:47:31,538] {processor.py:153} INFO - Started process (PID=1574) to work on /home/airflow/.local/lib/python3.7/site-packages/airflow/example_dags/example_branch_labels.py
[2023-03-30 11:47:31,539] {processor.py:641} INFO - Processing file /home/airflow/.local/lib/python3.7/site-packages/airflow/example_dags/example_branch_labels.py for tasks to queue
[2023-03-30 11:47:31,540] {logging_mixin.py:115} INFO - [2023-03-30 11:47:31,540] {dagbag.py:507} INFO - Filling up the DagBag from /home/airflow/.local/lib/python3.7/site-packages/airflow/example_dags/example_branch_labels.py
[2023-03-30 11:47:31,546] {processor.py:651} INFO - DAG(s) dict_keys(['example_branch_labels']) retrieved from /home/airflow/.local/lib/python3.7/site-packages/airflow/example_dags/example_branch_labels.py
[2023-03-30 11:47:31,655] {logging_mixin.py:115} INFO - [2023-03-30 11:47:31,655] {dag.py:2371} INFO - Sync 1 DAGs
[2023-03-30 11:47:31,712] {logging_mixin.py:115} INFO - [2023-03-30 11:47:31,712] {dag.py:2919} INFO - Setting next_dagrun for example_branch_labels to 2023-03-29T00:00:00+00:00, run_after=2023-03-30T00:00:00+00:00
[2023-03-30 11:47:31,738] {processor.py:161} INFO - Processing /home/airflow/.local/lib/python3.7/site-packages/airflow/example_dags/example_branch_labels.py took 0.205 seconds
[2023-03-30 11:48:01,842] {processor.py:153} INFO - Started process (PID=1629) to work on /home/airflow/.local/lib/python3.7/site-packages/airflow/example_dags/example_branch_labels.py
[2023-03-30 11:48:01,844] {processor.py:641} INFO - Processing file /home/airflow/.local/lib/python3.7/site-packages/airflow/example_dags/example_branch_labels.py for tasks to queue
[2023-03-30 11:48:01,845] {logging_mixin.py:115} INFO - [2023-03-30 11:48:01,845] {dagbag.py:507} INFO - Filling up the DagBag from /home/airflow/.local/lib/python3.7/site-packages/airflow/example_dags/example_branch_labels.py
[2023-03-30 11:48:01,850] {processor.py:651} INFO - DAG(s) dict_keys(['example_branch_labels']) retrieved from /home/airflow/.local/lib/python3.7/site-packages/airflow/example_dags/example_branch_labels.py
[2023-03-30 11:48:01,958] {logging_mixin.py:115} INFO - [2023-03-30 11:48:01,958] {dag.py:2371} INFO - Sync 1 DAGs
[2023-03-30 11:48:02,007] {logging_mixin.py:115} INFO - [2023-03-30 11:48:02,007] {dag.py:2919} INFO - Setting next_dagrun for example_branch_labels to 2023-03-29T00:00:00+00:00, run_after=2023-03-30T00:00:00+00:00
[2023-03-30 11:48:02,030] {processor.py:161} INFO - Processing /home/airflow/.local/lib/python3.7/site-packages/airflow/example_dags/example_branch_labels.py took 0.190 seconds
[2023-03-30 11:48:32,763] {processor.py:153} INFO - Started process (PID=1691) to work on /home/airflow/.local/lib/python3.7/site-packages/airflow/example_dags/example_branch_labels.py
[2023-03-30 11:48:32,764] {processor.py:641} INFO - Processing file /home/airflow/.local/lib/python3.7/site-packages/airflow/example_dags/example_branch_labels.py for tasks to queue
[2023-03-30 11:48:32,765] {logging_mixin.py:115} INFO - [2023-03-30 11:48:32,764] {dagbag.py:507} INFO - Filling up the DagBag from /home/airflow/.local/lib/python3.7/site-packages/airflow/example_dags/example_branch_labels.py
[2023-03-30 11:48:32,769] {processor.py:651} INFO - DAG(s) dict_keys(['example_branch_labels']) retrieved from /home/airflow/.local/lib/python3.7/site-packages/airflow/example_dags/example_branch_labels.py
[2023-03-30 11:48:32,873] {logging_mixin.py:115} INFO - [2023-03-30 11:48:32,873] {dag.py:2371} INFO - Sync 1 DAGs
[2023-03-30 11:48:32,922] {logging_mixin.py:115} INFO - [2023-03-30 11:48:32,922] {dag.py:2919} INFO - Setting next_dagrun for example_branch_labels to 2023-03-29T00:00:00+00:00, run_after=2023-03-30T00:00:00+00:00
[2023-03-30 11:48:32,946] {processor.py:161} INFO - Processing /home/airflow/.local/lib/python3.7/site-packages/airflow/example_dags/example_branch_labels.py took 0.186 seconds
[2023-03-30 11:49:03,297] {processor.py:153} INFO - Started process (PID=1753) to work on /home/airflow/.local/lib/python3.7/site-packages/airflow/example_dags/example_branch_labels.py
[2023-03-30 11:49:03,298] {processor.py:641} INFO - Processing file /home/airflow/.local/lib/python3.7/site-packages/airflow/example_dags/example_branch_labels.py for tasks to queue
[2023-03-30 11:49:03,299] {logging_mixin.py:115} INFO - [2023-03-30 11:49:03,299] {dagbag.py:507} INFO - Filling up the DagBag from /home/airflow/.local/lib/python3.7/site-packages/airflow/example_dags/example_branch_labels.py
[2023-03-30 11:49:03,305] {processor.py:651} INFO - DAG(s) dict_keys(['example_branch_labels']) retrieved from /home/airflow/.local/lib/python3.7/site-packages/airflow/example_dags/example_branch_labels.py
[2023-03-30 11:49:03,413] {logging_mixin.py:115} INFO - [2023-03-30 11:49:03,413] {dag.py:2371} INFO - Sync 1 DAGs
[2023-03-30 11:49:03,467] {logging_mixin.py:115} INFO - [2023-03-30 11:49:03,467] {dag.py:2919} INFO - Setting next_dagrun for example_branch_labels to 2023-03-29T00:00:00+00:00, run_after=2023-03-30T00:00:00+00:00
[2023-03-30 11:49:03,491] {processor.py:161} INFO - Processing /home/airflow/.local/lib/python3.7/site-packages/airflow/example_dags/example_branch_labels.py took 0.197 seconds
[2023-03-30 11:49:33,583] {processor.py:153} INFO - Started process (PID=1814) to work on /home/airflow/.local/lib/python3.7/site-packages/airflow/example_dags/example_branch_labels.py
[2023-03-30 11:49:33,585] {processor.py:641} INFO - Processing file /home/airflow/.local/lib/python3.7/site-packages/airflow/example_dags/example_branch_labels.py for tasks to queue
[2023-03-30 11:49:33,586] {logging_mixin.py:115} INFO - [2023-03-30 11:49:33,586] {dagbag.py:507} INFO - Filling up the DagBag from /home/airflow/.local/lib/python3.7/site-packages/airflow/example_dags/example_branch_labels.py
[2023-03-30 11:49:33,594] {processor.py:651} INFO - DAG(s) dict_keys(['example_branch_labels']) retrieved from /home/airflow/.local/lib/python3.7/site-packages/airflow/example_dags/example_branch_labels.py
[2023-03-30 11:49:33,692] {logging_mixin.py:115} INFO - [2023-03-30 11:49:33,692] {dag.py:2371} INFO - Sync 1 DAGs
[2023-03-30 11:49:33,739] {logging_mixin.py:115} INFO - [2023-03-30 11:49:33,739] {dag.py:2919} INFO - Setting next_dagrun for example_branch_labels to 2023-03-29T00:00:00+00:00, run_after=2023-03-30T00:00:00+00:00
[2023-03-30 11:49:33,761] {processor.py:161} INFO - Processing /home/airflow/.local/lib/python3.7/site-packages/airflow/example_dags/example_branch_labels.py took 0.181 seconds
[2023-03-30 11:50:04,217] {processor.py:153} INFO - Started process (PID=1869) to work on /home/airflow/.local/lib/python3.7/site-packages/airflow/example_dags/example_branch_labels.py
[2023-03-30 11:50:04,218] {processor.py:641} INFO - Processing file /home/airflow/.local/lib/python3.7/site-packages/airflow/example_dags/example_branch_labels.py for tasks to queue
[2023-03-30 11:50:04,219] {logging_mixin.py:115} INFO - [2023-03-30 11:50:04,219] {dagbag.py:507} INFO - Filling up the DagBag from /home/airflow/.local/lib/python3.7/site-packages/airflow/example_dags/example_branch_labels.py
[2023-03-30 11:50:04,223] {processor.py:651} INFO - DAG(s) dict_keys(['example_branch_labels']) retrieved from /home/airflow/.local/lib/python3.7/site-packages/airflow/example_dags/example_branch_labels.py
[2023-03-30 11:50:04,328] {logging_mixin.py:115} INFO - [2023-03-30 11:50:04,327] {dag.py:2371} INFO - Sync 1 DAGs
[2023-03-30 11:50:04,379] {logging_mixin.py:115} INFO - [2023-03-30 11:50:04,379] {dag.py:2919} INFO - Setting next_dagrun for example_branch_labels to 2023-03-29T00:00:00+00:00, run_after=2023-03-30T00:00:00+00:00
[2023-03-30 11:50:04,499] {processor.py:161} INFO - Processing /home/airflow/.local/lib/python3.7/site-packages/airflow/example_dags/example_branch_labels.py took 0.285 seconds
[2023-03-30 11:50:34,884] {processor.py:153} INFO - Started process (PID=1932) to work on /home/airflow/.local/lib/python3.7/site-packages/airflow/example_dags/example_branch_labels.py
[2023-03-30 11:50:34,885] {processor.py:641} INFO - Processing file /home/airflow/.local/lib/python3.7/site-packages/airflow/example_dags/example_branch_labels.py for tasks to queue
[2023-03-30 11:50:34,886] {logging_mixin.py:115} INFO - [2023-03-30 11:50:34,886] {dagbag.py:507} INFO - Filling up the DagBag from /home/airflow/.local/lib/python3.7/site-packages/airflow/example_dags/example_branch_labels.py
[2023-03-30 11:50:34,890] {processor.py:651} INFO - DAG(s) dict_keys(['example_branch_labels']) retrieved from /home/airflow/.local/lib/python3.7/site-packages/airflow/example_dags/example_branch_labels.py
[2023-03-30 11:50:34,992] {logging_mixin.py:115} INFO - [2023-03-30 11:50:34,992] {dag.py:2371} INFO - Sync 1 DAGs
[2023-03-30 11:50:35,041] {logging_mixin.py:115} INFO - [2023-03-30 11:50:35,041] {dag.py:2919} INFO - Setting next_dagrun for example_branch_labels to 2023-03-29T00:00:00+00:00, run_after=2023-03-30T00:00:00+00:00
[2023-03-30 11:50:35,156] {processor.py:161} INFO - Processing /home/airflow/.local/lib/python3.7/site-packages/airflow/example_dags/example_branch_labels.py took 0.274 seconds
[2023-03-30 11:51:05,667] {processor.py:153} INFO - Started process (PID=1995) to work on /home/airflow/.local/lib/python3.7/site-packages/airflow/example_dags/example_branch_labels.py
[2023-03-30 11:51:05,670] {processor.py:641} INFO - Processing file /home/airflow/.local/lib/python3.7/site-packages/airflow/example_dags/example_branch_labels.py for tasks to queue
[2023-03-30 11:51:05,671] {logging_mixin.py:115} INFO - [2023-03-30 11:51:05,671] {dagbag.py:507} INFO - Filling up the DagBag from /home/airflow/.local/lib/python3.7/site-packages/airflow/example_dags/example_branch_labels.py
[2023-03-30 11:51:05,675] {processor.py:651} INFO - DAG(s) dict_keys(['example_branch_labels']) retrieved from /home/airflow/.local/lib/python3.7/site-packages/airflow/example_dags/example_branch_labels.py
[2023-03-30 11:51:05,778] {logging_mixin.py:115} INFO - [2023-03-30 11:51:05,778] {dag.py:2371} INFO - Sync 1 DAGs
[2023-03-30 11:51:05,829] {logging_mixin.py:115} INFO - [2023-03-30 11:51:05,829] {dag.py:2919} INFO - Setting next_dagrun for example_branch_labels to 2023-03-29T00:00:00+00:00, run_after=2023-03-30T00:00:00+00:00
[2023-03-30 11:51:05,949] {processor.py:161} INFO - Processing /home/airflow/.local/lib/python3.7/site-packages/airflow/example_dags/example_branch_labels.py took 0.284 seconds
[2023-03-30 11:51:36,041] {processor.py:153} INFO - Started process (PID=2058) to work on /home/airflow/.local/lib/python3.7/site-packages/airflow/example_dags/example_branch_labels.py
[2023-03-30 11:51:36,042] {processor.py:641} INFO - Processing file /home/airflow/.local/lib/python3.7/site-packages/airflow/example_dags/example_branch_labels.py for tasks to queue
[2023-03-30 11:51:36,043] {logging_mixin.py:115} INFO - [2023-03-30 11:51:36,043] {dagbag.py:507} INFO - Filling up the DagBag from /home/airflow/.local/lib/python3.7/site-packages/airflow/example_dags/example_branch_labels.py
[2023-03-30 11:51:36,048] {processor.py:651} INFO - DAG(s) dict_keys(['example_branch_labels']) retrieved from /home/airflow/.local/lib/python3.7/site-packages/airflow/example_dags/example_branch_labels.py
[2023-03-30 11:51:36,150] {logging_mixin.py:115} INFO - [2023-03-30 11:51:36,150] {dag.py:2371} INFO - Sync 1 DAGs
[2023-03-30 11:51:36,201] {logging_mixin.py:115} INFO - [2023-03-30 11:51:36,201] {dag.py:2919} INFO - Setting next_dagrun for example_branch_labels to 2023-03-29T00:00:00+00:00, run_after=2023-03-30T00:00:00+00:00
[2023-03-30 11:51:36,325] {processor.py:161} INFO - Processing /home/airflow/.local/lib/python3.7/site-packages/airflow/example_dags/example_branch_labels.py took 0.286 seconds
[2023-03-30 11:52:06,503] {processor.py:153} INFO - Started process (PID=2122) to work on /home/airflow/.local/lib/python3.7/site-packages/airflow/example_dags/example_branch_labels.py
[2023-03-30 11:52:06,504] {processor.py:641} INFO - Processing file /home/airflow/.local/lib/python3.7/site-packages/airflow/example_dags/example_branch_labels.py for tasks to queue
[2023-03-30 11:52:06,505] {logging_mixin.py:115} INFO - [2023-03-30 11:52:06,505] {dagbag.py:507} INFO - Filling up the DagBag from /home/airflow/.local/lib/python3.7/site-packages/airflow/example_dags/example_branch_labels.py
[2023-03-30 11:52:06,512] {processor.py:651} INFO - DAG(s) dict_keys(['example_branch_labels']) retrieved from /home/airflow/.local/lib/python3.7/site-packages/airflow/example_dags/example_branch_labels.py
[2023-03-30 11:52:06,611] {logging_mixin.py:115} INFO - [2023-03-30 11:52:06,611] {dag.py:2371} INFO - Sync 1 DAGs
[2023-03-30 11:52:06,662] {logging_mixin.py:115} INFO - [2023-03-30 11:52:06,662] {dag.py:2919} INFO - Setting next_dagrun for example_branch_labels to 2023-03-29T00:00:00+00:00, run_after=2023-03-30T00:00:00+00:00
[2023-03-30 11:52:06,778] {processor.py:161} INFO - Processing /home/airflow/.local/lib/python3.7/site-packages/airflow/example_dags/example_branch_labels.py took 0.279 seconds
[2023-03-30 11:52:37,455] {processor.py:153} INFO - Started process (PID=2175) to work on /home/airflow/.local/lib/python3.7/site-packages/airflow/example_dags/example_branch_labels.py
[2023-03-30 11:52:37,456] {processor.py:641} INFO - Processing file /home/airflow/.local/lib/python3.7/site-packages/airflow/example_dags/example_branch_labels.py for tasks to queue
[2023-03-30 11:52:37,457] {logging_mixin.py:115} INFO - [2023-03-30 11:52:37,457] {dagbag.py:507} INFO - Filling up the DagBag from /home/airflow/.local/lib/python3.7/site-packages/airflow/example_dags/example_branch_labels.py
[2023-03-30 11:52:37,461] {processor.py:651} INFO - DAG(s) dict_keys(['example_branch_labels']) retrieved from /home/airflow/.local/lib/python3.7/site-packages/airflow/example_dags/example_branch_labels.py
[2023-03-30 11:52:37,563] {logging_mixin.py:115} INFO - [2023-03-30 11:52:37,563] {dag.py:2371} INFO - Sync 1 DAGs
[2023-03-30 11:52:37,616] {logging_mixin.py:115} INFO - [2023-03-30 11:52:37,616] {dag.py:2919} INFO - Setting next_dagrun for example_branch_labels to 2023-03-29T00:00:00+00:00, run_after=2023-03-30T00:00:00+00:00
[2023-03-30 11:52:37,735] {processor.py:161} INFO - Processing /home/airflow/.local/lib/python3.7/site-packages/airflow/example_dags/example_branch_labels.py took 0.283 seconds
[2023-03-30 11:53:07,930] {processor.py:153} INFO - Started process (PID=2238) to work on /home/airflow/.local/lib/python3.7/site-packages/airflow/example_dags/example_branch_labels.py
[2023-03-30 11:53:07,931] {processor.py:641} INFO - Processing file /home/airflow/.local/lib/python3.7/site-packages/airflow/example_dags/example_branch_labels.py for tasks to queue
[2023-03-30 11:53:07,931] {logging_mixin.py:115} INFO - [2023-03-30 11:53:07,931] {dagbag.py:507} INFO - Filling up the DagBag from /home/airflow/.local/lib/python3.7/site-packages/airflow/example_dags/example_branch_labels.py
[2023-03-30 11:53:07,936] {processor.py:651} INFO - DAG(s) dict_keys(['example_branch_labels']) retrieved from /home/airflow/.local/lib/python3.7/site-packages/airflow/example_dags/example_branch_labels.py
[2023-03-30 11:53:08,040] {logging_mixin.py:115} INFO - [2023-03-30 11:53:08,039] {dag.py:2371} INFO - Sync 1 DAGs
[2023-03-30 11:53:08,095] {logging_mixin.py:115} INFO - [2023-03-30 11:53:08,095] {dag.py:2919} INFO - Setting next_dagrun for example_branch_labels to 2023-03-29T00:00:00+00:00, run_after=2023-03-30T00:00:00+00:00
[2023-03-30 11:53:08,215] {processor.py:161} INFO - Processing /home/airflow/.local/lib/python3.7/site-packages/airflow/example_dags/example_branch_labels.py took 0.288 seconds
[2023-03-30 11:53:38,783] {processor.py:153} INFO - Started process (PID=2300) to work on /home/airflow/.local/lib/python3.7/site-packages/airflow/example_dags/example_branch_labels.py
[2023-03-30 11:53:38,784] {processor.py:641} INFO - Processing file /home/airflow/.local/lib/python3.7/site-packages/airflow/example_dags/example_branch_labels.py for tasks to queue
[2023-03-30 11:53:38,785] {logging_mixin.py:115} INFO - [2023-03-30 11:53:38,785] {dagbag.py:507} INFO - Filling up the DagBag from /home/airflow/.local/lib/python3.7/site-packages/airflow/example_dags/example_branch_labels.py
[2023-03-30 11:53:38,790] {processor.py:651} INFO - DAG(s) dict_keys(['example_branch_labels']) retrieved from /home/airflow/.local/lib/python3.7/site-packages/airflow/example_dags/example_branch_labels.py
[2023-03-30 11:53:38,893] {logging_mixin.py:115} INFO - [2023-03-30 11:53:38,893] {dag.py:2371} INFO - Sync 1 DAGs
[2023-03-30 11:53:38,943] {logging_mixin.py:115} INFO - [2023-03-30 11:53:38,943] {dag.py:2919} INFO - Setting next_dagrun for example_branch_labels to 2023-03-29T00:00:00+00:00, run_after=2023-03-30T00:00:00+00:00
[2023-03-30 11:53:39,067] {processor.py:161} INFO - Processing /home/airflow/.local/lib/python3.7/site-packages/airflow/example_dags/example_branch_labels.py took 0.287 seconds
[2023-03-30 11:54:09,171] {processor.py:153} INFO - Started process (PID=2363) to work on /home/airflow/.local/lib/python3.7/site-packages/airflow/example_dags/example_branch_labels.py
[2023-03-30 11:54:09,172] {processor.py:641} INFO - Processing file /home/airflow/.local/lib/python3.7/site-packages/airflow/example_dags/example_branch_labels.py for tasks to queue
[2023-03-30 11:54:09,174] {logging_mixin.py:115} INFO - [2023-03-30 11:54:09,174] {dagbag.py:507} INFO - Filling up the DagBag from /home/airflow/.local/lib/python3.7/site-packages/airflow/example_dags/example_branch_labels.py
[2023-03-30 11:54:09,180] {processor.py:651} INFO - DAG(s) dict_keys(['example_branch_labels']) retrieved from /home/airflow/.local/lib/python3.7/site-packages/airflow/example_dags/example_branch_labels.py
[2023-03-30 11:54:09,290] {logging_mixin.py:115} INFO - [2023-03-30 11:54:09,290] {dag.py:2371} INFO - Sync 1 DAGs
[2023-03-30 11:54:09,345] {logging_mixin.py:115} INFO - [2023-03-30 11:54:09,345] {dag.py:2919} INFO - Setting next_dagrun for example_branch_labels to 2023-03-29T00:00:00+00:00, run_after=2023-03-30T00:00:00+00:00
[2023-03-30 11:54:09,463] {processor.py:161} INFO - Processing /home/airflow/.local/lib/python3.7/site-packages/airflow/example_dags/example_branch_labels.py took 0.296 seconds
[2023-03-30 11:54:39,610] {processor.py:153} INFO - Started process (PID=2426) to work on /home/airflow/.local/lib/python3.7/site-packages/airflow/example_dags/example_branch_labels.py
[2023-03-30 11:54:39,611] {processor.py:641} INFO - Processing file /home/airflow/.local/lib/python3.7/site-packages/airflow/example_dags/example_branch_labels.py for tasks to queue
[2023-03-30 11:54:39,612] {logging_mixin.py:115} INFO - [2023-03-30 11:54:39,612] {dagbag.py:507} INFO - Filling up the DagBag from /home/airflow/.local/lib/python3.7/site-packages/airflow/example_dags/example_branch_labels.py
[2023-03-30 11:54:39,616] {processor.py:651} INFO - DAG(s) dict_keys(['example_branch_labels']) retrieved from /home/airflow/.local/lib/python3.7/site-packages/airflow/example_dags/example_branch_labels.py
[2023-03-30 11:54:39,718] {logging_mixin.py:115} INFO - [2023-03-30 11:54:39,718] {dag.py:2371} INFO - Sync 1 DAGs
[2023-03-30 11:54:39,768] {logging_mixin.py:115} INFO - [2023-03-30 11:54:39,768] {dag.py:2919} INFO - Setting next_dagrun for example_branch_labels to 2023-03-29T00:00:00+00:00, run_after=2023-03-30T00:00:00+00:00
[2023-03-30 11:54:39,884] {processor.py:161} INFO - Processing /home/airflow/.local/lib/python3.7/site-packages/airflow/example_dags/example_branch_labels.py took 0.277 seconds
[2023-03-30 11:55:10,451] {processor.py:153} INFO - Started process (PID=2480) to work on /home/airflow/.local/lib/python3.7/site-packages/airflow/example_dags/example_branch_labels.py
[2023-03-30 11:55:10,452] {processor.py:641} INFO - Processing file /home/airflow/.local/lib/python3.7/site-packages/airflow/example_dags/example_branch_labels.py for tasks to queue
[2023-03-30 11:55:10,453] {logging_mixin.py:115} INFO - [2023-03-30 11:55:10,453] {dagbag.py:507} INFO - Filling up the DagBag from /home/airflow/.local/lib/python3.7/site-packages/airflow/example_dags/example_branch_labels.py
[2023-03-30 11:55:10,457] {processor.py:651} INFO - DAG(s) dict_keys(['example_branch_labels']) retrieved from /home/airflow/.local/lib/python3.7/site-packages/airflow/example_dags/example_branch_labels.py
[2023-03-30 11:55:10,560] {logging_mixin.py:115} INFO - [2023-03-30 11:55:10,560] {dag.py:2371} INFO - Sync 1 DAGs
[2023-03-30 11:55:10,700] {logging_mixin.py:115} INFO - [2023-03-30 11:55:10,700] {dag.py:2919} INFO - Setting next_dagrun for example_branch_labels to 2023-03-29T00:00:00+00:00, run_after=2023-03-30T00:00:00+00:00
[2023-03-30 11:55:10,720] {processor.py:161} INFO - Processing /home/airflow/.local/lib/python3.7/site-packages/airflow/example_dags/example_branch_labels.py took 0.272 seconds
[2023-03-30 11:55:40,998] {processor.py:153} INFO - Started process (PID=2543) to work on /home/airflow/.local/lib/python3.7/site-packages/airflow/example_dags/example_branch_labels.py
[2023-03-30 11:55:40,999] {processor.py:641} INFO - Processing file /home/airflow/.local/lib/python3.7/site-packages/airflow/example_dags/example_branch_labels.py for tasks to queue
[2023-03-30 11:55:41,000] {logging_mixin.py:115} INFO - [2023-03-30 11:55:41,000] {dagbag.py:507} INFO - Filling up the DagBag from /home/airflow/.local/lib/python3.7/site-packages/airflow/example_dags/example_branch_labels.py
[2023-03-30 11:55:41,005] {processor.py:651} INFO - DAG(s) dict_keys(['example_branch_labels']) retrieved from /home/airflow/.local/lib/python3.7/site-packages/airflow/example_dags/example_branch_labels.py
[2023-03-30 11:55:41,106] {logging_mixin.py:115} INFO - [2023-03-30 11:55:41,106] {dag.py:2371} INFO - Sync 1 DAGs
[2023-03-30 11:55:41,248] {logging_mixin.py:115} INFO - [2023-03-30 11:55:41,248] {dag.py:2919} INFO - Setting next_dagrun for example_branch_labels to 2023-03-29T00:00:00+00:00, run_after=2023-03-30T00:00:00+00:00
[2023-03-30 11:55:41,268] {processor.py:161} INFO - Processing /home/airflow/.local/lib/python3.7/site-packages/airflow/example_dags/example_branch_labels.py took 0.273 seconds
[2023-03-30 11:56:11,815] {processor.py:153} INFO - Started process (PID=2606) to work on /home/airflow/.local/lib/python3.7/site-packages/airflow/example_dags/example_branch_labels.py
[2023-03-30 11:56:11,816] {processor.py:641} INFO - Processing file /home/airflow/.local/lib/python3.7/site-packages/airflow/example_dags/example_branch_labels.py for tasks to queue
[2023-03-30 11:56:11,816] {logging_mixin.py:115} INFO - [2023-03-30 11:56:11,816] {dagbag.py:507} INFO - Filling up the DagBag from /home/airflow/.local/lib/python3.7/site-packages/airflow/example_dags/example_branch_labels.py
[2023-03-30 11:56:11,821] {processor.py:651} INFO - DAG(s) dict_keys(['example_branch_labels']) retrieved from /home/airflow/.local/lib/python3.7/site-packages/airflow/example_dags/example_branch_labels.py
[2023-03-30 11:56:11,921] {logging_mixin.py:115} INFO - [2023-03-30 11:56:11,921] {dag.py:2371} INFO - Sync 1 DAGs
[2023-03-30 11:56:12,062] {logging_mixin.py:115} INFO - [2023-03-30 11:56:12,062] {dag.py:2919} INFO - Setting next_dagrun for example_branch_labels to 2023-03-29T00:00:00+00:00, run_after=2023-03-30T00:00:00+00:00
[2023-03-30 11:56:12,083] {processor.py:161} INFO - Processing /home/airflow/.local/lib/python3.7/site-packages/airflow/example_dags/example_branch_labels.py took 0.271 seconds
[2023-03-30 11:56:42,241] {processor.py:153} INFO - Started process (PID=2668) to work on /home/airflow/.local/lib/python3.7/site-packages/airflow/example_dags/example_branch_labels.py
[2023-03-30 11:56:42,242] {processor.py:641} INFO - Processing file /home/airflow/.local/lib/python3.7/site-packages/airflow/example_dags/example_branch_labels.py for tasks to queue
[2023-03-30 11:56:42,243] {logging_mixin.py:115} INFO - [2023-03-30 11:56:42,243] {dagbag.py:507} INFO - Filling up the DagBag from /home/airflow/.local/lib/python3.7/site-packages/airflow/example_dags/example_branch_labels.py
[2023-03-30 11:56:42,248] {processor.py:651} INFO - DAG(s) dict_keys(['example_branch_labels']) retrieved from /home/airflow/.local/lib/python3.7/site-packages/airflow/example_dags/example_branch_labels.py
[2023-03-30 11:56:42,351] {logging_mixin.py:115} INFO - [2023-03-30 11:56:42,351] {dag.py:2371} INFO - Sync 1 DAGs
[2023-03-30 11:56:42,497] {logging_mixin.py:115} INFO - [2023-03-30 11:56:42,497] {dag.py:2919} INFO - Setting next_dagrun for example_branch_labels to 2023-03-29T00:00:00+00:00, run_after=2023-03-30T00:00:00+00:00
[2023-03-30 11:56:42,517] {processor.py:161} INFO - Processing /home/airflow/.local/lib/python3.7/site-packages/airflow/example_dags/example_branch_labels.py took 0.278 seconds
[2023-03-30 11:57:12,656] {processor.py:153} INFO - Started process (PID=2731) to work on /home/airflow/.local/lib/python3.7/site-packages/airflow/example_dags/example_branch_labels.py
[2023-03-30 11:57:12,657] {processor.py:641} INFO - Processing file /home/airflow/.local/lib/python3.7/site-packages/airflow/example_dags/example_branch_labels.py for tasks to queue
[2023-03-30 11:57:12,658] {logging_mixin.py:115} INFO - [2023-03-30 11:57:12,658] {dagbag.py:507} INFO - Filling up the DagBag from /home/airflow/.local/lib/python3.7/site-packages/airflow/example_dags/example_branch_labels.py
[2023-03-30 11:57:12,663] {processor.py:651} INFO - DAG(s) dict_keys(['example_branch_labels']) retrieved from /home/airflow/.local/lib/python3.7/site-packages/airflow/example_dags/example_branch_labels.py
[2023-03-30 11:57:12,766] {logging_mixin.py:115} INFO - [2023-03-30 11:57:12,766] {dag.py:2371} INFO - Sync 1 DAGs
[2023-03-30 11:57:12,914] {logging_mixin.py:115} INFO - [2023-03-30 11:57:12,914] {dag.py:2919} INFO - Setting next_dagrun for example_branch_labels to 2023-03-29T00:00:00+00:00, run_after=2023-03-30T00:00:00+00:00
[2023-03-30 11:57:12,934] {processor.py:161} INFO - Processing /home/airflow/.local/lib/python3.7/site-packages/airflow/example_dags/example_branch_labels.py took 0.281 seconds
[2023-03-30 11:57:43,040] {processor.py:153} INFO - Started process (PID=2785) to work on /home/airflow/.local/lib/python3.7/site-packages/airflow/example_dags/example_branch_labels.py
[2023-03-30 11:57:43,041] {processor.py:641} INFO - Processing file /home/airflow/.local/lib/python3.7/site-packages/airflow/example_dags/example_branch_labels.py for tasks to queue
[2023-03-30 11:57:43,042] {logging_mixin.py:115} INFO - [2023-03-30 11:57:43,042] {dagbag.py:507} INFO - Filling up the DagBag from /home/airflow/.local/lib/python3.7/site-packages/airflow/example_dags/example_branch_labels.py
[2023-03-30 11:57:43,046] {processor.py:651} INFO - DAG(s) dict_keys(['example_branch_labels']) retrieved from /home/airflow/.local/lib/python3.7/site-packages/airflow/example_dags/example_branch_labels.py
[2023-03-30 11:57:43,151] {logging_mixin.py:115} INFO - [2023-03-30 11:57:43,151] {dag.py:2371} INFO - Sync 1 DAGs
[2023-03-30 11:57:43,305] {logging_mixin.py:115} INFO - [2023-03-30 11:57:43,305] {dag.py:2919} INFO - Setting next_dagrun for example_branch_labels to 2023-03-29T00:00:00+00:00, run_after=2023-03-30T00:00:00+00:00
[2023-03-30 11:57:43,327] {processor.py:161} INFO - Processing /home/airflow/.local/lib/python3.7/site-packages/airflow/example_dags/example_branch_labels.py took 0.290 seconds
[2023-03-30 11:58:13,516] {processor.py:153} INFO - Started process (PID=2848) to work on /home/airflow/.local/lib/python3.7/site-packages/airflow/example_dags/example_branch_labels.py
[2023-03-30 11:58:13,517] {processor.py:641} INFO - Processing file /home/airflow/.local/lib/python3.7/site-packages/airflow/example_dags/example_branch_labels.py for tasks to queue
[2023-03-30 11:58:13,518] {logging_mixin.py:115} INFO - [2023-03-30 11:58:13,518] {dagbag.py:507} INFO - Filling up the DagBag from /home/airflow/.local/lib/python3.7/site-packages/airflow/example_dags/example_branch_labels.py
[2023-03-30 11:58:13,523] {processor.py:651} INFO - DAG(s) dict_keys(['example_branch_labels']) retrieved from /home/airflow/.local/lib/python3.7/site-packages/airflow/example_dags/example_branch_labels.py
[2023-03-30 11:58:13,627] {logging_mixin.py:115} INFO - [2023-03-30 11:58:13,627] {dag.py:2371} INFO - Sync 1 DAGs
[2023-03-30 11:58:13,773] {logging_mixin.py:115} INFO - [2023-03-30 11:58:13,773] {dag.py:2919} INFO - Setting next_dagrun for example_branch_labels to 2023-03-29T00:00:00+00:00, run_after=2023-03-30T00:00:00+00:00
[2023-03-30 11:58:13,804] {processor.py:161} INFO - Processing /home/airflow/.local/lib/python3.7/site-packages/airflow/example_dags/example_branch_labels.py took 0.290 seconds
[2023-03-30 11:58:43,915] {processor.py:153} INFO - Started process (PID=2911) to work on /home/airflow/.local/lib/python3.7/site-packages/airflow/example_dags/example_branch_labels.py
[2023-03-30 11:58:43,916] {processor.py:641} INFO - Processing file /home/airflow/.local/lib/python3.7/site-packages/airflow/example_dags/example_branch_labels.py for tasks to queue
[2023-03-30 11:58:43,917] {logging_mixin.py:115} INFO - [2023-03-30 11:58:43,917] {dagbag.py:507} INFO - Filling up the DagBag from /home/airflow/.local/lib/python3.7/site-packages/airflow/example_dags/example_branch_labels.py
[2023-03-30 11:58:43,922] {processor.py:651} INFO - DAG(s) dict_keys(['example_branch_labels']) retrieved from /home/airflow/.local/lib/python3.7/site-packages/airflow/example_dags/example_branch_labels.py
[2023-03-30 11:58:44,027] {logging_mixin.py:115} INFO - [2023-03-30 11:58:44,027] {dag.py:2371} INFO - Sync 1 DAGs
[2023-03-30 11:58:44,169] {logging_mixin.py:115} INFO - [2023-03-30 11:58:44,169] {dag.py:2919} INFO - Setting next_dagrun for example_branch_labels to 2023-03-29T00:00:00+00:00, run_after=2023-03-30T00:00:00+00:00
[2023-03-30 11:58:44,189] {processor.py:161} INFO - Processing /home/airflow/.local/lib/python3.7/site-packages/airflow/example_dags/example_branch_labels.py took 0.277 seconds
[2023-03-30 11:59:14,233] {processor.py:153} INFO - Started process (PID=2973) to work on /home/airflow/.local/lib/python3.7/site-packages/airflow/example_dags/example_branch_labels.py
[2023-03-30 11:59:14,234] {processor.py:641} INFO - Processing file /home/airflow/.local/lib/python3.7/site-packages/airflow/example_dags/example_branch_labels.py for tasks to queue
[2023-03-30 11:59:14,235] {logging_mixin.py:115} INFO - [2023-03-30 11:59:14,235] {dagbag.py:507} INFO - Filling up the DagBag from /home/airflow/.local/lib/python3.7/site-packages/airflow/example_dags/example_branch_labels.py
[2023-03-30 11:59:14,239] {processor.py:651} INFO - DAG(s) dict_keys(['example_branch_labels']) retrieved from /home/airflow/.local/lib/python3.7/site-packages/airflow/example_dags/example_branch_labels.py
[2023-03-30 11:59:14,343] {logging_mixin.py:115} INFO - [2023-03-30 11:59:14,343] {dag.py:2371} INFO - Sync 1 DAGs
[2023-03-30 11:59:14,483] {logging_mixin.py:115} INFO - [2023-03-30 11:59:14,483] {dag.py:2919} INFO - Setting next_dagrun for example_branch_labels to 2023-03-29T00:00:00+00:00, run_after=2023-03-30T00:00:00+00:00
[2023-03-30 11:59:14,503] {processor.py:161} INFO - Processing /home/airflow/.local/lib/python3.7/site-packages/airflow/example_dags/example_branch_labels.py took 0.273 seconds
[2023-03-30 11:59:44,725] {processor.py:153} INFO - Started process (PID=3035) to work on /home/airflow/.local/lib/python3.7/site-packages/airflow/example_dags/example_branch_labels.py
[2023-03-30 11:59:44,726] {processor.py:641} INFO - Processing file /home/airflow/.local/lib/python3.7/site-packages/airflow/example_dags/example_branch_labels.py for tasks to queue
[2023-03-30 11:59:44,727] {logging_mixin.py:115} INFO - [2023-03-30 11:59:44,727] {dagbag.py:507} INFO - Filling up the DagBag from /home/airflow/.local/lib/python3.7/site-packages/airflow/example_dags/example_branch_labels.py
[2023-03-30 11:59:44,731] {processor.py:651} INFO - DAG(s) dict_keys(['example_branch_labels']) retrieved from /home/airflow/.local/lib/python3.7/site-packages/airflow/example_dags/example_branch_labels.py
[2023-03-30 11:59:44,829] {logging_mixin.py:115} INFO - [2023-03-30 11:59:44,829] {dag.py:2371} INFO - Sync 1 DAGs
[2023-03-30 11:59:44,965] {logging_mixin.py:115} INFO - [2023-03-30 11:59:44,965] {dag.py:2919} INFO - Setting next_dagrun for example_branch_labels to 2023-03-29T00:00:00+00:00, run_after=2023-03-30T00:00:00+00:00
[2023-03-30 11:59:44,986] {processor.py:161} INFO - Processing /home/airflow/.local/lib/python3.7/site-packages/airflow/example_dags/example_branch_labels.py took 0.264 seconds
[2023-03-30 12:00:15,289] {processor.py:153} INFO - Started process (PID=3089) to work on /home/airflow/.local/lib/python3.7/site-packages/airflow/example_dags/example_branch_labels.py
[2023-03-30 12:00:15,290] {processor.py:641} INFO - Processing file /home/airflow/.local/lib/python3.7/site-packages/airflow/example_dags/example_branch_labels.py for tasks to queue
[2023-03-30 12:00:15,291] {logging_mixin.py:115} INFO - [2023-03-30 12:00:15,291] {dagbag.py:507} INFO - Filling up the DagBag from /home/airflow/.local/lib/python3.7/site-packages/airflow/example_dags/example_branch_labels.py
[2023-03-30 12:00:15,296] {processor.py:651} INFO - DAG(s) dict_keys(['example_branch_labels']) retrieved from /home/airflow/.local/lib/python3.7/site-packages/airflow/example_dags/example_branch_labels.py
[2023-03-30 12:00:15,402] {logging_mixin.py:115} INFO - [2023-03-30 12:00:15,402] {dag.py:2371} INFO - Sync 1 DAGs
[2023-03-30 12:00:15,546] {logging_mixin.py:115} INFO - [2023-03-30 12:00:15,545] {dag.py:2919} INFO - Setting next_dagrun for example_branch_labels to 2023-03-29T00:00:00+00:00, run_after=2023-03-30T00:00:00+00:00
[2023-03-30 12:00:15,568] {processor.py:161} INFO - Processing /home/airflow/.local/lib/python3.7/site-packages/airflow/example_dags/example_branch_labels.py took 0.282 seconds
[2023-03-30 12:00:45,978] {processor.py:153} INFO - Started process (PID=3153) to work on /home/airflow/.local/lib/python3.7/site-packages/airflow/example_dags/example_branch_labels.py
[2023-03-30 12:00:45,979] {processor.py:641} INFO - Processing file /home/airflow/.local/lib/python3.7/site-packages/airflow/example_dags/example_branch_labels.py for tasks to queue
[2023-03-30 12:00:45,980] {logging_mixin.py:115} INFO - [2023-03-30 12:00:45,980] {dagbag.py:507} INFO - Filling up the DagBag from /home/airflow/.local/lib/python3.7/site-packages/airflow/example_dags/example_branch_labels.py
[2023-03-30 12:00:45,985] {processor.py:651} INFO - DAG(s) dict_keys(['example_branch_labels']) retrieved from /home/airflow/.local/lib/python3.7/site-packages/airflow/example_dags/example_branch_labels.py
[2023-03-30 12:00:46,089] {logging_mixin.py:115} INFO - [2023-03-30 12:00:46,089] {dag.py:2371} INFO - Sync 1 DAGs
[2023-03-30 12:00:46,231] {logging_mixin.py:115} INFO - [2023-03-30 12:00:46,231] {dag.py:2919} INFO - Setting next_dagrun for example_branch_labels to 2023-03-29T00:00:00+00:00, run_after=2023-03-30T00:00:00+00:00
[2023-03-30 12:00:46,252] {processor.py:161} INFO - Processing /home/airflow/.local/lib/python3.7/site-packages/airflow/example_dags/example_branch_labels.py took 0.277 seconds
[2023-03-30 12:01:16,378] {processor.py:153} INFO - Started process (PID=3216) to work on /home/airflow/.local/lib/python3.7/site-packages/airflow/example_dags/example_branch_labels.py
[2023-03-30 12:01:16,379] {processor.py:641} INFO - Processing file /home/airflow/.local/lib/python3.7/site-packages/airflow/example_dags/example_branch_labels.py for tasks to queue
[2023-03-30 12:01:16,380] {logging_mixin.py:115} INFO - [2023-03-30 12:01:16,380] {dagbag.py:507} INFO - Filling up the DagBag from /home/airflow/.local/lib/python3.7/site-packages/airflow/example_dags/example_branch_labels.py
[2023-03-30 12:01:16,386] {processor.py:651} INFO - DAG(s) dict_keys(['example_branch_labels']) retrieved from /home/airflow/.local/lib/python3.7/site-packages/airflow/example_dags/example_branch_labels.py
[2023-03-30 12:01:16,494] {logging_mixin.py:115} INFO - [2023-03-30 12:01:16,494] {dag.py:2371} INFO - Sync 1 DAGs
[2023-03-30 12:01:16,646] {logging_mixin.py:115} INFO - [2023-03-30 12:01:16,646] {dag.py:2919} INFO - Setting next_dagrun for example_branch_labels to 2023-03-29T00:00:00+00:00, run_after=2023-03-30T00:00:00+00:00
[2023-03-30 12:01:16,667] {processor.py:161} INFO - Processing /home/airflow/.local/lib/python3.7/site-packages/airflow/example_dags/example_branch_labels.py took 0.292 seconds
[2023-03-30 12:01:47,184] {processor.py:153} INFO - Started process (PID=3279) to work on /home/airflow/.local/lib/python3.7/site-packages/airflow/example_dags/example_branch_labels.py
[2023-03-30 12:01:47,185] {processor.py:641} INFO - Processing file /home/airflow/.local/lib/python3.7/site-packages/airflow/example_dags/example_branch_labels.py for tasks to queue
[2023-03-30 12:01:47,186] {logging_mixin.py:115} INFO - [2023-03-30 12:01:47,186] {dagbag.py:507} INFO - Filling up the DagBag from /home/airflow/.local/lib/python3.7/site-packages/airflow/example_dags/example_branch_labels.py
[2023-03-30 12:01:47,190] {processor.py:651} INFO - DAG(s) dict_keys(['example_branch_labels']) retrieved from /home/airflow/.local/lib/python3.7/site-packages/airflow/example_dags/example_branch_labels.py
[2023-03-30 12:01:47,301] {logging_mixin.py:115} INFO - [2023-03-30 12:01:47,301] {dag.py:2371} INFO - Sync 1 DAGs
[2023-03-30 12:01:47,473] {logging_mixin.py:115} INFO - [2023-03-30 12:01:47,473] {dag.py:2919} INFO - Setting next_dagrun for example_branch_labels to 2023-03-29T00:00:00+00:00, run_after=2023-03-30T00:00:00+00:00
[2023-03-30 12:01:47,494] {processor.py:161} INFO - Processing /home/airflow/.local/lib/python3.7/site-packages/airflow/example_dags/example_branch_labels.py took 0.313 seconds
[2023-03-30 12:02:17,671] {processor.py:153} INFO - Started process (PID=3342) to work on /home/airflow/.local/lib/python3.7/site-packages/airflow/example_dags/example_branch_labels.py
[2023-03-30 12:02:17,672] {processor.py:641} INFO - Processing file /home/airflow/.local/lib/python3.7/site-packages/airflow/example_dags/example_branch_labels.py for tasks to queue
[2023-03-30 12:02:17,673] {logging_mixin.py:115} INFO - [2023-03-30 12:02:17,673] {dagbag.py:507} INFO - Filling up the DagBag from /home/airflow/.local/lib/python3.7/site-packages/airflow/example_dags/example_branch_labels.py
[2023-03-30 12:02:17,677] {processor.py:651} INFO - DAG(s) dict_keys(['example_branch_labels']) retrieved from /home/airflow/.local/lib/python3.7/site-packages/airflow/example_dags/example_branch_labels.py
[2023-03-30 12:02:17,776] {logging_mixin.py:115} INFO - [2023-03-30 12:02:17,776] {dag.py:2371} INFO - Sync 1 DAGs
[2023-03-30 12:02:17,918] {logging_mixin.py:115} INFO - [2023-03-30 12:02:17,918] {dag.py:2919} INFO - Setting next_dagrun for example_branch_labels to 2023-03-29T00:00:00+00:00, run_after=2023-03-30T00:00:00+00:00
[2023-03-30 12:02:17,938] {processor.py:161} INFO - Processing /home/airflow/.local/lib/python3.7/site-packages/airflow/example_dags/example_branch_labels.py took 0.269 seconds
[2023-03-30 12:02:48,171] {processor.py:153} INFO - Started process (PID=3397) to work on /home/airflow/.local/lib/python3.7/site-packages/airflow/example_dags/example_branch_labels.py
[2023-03-30 12:02:48,172] {processor.py:641} INFO - Processing file /home/airflow/.local/lib/python3.7/site-packages/airflow/example_dags/example_branch_labels.py for tasks to queue
[2023-03-30 12:02:48,173] {logging_mixin.py:115} INFO - [2023-03-30 12:02:48,173] {dagbag.py:507} INFO - Filling up the DagBag from /home/airflow/.local/lib/python3.7/site-packages/airflow/example_dags/example_branch_labels.py
[2023-03-30 12:02:48,177] {processor.py:651} INFO - DAG(s) dict_keys(['example_branch_labels']) retrieved from /home/airflow/.local/lib/python3.7/site-packages/airflow/example_dags/example_branch_labels.py
[2023-03-30 12:02:48,278] {logging_mixin.py:115} INFO - [2023-03-30 12:02:48,278] {dag.py:2371} INFO - Sync 1 DAGs
[2023-03-30 12:02:48,422] {logging_mixin.py:115} INFO - [2023-03-30 12:02:48,422] {dag.py:2919} INFO - Setting next_dagrun for example_branch_labels to 2023-03-29T00:00:00+00:00, run_after=2023-03-30T00:00:00+00:00
[2023-03-30 12:02:48,444] {processor.py:161} INFO - Processing /home/airflow/.local/lib/python3.7/site-packages/airflow/example_dags/example_branch_labels.py took 0.275 seconds
[2023-03-30 12:03:18,808] {processor.py:153} INFO - Started process (PID=3460) to work on /home/airflow/.local/lib/python3.7/site-packages/airflow/example_dags/example_branch_labels.py
[2023-03-30 12:03:18,809] {processor.py:641} INFO - Processing file /home/airflow/.local/lib/python3.7/site-packages/airflow/example_dags/example_branch_labels.py for tasks to queue
[2023-03-30 12:03:18,810] {logging_mixin.py:115} INFO - [2023-03-30 12:03:18,810] {dagbag.py:507} INFO - Filling up the DagBag from /home/airflow/.local/lib/python3.7/site-packages/airflow/example_dags/example_branch_labels.py
[2023-03-30 12:03:18,814] {processor.py:651} INFO - DAG(s) dict_keys(['example_branch_labels']) retrieved from /home/airflow/.local/lib/python3.7/site-packages/airflow/example_dags/example_branch_labels.py
[2023-03-30 12:03:18,917] {logging_mixin.py:115} INFO - [2023-03-30 12:03:18,917] {dag.py:2371} INFO - Sync 1 DAGs
[2023-03-30 12:03:19,058] {logging_mixin.py:115} INFO - [2023-03-30 12:03:19,058] {dag.py:2919} INFO - Setting next_dagrun for example_branch_labels to 2023-03-29T00:00:00+00:00, run_after=2023-03-30T00:00:00+00:00
[2023-03-30 12:03:19,078] {processor.py:161} INFO - Processing /home/airflow/.local/lib/python3.7/site-packages/airflow/example_dags/example_branch_labels.py took 0.273 seconds
[2023-03-30 12:03:49,453] {processor.py:153} INFO - Started process (PID=3523) to work on /home/airflow/.local/lib/python3.7/site-packages/airflow/example_dags/example_branch_labels.py
[2023-03-30 12:03:49,454] {processor.py:641} INFO - Processing file /home/airflow/.local/lib/python3.7/site-packages/airflow/example_dags/example_branch_labels.py for tasks to queue
[2023-03-30 12:03:49,461] {logging_mixin.py:115} INFO - [2023-03-30 12:03:49,461] {dagbag.py:507} INFO - Filling up the DagBag from /home/airflow/.local/lib/python3.7/site-packages/airflow/example_dags/example_branch_labels.py
[2023-03-30 12:03:49,466] {processor.py:651} INFO - DAG(s) dict_keys(['example_branch_labels']) retrieved from /home/airflow/.local/lib/python3.7/site-packages/airflow/example_dags/example_branch_labels.py
[2023-03-30 12:03:49,566] {logging_mixin.py:115} INFO - [2023-03-30 12:03:49,566] {dag.py:2371} INFO - Sync 1 DAGs
[2023-03-30 12:03:49,710] {logging_mixin.py:115} INFO - [2023-03-30 12:03:49,710] {dag.py:2919} INFO - Setting next_dagrun for example_branch_labels to 2023-03-29T00:00:00+00:00, run_after=2023-03-30T00:00:00+00:00
[2023-03-30 12:03:49,732] {processor.py:161} INFO - Processing /home/airflow/.local/lib/python3.7/site-packages/airflow/example_dags/example_branch_labels.py took 0.281 seconds
[2023-03-30 12:04:19,855] {processor.py:153} INFO - Started process (PID=3586) to work on /home/airflow/.local/lib/python3.7/site-packages/airflow/example_dags/example_branch_labels.py
[2023-03-30 12:04:19,856] {processor.py:641} INFO - Processing file /home/airflow/.local/lib/python3.7/site-packages/airflow/example_dags/example_branch_labels.py for tasks to queue
[2023-03-30 12:04:19,856] {logging_mixin.py:115} INFO - [2023-03-30 12:04:19,856] {dagbag.py:507} INFO - Filling up the DagBag from /home/airflow/.local/lib/python3.7/site-packages/airflow/example_dags/example_branch_labels.py
[2023-03-30 12:04:19,861] {processor.py:651} INFO - DAG(s) dict_keys(['example_branch_labels']) retrieved from /home/airflow/.local/lib/python3.7/site-packages/airflow/example_dags/example_branch_labels.py
[2023-03-30 12:04:19,964] {logging_mixin.py:115} INFO - [2023-03-30 12:04:19,964] {dag.py:2371} INFO - Sync 1 DAGs
[2023-03-30 12:04:20,110] {logging_mixin.py:115} INFO - [2023-03-30 12:04:20,110] {dag.py:2919} INFO - Setting next_dagrun for example_branch_labels to 2023-03-29T00:00:00+00:00, run_after=2023-03-30T00:00:00+00:00
[2023-03-30 12:04:20,132] {processor.py:161} INFO - Processing /home/airflow/.local/lib/python3.7/site-packages/airflow/example_dags/example_branch_labels.py took 0.280 seconds
[2023-03-30 12:04:50,406] {processor.py:153} INFO - Started process (PID=3649) to work on /home/airflow/.local/lib/python3.7/site-packages/airflow/example_dags/example_branch_labels.py
[2023-03-30 12:04:50,407] {processor.py:641} INFO - Processing file /home/airflow/.local/lib/python3.7/site-packages/airflow/example_dags/example_branch_labels.py for tasks to queue
[2023-03-30 12:04:50,408] {logging_mixin.py:115} INFO - [2023-03-30 12:04:50,408] {dagbag.py:507} INFO - Filling up the DagBag from /home/airflow/.local/lib/python3.7/site-packages/airflow/example_dags/example_branch_labels.py
[2023-03-30 12:04:50,413] {processor.py:651} INFO - DAG(s) dict_keys(['example_branch_labels']) retrieved from /home/airflow/.local/lib/python3.7/site-packages/airflow/example_dags/example_branch_labels.py
[2023-03-30 12:04:50,517] {logging_mixin.py:115} INFO - [2023-03-30 12:04:50,517] {dag.py:2371} INFO - Sync 1 DAGs
[2023-03-30 12:04:50,654] {logging_mixin.py:115} INFO - [2023-03-30 12:04:50,654] {dag.py:2919} INFO - Setting next_dagrun for example_branch_labels to 2023-03-29T00:00:00+00:00, run_after=2023-03-30T00:00:00+00:00
[2023-03-30 12:04:50,675] {processor.py:161} INFO - Processing /home/airflow/.local/lib/python3.7/site-packages/airflow/example_dags/example_branch_labels.py took 0.272 seconds
[2023-03-30 12:05:21,002] {processor.py:153} INFO - Started process (PID=3703) to work on /home/airflow/.local/lib/python3.7/site-packages/airflow/example_dags/example_branch_labels.py
[2023-03-30 12:05:21,004] {processor.py:641} INFO - Processing file /home/airflow/.local/lib/python3.7/site-packages/airflow/example_dags/example_branch_labels.py for tasks to queue
[2023-03-30 12:05:21,005] {logging_mixin.py:115} INFO - [2023-03-30 12:05:21,005] {dagbag.py:507} INFO - Filling up the DagBag from /home/airflow/.local/lib/python3.7/site-packages/airflow/example_dags/example_branch_labels.py
[2023-03-30 12:05:21,010] {processor.py:651} INFO - DAG(s) dict_keys(['example_branch_labels']) retrieved from /home/airflow/.local/lib/python3.7/site-packages/airflow/example_dags/example_branch_labels.py
[2023-03-30 12:05:21,121] {logging_mixin.py:115} INFO - [2023-03-30 12:05:21,121] {dag.py:2371} INFO - Sync 1 DAGs
[2023-03-30 12:05:21,258] {logging_mixin.py:115} INFO - [2023-03-30 12:05:21,258] {dag.py:2919} INFO - Setting next_dagrun for example_branch_labels to 2023-03-29T00:00:00+00:00, run_after=2023-03-30T00:00:00+00:00
[2023-03-30 12:05:21,278] {processor.py:161} INFO - Processing /home/airflow/.local/lib/python3.7/site-packages/airflow/example_dags/example_branch_labels.py took 0.279 seconds
[2023-03-30 12:05:51,660] {processor.py:153} INFO - Started process (PID=3766) to work on /home/airflow/.local/lib/python3.7/site-packages/airflow/example_dags/example_branch_labels.py
[2023-03-30 12:05:51,662] {processor.py:641} INFO - Processing file /home/airflow/.local/lib/python3.7/site-packages/airflow/example_dags/example_branch_labels.py for tasks to queue
[2023-03-30 12:05:51,663] {logging_mixin.py:115} INFO - [2023-03-30 12:05:51,663] {dagbag.py:507} INFO - Filling up the DagBag from /home/airflow/.local/lib/python3.7/site-packages/airflow/example_dags/example_branch_labels.py
[2023-03-30 12:05:51,670] {processor.py:651} INFO - DAG(s) dict_keys(['example_branch_labels']) retrieved from /home/airflow/.local/lib/python3.7/site-packages/airflow/example_dags/example_branch_labels.py
[2023-03-30 12:05:51,781] {logging_mixin.py:115} INFO - [2023-03-30 12:05:51,781] {dag.py:2371} INFO - Sync 1 DAGs
[2023-03-30 12:05:51,925] {logging_mixin.py:115} INFO - [2023-03-30 12:05:51,925] {dag.py:2919} INFO - Setting next_dagrun for example_branch_labels to 2023-03-29T00:00:00+00:00, run_after=2023-03-30T00:00:00+00:00
[2023-03-30 12:05:51,947] {processor.py:161} INFO - Processing /home/airflow/.local/lib/python3.7/site-packages/airflow/example_dags/example_branch_labels.py took 0.290 seconds
[2023-03-30 12:06:22,085] {processor.py:153} INFO - Started process (PID=3829) to work on /home/airflow/.local/lib/python3.7/site-packages/airflow/example_dags/example_branch_labels.py
[2023-03-30 12:06:22,086] {processor.py:641} INFO - Processing file /home/airflow/.local/lib/python3.7/site-packages/airflow/example_dags/example_branch_labels.py for tasks to queue
[2023-03-30 12:06:22,087] {logging_mixin.py:115} INFO - [2023-03-30 12:06:22,087] {dagbag.py:507} INFO - Filling up the DagBag from /home/airflow/.local/lib/python3.7/site-packages/airflow/example_dags/example_branch_labels.py
[2023-03-30 12:06:22,091] {processor.py:651} INFO - DAG(s) dict_keys(['example_branch_labels']) retrieved from /home/airflow/.local/lib/python3.7/site-packages/airflow/example_dags/example_branch_labels.py
[2023-03-30 12:06:22,195] {logging_mixin.py:115} INFO - [2023-03-30 12:06:22,195] {dag.py:2371} INFO - Sync 1 DAGs
[2023-03-30 12:06:22,327] {logging_mixin.py:115} INFO - [2023-03-30 12:06:22,327] {dag.py:2919} INFO - Setting next_dagrun for example_branch_labels to 2023-03-29T00:00:00+00:00, run_after=2023-03-30T00:00:00+00:00
[2023-03-30 12:06:22,348] {processor.py:161} INFO - Processing /home/airflow/.local/lib/python3.7/site-packages/airflow/example_dags/example_branch_labels.py took 0.265 seconds
[2023-03-30 12:06:52,846] {processor.py:153} INFO - Started process (PID=3892) to work on /home/airflow/.local/lib/python3.7/site-packages/airflow/example_dags/example_branch_labels.py
[2023-03-30 12:06:52,847] {processor.py:641} INFO - Processing file /home/airflow/.local/lib/python3.7/site-packages/airflow/example_dags/example_branch_labels.py for tasks to queue
[2023-03-30 12:06:52,848] {logging_mixin.py:115} INFO - [2023-03-30 12:06:52,848] {dagbag.py:507} INFO - Filling up the DagBag from /home/airflow/.local/lib/python3.7/site-packages/airflow/example_dags/example_branch_labels.py
[2023-03-30 12:06:52,853] {processor.py:651} INFO - DAG(s) dict_keys(['example_branch_labels']) retrieved from /home/airflow/.local/lib/python3.7/site-packages/airflow/example_dags/example_branch_labels.py
[2023-03-30 12:06:52,965] {logging_mixin.py:115} INFO - [2023-03-30 12:06:52,965] {dag.py:2371} INFO - Sync 1 DAGs
[2023-03-30 12:06:53,108] {logging_mixin.py:115} INFO - [2023-03-30 12:06:53,108] {dag.py:2919} INFO - Setting next_dagrun for example_branch_labels to 2023-03-29T00:00:00+00:00, run_after=2023-03-30T00:00:00+00:00
[2023-03-30 12:06:53,129] {processor.py:161} INFO - Processing /home/airflow/.local/lib/python3.7/site-packages/airflow/example_dags/example_branch_labels.py took 0.285 seconds
[2023-03-30 12:07:23,296] {processor.py:153} INFO - Started process (PID=3955) to work on /home/airflow/.local/lib/python3.7/site-packages/airflow/example_dags/example_branch_labels.py
[2023-03-30 12:07:23,298] {processor.py:641} INFO - Processing file /home/airflow/.local/lib/python3.7/site-packages/airflow/example_dags/example_branch_labels.py for tasks to queue
[2023-03-30 12:07:23,299] {logging_mixin.py:115} INFO - [2023-03-30 12:07:23,299] {dagbag.py:507} INFO - Filling up the DagBag from /home/airflow/.local/lib/python3.7/site-packages/airflow/example_dags/example_branch_labels.py
[2023-03-30 12:07:23,307] {processor.py:651} INFO - DAG(s) dict_keys(['example_branch_labels']) retrieved from /home/airflow/.local/lib/python3.7/site-packages/airflow/example_dags/example_branch_labels.py
[2023-03-30 12:07:23,431] {logging_mixin.py:115} INFO - [2023-03-30 12:07:23,431] {dag.py:2371} INFO - Sync 1 DAGs
[2023-03-30 12:07:23,573] {logging_mixin.py:115} INFO - [2023-03-30 12:07:23,573] {dag.py:2919} INFO - Setting next_dagrun for example_branch_labels to 2023-03-29T00:00:00+00:00, run_after=2023-03-30T00:00:00+00:00
[2023-03-30 12:07:23,594] {processor.py:161} INFO - Processing /home/airflow/.local/lib/python3.7/site-packages/airflow/example_dags/example_branch_labels.py took 0.301 seconds
