[2023-03-30 11:34:49,646] {processor.py:153} INFO - Started process (PID=63) to work on /home/airflow/.local/lib/python3.7/site-packages/airflow/example_dags/example_branch_day_of_week_operator.py
[2023-03-30 11:34:49,647] {processor.py:641} INFO - Processing file /home/airflow/.local/lib/python3.7/site-packages/airflow/example_dags/example_branch_day_of_week_operator.py for tasks to queue
[2023-03-30 11:34:49,648] {logging_mixin.py:115} INFO - [2023-03-30 11:34:49,648] {dagbag.py:507} INFO - Filling up the DagBag from /home/airflow/.local/lib/python3.7/site-packages/airflow/example_dags/example_branch_day_of_week_operator.py
[2023-03-30 11:34:49,658] {processor.py:651} INFO - DAG(s) dict_keys(['example_weekday_branch_operator']) retrieved from /home/airflow/.local/lib/python3.7/site-packages/airflow/example_dags/example_branch_day_of_week_operator.py
[2023-03-30 11:34:49,925] {logging_mixin.py:115} INFO - [2023-03-30 11:34:49,925] {manager.py:508} INFO - Created Permission View: can read on DAG:example_weekday_branch_operator
[2023-03-30 11:34:49,938] {logging_mixin.py:115} INFO - [2023-03-30 11:34:49,938] {manager.py:508} INFO - Created Permission View: can delete on DAG:example_weekday_branch_operator
[2023-03-30 11:34:49,949] {logging_mixin.py:115} INFO - [2023-03-30 11:34:49,949] {manager.py:508} INFO - Created Permission View: can edit on DAG:example_weekday_branch_operator
[2023-03-30 11:34:49,950] {logging_mixin.py:115} INFO - [2023-03-30 11:34:49,950] {dag.py:2371} INFO - Sync 1 DAGs
[2023-03-30 11:34:49,959] {logging_mixin.py:115} INFO - [2023-03-30 11:34:49,959] {dag.py:2390} INFO - Creating ORM DAG for example_weekday_branch_operator
[2023-03-30 11:34:49,990] {logging_mixin.py:115} INFO - [2023-03-30 11:34:49,990] {dag.py:2919} INFO - Setting next_dagrun for example_weekday_branch_operator to 2023-03-29T00:00:00+00:00, run_after=2023-03-30T00:00:00+00:00
[2023-03-30 11:34:50,008] {processor.py:161} INFO - Processing /home/airflow/.local/lib/python3.7/site-packages/airflow/example_dags/example_branch_day_of_week_operator.py took 0.364 seconds
[2023-03-30 11:35:20,107] {processor.py:153} INFO - Started process (PID=126) to work on /home/airflow/.local/lib/python3.7/site-packages/airflow/example_dags/example_branch_day_of_week_operator.py
[2023-03-30 11:35:20,108] {processor.py:641} INFO - Processing file /home/airflow/.local/lib/python3.7/site-packages/airflow/example_dags/example_branch_day_of_week_operator.py for tasks to queue
[2023-03-30 11:35:20,109] {logging_mixin.py:115} INFO - [2023-03-30 11:35:20,109] {dagbag.py:507} INFO - Filling up the DagBag from /home/airflow/.local/lib/python3.7/site-packages/airflow/example_dags/example_branch_day_of_week_operator.py
[2023-03-30 11:35:20,115] {processor.py:651} INFO - DAG(s) dict_keys(['example_weekday_branch_operator']) retrieved from /home/airflow/.local/lib/python3.7/site-packages/airflow/example_dags/example_branch_day_of_week_operator.py
[2023-03-30 11:35:20,218] {logging_mixin.py:115} INFO - [2023-03-30 11:35:20,218] {dag.py:2371} INFO - Sync 1 DAGs
[2023-03-30 11:35:20,265] {logging_mixin.py:115} INFO - [2023-03-30 11:35:20,265] {dag.py:2919} INFO - Setting next_dagrun for example_weekday_branch_operator to 2023-03-29T00:00:00+00:00, run_after=2023-03-30T00:00:00+00:00
[2023-03-30 11:35:20,290] {processor.py:161} INFO - Processing /home/airflow/.local/lib/python3.7/site-packages/airflow/example_dags/example_branch_day_of_week_operator.py took 0.185 seconds
[2023-03-30 11:35:51,184] {processor.py:153} INFO - Started process (PID=180) to work on /home/airflow/.local/lib/python3.7/site-packages/airflow/example_dags/example_branch_day_of_week_operator.py
[2023-03-30 11:35:51,186] {processor.py:641} INFO - Processing file /home/airflow/.local/lib/python3.7/site-packages/airflow/example_dags/example_branch_day_of_week_operator.py for tasks to queue
[2023-03-30 11:35:51,187] {logging_mixin.py:115} INFO - [2023-03-30 11:35:51,187] {dagbag.py:507} INFO - Filling up the DagBag from /home/airflow/.local/lib/python3.7/site-packages/airflow/example_dags/example_branch_day_of_week_operator.py
[2023-03-30 11:35:51,194] {processor.py:651} INFO - DAG(s) dict_keys(['example_weekday_branch_operator']) retrieved from /home/airflow/.local/lib/python3.7/site-packages/airflow/example_dags/example_branch_day_of_week_operator.py
[2023-03-30 11:35:51,307] {logging_mixin.py:115} INFO - [2023-03-30 11:35:51,307] {dag.py:2371} INFO - Sync 1 DAGs
[2023-03-30 11:35:51,365] {logging_mixin.py:115} INFO - [2023-03-30 11:35:51,365] {dag.py:2919} INFO - Setting next_dagrun for example_weekday_branch_operator to 2023-03-29T00:00:00+00:00, run_after=2023-03-30T00:00:00+00:00
[2023-03-30 11:35:51,391] {processor.py:161} INFO - Processing /home/airflow/.local/lib/python3.7/site-packages/airflow/example_dags/example_branch_day_of_week_operator.py took 0.210 seconds
[2023-03-30 11:36:22,281] {processor.py:153} INFO - Started process (PID=243) to work on /home/airflow/.local/lib/python3.7/site-packages/airflow/example_dags/example_branch_day_of_week_operator.py
[2023-03-30 11:36:22,282] {processor.py:641} INFO - Processing file /home/airflow/.local/lib/python3.7/site-packages/airflow/example_dags/example_branch_day_of_week_operator.py for tasks to queue
[2023-03-30 11:36:22,283] {logging_mixin.py:115} INFO - [2023-03-30 11:36:22,283] {dagbag.py:507} INFO - Filling up the DagBag from /home/airflow/.local/lib/python3.7/site-packages/airflow/example_dags/example_branch_day_of_week_operator.py
[2023-03-30 11:36:22,289] {processor.py:651} INFO - DAG(s) dict_keys(['example_weekday_branch_operator']) retrieved from /home/airflow/.local/lib/python3.7/site-packages/airflow/example_dags/example_branch_day_of_week_operator.py
[2023-03-30 11:36:22,389] {logging_mixin.py:115} INFO - [2023-03-30 11:36:22,389] {dag.py:2371} INFO - Sync 1 DAGs
[2023-03-30 11:36:22,438] {logging_mixin.py:115} INFO - [2023-03-30 11:36:22,438] {dag.py:2919} INFO - Setting next_dagrun for example_weekday_branch_operator to 2023-03-29T00:00:00+00:00, run_after=2023-03-30T00:00:00+00:00
[2023-03-30 11:36:22,463] {processor.py:161} INFO - Processing /home/airflow/.local/lib/python3.7/site-packages/airflow/example_dags/example_branch_day_of_week_operator.py took 0.184 seconds
[2023-03-30 11:36:52,957] {processor.py:153} INFO - Started process (PID=306) to work on /home/airflow/.local/lib/python3.7/site-packages/airflow/example_dags/example_branch_day_of_week_operator.py
[2023-03-30 11:36:52,958] {processor.py:641} INFO - Processing file /home/airflow/.local/lib/python3.7/site-packages/airflow/example_dags/example_branch_day_of_week_operator.py for tasks to queue
[2023-03-30 11:36:52,958] {logging_mixin.py:115} INFO - [2023-03-30 11:36:52,958] {dagbag.py:507} INFO - Filling up the DagBag from /home/airflow/.local/lib/python3.7/site-packages/airflow/example_dags/example_branch_day_of_week_operator.py
[2023-03-30 11:36:52,965] {processor.py:651} INFO - DAG(s) dict_keys(['example_weekday_branch_operator']) retrieved from /home/airflow/.local/lib/python3.7/site-packages/airflow/example_dags/example_branch_day_of_week_operator.py
[2023-03-30 11:36:53,066] {logging_mixin.py:115} INFO - [2023-03-30 11:36:53,066] {dag.py:2371} INFO - Sync 1 DAGs
[2023-03-30 11:36:53,113] {logging_mixin.py:115} INFO - [2023-03-30 11:36:53,113] {dag.py:2919} INFO - Setting next_dagrun for example_weekday_branch_operator to 2023-03-29T00:00:00+00:00, run_after=2023-03-30T00:00:00+00:00
[2023-03-30 11:36:53,135] {processor.py:161} INFO - Processing /home/airflow/.local/lib/python3.7/site-packages/airflow/example_dags/example_branch_day_of_week_operator.py took 0.181 seconds
[2023-03-30 11:37:23,824] {processor.py:153} INFO - Started process (PID=369) to work on /home/airflow/.local/lib/python3.7/site-packages/airflow/example_dags/example_branch_day_of_week_operator.py
[2023-03-30 11:37:23,826] {processor.py:641} INFO - Processing file /home/airflow/.local/lib/python3.7/site-packages/airflow/example_dags/example_branch_day_of_week_operator.py for tasks to queue
[2023-03-30 11:37:23,826] {logging_mixin.py:115} INFO - [2023-03-30 11:37:23,826] {dagbag.py:507} INFO - Filling up the DagBag from /home/airflow/.local/lib/python3.7/site-packages/airflow/example_dags/example_branch_day_of_week_operator.py
[2023-03-30 11:37:23,833] {processor.py:651} INFO - DAG(s) dict_keys(['example_weekday_branch_operator']) retrieved from /home/airflow/.local/lib/python3.7/site-packages/airflow/example_dags/example_branch_day_of_week_operator.py
[2023-03-30 11:37:24,096] {logging_mixin.py:115} INFO - [2023-03-30 11:37:24,096] {dag.py:2371} INFO - Sync 1 DAGs
[2023-03-30 11:37:24,176] {logging_mixin.py:115} INFO - [2023-03-30 11:37:24,176] {dag.py:2919} INFO - Setting next_dagrun for example_weekday_branch_operator to 2023-03-29T00:00:00+00:00, run_after=2023-03-30T00:00:00+00:00
[2023-03-30 11:37:24,199] {processor.py:161} INFO - Processing /home/airflow/.local/lib/python3.7/site-packages/airflow/example_dags/example_branch_day_of_week_operator.py took 0.378 seconds
[2023-03-30 11:37:54,564] {processor.py:153} INFO - Started process (PID=432) to work on /home/airflow/.local/lib/python3.7/site-packages/airflow/example_dags/example_branch_day_of_week_operator.py
[2023-03-30 11:37:54,565] {processor.py:641} INFO - Processing file /home/airflow/.local/lib/python3.7/site-packages/airflow/example_dags/example_branch_day_of_week_operator.py for tasks to queue
[2023-03-30 11:37:54,566] {logging_mixin.py:115} INFO - [2023-03-30 11:37:54,565] {dagbag.py:507} INFO - Filling up the DagBag from /home/airflow/.local/lib/python3.7/site-packages/airflow/example_dags/example_branch_day_of_week_operator.py
[2023-03-30 11:37:54,571] {processor.py:651} INFO - DAG(s) dict_keys(['example_weekday_branch_operator']) retrieved from /home/airflow/.local/lib/python3.7/site-packages/airflow/example_dags/example_branch_day_of_week_operator.py
[2023-03-30 11:37:54,699] {logging_mixin.py:115} INFO - [2023-03-30 11:37:54,699] {dag.py:2371} INFO - Sync 1 DAGs
[2023-03-30 11:37:54,751] {logging_mixin.py:115} INFO - [2023-03-30 11:37:54,751] {dag.py:2919} INFO - Setting next_dagrun for example_weekday_branch_operator to 2023-03-29T00:00:00+00:00, run_after=2023-03-30T00:00:00+00:00
[2023-03-30 11:37:54,783] {processor.py:161} INFO - Processing /home/airflow/.local/lib/python3.7/site-packages/airflow/example_dags/example_branch_day_of_week_operator.py took 0.223 seconds
[2023-03-30 11:38:25,106] {processor.py:153} INFO - Started process (PID=495) to work on /home/airflow/.local/lib/python3.7/site-packages/airflow/example_dags/example_branch_day_of_week_operator.py
[2023-03-30 11:38:25,110] {processor.py:641} INFO - Processing file /home/airflow/.local/lib/python3.7/site-packages/airflow/example_dags/example_branch_day_of_week_operator.py for tasks to queue
[2023-03-30 11:38:25,111] {logging_mixin.py:115} INFO - [2023-03-30 11:38:25,111] {dagbag.py:507} INFO - Filling up the DagBag from /home/airflow/.local/lib/python3.7/site-packages/airflow/example_dags/example_branch_day_of_week_operator.py
[2023-03-30 11:38:25,117] {processor.py:651} INFO - DAG(s) dict_keys(['example_weekday_branch_operator']) retrieved from /home/airflow/.local/lib/python3.7/site-packages/airflow/example_dags/example_branch_day_of_week_operator.py
[2023-03-30 11:38:25,227] {logging_mixin.py:115} INFO - [2023-03-30 11:38:25,227] {dag.py:2371} INFO - Sync 1 DAGs
[2023-03-30 11:38:25,276] {logging_mixin.py:115} INFO - [2023-03-30 11:38:25,276] {dag.py:2919} INFO - Setting next_dagrun for example_weekday_branch_operator to 2023-03-29T00:00:00+00:00, run_after=2023-03-30T00:00:00+00:00
[2023-03-30 11:38:25,301] {processor.py:161} INFO - Processing /home/airflow/.local/lib/python3.7/site-packages/airflow/example_dags/example_branch_day_of_week_operator.py took 0.198 seconds
[2023-03-30 11:38:55,796] {processor.py:153} INFO - Started process (PID=549) to work on /home/airflow/.local/lib/python3.7/site-packages/airflow/example_dags/example_branch_day_of_week_operator.py
[2023-03-30 11:38:55,800] {processor.py:641} INFO - Processing file /home/airflow/.local/lib/python3.7/site-packages/airflow/example_dags/example_branch_day_of_week_operator.py for tasks to queue
[2023-03-30 11:38:55,804] {logging_mixin.py:115} INFO - [2023-03-30 11:38:55,804] {dagbag.py:507} INFO - Filling up the DagBag from /home/airflow/.local/lib/python3.7/site-packages/airflow/example_dags/example_branch_day_of_week_operator.py
[2023-03-30 11:38:55,815] {processor.py:651} INFO - DAG(s) dict_keys(['example_weekday_branch_operator']) retrieved from /home/airflow/.local/lib/python3.7/site-packages/airflow/example_dags/example_branch_day_of_week_operator.py
[2023-03-30 11:38:55,952] {logging_mixin.py:115} INFO - [2023-03-30 11:38:55,951] {dag.py:2371} INFO - Sync 1 DAGs
[2023-03-30 11:38:56,001] {logging_mixin.py:115} INFO - [2023-03-30 11:38:56,001] {dag.py:2919} INFO - Setting next_dagrun for example_weekday_branch_operator to 2023-03-29T00:00:00+00:00, run_after=2023-03-30T00:00:00+00:00
[2023-03-30 11:38:56,025] {processor.py:161} INFO - Processing /home/airflow/.local/lib/python3.7/site-packages/airflow/example_dags/example_branch_day_of_week_operator.py took 0.232 seconds
[2023-03-30 11:39:26,302] {processor.py:153} INFO - Started process (PID=611) to work on /home/airflow/.local/lib/python3.7/site-packages/airflow/example_dags/example_branch_day_of_week_operator.py
[2023-03-30 11:39:26,303] {processor.py:641} INFO - Processing file /home/airflow/.local/lib/python3.7/site-packages/airflow/example_dags/example_branch_day_of_week_operator.py for tasks to queue
[2023-03-30 11:39:26,303] {logging_mixin.py:115} INFO - [2023-03-30 11:39:26,303] {dagbag.py:507} INFO - Filling up the DagBag from /home/airflow/.local/lib/python3.7/site-packages/airflow/example_dags/example_branch_day_of_week_operator.py
[2023-03-30 11:39:26,312] {processor.py:651} INFO - DAG(s) dict_keys(['example_weekday_branch_operator']) retrieved from /home/airflow/.local/lib/python3.7/site-packages/airflow/example_dags/example_branch_day_of_week_operator.py
[2023-03-30 11:39:26,420] {logging_mixin.py:115} INFO - [2023-03-30 11:39:26,420] {dag.py:2371} INFO - Sync 1 DAGs
[2023-03-30 11:39:26,473] {logging_mixin.py:115} INFO - [2023-03-30 11:39:26,473] {dag.py:2919} INFO - Setting next_dagrun for example_weekday_branch_operator to 2023-03-29T00:00:00+00:00, run_after=2023-03-30T00:00:00+00:00
[2023-03-30 11:39:26,495] {processor.py:161} INFO - Processing /home/airflow/.local/lib/python3.7/site-packages/airflow/example_dags/example_branch_day_of_week_operator.py took 0.197 seconds
[2023-03-30 11:39:56,592] {processor.py:153} INFO - Started process (PID=674) to work on /home/airflow/.local/lib/python3.7/site-packages/airflow/example_dags/example_branch_day_of_week_operator.py
[2023-03-30 11:39:56,593] {processor.py:641} INFO - Processing file /home/airflow/.local/lib/python3.7/site-packages/airflow/example_dags/example_branch_day_of_week_operator.py for tasks to queue
[2023-03-30 11:39:56,594] {logging_mixin.py:115} INFO - [2023-03-30 11:39:56,594] {dagbag.py:507} INFO - Filling up the DagBag from /home/airflow/.local/lib/python3.7/site-packages/airflow/example_dags/example_branch_day_of_week_operator.py
[2023-03-30 11:39:56,600] {processor.py:651} INFO - DAG(s) dict_keys(['example_weekday_branch_operator']) retrieved from /home/airflow/.local/lib/python3.7/site-packages/airflow/example_dags/example_branch_day_of_week_operator.py
[2023-03-30 11:39:56,705] {logging_mixin.py:115} INFO - [2023-03-30 11:39:56,705] {dag.py:2371} INFO - Sync 1 DAGs
[2023-03-30 11:39:56,757] {logging_mixin.py:115} INFO - [2023-03-30 11:39:56,757] {dag.py:2919} INFO - Setting next_dagrun for example_weekday_branch_operator to 2023-03-29T00:00:00+00:00, run_after=2023-03-30T00:00:00+00:00
[2023-03-30 11:39:56,780] {processor.py:161} INFO - Processing /home/airflow/.local/lib/python3.7/site-packages/airflow/example_dags/example_branch_day_of_week_operator.py took 0.190 seconds
[2023-03-30 11:40:27,109] {processor.py:153} INFO - Started process (PID=737) to work on /home/airflow/.local/lib/python3.7/site-packages/airflow/example_dags/example_branch_day_of_week_operator.py
[2023-03-30 11:40:27,110] {processor.py:641} INFO - Processing file /home/airflow/.local/lib/python3.7/site-packages/airflow/example_dags/example_branch_day_of_week_operator.py for tasks to queue
[2023-03-30 11:40:27,111] {logging_mixin.py:115} INFO - [2023-03-30 11:40:27,111] {dagbag.py:507} INFO - Filling up the DagBag from /home/airflow/.local/lib/python3.7/site-packages/airflow/example_dags/example_branch_day_of_week_operator.py
[2023-03-30 11:40:27,117] {processor.py:651} INFO - DAG(s) dict_keys(['example_weekday_branch_operator']) retrieved from /home/airflow/.local/lib/python3.7/site-packages/airflow/example_dags/example_branch_day_of_week_operator.py
[2023-03-30 11:40:27,220] {logging_mixin.py:115} INFO - [2023-03-30 11:40:27,219] {dag.py:2371} INFO - Sync 1 DAGs
[2023-03-30 11:40:27,271] {logging_mixin.py:115} INFO - [2023-03-30 11:40:27,271] {dag.py:2919} INFO - Setting next_dagrun for example_weekday_branch_operator to 2023-03-29T00:00:00+00:00, run_after=2023-03-30T00:00:00+00:00
[2023-03-30 11:40:27,295] {processor.py:161} INFO - Processing /home/airflow/.local/lib/python3.7/site-packages/airflow/example_dags/example_branch_day_of_week_operator.py took 0.189 seconds
[2023-03-30 11:40:57,448] {processor.py:153} INFO - Started process (PID=791) to work on /home/airflow/.local/lib/python3.7/site-packages/airflow/example_dags/example_branch_day_of_week_operator.py
[2023-03-30 11:40:57,449] {processor.py:641} INFO - Processing file /home/airflow/.local/lib/python3.7/site-packages/airflow/example_dags/example_branch_day_of_week_operator.py for tasks to queue
[2023-03-30 11:40:57,450] {logging_mixin.py:115} INFO - [2023-03-30 11:40:57,450] {dagbag.py:507} INFO - Filling up the DagBag from /home/airflow/.local/lib/python3.7/site-packages/airflow/example_dags/example_branch_day_of_week_operator.py
[2023-03-30 11:40:57,456] {processor.py:651} INFO - DAG(s) dict_keys(['example_weekday_branch_operator']) retrieved from /home/airflow/.local/lib/python3.7/site-packages/airflow/example_dags/example_branch_day_of_week_operator.py
[2023-03-30 11:40:57,564] {logging_mixin.py:115} INFO - [2023-03-30 11:40:57,564] {dag.py:2371} INFO - Sync 1 DAGs
[2023-03-30 11:40:57,613] {logging_mixin.py:115} INFO - [2023-03-30 11:40:57,613] {dag.py:2919} INFO - Setting next_dagrun for example_weekday_branch_operator to 2023-03-29T00:00:00+00:00, run_after=2023-03-30T00:00:00+00:00
[2023-03-30 11:40:57,637] {processor.py:161} INFO - Processing /home/airflow/.local/lib/python3.7/site-packages/airflow/example_dags/example_branch_day_of_week_operator.py took 0.192 seconds
[2023-03-30 11:41:27,873] {processor.py:153} INFO - Started process (PID=854) to work on /home/airflow/.local/lib/python3.7/site-packages/airflow/example_dags/example_branch_day_of_week_operator.py
[2023-03-30 11:41:27,874] {processor.py:641} INFO - Processing file /home/airflow/.local/lib/python3.7/site-packages/airflow/example_dags/example_branch_day_of_week_operator.py for tasks to queue
[2023-03-30 11:41:27,875] {logging_mixin.py:115} INFO - [2023-03-30 11:41:27,875] {dagbag.py:507} INFO - Filling up the DagBag from /home/airflow/.local/lib/python3.7/site-packages/airflow/example_dags/example_branch_day_of_week_operator.py
[2023-03-30 11:41:27,883] {processor.py:651} INFO - DAG(s) dict_keys(['example_weekday_branch_operator']) retrieved from /home/airflow/.local/lib/python3.7/site-packages/airflow/example_dags/example_branch_day_of_week_operator.py
[2023-03-30 11:41:27,986] {logging_mixin.py:115} INFO - [2023-03-30 11:41:27,986] {dag.py:2371} INFO - Sync 1 DAGs
[2023-03-30 11:41:28,037] {logging_mixin.py:115} INFO - [2023-03-30 11:41:28,037] {dag.py:2919} INFO - Setting next_dagrun for example_weekday_branch_operator to 2023-03-29T00:00:00+00:00, run_after=2023-03-30T00:00:00+00:00
[2023-03-30 11:41:28,059] {processor.py:161} INFO - Processing /home/airflow/.local/lib/python3.7/site-packages/airflow/example_dags/example_branch_day_of_week_operator.py took 0.189 seconds
[2023-03-30 11:41:58,441] {processor.py:153} INFO - Started process (PID=917) to work on /home/airflow/.local/lib/python3.7/site-packages/airflow/example_dags/example_branch_day_of_week_operator.py
[2023-03-30 11:41:58,442] {processor.py:641} INFO - Processing file /home/airflow/.local/lib/python3.7/site-packages/airflow/example_dags/example_branch_day_of_week_operator.py for tasks to queue
[2023-03-30 11:41:58,443] {logging_mixin.py:115} INFO - [2023-03-30 11:41:58,443] {dagbag.py:507} INFO - Filling up the DagBag from /home/airflow/.local/lib/python3.7/site-packages/airflow/example_dags/example_branch_day_of_week_operator.py
[2023-03-30 11:41:58,449] {processor.py:651} INFO - DAG(s) dict_keys(['example_weekday_branch_operator']) retrieved from /home/airflow/.local/lib/python3.7/site-packages/airflow/example_dags/example_branch_day_of_week_operator.py
[2023-03-30 11:41:58,550] {logging_mixin.py:115} INFO - [2023-03-30 11:41:58,550] {dag.py:2371} INFO - Sync 1 DAGs
[2023-03-30 11:41:58,598] {logging_mixin.py:115} INFO - [2023-03-30 11:41:58,598] {dag.py:2919} INFO - Setting next_dagrun for example_weekday_branch_operator to 2023-03-29T00:00:00+00:00, run_after=2023-03-30T00:00:00+00:00
[2023-03-30 11:41:58,619] {processor.py:161} INFO - Processing /home/airflow/.local/lib/python3.7/site-packages/airflow/example_dags/example_branch_day_of_week_operator.py took 0.181 seconds
[2023-03-30 11:42:28,918] {processor.py:153} INFO - Started process (PID=979) to work on /home/airflow/.local/lib/python3.7/site-packages/airflow/example_dags/example_branch_day_of_week_operator.py
[2023-03-30 11:42:28,919] {processor.py:641} INFO - Processing file /home/airflow/.local/lib/python3.7/site-packages/airflow/example_dags/example_branch_day_of_week_operator.py for tasks to queue
[2023-03-30 11:42:28,920] {logging_mixin.py:115} INFO - [2023-03-30 11:42:28,920] {dagbag.py:507} INFO - Filling up the DagBag from /home/airflow/.local/lib/python3.7/site-packages/airflow/example_dags/example_branch_day_of_week_operator.py
[2023-03-30 11:42:28,926] {processor.py:651} INFO - DAG(s) dict_keys(['example_weekday_branch_operator']) retrieved from /home/airflow/.local/lib/python3.7/site-packages/airflow/example_dags/example_branch_day_of_week_operator.py
[2023-03-30 11:42:29,023] {logging_mixin.py:115} INFO - [2023-03-30 11:42:29,023] {dag.py:2371} INFO - Sync 1 DAGs
[2023-03-30 11:42:29,073] {logging_mixin.py:115} INFO - [2023-03-30 11:42:29,073] {dag.py:2919} INFO - Setting next_dagrun for example_weekday_branch_operator to 2023-03-29T00:00:00+00:00, run_after=2023-03-30T00:00:00+00:00
[2023-03-30 11:42:29,094] {processor.py:161} INFO - Processing /home/airflow/.local/lib/python3.7/site-packages/airflow/example_dags/example_branch_day_of_week_operator.py took 0.179 seconds
[2023-03-30 11:42:59,573] {processor.py:153} INFO - Started process (PID=1042) to work on /home/airflow/.local/lib/python3.7/site-packages/airflow/example_dags/example_branch_day_of_week_operator.py
[2023-03-30 11:42:59,574] {processor.py:641} INFO - Processing file /home/airflow/.local/lib/python3.7/site-packages/airflow/example_dags/example_branch_day_of_week_operator.py for tasks to queue
[2023-03-30 11:42:59,575] {logging_mixin.py:115} INFO - [2023-03-30 11:42:59,575] {dagbag.py:507} INFO - Filling up the DagBag from /home/airflow/.local/lib/python3.7/site-packages/airflow/example_dags/example_branch_day_of_week_operator.py
[2023-03-30 11:42:59,581] {processor.py:651} INFO - DAG(s) dict_keys(['example_weekday_branch_operator']) retrieved from /home/airflow/.local/lib/python3.7/site-packages/airflow/example_dags/example_branch_day_of_week_operator.py
[2023-03-30 11:42:59,687] {logging_mixin.py:115} INFO - [2023-03-30 11:42:59,687] {dag.py:2371} INFO - Sync 1 DAGs
[2023-03-30 11:42:59,740] {logging_mixin.py:115} INFO - [2023-03-30 11:42:59,740] {dag.py:2919} INFO - Setting next_dagrun for example_weekday_branch_operator to 2023-03-29T00:00:00+00:00, run_after=2023-03-30T00:00:00+00:00
[2023-03-30 11:42:59,763] {processor.py:161} INFO - Processing /home/airflow/.local/lib/python3.7/site-packages/airflow/example_dags/example_branch_day_of_week_operator.py took 0.193 seconds
[2023-03-30 11:43:30,192] {processor.py:153} INFO - Started process (PID=1096) to work on /home/airflow/.local/lib/python3.7/site-packages/airflow/example_dags/example_branch_day_of_week_operator.py
[2023-03-30 11:43:30,193] {processor.py:641} INFO - Processing file /home/airflow/.local/lib/python3.7/site-packages/airflow/example_dags/example_branch_day_of_week_operator.py for tasks to queue
[2023-03-30 11:43:30,194] {logging_mixin.py:115} INFO - [2023-03-30 11:43:30,194] {dagbag.py:507} INFO - Filling up the DagBag from /home/airflow/.local/lib/python3.7/site-packages/airflow/example_dags/example_branch_day_of_week_operator.py
[2023-03-30 11:43:30,201] {processor.py:651} INFO - DAG(s) dict_keys(['example_weekday_branch_operator']) retrieved from /home/airflow/.local/lib/python3.7/site-packages/airflow/example_dags/example_branch_day_of_week_operator.py
[2023-03-30 11:43:30,305] {logging_mixin.py:115} INFO - [2023-03-30 11:43:30,305] {dag.py:2371} INFO - Sync 1 DAGs
[2023-03-30 11:43:30,354] {logging_mixin.py:115} INFO - [2023-03-30 11:43:30,354] {dag.py:2919} INFO - Setting next_dagrun for example_weekday_branch_operator to 2023-03-29T00:00:00+00:00, run_after=2023-03-30T00:00:00+00:00
[2023-03-30 11:43:30,376] {processor.py:161} INFO - Processing /home/airflow/.local/lib/python3.7/site-packages/airflow/example_dags/example_branch_day_of_week_operator.py took 0.187 seconds
[2023-03-30 11:44:00,822] {processor.py:153} INFO - Started process (PID=1159) to work on /home/airflow/.local/lib/python3.7/site-packages/airflow/example_dags/example_branch_day_of_week_operator.py
[2023-03-30 11:44:00,824] {processor.py:641} INFO - Processing file /home/airflow/.local/lib/python3.7/site-packages/airflow/example_dags/example_branch_day_of_week_operator.py for tasks to queue
[2023-03-30 11:44:00,824] {logging_mixin.py:115} INFO - [2023-03-30 11:44:00,824] {dagbag.py:507} INFO - Filling up the DagBag from /home/airflow/.local/lib/python3.7/site-packages/airflow/example_dags/example_branch_day_of_week_operator.py
[2023-03-30 11:44:00,830] {processor.py:651} INFO - DAG(s) dict_keys(['example_weekday_branch_operator']) retrieved from /home/airflow/.local/lib/python3.7/site-packages/airflow/example_dags/example_branch_day_of_week_operator.py
[2023-03-30 11:44:00,934] {logging_mixin.py:115} INFO - [2023-03-30 11:44:00,933] {dag.py:2371} INFO - Sync 1 DAGs
[2023-03-30 11:44:00,981] {logging_mixin.py:115} INFO - [2023-03-30 11:44:00,981] {dag.py:2919} INFO - Setting next_dagrun for example_weekday_branch_operator to 2023-03-29T00:00:00+00:00, run_after=2023-03-30T00:00:00+00:00
[2023-03-30 11:44:01,003] {processor.py:161} INFO - Processing /home/airflow/.local/lib/python3.7/site-packages/airflow/example_dags/example_branch_day_of_week_operator.py took 0.183 seconds
[2023-03-30 11:44:31,507] {processor.py:153} INFO - Started process (PID=1222) to work on /home/airflow/.local/lib/python3.7/site-packages/airflow/example_dags/example_branch_day_of_week_operator.py
[2023-03-30 11:44:31,508] {processor.py:641} INFO - Processing file /home/airflow/.local/lib/python3.7/site-packages/airflow/example_dags/example_branch_day_of_week_operator.py for tasks to queue
[2023-03-30 11:44:31,509] {logging_mixin.py:115} INFO - [2023-03-30 11:44:31,509] {dagbag.py:507} INFO - Filling up the DagBag from /home/airflow/.local/lib/python3.7/site-packages/airflow/example_dags/example_branch_day_of_week_operator.py
[2023-03-30 11:44:31,515] {processor.py:651} INFO - DAG(s) dict_keys(['example_weekday_branch_operator']) retrieved from /home/airflow/.local/lib/python3.7/site-packages/airflow/example_dags/example_branch_day_of_week_operator.py
[2023-03-30 11:44:31,617] {logging_mixin.py:115} INFO - [2023-03-30 11:44:31,617] {dag.py:2371} INFO - Sync 1 DAGs
[2023-03-30 11:44:31,673] {logging_mixin.py:115} INFO - [2023-03-30 11:44:31,673] {dag.py:2919} INFO - Setting next_dagrun for example_weekday_branch_operator to 2023-03-29T00:00:00+00:00, run_after=2023-03-30T00:00:00+00:00
[2023-03-30 11:44:31,695] {processor.py:161} INFO - Processing /home/airflow/.local/lib/python3.7/site-packages/airflow/example_dags/example_branch_day_of_week_operator.py took 0.191 seconds
[2023-03-30 11:45:02,440] {processor.py:153} INFO - Started process (PID=1286) to work on /home/airflow/.local/lib/python3.7/site-packages/airflow/example_dags/example_branch_day_of_week_operator.py
[2023-03-30 11:45:02,441] {processor.py:641} INFO - Processing file /home/airflow/.local/lib/python3.7/site-packages/airflow/example_dags/example_branch_day_of_week_operator.py for tasks to queue
[2023-03-30 11:45:02,442] {logging_mixin.py:115} INFO - [2023-03-30 11:45:02,442] {dagbag.py:507} INFO - Filling up the DagBag from /home/airflow/.local/lib/python3.7/site-packages/airflow/example_dags/example_branch_day_of_week_operator.py
[2023-03-30 11:45:02,448] {processor.py:651} INFO - DAG(s) dict_keys(['example_weekday_branch_operator']) retrieved from /home/airflow/.local/lib/python3.7/site-packages/airflow/example_dags/example_branch_day_of_week_operator.py
[2023-03-30 11:45:02,549] {logging_mixin.py:115} INFO - [2023-03-30 11:45:02,549] {dag.py:2371} INFO - Sync 1 DAGs
[2023-03-30 11:45:02,597] {logging_mixin.py:115} INFO - [2023-03-30 11:45:02,597] {dag.py:2919} INFO - Setting next_dagrun for example_weekday_branch_operator to 2023-03-29T00:00:00+00:00, run_after=2023-03-30T00:00:00+00:00
[2023-03-30 11:45:02,620] {processor.py:161} INFO - Processing /home/airflow/.local/lib/python3.7/site-packages/airflow/example_dags/example_branch_day_of_week_operator.py took 0.182 seconds
[2023-03-30 11:45:32,893] {processor.py:153} INFO - Started process (PID=1349) to work on /home/airflow/.local/lib/python3.7/site-packages/airflow/example_dags/example_branch_day_of_week_operator.py
[2023-03-30 11:45:32,895] {processor.py:641} INFO - Processing file /home/airflow/.local/lib/python3.7/site-packages/airflow/example_dags/example_branch_day_of_week_operator.py for tasks to queue
[2023-03-30 11:45:32,896] {logging_mixin.py:115} INFO - [2023-03-30 11:45:32,896] {dagbag.py:507} INFO - Filling up the DagBag from /home/airflow/.local/lib/python3.7/site-packages/airflow/example_dags/example_branch_day_of_week_operator.py
[2023-03-30 11:45:32,901] {processor.py:651} INFO - DAG(s) dict_keys(['example_weekday_branch_operator']) retrieved from /home/airflow/.local/lib/python3.7/site-packages/airflow/example_dags/example_branch_day_of_week_operator.py
[2023-03-30 11:45:33,010] {logging_mixin.py:115} INFO - [2023-03-30 11:45:33,010] {dag.py:2371} INFO - Sync 1 DAGs
[2023-03-30 11:45:33,063] {logging_mixin.py:115} INFO - [2023-03-30 11:45:33,063] {dag.py:2919} INFO - Setting next_dagrun for example_weekday_branch_operator to 2023-03-29T00:00:00+00:00, run_after=2023-03-30T00:00:00+00:00
[2023-03-30 11:45:33,087] {processor.py:161} INFO - Processing /home/airflow/.local/lib/python3.7/site-packages/airflow/example_dags/example_branch_day_of_week_operator.py took 0.197 seconds
[2023-03-30 11:46:03,925] {processor.py:153} INFO - Started process (PID=1410) to work on /home/airflow/.local/lib/python3.7/site-packages/airflow/example_dags/example_branch_day_of_week_operator.py
[2023-03-30 11:46:03,928] {processor.py:641} INFO - Processing file /home/airflow/.local/lib/python3.7/site-packages/airflow/example_dags/example_branch_day_of_week_operator.py for tasks to queue
[2023-03-30 11:46:03,930] {logging_mixin.py:115} INFO - [2023-03-30 11:46:03,930] {dagbag.py:507} INFO - Filling up the DagBag from /home/airflow/.local/lib/python3.7/site-packages/airflow/example_dags/example_branch_day_of_week_operator.py
[2023-03-30 11:46:03,938] {processor.py:651} INFO - DAG(s) dict_keys(['example_weekday_branch_operator']) retrieved from /home/airflow/.local/lib/python3.7/site-packages/airflow/example_dags/example_branch_day_of_week_operator.py
[2023-03-30 11:46:04,059] {logging_mixin.py:115} INFO - [2023-03-30 11:46:04,059] {dag.py:2371} INFO - Sync 1 DAGs
[2023-03-30 11:46:04,116] {logging_mixin.py:115} INFO - [2023-03-30 11:46:04,115] {dag.py:2919} INFO - Setting next_dagrun for example_weekday_branch_operator to 2023-03-29T00:00:00+00:00, run_after=2023-03-30T00:00:00+00:00
[2023-03-30 11:46:04,142] {processor.py:161} INFO - Processing /home/airflow/.local/lib/python3.7/site-packages/airflow/example_dags/example_branch_day_of_week_operator.py took 0.222 seconds
[2023-03-30 11:46:34,439] {processor.py:153} INFO - Started process (PID=1465) to work on /home/airflow/.local/lib/python3.7/site-packages/airflow/example_dags/example_branch_day_of_week_operator.py
[2023-03-30 11:46:34,440] {processor.py:641} INFO - Processing file /home/airflow/.local/lib/python3.7/site-packages/airflow/example_dags/example_branch_day_of_week_operator.py for tasks to queue
[2023-03-30 11:46:34,441] {logging_mixin.py:115} INFO - [2023-03-30 11:46:34,441] {dagbag.py:507} INFO - Filling up the DagBag from /home/airflow/.local/lib/python3.7/site-packages/airflow/example_dags/example_branch_day_of_week_operator.py
[2023-03-30 11:46:34,447] {processor.py:651} INFO - DAG(s) dict_keys(['example_weekday_branch_operator']) retrieved from /home/airflow/.local/lib/python3.7/site-packages/airflow/example_dags/example_branch_day_of_week_operator.py
[2023-03-30 11:46:34,557] {logging_mixin.py:115} INFO - [2023-03-30 11:46:34,557] {dag.py:2371} INFO - Sync 1 DAGs
[2023-03-30 11:46:34,609] {logging_mixin.py:115} INFO - [2023-03-30 11:46:34,609] {dag.py:2919} INFO - Setting next_dagrun for example_weekday_branch_operator to 2023-03-29T00:00:00+00:00, run_after=2023-03-30T00:00:00+00:00
[2023-03-30 11:46:34,635] {processor.py:161} INFO - Processing /home/airflow/.local/lib/python3.7/site-packages/airflow/example_dags/example_branch_day_of_week_operator.py took 0.199 seconds
[2023-03-30 11:47:04,891] {processor.py:153} INFO - Started process (PID=1528) to work on /home/airflow/.local/lib/python3.7/site-packages/airflow/example_dags/example_branch_day_of_week_operator.py
[2023-03-30 11:47:04,892] {processor.py:641} INFO - Processing file /home/airflow/.local/lib/python3.7/site-packages/airflow/example_dags/example_branch_day_of_week_operator.py for tasks to queue
[2023-03-30 11:47:04,893] {logging_mixin.py:115} INFO - [2023-03-30 11:47:04,893] {dagbag.py:507} INFO - Filling up the DagBag from /home/airflow/.local/lib/python3.7/site-packages/airflow/example_dags/example_branch_day_of_week_operator.py
[2023-03-30 11:47:04,899] {processor.py:651} INFO - DAG(s) dict_keys(['example_weekday_branch_operator']) retrieved from /home/airflow/.local/lib/python3.7/site-packages/airflow/example_dags/example_branch_day_of_week_operator.py
[2023-03-30 11:47:05,002] {logging_mixin.py:115} INFO - [2023-03-30 11:47:05,002] {dag.py:2371} INFO - Sync 1 DAGs
[2023-03-30 11:47:05,050] {logging_mixin.py:115} INFO - [2023-03-30 11:47:05,050] {dag.py:2919} INFO - Setting next_dagrun for example_weekday_branch_operator to 2023-03-29T00:00:00+00:00, run_after=2023-03-30T00:00:00+00:00
[2023-03-30 11:47:05,074] {processor.py:161} INFO - Processing /home/airflow/.local/lib/python3.7/site-packages/airflow/example_dags/example_branch_day_of_week_operator.py took 0.185 seconds
[2023-03-30 11:47:35,839] {processor.py:153} INFO - Started process (PID=1591) to work on /home/airflow/.local/lib/python3.7/site-packages/airflow/example_dags/example_branch_day_of_week_operator.py
[2023-03-30 11:47:35,841] {processor.py:641} INFO - Processing file /home/airflow/.local/lib/python3.7/site-packages/airflow/example_dags/example_branch_day_of_week_operator.py for tasks to queue
[2023-03-30 11:47:35,842] {logging_mixin.py:115} INFO - [2023-03-30 11:47:35,842] {dagbag.py:507} INFO - Filling up the DagBag from /home/airflow/.local/lib/python3.7/site-packages/airflow/example_dags/example_branch_day_of_week_operator.py
[2023-03-30 11:47:35,848] {processor.py:651} INFO - DAG(s) dict_keys(['example_weekday_branch_operator']) retrieved from /home/airflow/.local/lib/python3.7/site-packages/airflow/example_dags/example_branch_day_of_week_operator.py
[2023-03-30 11:47:35,956] {logging_mixin.py:115} INFO - [2023-03-30 11:47:35,955] {dag.py:2371} INFO - Sync 1 DAGs
[2023-03-30 11:47:36,008] {logging_mixin.py:115} INFO - [2023-03-30 11:47:36,008] {dag.py:2919} INFO - Setting next_dagrun for example_weekday_branch_operator to 2023-03-29T00:00:00+00:00, run_after=2023-03-30T00:00:00+00:00
[2023-03-30 11:47:36,030] {processor.py:161} INFO - Processing /home/airflow/.local/lib/python3.7/site-packages/airflow/example_dags/example_branch_day_of_week_operator.py took 0.194 seconds
[2023-03-30 11:48:06,463] {processor.py:153} INFO - Started process (PID=1654) to work on /home/airflow/.local/lib/python3.7/site-packages/airflow/example_dags/example_branch_day_of_week_operator.py
[2023-03-30 11:48:06,464] {processor.py:641} INFO - Processing file /home/airflow/.local/lib/python3.7/site-packages/airflow/example_dags/example_branch_day_of_week_operator.py for tasks to queue
[2023-03-30 11:48:06,465] {logging_mixin.py:115} INFO - [2023-03-30 11:48:06,465] {dagbag.py:507} INFO - Filling up the DagBag from /home/airflow/.local/lib/python3.7/site-packages/airflow/example_dags/example_branch_day_of_week_operator.py
[2023-03-30 11:48:06,471] {processor.py:651} INFO - DAG(s) dict_keys(['example_weekday_branch_operator']) retrieved from /home/airflow/.local/lib/python3.7/site-packages/airflow/example_dags/example_branch_day_of_week_operator.py
[2023-03-30 11:48:06,572] {logging_mixin.py:115} INFO - [2023-03-30 11:48:06,572] {dag.py:2371} INFO - Sync 1 DAGs
[2023-03-30 11:48:06,619] {logging_mixin.py:115} INFO - [2023-03-30 11:48:06,619] {dag.py:2919} INFO - Setting next_dagrun for example_weekday_branch_operator to 2023-03-29T00:00:00+00:00, run_after=2023-03-30T00:00:00+00:00
[2023-03-30 11:48:06,642] {processor.py:161} INFO - Processing /home/airflow/.local/lib/python3.7/site-packages/airflow/example_dags/example_branch_day_of_week_operator.py took 0.181 seconds
[2023-03-30 11:48:36,984] {processor.py:153} INFO - Started process (PID=1707) to work on /home/airflow/.local/lib/python3.7/site-packages/airflow/example_dags/example_branch_day_of_week_operator.py
[2023-03-30 11:48:36,985] {processor.py:641} INFO - Processing file /home/airflow/.local/lib/python3.7/site-packages/airflow/example_dags/example_branch_day_of_week_operator.py for tasks to queue
[2023-03-30 11:48:36,986] {logging_mixin.py:115} INFO - [2023-03-30 11:48:36,986] {dagbag.py:507} INFO - Filling up the DagBag from /home/airflow/.local/lib/python3.7/site-packages/airflow/example_dags/example_branch_day_of_week_operator.py
[2023-03-30 11:48:36,992] {processor.py:651} INFO - DAG(s) dict_keys(['example_weekday_branch_operator']) retrieved from /home/airflow/.local/lib/python3.7/site-packages/airflow/example_dags/example_branch_day_of_week_operator.py
[2023-03-30 11:48:37,097] {logging_mixin.py:115} INFO - [2023-03-30 11:48:37,097] {dag.py:2371} INFO - Sync 1 DAGs
[2023-03-30 11:48:37,149] {logging_mixin.py:115} INFO - [2023-03-30 11:48:37,149] {dag.py:2919} INFO - Setting next_dagrun for example_weekday_branch_operator to 2023-03-29T00:00:00+00:00, run_after=2023-03-30T00:00:00+00:00
[2023-03-30 11:48:37,171] {processor.py:161} INFO - Processing /home/airflow/.local/lib/python3.7/site-packages/airflow/example_dags/example_branch_day_of_week_operator.py took 0.190 seconds
[2023-03-30 11:49:07,621] {processor.py:153} INFO - Started process (PID=1769) to work on /home/airflow/.local/lib/python3.7/site-packages/airflow/example_dags/example_branch_day_of_week_operator.py
[2023-03-30 11:49:07,622] {processor.py:641} INFO - Processing file /home/airflow/.local/lib/python3.7/site-packages/airflow/example_dags/example_branch_day_of_week_operator.py for tasks to queue
[2023-03-30 11:49:07,623] {logging_mixin.py:115} INFO - [2023-03-30 11:49:07,623] {dagbag.py:507} INFO - Filling up the DagBag from /home/airflow/.local/lib/python3.7/site-packages/airflow/example_dags/example_branch_day_of_week_operator.py
[2023-03-30 11:49:07,629] {processor.py:651} INFO - DAG(s) dict_keys(['example_weekday_branch_operator']) retrieved from /home/airflow/.local/lib/python3.7/site-packages/airflow/example_dags/example_branch_day_of_week_operator.py
[2023-03-30 11:49:07,733] {logging_mixin.py:115} INFO - [2023-03-30 11:49:07,733] {dag.py:2371} INFO - Sync 1 DAGs
[2023-03-30 11:49:07,785] {logging_mixin.py:115} INFO - [2023-03-30 11:49:07,785] {dag.py:2919} INFO - Setting next_dagrun for example_weekday_branch_operator to 2023-03-29T00:00:00+00:00, run_after=2023-03-30T00:00:00+00:00
[2023-03-30 11:49:07,810] {processor.py:161} INFO - Processing /home/airflow/.local/lib/python3.7/site-packages/airflow/example_dags/example_branch_day_of_week_operator.py took 0.192 seconds
[2023-03-30 11:49:37,963] {processor.py:153} INFO - Started process (PID=1830) to work on /home/airflow/.local/lib/python3.7/site-packages/airflow/example_dags/example_branch_day_of_week_operator.py
[2023-03-30 11:49:37,964] {processor.py:641} INFO - Processing file /home/airflow/.local/lib/python3.7/site-packages/airflow/example_dags/example_branch_day_of_week_operator.py for tasks to queue
[2023-03-30 11:49:37,965] {logging_mixin.py:115} INFO - [2023-03-30 11:49:37,965] {dagbag.py:507} INFO - Filling up the DagBag from /home/airflow/.local/lib/python3.7/site-packages/airflow/example_dags/example_branch_day_of_week_operator.py
[2023-03-30 11:49:37,976] {processor.py:651} INFO - DAG(s) dict_keys(['example_weekday_branch_operator']) retrieved from /home/airflow/.local/lib/python3.7/site-packages/airflow/example_dags/example_branch_day_of_week_operator.py
[2023-03-30 11:49:38,089] {logging_mixin.py:115} INFO - [2023-03-30 11:49:38,089] {dag.py:2371} INFO - Sync 1 DAGs
[2023-03-30 11:49:38,144] {logging_mixin.py:115} INFO - [2023-03-30 11:49:38,144] {dag.py:2919} INFO - Setting next_dagrun for example_weekday_branch_operator to 2023-03-29T00:00:00+00:00, run_after=2023-03-30T00:00:00+00:00
[2023-03-30 11:49:38,169] {processor.py:161} INFO - Processing /home/airflow/.local/lib/python3.7/site-packages/airflow/example_dags/example_branch_day_of_week_operator.py took 0.209 seconds
[2023-03-30 11:50:08,905] {processor.py:153} INFO - Started process (PID=1894) to work on /home/airflow/.local/lib/python3.7/site-packages/airflow/example_dags/example_branch_day_of_week_operator.py
[2023-03-30 11:50:08,905] {processor.py:641} INFO - Processing file /home/airflow/.local/lib/python3.7/site-packages/airflow/example_dags/example_branch_day_of_week_operator.py for tasks to queue
[2023-03-30 11:50:08,907] {logging_mixin.py:115} INFO - [2023-03-30 11:50:08,907] {dagbag.py:507} INFO - Filling up the DagBag from /home/airflow/.local/lib/python3.7/site-packages/airflow/example_dags/example_branch_day_of_week_operator.py
[2023-03-30 11:50:08,913] {processor.py:651} INFO - DAG(s) dict_keys(['example_weekday_branch_operator']) retrieved from /home/airflow/.local/lib/python3.7/site-packages/airflow/example_dags/example_branch_day_of_week_operator.py
[2023-03-30 11:50:09,094] {logging_mixin.py:115} INFO - [2023-03-30 11:50:09,090] {dag.py:2371} INFO - Sync 1 DAGs
[2023-03-30 11:50:09,179] {logging_mixin.py:115} INFO - [2023-03-30 11:50:09,179] {dag.py:2919} INFO - Setting next_dagrun for example_weekday_branch_operator to 2023-03-29T00:00:00+00:00, run_after=2023-03-30T00:00:00+00:00
[2023-03-30 11:50:09,306] {processor.py:161} INFO - Processing /home/airflow/.local/lib/python3.7/site-packages/airflow/example_dags/example_branch_day_of_week_operator.py took 0.404 seconds
[2023-03-30 11:50:39,845] {processor.py:153} INFO - Started process (PID=1957) to work on /home/airflow/.local/lib/python3.7/site-packages/airflow/example_dags/example_branch_day_of_week_operator.py
[2023-03-30 11:50:39,846] {processor.py:641} INFO - Processing file /home/airflow/.local/lib/python3.7/site-packages/airflow/example_dags/example_branch_day_of_week_operator.py for tasks to queue
[2023-03-30 11:50:39,847] {logging_mixin.py:115} INFO - [2023-03-30 11:50:39,847] {dagbag.py:507} INFO - Filling up the DagBag from /home/airflow/.local/lib/python3.7/site-packages/airflow/example_dags/example_branch_day_of_week_operator.py
[2023-03-30 11:50:39,853] {processor.py:651} INFO - DAG(s) dict_keys(['example_weekday_branch_operator']) retrieved from /home/airflow/.local/lib/python3.7/site-packages/airflow/example_dags/example_branch_day_of_week_operator.py
[2023-03-30 11:50:39,955] {logging_mixin.py:115} INFO - [2023-03-30 11:50:39,955] {dag.py:2371} INFO - Sync 1 DAGs
[2023-03-30 11:50:40,008] {logging_mixin.py:115} INFO - [2023-03-30 11:50:40,008] {dag.py:2919} INFO - Setting next_dagrun for example_weekday_branch_operator to 2023-03-29T00:00:00+00:00, run_after=2023-03-30T00:00:00+00:00
[2023-03-30 11:50:40,122] {processor.py:161} INFO - Processing /home/airflow/.local/lib/python3.7/site-packages/airflow/example_dags/example_branch_day_of_week_operator.py took 0.279 seconds
[2023-03-30 11:51:10,469] {processor.py:153} INFO - Started process (PID=2018) to work on /home/airflow/.local/lib/python3.7/site-packages/airflow/example_dags/example_branch_day_of_week_operator.py
[2023-03-30 11:51:10,470] {processor.py:641} INFO - Processing file /home/airflow/.local/lib/python3.7/site-packages/airflow/example_dags/example_branch_day_of_week_operator.py for tasks to queue
[2023-03-30 11:51:10,471] {logging_mixin.py:115} INFO - [2023-03-30 11:51:10,471] {dagbag.py:507} INFO - Filling up the DagBag from /home/airflow/.local/lib/python3.7/site-packages/airflow/example_dags/example_branch_day_of_week_operator.py
[2023-03-30 11:51:10,476] {processor.py:651} INFO - DAG(s) dict_keys(['example_weekday_branch_operator']) retrieved from /home/airflow/.local/lib/python3.7/site-packages/airflow/example_dags/example_branch_day_of_week_operator.py
[2023-03-30 11:51:10,579] {logging_mixin.py:115} INFO - [2023-03-30 11:51:10,579] {dag.py:2371} INFO - Sync 1 DAGs
[2023-03-30 11:51:10,630] {logging_mixin.py:115} INFO - [2023-03-30 11:51:10,630] {dag.py:2919} INFO - Setting next_dagrun for example_weekday_branch_operator to 2023-03-29T00:00:00+00:00, run_after=2023-03-30T00:00:00+00:00
[2023-03-30 11:51:10,753] {processor.py:161} INFO - Processing /home/airflow/.local/lib/python3.7/site-packages/airflow/example_dags/example_branch_day_of_week_operator.py took 0.286 seconds
[2023-03-30 11:51:41,440] {processor.py:153} INFO - Started process (PID=2074) to work on /home/airflow/.local/lib/python3.7/site-packages/airflow/example_dags/example_branch_day_of_week_operator.py
[2023-03-30 11:51:41,441] {processor.py:641} INFO - Processing file /home/airflow/.local/lib/python3.7/site-packages/airflow/example_dags/example_branch_day_of_week_operator.py for tasks to queue
[2023-03-30 11:51:41,442] {logging_mixin.py:115} INFO - [2023-03-30 11:51:41,441] {dagbag.py:507} INFO - Filling up the DagBag from /home/airflow/.local/lib/python3.7/site-packages/airflow/example_dags/example_branch_day_of_week_operator.py
[2023-03-30 11:51:41,448] {processor.py:651} INFO - DAG(s) dict_keys(['example_weekday_branch_operator']) retrieved from /home/airflow/.local/lib/python3.7/site-packages/airflow/example_dags/example_branch_day_of_week_operator.py
[2023-03-30 11:51:41,551] {logging_mixin.py:115} INFO - [2023-03-30 11:51:41,551] {dag.py:2371} INFO - Sync 1 DAGs
[2023-03-30 11:51:41,604] {logging_mixin.py:115} INFO - [2023-03-30 11:51:41,604] {dag.py:2919} INFO - Setting next_dagrun for example_weekday_branch_operator to 2023-03-29T00:00:00+00:00, run_after=2023-03-30T00:00:00+00:00
[2023-03-30 11:51:41,724] {processor.py:161} INFO - Processing /home/airflow/.local/lib/python3.7/site-packages/airflow/example_dags/example_branch_day_of_week_operator.py took 0.287 seconds
[2023-03-30 11:52:12,542] {processor.py:153} INFO - Started process (PID=2138) to work on /home/airflow/.local/lib/python3.7/site-packages/airflow/example_dags/example_branch_day_of_week_operator.py
[2023-03-30 11:52:12,543] {processor.py:641} INFO - Processing file /home/airflow/.local/lib/python3.7/site-packages/airflow/example_dags/example_branch_day_of_week_operator.py for tasks to queue
[2023-03-30 11:52:12,547] {logging_mixin.py:115} INFO - [2023-03-30 11:52:12,547] {dagbag.py:507} INFO - Filling up the DagBag from /home/airflow/.local/lib/python3.7/site-packages/airflow/example_dags/example_branch_day_of_week_operator.py
[2023-03-30 11:52:12,553] {processor.py:651} INFO - DAG(s) dict_keys(['example_weekday_branch_operator']) retrieved from /home/airflow/.local/lib/python3.7/site-packages/airflow/example_dags/example_branch_day_of_week_operator.py
[2023-03-30 11:52:12,755] {logging_mixin.py:115} INFO - [2023-03-30 11:52:12,755] {dag.py:2371} INFO - Sync 1 DAGs
[2023-03-30 11:52:12,864] {logging_mixin.py:115} INFO - [2023-03-30 11:52:12,864] {dag.py:2919} INFO - Setting next_dagrun for example_weekday_branch_operator to 2023-03-29T00:00:00+00:00, run_after=2023-03-30T00:00:00+00:00
[2023-03-30 11:52:12,981] {processor.py:161} INFO - Processing /home/airflow/.local/lib/python3.7/site-packages/airflow/example_dags/example_branch_day_of_week_operator.py took 0.442 seconds
[2023-03-30 11:52:43,112] {processor.py:153} INFO - Started process (PID=2200) to work on /home/airflow/.local/lib/python3.7/site-packages/airflow/example_dags/example_branch_day_of_week_operator.py
[2023-03-30 11:52:43,113] {processor.py:641} INFO - Processing file /home/airflow/.local/lib/python3.7/site-packages/airflow/example_dags/example_branch_day_of_week_operator.py for tasks to queue
[2023-03-30 11:52:43,114] {logging_mixin.py:115} INFO - [2023-03-30 11:52:43,114] {dagbag.py:507} INFO - Filling up the DagBag from /home/airflow/.local/lib/python3.7/site-packages/airflow/example_dags/example_branch_day_of_week_operator.py
[2023-03-30 11:52:43,119] {processor.py:651} INFO - DAG(s) dict_keys(['example_weekday_branch_operator']) retrieved from /home/airflow/.local/lib/python3.7/site-packages/airflow/example_dags/example_branch_day_of_week_operator.py
[2023-03-30 11:52:43,219] {logging_mixin.py:115} INFO - [2023-03-30 11:52:43,219] {dag.py:2371} INFO - Sync 1 DAGs
[2023-03-30 11:52:43,267] {logging_mixin.py:115} INFO - [2023-03-30 11:52:43,267] {dag.py:2919} INFO - Setting next_dagrun for example_weekday_branch_operator to 2023-03-29T00:00:00+00:00, run_after=2023-03-30T00:00:00+00:00
[2023-03-30 11:52:43,382] {processor.py:161} INFO - Processing /home/airflow/.local/lib/python3.7/site-packages/airflow/example_dags/example_branch_day_of_week_operator.py took 0.273 seconds
[2023-03-30 11:53:14,057] {processor.py:153} INFO - Started process (PID=2262) to work on /home/airflow/.local/lib/python3.7/site-packages/airflow/example_dags/example_branch_day_of_week_operator.py
[2023-03-30 11:53:14,057] {processor.py:641} INFO - Processing file /home/airflow/.local/lib/python3.7/site-packages/airflow/example_dags/example_branch_day_of_week_operator.py for tasks to queue
[2023-03-30 11:53:14,058] {logging_mixin.py:115} INFO - [2023-03-30 11:53:14,058] {dagbag.py:507} INFO - Filling up the DagBag from /home/airflow/.local/lib/python3.7/site-packages/airflow/example_dags/example_branch_day_of_week_operator.py
[2023-03-30 11:53:14,064] {processor.py:651} INFO - DAG(s) dict_keys(['example_weekday_branch_operator']) retrieved from /home/airflow/.local/lib/python3.7/site-packages/airflow/example_dags/example_branch_day_of_week_operator.py
[2023-03-30 11:53:14,166] {logging_mixin.py:115} INFO - [2023-03-30 11:53:14,166] {dag.py:2371} INFO - Sync 1 DAGs
[2023-03-30 11:53:14,217] {logging_mixin.py:115} INFO - [2023-03-30 11:53:14,217] {dag.py:2919} INFO - Setting next_dagrun for example_weekday_branch_operator to 2023-03-29T00:00:00+00:00, run_after=2023-03-30T00:00:00+00:00
[2023-03-30 11:53:14,332] {processor.py:161} INFO - Processing /home/airflow/.local/lib/python3.7/site-packages/airflow/example_dags/example_branch_day_of_week_operator.py took 0.277 seconds
[2023-03-30 11:53:44,469] {processor.py:153} INFO - Started process (PID=2325) to work on /home/airflow/.local/lib/python3.7/site-packages/airflow/example_dags/example_branch_day_of_week_operator.py
[2023-03-30 11:53:44,470] {processor.py:641} INFO - Processing file /home/airflow/.local/lib/python3.7/site-packages/airflow/example_dags/example_branch_day_of_week_operator.py for tasks to queue
[2023-03-30 11:53:44,471] {logging_mixin.py:115} INFO - [2023-03-30 11:53:44,470] {dagbag.py:507} INFO - Filling up the DagBag from /home/airflow/.local/lib/python3.7/site-packages/airflow/example_dags/example_branch_day_of_week_operator.py
[2023-03-30 11:53:44,477] {processor.py:651} INFO - DAG(s) dict_keys(['example_weekday_branch_operator']) retrieved from /home/airflow/.local/lib/python3.7/site-packages/airflow/example_dags/example_branch_day_of_week_operator.py
[2023-03-30 11:53:44,586] {logging_mixin.py:115} INFO - [2023-03-30 11:53:44,586] {dag.py:2371} INFO - Sync 1 DAGs
[2023-03-30 11:53:44,639] {logging_mixin.py:115} INFO - [2023-03-30 11:53:44,638] {dag.py:2919} INFO - Setting next_dagrun for example_weekday_branch_operator to 2023-03-29T00:00:00+00:00, run_after=2023-03-30T00:00:00+00:00
[2023-03-30 11:53:44,759] {processor.py:161} INFO - Processing /home/airflow/.local/lib/python3.7/site-packages/airflow/example_dags/example_branch_day_of_week_operator.py took 0.294 seconds
[2023-03-30 11:54:15,441] {processor.py:153} INFO - Started process (PID=2379) to work on /home/airflow/.local/lib/python3.7/site-packages/airflow/example_dags/example_branch_day_of_week_operator.py
[2023-03-30 11:54:15,442] {processor.py:641} INFO - Processing file /home/airflow/.local/lib/python3.7/site-packages/airflow/example_dags/example_branch_day_of_week_operator.py for tasks to queue
[2023-03-30 11:54:15,443] {logging_mixin.py:115} INFO - [2023-03-30 11:54:15,443] {dagbag.py:507} INFO - Filling up the DagBag from /home/airflow/.local/lib/python3.7/site-packages/airflow/example_dags/example_branch_day_of_week_operator.py
[2023-03-30 11:54:15,448] {processor.py:651} INFO - DAG(s) dict_keys(['example_weekday_branch_operator']) retrieved from /home/airflow/.local/lib/python3.7/site-packages/airflow/example_dags/example_branch_day_of_week_operator.py
[2023-03-30 11:54:15,547] {logging_mixin.py:115} INFO - [2023-03-30 11:54:15,547] {dag.py:2371} INFO - Sync 1 DAGs
[2023-03-30 11:54:15,596] {logging_mixin.py:115} INFO - [2023-03-30 11:54:15,596] {dag.py:2919} INFO - Setting next_dagrun for example_weekday_branch_operator to 2023-03-29T00:00:00+00:00, run_after=2023-03-30T00:00:00+00:00
[2023-03-30 11:54:15,719] {processor.py:161} INFO - Processing /home/airflow/.local/lib/python3.7/site-packages/airflow/example_dags/example_branch_day_of_week_operator.py took 0.281 seconds
[2023-03-30 11:54:46,318] {processor.py:153} INFO - Started process (PID=2442) to work on /home/airflow/.local/lib/python3.7/site-packages/airflow/example_dags/example_branch_day_of_week_operator.py
[2023-03-30 11:54:46,319] {processor.py:641} INFO - Processing file /home/airflow/.local/lib/python3.7/site-packages/airflow/example_dags/example_branch_day_of_week_operator.py for tasks to queue
[2023-03-30 11:54:46,320] {logging_mixin.py:115} INFO - [2023-03-30 11:54:46,320] {dagbag.py:507} INFO - Filling up the DagBag from /home/airflow/.local/lib/python3.7/site-packages/airflow/example_dags/example_branch_day_of_week_operator.py
[2023-03-30 11:54:46,326] {processor.py:651} INFO - DAG(s) dict_keys(['example_weekday_branch_operator']) retrieved from /home/airflow/.local/lib/python3.7/site-packages/airflow/example_dags/example_branch_day_of_week_operator.py
[2023-03-30 11:54:46,424] {logging_mixin.py:115} INFO - [2023-03-30 11:54:46,424] {dag.py:2371} INFO - Sync 1 DAGs
[2023-03-30 11:54:46,572] {logging_mixin.py:115} INFO - [2023-03-30 11:54:46,572] {dag.py:2919} INFO - Setting next_dagrun for example_weekday_branch_operator to 2023-03-29T00:00:00+00:00, run_after=2023-03-30T00:00:00+00:00
[2023-03-30 11:54:46,592] {processor.py:161} INFO - Processing /home/airflow/.local/lib/python3.7/site-packages/airflow/example_dags/example_branch_day_of_week_operator.py took 0.278 seconds
[2023-03-30 11:55:16,882] {processor.py:153} INFO - Started process (PID=2505) to work on /home/airflow/.local/lib/python3.7/site-packages/airflow/example_dags/example_branch_day_of_week_operator.py
[2023-03-30 11:55:16,883] {processor.py:641} INFO - Processing file /home/airflow/.local/lib/python3.7/site-packages/airflow/example_dags/example_branch_day_of_week_operator.py for tasks to queue
[2023-03-30 11:55:16,884] {logging_mixin.py:115} INFO - [2023-03-30 11:55:16,884] {dagbag.py:507} INFO - Filling up the DagBag from /home/airflow/.local/lib/python3.7/site-packages/airflow/example_dags/example_branch_day_of_week_operator.py
[2023-03-30 11:55:16,890] {processor.py:651} INFO - DAG(s) dict_keys(['example_weekday_branch_operator']) retrieved from /home/airflow/.local/lib/python3.7/site-packages/airflow/example_dags/example_branch_day_of_week_operator.py
[2023-03-30 11:55:16,998] {logging_mixin.py:115} INFO - [2023-03-30 11:55:16,997] {dag.py:2371} INFO - Sync 1 DAGs
[2023-03-30 11:55:17,145] {logging_mixin.py:115} INFO - [2023-03-30 11:55:17,144] {dag.py:2919} INFO - Setting next_dagrun for example_weekday_branch_operator to 2023-03-29T00:00:00+00:00, run_after=2023-03-30T00:00:00+00:00
[2023-03-30 11:55:17,165] {processor.py:161} INFO - Processing /home/airflow/.local/lib/python3.7/site-packages/airflow/example_dags/example_branch_day_of_week_operator.py took 0.285 seconds
[2023-03-30 11:55:47,642] {processor.py:153} INFO - Started process (PID=2568) to work on /home/airflow/.local/lib/python3.7/site-packages/airflow/example_dags/example_branch_day_of_week_operator.py
[2023-03-30 11:55:47,643] {processor.py:641} INFO - Processing file /home/airflow/.local/lib/python3.7/site-packages/airflow/example_dags/example_branch_day_of_week_operator.py for tasks to queue
[2023-03-30 11:55:47,644] {logging_mixin.py:115} INFO - [2023-03-30 11:55:47,644] {dagbag.py:507} INFO - Filling up the DagBag from /home/airflow/.local/lib/python3.7/site-packages/airflow/example_dags/example_branch_day_of_week_operator.py
[2023-03-30 11:55:47,649] {processor.py:651} INFO - DAG(s) dict_keys(['example_weekday_branch_operator']) retrieved from /home/airflow/.local/lib/python3.7/site-packages/airflow/example_dags/example_branch_day_of_week_operator.py
[2023-03-30 11:55:47,746] {logging_mixin.py:115} INFO - [2023-03-30 11:55:47,746] {dag.py:2371} INFO - Sync 1 DAGs
[2023-03-30 11:55:47,891] {logging_mixin.py:115} INFO - [2023-03-30 11:55:47,891] {dag.py:2919} INFO - Setting next_dagrun for example_weekday_branch_operator to 2023-03-29T00:00:00+00:00, run_after=2023-03-30T00:00:00+00:00
[2023-03-30 11:55:47,915] {processor.py:161} INFO - Processing /home/airflow/.local/lib/python3.7/site-packages/airflow/example_dags/example_branch_day_of_week_operator.py took 0.275 seconds
[2023-03-30 11:56:18,097] {processor.py:153} INFO - Started process (PID=2631) to work on /home/airflow/.local/lib/python3.7/site-packages/airflow/example_dags/example_branch_day_of_week_operator.py
[2023-03-30 11:56:18,098] {processor.py:641} INFO - Processing file /home/airflow/.local/lib/python3.7/site-packages/airflow/example_dags/example_branch_day_of_week_operator.py for tasks to queue
[2023-03-30 11:56:18,099] {logging_mixin.py:115} INFO - [2023-03-30 11:56:18,099] {dagbag.py:507} INFO - Filling up the DagBag from /home/airflow/.local/lib/python3.7/site-packages/airflow/example_dags/example_branch_day_of_week_operator.py
[2023-03-30 11:56:18,105] {processor.py:651} INFO - DAG(s) dict_keys(['example_weekday_branch_operator']) retrieved from /home/airflow/.local/lib/python3.7/site-packages/airflow/example_dags/example_branch_day_of_week_operator.py
[2023-03-30 11:56:18,205] {logging_mixin.py:115} INFO - [2023-03-30 11:56:18,205] {dag.py:2371} INFO - Sync 1 DAGs
[2023-03-30 11:56:18,366] {logging_mixin.py:115} INFO - [2023-03-30 11:56:18,366] {dag.py:2919} INFO - Setting next_dagrun for example_weekday_branch_operator to 2023-03-29T00:00:00+00:00, run_after=2023-03-30T00:00:00+00:00
[2023-03-30 11:56:18,387] {processor.py:161} INFO - Processing /home/airflow/.local/lib/python3.7/site-packages/airflow/example_dags/example_branch_day_of_week_operator.py took 0.293 seconds
[2023-03-30 11:56:48,827] {processor.py:153} INFO - Started process (PID=2684) to work on /home/airflow/.local/lib/python3.7/site-packages/airflow/example_dags/example_branch_day_of_week_operator.py
[2023-03-30 11:56:48,828] {processor.py:641} INFO - Processing file /home/airflow/.local/lib/python3.7/site-packages/airflow/example_dags/example_branch_day_of_week_operator.py for tasks to queue
[2023-03-30 11:56:48,829] {logging_mixin.py:115} INFO - [2023-03-30 11:56:48,829] {dagbag.py:507} INFO - Filling up the DagBag from /home/airflow/.local/lib/python3.7/site-packages/airflow/example_dags/example_branch_day_of_week_operator.py
[2023-03-30 11:56:48,834] {processor.py:651} INFO - DAG(s) dict_keys(['example_weekday_branch_operator']) retrieved from /home/airflow/.local/lib/python3.7/site-packages/airflow/example_dags/example_branch_day_of_week_operator.py
[2023-03-30 11:56:48,933] {logging_mixin.py:115} INFO - [2023-03-30 11:56:48,932] {dag.py:2371} INFO - Sync 1 DAGs
[2023-03-30 11:56:49,082] {logging_mixin.py:115} INFO - [2023-03-30 11:56:49,082] {dag.py:2919} INFO - Setting next_dagrun for example_weekday_branch_operator to 2023-03-29T00:00:00+00:00, run_after=2023-03-30T00:00:00+00:00
[2023-03-30 11:56:49,106] {processor.py:161} INFO - Processing /home/airflow/.local/lib/python3.7/site-packages/airflow/example_dags/example_branch_day_of_week_operator.py took 0.281 seconds
[2023-03-30 11:57:19,594] {processor.py:153} INFO - Started process (PID=2747) to work on /home/airflow/.local/lib/python3.7/site-packages/airflow/example_dags/example_branch_day_of_week_operator.py
[2023-03-30 11:57:19,595] {processor.py:641} INFO - Processing file /home/airflow/.local/lib/python3.7/site-packages/airflow/example_dags/example_branch_day_of_week_operator.py for tasks to queue
[2023-03-30 11:57:19,596] {logging_mixin.py:115} INFO - [2023-03-30 11:57:19,596] {dagbag.py:507} INFO - Filling up the DagBag from /home/airflow/.local/lib/python3.7/site-packages/airflow/example_dags/example_branch_day_of_week_operator.py
[2023-03-30 11:57:19,602] {processor.py:651} INFO - DAG(s) dict_keys(['example_weekday_branch_operator']) retrieved from /home/airflow/.local/lib/python3.7/site-packages/airflow/example_dags/example_branch_day_of_week_operator.py
[2023-03-30 11:57:19,704] {logging_mixin.py:115} INFO - [2023-03-30 11:57:19,704] {dag.py:2371} INFO - Sync 1 DAGs
[2023-03-30 11:57:19,849] {logging_mixin.py:115} INFO - [2023-03-30 11:57:19,849] {dag.py:2919} INFO - Setting next_dagrun for example_weekday_branch_operator to 2023-03-29T00:00:00+00:00, run_after=2023-03-30T00:00:00+00:00
[2023-03-30 11:57:19,869] {processor.py:161} INFO - Processing /home/airflow/.local/lib/python3.7/site-packages/airflow/example_dags/example_branch_day_of_week_operator.py took 0.277 seconds
[2023-03-30 11:57:50,821] {processor.py:153} INFO - Started process (PID=2810) to work on /home/airflow/.local/lib/python3.7/site-packages/airflow/example_dags/example_branch_day_of_week_operator.py
[2023-03-30 11:57:50,822] {processor.py:641} INFO - Processing file /home/airflow/.local/lib/python3.7/site-packages/airflow/example_dags/example_branch_day_of_week_operator.py for tasks to queue
[2023-03-30 11:57:50,823] {logging_mixin.py:115} INFO - [2023-03-30 11:57:50,823] {dagbag.py:507} INFO - Filling up the DagBag from /home/airflow/.local/lib/python3.7/site-packages/airflow/example_dags/example_branch_day_of_week_operator.py
[2023-03-30 11:57:50,829] {processor.py:651} INFO - DAG(s) dict_keys(['example_weekday_branch_operator']) retrieved from /home/airflow/.local/lib/python3.7/site-packages/airflow/example_dags/example_branch_day_of_week_operator.py
[2023-03-30 11:57:50,928] {logging_mixin.py:115} INFO - [2023-03-30 11:57:50,928] {dag.py:2371} INFO - Sync 1 DAGs
[2023-03-30 11:57:51,068] {logging_mixin.py:115} INFO - [2023-03-30 11:57:51,068] {dag.py:2919} INFO - Setting next_dagrun for example_weekday_branch_operator to 2023-03-29T00:00:00+00:00, run_after=2023-03-30T00:00:00+00:00
[2023-03-30 11:57:51,089] {processor.py:161} INFO - Processing /home/airflow/.local/lib/python3.7/site-packages/airflow/example_dags/example_branch_day_of_week_operator.py took 0.270 seconds
[2023-03-30 11:58:21,364] {processor.py:153} INFO - Started process (PID=2873) to work on /home/airflow/.local/lib/python3.7/site-packages/airflow/example_dags/example_branch_day_of_week_operator.py
[2023-03-30 11:58:21,365] {processor.py:641} INFO - Processing file /home/airflow/.local/lib/python3.7/site-packages/airflow/example_dags/example_branch_day_of_week_operator.py for tasks to queue
[2023-03-30 11:58:21,366] {logging_mixin.py:115} INFO - [2023-03-30 11:58:21,366] {dagbag.py:507} INFO - Filling up the DagBag from /home/airflow/.local/lib/python3.7/site-packages/airflow/example_dags/example_branch_day_of_week_operator.py
[2023-03-30 11:58:21,372] {processor.py:651} INFO - DAG(s) dict_keys(['example_weekday_branch_operator']) retrieved from /home/airflow/.local/lib/python3.7/site-packages/airflow/example_dags/example_branch_day_of_week_operator.py
[2023-03-30 11:58:21,474] {logging_mixin.py:115} INFO - [2023-03-30 11:58:21,474] {dag.py:2371} INFO - Sync 1 DAGs
[2023-03-30 11:58:21,612] {logging_mixin.py:115} INFO - [2023-03-30 11:58:21,612] {dag.py:2919} INFO - Setting next_dagrun for example_weekday_branch_operator to 2023-03-29T00:00:00+00:00, run_after=2023-03-30T00:00:00+00:00
[2023-03-30 11:58:21,633] {processor.py:161} INFO - Processing /home/airflow/.local/lib/python3.7/site-packages/airflow/example_dags/example_branch_day_of_week_operator.py took 0.272 seconds
[2023-03-30 11:58:51,852] {processor.py:153} INFO - Started process (PID=2936) to work on /home/airflow/.local/lib/python3.7/site-packages/airflow/example_dags/example_branch_day_of_week_operator.py
[2023-03-30 11:58:51,853] {processor.py:641} INFO - Processing file /home/airflow/.local/lib/python3.7/site-packages/airflow/example_dags/example_branch_day_of_week_operator.py for tasks to queue
[2023-03-30 11:58:51,854] {logging_mixin.py:115} INFO - [2023-03-30 11:58:51,854] {dagbag.py:507} INFO - Filling up the DagBag from /home/airflow/.local/lib/python3.7/site-packages/airflow/example_dags/example_branch_day_of_week_operator.py
[2023-03-30 11:58:51,860] {processor.py:651} INFO - DAG(s) dict_keys(['example_weekday_branch_operator']) retrieved from /home/airflow/.local/lib/python3.7/site-packages/airflow/example_dags/example_branch_day_of_week_operator.py
[2023-03-30 11:58:51,962] {logging_mixin.py:115} INFO - [2023-03-30 11:58:51,962] {dag.py:2371} INFO - Sync 1 DAGs
[2023-03-30 11:58:52,109] {logging_mixin.py:115} INFO - [2023-03-30 11:58:52,108] {dag.py:2919} INFO - Setting next_dagrun for example_weekday_branch_operator to 2023-03-29T00:00:00+00:00, run_after=2023-03-30T00:00:00+00:00
[2023-03-30 11:58:52,130] {processor.py:161} INFO - Processing /home/airflow/.local/lib/python3.7/site-packages/airflow/example_dags/example_branch_day_of_week_operator.py took 0.281 seconds
[2023-03-30 11:59:22,355] {processor.py:153} INFO - Started process (PID=2998) to work on /home/airflow/.local/lib/python3.7/site-packages/airflow/example_dags/example_branch_day_of_week_operator.py
[2023-03-30 11:59:22,359] {processor.py:641} INFO - Processing file /home/airflow/.local/lib/python3.7/site-packages/airflow/example_dags/example_branch_day_of_week_operator.py for tasks to queue
[2023-03-30 11:59:22,364] {logging_mixin.py:115} INFO - [2023-03-30 11:59:22,363] {dagbag.py:507} INFO - Filling up the DagBag from /home/airflow/.local/lib/python3.7/site-packages/airflow/example_dags/example_branch_day_of_week_operator.py
[2023-03-30 11:59:22,374] {processor.py:651} INFO - DAG(s) dict_keys(['example_weekday_branch_operator']) retrieved from /home/airflow/.local/lib/python3.7/site-packages/airflow/example_dags/example_branch_day_of_week_operator.py
[2023-03-30 11:59:22,481] {logging_mixin.py:115} INFO - [2023-03-30 11:59:22,481] {dag.py:2371} INFO - Sync 1 DAGs
[2023-03-30 11:59:22,639] {logging_mixin.py:115} INFO - [2023-03-30 11:59:22,639] {dag.py:2919} INFO - Setting next_dagrun for example_weekday_branch_operator to 2023-03-29T00:00:00+00:00, run_after=2023-03-30T00:00:00+00:00
[2023-03-30 11:59:22,661] {processor.py:161} INFO - Processing /home/airflow/.local/lib/python3.7/site-packages/airflow/example_dags/example_branch_day_of_week_operator.py took 0.310 seconds
[2023-03-30 11:59:52,906] {processor.py:153} INFO - Started process (PID=3052) to work on /home/airflow/.local/lib/python3.7/site-packages/airflow/example_dags/example_branch_day_of_week_operator.py
[2023-03-30 11:59:52,907] {processor.py:641} INFO - Processing file /home/airflow/.local/lib/python3.7/site-packages/airflow/example_dags/example_branch_day_of_week_operator.py for tasks to queue
[2023-03-30 11:59:52,908] {logging_mixin.py:115} INFO - [2023-03-30 11:59:52,908] {dagbag.py:507} INFO - Filling up the DagBag from /home/airflow/.local/lib/python3.7/site-packages/airflow/example_dags/example_branch_day_of_week_operator.py
[2023-03-30 11:59:52,914] {processor.py:651} INFO - DAG(s) dict_keys(['example_weekday_branch_operator']) retrieved from /home/airflow/.local/lib/python3.7/site-packages/airflow/example_dags/example_branch_day_of_week_operator.py
[2023-03-30 11:59:53,017] {logging_mixin.py:115} INFO - [2023-03-30 11:59:53,017] {dag.py:2371} INFO - Sync 1 DAGs
[2023-03-30 11:59:53,165] {logging_mixin.py:115} INFO - [2023-03-30 11:59:53,165] {dag.py:2919} INFO - Setting next_dagrun for example_weekday_branch_operator to 2023-03-29T00:00:00+00:00, run_after=2023-03-30T00:00:00+00:00
[2023-03-30 11:59:53,187] {processor.py:161} INFO - Processing /home/airflow/.local/lib/python3.7/site-packages/airflow/example_dags/example_branch_day_of_week_operator.py took 0.283 seconds
[2023-03-30 12:00:23,314] {processor.py:153} INFO - Started process (PID=3115) to work on /home/airflow/.local/lib/python3.7/site-packages/airflow/example_dags/example_branch_day_of_week_operator.py
[2023-03-30 12:00:23,315] {processor.py:641} INFO - Processing file /home/airflow/.local/lib/python3.7/site-packages/airflow/example_dags/example_branch_day_of_week_operator.py for tasks to queue
[2023-03-30 12:00:23,316] {logging_mixin.py:115} INFO - [2023-03-30 12:00:23,316] {dagbag.py:507} INFO - Filling up the DagBag from /home/airflow/.local/lib/python3.7/site-packages/airflow/example_dags/example_branch_day_of_week_operator.py
[2023-03-30 12:00:23,322] {processor.py:651} INFO - DAG(s) dict_keys(['example_weekday_branch_operator']) retrieved from /home/airflow/.local/lib/python3.7/site-packages/airflow/example_dags/example_branch_day_of_week_operator.py
[2023-03-30 12:00:23,427] {logging_mixin.py:115} INFO - [2023-03-30 12:00:23,427] {dag.py:2371} INFO - Sync 1 DAGs
[2023-03-30 12:00:23,635] {logging_mixin.py:115} INFO - [2023-03-30 12:00:23,635] {dag.py:2919} INFO - Setting next_dagrun for example_weekday_branch_operator to 2023-03-29T00:00:00+00:00, run_after=2023-03-30T00:00:00+00:00
[2023-03-30 12:00:23,673] {processor.py:161} INFO - Processing /home/airflow/.local/lib/python3.7/site-packages/airflow/example_dags/example_branch_day_of_week_operator.py took 0.361 seconds
[2023-03-30 12:00:53,903] {processor.py:153} INFO - Started process (PID=3179) to work on /home/airflow/.local/lib/python3.7/site-packages/airflow/example_dags/example_branch_day_of_week_operator.py
[2023-03-30 12:00:53,904] {processor.py:641} INFO - Processing file /home/airflow/.local/lib/python3.7/site-packages/airflow/example_dags/example_branch_day_of_week_operator.py for tasks to queue
[2023-03-30 12:00:53,905] {logging_mixin.py:115} INFO - [2023-03-30 12:00:53,905] {dagbag.py:507} INFO - Filling up the DagBag from /home/airflow/.local/lib/python3.7/site-packages/airflow/example_dags/example_branch_day_of_week_operator.py
[2023-03-30 12:00:53,912] {processor.py:651} INFO - DAG(s) dict_keys(['example_weekday_branch_operator']) retrieved from /home/airflow/.local/lib/python3.7/site-packages/airflow/example_dags/example_branch_day_of_week_operator.py
[2023-03-30 12:00:54,011] {logging_mixin.py:115} INFO - [2023-03-30 12:00:54,011] {dag.py:2371} INFO - Sync 1 DAGs
[2023-03-30 12:00:54,156] {logging_mixin.py:115} INFO - [2023-03-30 12:00:54,156] {dag.py:2919} INFO - Setting next_dagrun for example_weekday_branch_operator to 2023-03-29T00:00:00+00:00, run_after=2023-03-30T00:00:00+00:00
[2023-03-30 12:00:54,177] {processor.py:161} INFO - Processing /home/airflow/.local/lib/python3.7/site-packages/airflow/example_dags/example_branch_day_of_week_operator.py took 0.277 seconds
[2023-03-30 12:01:24,806] {processor.py:153} INFO - Started process (PID=3241) to work on /home/airflow/.local/lib/python3.7/site-packages/airflow/example_dags/example_branch_day_of_week_operator.py
[2023-03-30 12:01:24,807] {processor.py:641} INFO - Processing file /home/airflow/.local/lib/python3.7/site-packages/airflow/example_dags/example_branch_day_of_week_operator.py for tasks to queue
[2023-03-30 12:01:24,808] {logging_mixin.py:115} INFO - [2023-03-30 12:01:24,808] {dagbag.py:507} INFO - Filling up the DagBag from /home/airflow/.local/lib/python3.7/site-packages/airflow/example_dags/example_branch_day_of_week_operator.py
[2023-03-30 12:01:24,814] {processor.py:651} INFO - DAG(s) dict_keys(['example_weekday_branch_operator']) retrieved from /home/airflow/.local/lib/python3.7/site-packages/airflow/example_dags/example_branch_day_of_week_operator.py
[2023-03-30 12:01:24,920] {logging_mixin.py:115} INFO - [2023-03-30 12:01:24,920] {dag.py:2371} INFO - Sync 1 DAGs
[2023-03-30 12:01:25,065] {logging_mixin.py:115} INFO - [2023-03-30 12:01:25,065] {dag.py:2919} INFO - Setting next_dagrun for example_weekday_branch_operator to 2023-03-29T00:00:00+00:00, run_after=2023-03-30T00:00:00+00:00
[2023-03-30 12:01:25,086] {processor.py:161} INFO - Processing /home/airflow/.local/lib/python3.7/site-packages/airflow/example_dags/example_branch_day_of_week_operator.py took 0.283 seconds
[2023-03-30 12:01:55,649] {processor.py:153} INFO - Started process (PID=3304) to work on /home/airflow/.local/lib/python3.7/site-packages/airflow/example_dags/example_branch_day_of_week_operator.py
[2023-03-30 12:01:55,650] {processor.py:641} INFO - Processing file /home/airflow/.local/lib/python3.7/site-packages/airflow/example_dags/example_branch_day_of_week_operator.py for tasks to queue
[2023-03-30 12:01:55,651] {logging_mixin.py:115} INFO - [2023-03-30 12:01:55,651] {dagbag.py:507} INFO - Filling up the DagBag from /home/airflow/.local/lib/python3.7/site-packages/airflow/example_dags/example_branch_day_of_week_operator.py
[2023-03-30 12:01:55,657] {processor.py:651} INFO - DAG(s) dict_keys(['example_weekday_branch_operator']) retrieved from /home/airflow/.local/lib/python3.7/site-packages/airflow/example_dags/example_branch_day_of_week_operator.py
[2023-03-30 12:01:55,757] {logging_mixin.py:115} INFO - [2023-03-30 12:01:55,756] {dag.py:2371} INFO - Sync 1 DAGs
[2023-03-30 12:01:55,902] {logging_mixin.py:115} INFO - [2023-03-30 12:01:55,902] {dag.py:2919} INFO - Setting next_dagrun for example_weekday_branch_operator to 2023-03-29T00:00:00+00:00, run_after=2023-03-30T00:00:00+00:00
[2023-03-30 12:01:55,924] {processor.py:161} INFO - Processing /home/airflow/.local/lib/python3.7/site-packages/airflow/example_dags/example_branch_day_of_week_operator.py took 0.278 seconds
[2023-03-30 12:02:26,488] {processor.py:153} INFO - Started process (PID=3358) to work on /home/airflow/.local/lib/python3.7/site-packages/airflow/example_dags/example_branch_day_of_week_operator.py
[2023-03-30 12:02:26,488] {processor.py:641} INFO - Processing file /home/airflow/.local/lib/python3.7/site-packages/airflow/example_dags/example_branch_day_of_week_operator.py for tasks to queue
[2023-03-30 12:02:26,489] {logging_mixin.py:115} INFO - [2023-03-30 12:02:26,489] {dagbag.py:507} INFO - Filling up the DagBag from /home/airflow/.local/lib/python3.7/site-packages/airflow/example_dags/example_branch_day_of_week_operator.py
[2023-03-30 12:02:26,495] {processor.py:651} INFO - DAG(s) dict_keys(['example_weekday_branch_operator']) retrieved from /home/airflow/.local/lib/python3.7/site-packages/airflow/example_dags/example_branch_day_of_week_operator.py
[2023-03-30 12:02:26,596] {logging_mixin.py:115} INFO - [2023-03-30 12:02:26,596] {dag.py:2371} INFO - Sync 1 DAGs
[2023-03-30 12:02:26,735] {logging_mixin.py:115} INFO - [2023-03-30 12:02:26,735] {dag.py:2919} INFO - Setting next_dagrun for example_weekday_branch_operator to 2023-03-29T00:00:00+00:00, run_after=2023-03-30T00:00:00+00:00
[2023-03-30 12:02:26,757] {processor.py:161} INFO - Processing /home/airflow/.local/lib/python3.7/site-packages/airflow/example_dags/example_branch_day_of_week_operator.py took 0.273 seconds
[2023-03-30 12:02:56,798] {processor.py:153} INFO - Started process (PID=3422) to work on /home/airflow/.local/lib/python3.7/site-packages/airflow/example_dags/example_branch_day_of_week_operator.py
[2023-03-30 12:02:56,799] {processor.py:641} INFO - Processing file /home/airflow/.local/lib/python3.7/site-packages/airflow/example_dags/example_branch_day_of_week_operator.py for tasks to queue
[2023-03-30 12:02:56,800] {logging_mixin.py:115} INFO - [2023-03-30 12:02:56,800] {dagbag.py:507} INFO - Filling up the DagBag from /home/airflow/.local/lib/python3.7/site-packages/airflow/example_dags/example_branch_day_of_week_operator.py
[2023-03-30 12:02:56,806] {processor.py:651} INFO - DAG(s) dict_keys(['example_weekday_branch_operator']) retrieved from /home/airflow/.local/lib/python3.7/site-packages/airflow/example_dags/example_branch_day_of_week_operator.py
[2023-03-30 12:02:56,908] {logging_mixin.py:115} INFO - [2023-03-30 12:02:56,908] {dag.py:2371} INFO - Sync 1 DAGs
[2023-03-30 12:02:57,055] {logging_mixin.py:115} INFO - [2023-03-30 12:02:57,055] {dag.py:2919} INFO - Setting next_dagrun for example_weekday_branch_operator to 2023-03-29T00:00:00+00:00, run_after=2023-03-30T00:00:00+00:00
[2023-03-30 12:02:57,075] {processor.py:161} INFO - Processing /home/airflow/.local/lib/python3.7/site-packages/airflow/example_dags/example_branch_day_of_week_operator.py took 0.279 seconds
[2023-03-30 12:03:27,567] {processor.py:153} INFO - Started process (PID=3485) to work on /home/airflow/.local/lib/python3.7/site-packages/airflow/example_dags/example_branch_day_of_week_operator.py
[2023-03-30 12:03:27,568] {processor.py:641} INFO - Processing file /home/airflow/.local/lib/python3.7/site-packages/airflow/example_dags/example_branch_day_of_week_operator.py for tasks to queue
[2023-03-30 12:03:27,569] {logging_mixin.py:115} INFO - [2023-03-30 12:03:27,569] {dagbag.py:507} INFO - Filling up the DagBag from /home/airflow/.local/lib/python3.7/site-packages/airflow/example_dags/example_branch_day_of_week_operator.py
[2023-03-30 12:03:27,575] {processor.py:651} INFO - DAG(s) dict_keys(['example_weekday_branch_operator']) retrieved from /home/airflow/.local/lib/python3.7/site-packages/airflow/example_dags/example_branch_day_of_week_operator.py
[2023-03-30 12:03:27,675] {logging_mixin.py:115} INFO - [2023-03-30 12:03:27,675] {dag.py:2371} INFO - Sync 1 DAGs
[2023-03-30 12:03:27,823] {logging_mixin.py:115} INFO - [2023-03-30 12:03:27,822] {dag.py:2919} INFO - Setting next_dagrun for example_weekday_branch_operator to 2023-03-29T00:00:00+00:00, run_after=2023-03-30T00:00:00+00:00
[2023-03-30 12:03:27,844] {processor.py:161} INFO - Processing /home/airflow/.local/lib/python3.7/site-packages/airflow/example_dags/example_branch_day_of_week_operator.py took 0.280 seconds
[2023-03-30 12:03:58,132] {processor.py:153} INFO - Started process (PID=3548) to work on /home/airflow/.local/lib/python3.7/site-packages/airflow/example_dags/example_branch_day_of_week_operator.py
[2023-03-30 12:03:58,133] {processor.py:641} INFO - Processing file /home/airflow/.local/lib/python3.7/site-packages/airflow/example_dags/example_branch_day_of_week_operator.py for tasks to queue
[2023-03-30 12:03:58,134] {logging_mixin.py:115} INFO - [2023-03-30 12:03:58,134] {dagbag.py:507} INFO - Filling up the DagBag from /home/airflow/.local/lib/python3.7/site-packages/airflow/example_dags/example_branch_day_of_week_operator.py
[2023-03-30 12:03:58,141] {processor.py:651} INFO - DAG(s) dict_keys(['example_weekday_branch_operator']) retrieved from /home/airflow/.local/lib/python3.7/site-packages/airflow/example_dags/example_branch_day_of_week_operator.py
[2023-03-30 12:03:58,243] {logging_mixin.py:115} INFO - [2023-03-30 12:03:58,243] {dag.py:2371} INFO - Sync 1 DAGs
[2023-03-30 12:03:58,388] {logging_mixin.py:115} INFO - [2023-03-30 12:03:58,387] {dag.py:2919} INFO - Setting next_dagrun for example_weekday_branch_operator to 2023-03-29T00:00:00+00:00, run_after=2023-03-30T00:00:00+00:00
[2023-03-30 12:03:58,408] {processor.py:161} INFO - Processing /home/airflow/.local/lib/python3.7/site-packages/airflow/example_dags/example_branch_day_of_week_operator.py took 0.278 seconds
[2023-03-30 12:04:28,784] {processor.py:153} INFO - Started process (PID=3611) to work on /home/airflow/.local/lib/python3.7/site-packages/airflow/example_dags/example_branch_day_of_week_operator.py
[2023-03-30 12:04:28,785] {processor.py:641} INFO - Processing file /home/airflow/.local/lib/python3.7/site-packages/airflow/example_dags/example_branch_day_of_week_operator.py for tasks to queue
[2023-03-30 12:04:28,786] {logging_mixin.py:115} INFO - [2023-03-30 12:04:28,786] {dagbag.py:507} INFO - Filling up the DagBag from /home/airflow/.local/lib/python3.7/site-packages/airflow/example_dags/example_branch_day_of_week_operator.py
[2023-03-30 12:04:28,792] {processor.py:651} INFO - DAG(s) dict_keys(['example_weekday_branch_operator']) retrieved from /home/airflow/.local/lib/python3.7/site-packages/airflow/example_dags/example_branch_day_of_week_operator.py
[2023-03-30 12:04:28,893] {logging_mixin.py:115} INFO - [2023-03-30 12:04:28,893] {dag.py:2371} INFO - Sync 1 DAGs
[2023-03-30 12:04:29,038] {logging_mixin.py:115} INFO - [2023-03-30 12:04:29,038] {dag.py:2919} INFO - Setting next_dagrun for example_weekday_branch_operator to 2023-03-29T00:00:00+00:00, run_after=2023-03-30T00:00:00+00:00
[2023-03-30 12:04:29,060] {processor.py:161} INFO - Processing /home/airflow/.local/lib/python3.7/site-packages/airflow/example_dags/example_branch_day_of_week_operator.py took 0.279 seconds
[2023-03-30 12:04:59,404] {processor.py:153} INFO - Started process (PID=3665) to work on /home/airflow/.local/lib/python3.7/site-packages/airflow/example_dags/example_branch_day_of_week_operator.py
[2023-03-30 12:04:59,405] {processor.py:641} INFO - Processing file /home/airflow/.local/lib/python3.7/site-packages/airflow/example_dags/example_branch_day_of_week_operator.py for tasks to queue
[2023-03-30 12:04:59,406] {logging_mixin.py:115} INFO - [2023-03-30 12:04:59,406] {dagbag.py:507} INFO - Filling up the DagBag from /home/airflow/.local/lib/python3.7/site-packages/airflow/example_dags/example_branch_day_of_week_operator.py
[2023-03-30 12:04:59,412] {processor.py:651} INFO - DAG(s) dict_keys(['example_weekday_branch_operator']) retrieved from /home/airflow/.local/lib/python3.7/site-packages/airflow/example_dags/example_branch_day_of_week_operator.py
[2023-03-30 12:04:59,517] {logging_mixin.py:115} INFO - [2023-03-30 12:04:59,517] {dag.py:2371} INFO - Sync 1 DAGs
[2023-03-30 12:04:59,668] {logging_mixin.py:115} INFO - [2023-03-30 12:04:59,668] {dag.py:2919} INFO - Setting next_dagrun for example_weekday_branch_operator to 2023-03-29T00:00:00+00:00, run_after=2023-03-30T00:00:00+00:00
[2023-03-30 12:04:59,690] {processor.py:161} INFO - Processing /home/airflow/.local/lib/python3.7/site-packages/airflow/example_dags/example_branch_day_of_week_operator.py took 0.288 seconds
[2023-03-30 12:05:29,924] {processor.py:153} INFO - Started process (PID=3728) to work on /home/airflow/.local/lib/python3.7/site-packages/airflow/example_dags/example_branch_day_of_week_operator.py
[2023-03-30 12:05:29,925] {processor.py:641} INFO - Processing file /home/airflow/.local/lib/python3.7/site-packages/airflow/example_dags/example_branch_day_of_week_operator.py for tasks to queue
[2023-03-30 12:05:29,926] {logging_mixin.py:115} INFO - [2023-03-30 12:05:29,926] {dagbag.py:507} INFO - Filling up the DagBag from /home/airflow/.local/lib/python3.7/site-packages/airflow/example_dags/example_branch_day_of_week_operator.py
[2023-03-30 12:05:29,932] {processor.py:651} INFO - DAG(s) dict_keys(['example_weekday_branch_operator']) retrieved from /home/airflow/.local/lib/python3.7/site-packages/airflow/example_dags/example_branch_day_of_week_operator.py
[2023-03-30 12:05:30,037] {logging_mixin.py:115} INFO - [2023-03-30 12:05:30,037] {dag.py:2371} INFO - Sync 1 DAGs
[2023-03-30 12:05:30,192] {logging_mixin.py:115} INFO - [2023-03-30 12:05:30,192] {dag.py:2919} INFO - Setting next_dagrun for example_weekday_branch_operator to 2023-03-29T00:00:00+00:00, run_after=2023-03-30T00:00:00+00:00
[2023-03-30 12:05:30,217] {processor.py:161} INFO - Processing /home/airflow/.local/lib/python3.7/site-packages/airflow/example_dags/example_branch_day_of_week_operator.py took 0.296 seconds
[2023-03-30 12:06:00,619] {processor.py:153} INFO - Started process (PID=3791) to work on /home/airflow/.local/lib/python3.7/site-packages/airflow/example_dags/example_branch_day_of_week_operator.py
[2023-03-30 12:06:00,621] {processor.py:641} INFO - Processing file /home/airflow/.local/lib/python3.7/site-packages/airflow/example_dags/example_branch_day_of_week_operator.py for tasks to queue
[2023-03-30 12:06:00,622] {logging_mixin.py:115} INFO - [2023-03-30 12:06:00,622] {dagbag.py:507} INFO - Filling up the DagBag from /home/airflow/.local/lib/python3.7/site-packages/airflow/example_dags/example_branch_day_of_week_operator.py
[2023-03-30 12:06:00,627] {processor.py:651} INFO - DAG(s) dict_keys(['example_weekday_branch_operator']) retrieved from /home/airflow/.local/lib/python3.7/site-packages/airflow/example_dags/example_branch_day_of_week_operator.py
[2023-03-30 12:06:00,727] {logging_mixin.py:115} INFO - [2023-03-30 12:06:00,727] {dag.py:2371} INFO - Sync 1 DAGs
[2023-03-30 12:06:00,868] {logging_mixin.py:115} INFO - [2023-03-30 12:06:00,868] {dag.py:2919} INFO - Setting next_dagrun for example_weekday_branch_operator to 2023-03-29T00:00:00+00:00, run_after=2023-03-30T00:00:00+00:00
[2023-03-30 12:06:00,889] {processor.py:161} INFO - Processing /home/airflow/.local/lib/python3.7/site-packages/airflow/example_dags/example_branch_day_of_week_operator.py took 0.272 seconds
[2023-03-30 12:06:32,109] {processor.py:153} INFO - Started process (PID=3854) to work on /home/airflow/.local/lib/python3.7/site-packages/airflow/example_dags/example_branch_day_of_week_operator.py
[2023-03-30 12:06:32,110] {processor.py:641} INFO - Processing file /home/airflow/.local/lib/python3.7/site-packages/airflow/example_dags/example_branch_day_of_week_operator.py for tasks to queue
[2023-03-30 12:06:32,111] {logging_mixin.py:115} INFO - [2023-03-30 12:06:32,111] {dagbag.py:507} INFO - Filling up the DagBag from /home/airflow/.local/lib/python3.7/site-packages/airflow/example_dags/example_branch_day_of_week_operator.py
[2023-03-30 12:06:32,117] {processor.py:651} INFO - DAG(s) dict_keys(['example_weekday_branch_operator']) retrieved from /home/airflow/.local/lib/python3.7/site-packages/airflow/example_dags/example_branch_day_of_week_operator.py
[2023-03-30 12:06:32,218] {logging_mixin.py:115} INFO - [2023-03-30 12:06:32,218] {dag.py:2371} INFO - Sync 1 DAGs
[2023-03-30 12:06:32,358] {logging_mixin.py:115} INFO - [2023-03-30 12:06:32,358] {dag.py:2919} INFO - Setting next_dagrun for example_weekday_branch_operator to 2023-03-29T00:00:00+00:00, run_after=2023-03-30T00:00:00+00:00
[2023-03-30 12:06:32,378] {processor.py:161} INFO - Processing /home/airflow/.local/lib/python3.7/site-packages/airflow/example_dags/example_branch_day_of_week_operator.py took 0.271 seconds
[2023-03-30 12:07:02,821] {processor.py:153} INFO - Started process (PID=3917) to work on /home/airflow/.local/lib/python3.7/site-packages/airflow/example_dags/example_branch_day_of_week_operator.py
[2023-03-30 12:07:02,822] {processor.py:641} INFO - Processing file /home/airflow/.local/lib/python3.7/site-packages/airflow/example_dags/example_branch_day_of_week_operator.py for tasks to queue
[2023-03-30 12:07:02,823] {logging_mixin.py:115} INFO - [2023-03-30 12:07:02,823] {dagbag.py:507} INFO - Filling up the DagBag from /home/airflow/.local/lib/python3.7/site-packages/airflow/example_dags/example_branch_day_of_week_operator.py
[2023-03-30 12:07:02,829] {processor.py:651} INFO - DAG(s) dict_keys(['example_weekday_branch_operator']) retrieved from /home/airflow/.local/lib/python3.7/site-packages/airflow/example_dags/example_branch_day_of_week_operator.py
[2023-03-30 12:07:02,931] {logging_mixin.py:115} INFO - [2023-03-30 12:07:02,931] {dag.py:2371} INFO - Sync 1 DAGs
[2023-03-30 12:07:03,073] {logging_mixin.py:115} INFO - [2023-03-30 12:07:03,073] {dag.py:2919} INFO - Setting next_dagrun for example_weekday_branch_operator to 2023-03-29T00:00:00+00:00, run_after=2023-03-30T00:00:00+00:00
[2023-03-30 12:07:03,095] {processor.py:161} INFO - Processing /home/airflow/.local/lib/python3.7/site-packages/airflow/example_dags/example_branch_day_of_week_operator.py took 0.276 seconds
[2023-03-30 12:07:33,429] {processor.py:153} INFO - Started process (PID=3971) to work on /home/airflow/.local/lib/python3.7/site-packages/airflow/example_dags/example_branch_day_of_week_operator.py
[2023-03-30 12:07:33,431] {processor.py:641} INFO - Processing file /home/airflow/.local/lib/python3.7/site-packages/airflow/example_dags/example_branch_day_of_week_operator.py for tasks to queue
[2023-03-30 12:07:33,432] {logging_mixin.py:115} INFO - [2023-03-30 12:07:33,432] {dagbag.py:507} INFO - Filling up the DagBag from /home/airflow/.local/lib/python3.7/site-packages/airflow/example_dags/example_branch_day_of_week_operator.py
[2023-03-30 12:07:33,439] {processor.py:651} INFO - DAG(s) dict_keys(['example_weekday_branch_operator']) retrieved from /home/airflow/.local/lib/python3.7/site-packages/airflow/example_dags/example_branch_day_of_week_operator.py
[2023-03-30 12:07:33,558] {logging_mixin.py:115} INFO - [2023-03-30 12:07:33,558] {dag.py:2371} INFO - Sync 1 DAGs
[2023-03-30 12:07:33,708] {logging_mixin.py:115} INFO - [2023-03-30 12:07:33,708] {dag.py:2919} INFO - Setting next_dagrun for example_weekday_branch_operator to 2023-03-29T00:00:00+00:00, run_after=2023-03-30T00:00:00+00:00
[2023-03-30 12:07:33,731] {processor.py:161} INFO - Processing /home/airflow/.local/lib/python3.7/site-packages/airflow/example_dags/example_branch_day_of_week_operator.py took 0.306 seconds
