[2023-03-30 11:34:44,979] {processor.py:153} INFO - Started process (PID=49) to work on /home/airflow/.local/lib/python3.7/site-packages/airflow/example_dags/example_branch_operator_decorator.py
[2023-03-30 11:34:44,982] {processor.py:641} INFO - Processing file /home/airflow/.local/lib/python3.7/site-packages/airflow/example_dags/example_branch_operator_decorator.py for tasks to queue
[2023-03-30 11:34:44,983] {logging_mixin.py:115} INFO - [2023-03-30 11:34:44,983] {dagbag.py:507} INFO - Filling up the DagBag from /home/airflow/.local/lib/python3.7/site-packages/airflow/example_dags/example_branch_operator_decorator.py
[2023-03-30 11:34:45,015] {processor.py:651} INFO - DAG(s) dict_keys(['example_branch_python_operator_decorator']) retrieved from /home/airflow/.local/lib/python3.7/site-packages/airflow/example_dags/example_branch_operator_decorator.py
[2023-03-30 11:34:46,215] {logging_mixin.py:115} INFO - [2023-03-30 11:34:46,215] {manager.py:508} INFO - Created Permission View: can read on DAG:example_branch_python_operator_decorator
[2023-03-30 11:34:46,276] {logging_mixin.py:115} INFO - [2023-03-30 11:34:46,275] {manager.py:508} INFO - Created Permission View: can delete on DAG:example_branch_python_operator_decorator
[2023-03-30 11:34:46,313] {logging_mixin.py:115} INFO - [2023-03-30 11:34:46,313] {manager.py:508} INFO - Created Permission View: can edit on DAG:example_branch_python_operator_decorator
[2023-03-30 11:34:46,314] {logging_mixin.py:115} INFO - [2023-03-30 11:34:46,314] {dag.py:2371} INFO - Sync 1 DAGs
[2023-03-30 11:34:46,325] {logging_mixin.py:115} INFO - [2023-03-30 11:34:46,325] {dag.py:2390} INFO - Creating ORM DAG for example_branch_python_operator_decorator
[2023-03-30 11:34:46,419] {logging_mixin.py:115} INFO - [2023-03-30 11:34:46,418] {dag.py:2919} INFO - Setting next_dagrun for example_branch_python_operator_decorator to 2023-03-29T00:00:00+00:00, run_after=2023-03-30T00:00:00+00:00
[2023-03-30 11:34:46,540] {processor.py:161} INFO - Processing /home/airflow/.local/lib/python3.7/site-packages/airflow/example_dags/example_branch_operator_decorator.py took 1.564 seconds
[2023-03-30 11:35:17,374] {processor.py:153} INFO - Started process (PID=105) to work on /home/airflow/.local/lib/python3.7/site-packages/airflow/example_dags/example_branch_operator_decorator.py
[2023-03-30 11:35:17,376] {processor.py:641} INFO - Processing file /home/airflow/.local/lib/python3.7/site-packages/airflow/example_dags/example_branch_operator_decorator.py for tasks to queue
[2023-03-30 11:35:17,377] {logging_mixin.py:115} INFO - [2023-03-30 11:35:17,376] {dagbag.py:507} INFO - Filling up the DagBag from /home/airflow/.local/lib/python3.7/site-packages/airflow/example_dags/example_branch_operator_decorator.py
[2023-03-30 11:35:17,391] {processor.py:651} INFO - DAG(s) dict_keys(['example_branch_python_operator_decorator']) retrieved from /home/airflow/.local/lib/python3.7/site-packages/airflow/example_dags/example_branch_operator_decorator.py
[2023-03-30 11:35:17,491] {logging_mixin.py:115} INFO - [2023-03-30 11:35:17,491] {dag.py:2371} INFO - Sync 1 DAGs
[2023-03-30 11:35:17,538] {logging_mixin.py:115} INFO - [2023-03-30 11:35:17,538] {dag.py:2919} INFO - Setting next_dagrun for example_branch_python_operator_decorator to 2023-03-29T00:00:00+00:00, run_after=2023-03-30T00:00:00+00:00
[2023-03-30 11:35:17,561] {processor.py:161} INFO - Processing /home/airflow/.local/lib/python3.7/site-packages/airflow/example_dags/example_branch_operator_decorator.py took 0.189 seconds
[2023-03-30 11:35:47,712] {processor.py:153} INFO - Started process (PID=168) to work on /home/airflow/.local/lib/python3.7/site-packages/airflow/example_dags/example_branch_operator_decorator.py
[2023-03-30 11:35:47,713] {processor.py:641} INFO - Processing file /home/airflow/.local/lib/python3.7/site-packages/airflow/example_dags/example_branch_operator_decorator.py for tasks to queue
[2023-03-30 11:35:47,716] {logging_mixin.py:115} INFO - [2023-03-30 11:35:47,715] {dagbag.py:507} INFO - Filling up the DagBag from /home/airflow/.local/lib/python3.7/site-packages/airflow/example_dags/example_branch_operator_decorator.py
[2023-03-30 11:35:47,731] {processor.py:651} INFO - DAG(s) dict_keys(['example_branch_python_operator_decorator']) retrieved from /home/airflow/.local/lib/python3.7/site-packages/airflow/example_dags/example_branch_operator_decorator.py
[2023-03-30 11:35:47,859] {logging_mixin.py:115} INFO - [2023-03-30 11:35:47,859] {dag.py:2371} INFO - Sync 1 DAGs
[2023-03-30 11:35:47,906] {logging_mixin.py:115} INFO - [2023-03-30 11:35:47,906] {dag.py:2919} INFO - Setting next_dagrun for example_branch_python_operator_decorator to 2023-03-29T00:00:00+00:00, run_after=2023-03-30T00:00:00+00:00
[2023-03-30 11:35:47,929] {processor.py:161} INFO - Processing /home/airflow/.local/lib/python3.7/site-packages/airflow/example_dags/example_branch_operator_decorator.py took 0.219 seconds
[2023-03-30 11:36:18,661] {processor.py:153} INFO - Started process (PID=231) to work on /home/airflow/.local/lib/python3.7/site-packages/airflow/example_dags/example_branch_operator_decorator.py
[2023-03-30 11:36:18,664] {processor.py:641} INFO - Processing file /home/airflow/.local/lib/python3.7/site-packages/airflow/example_dags/example_branch_operator_decorator.py for tasks to queue
[2023-03-30 11:36:18,665] {logging_mixin.py:115} INFO - [2023-03-30 11:36:18,665] {dagbag.py:507} INFO - Filling up the DagBag from /home/airflow/.local/lib/python3.7/site-packages/airflow/example_dags/example_branch_operator_decorator.py
[2023-03-30 11:36:18,677] {processor.py:651} INFO - DAG(s) dict_keys(['example_branch_python_operator_decorator']) retrieved from /home/airflow/.local/lib/python3.7/site-packages/airflow/example_dags/example_branch_operator_decorator.py
[2023-03-30 11:36:18,776] {logging_mixin.py:115} INFO - [2023-03-30 11:36:18,776] {dag.py:2371} INFO - Sync 1 DAGs
[2023-03-30 11:36:18,822] {logging_mixin.py:115} INFO - [2023-03-30 11:36:18,822] {dag.py:2919} INFO - Setting next_dagrun for example_branch_python_operator_decorator to 2023-03-29T00:00:00+00:00, run_after=2023-03-30T00:00:00+00:00
[2023-03-30 11:36:18,844] {processor.py:161} INFO - Processing /home/airflow/.local/lib/python3.7/site-packages/airflow/example_dags/example_branch_operator_decorator.py took 0.185 seconds
[2023-03-30 11:36:49,427] {processor.py:153} INFO - Started process (PID=294) to work on /home/airflow/.local/lib/python3.7/site-packages/airflow/example_dags/example_branch_operator_decorator.py
[2023-03-30 11:36:49,428] {processor.py:641} INFO - Processing file /home/airflow/.local/lib/python3.7/site-packages/airflow/example_dags/example_branch_operator_decorator.py for tasks to queue
[2023-03-30 11:36:49,429] {logging_mixin.py:115} INFO - [2023-03-30 11:36:49,429] {dagbag.py:507} INFO - Filling up the DagBag from /home/airflow/.local/lib/python3.7/site-packages/airflow/example_dags/example_branch_operator_decorator.py
[2023-03-30 11:36:49,442] {processor.py:651} INFO - DAG(s) dict_keys(['example_branch_python_operator_decorator']) retrieved from /home/airflow/.local/lib/python3.7/site-packages/airflow/example_dags/example_branch_operator_decorator.py
[2023-03-30 11:36:49,542] {logging_mixin.py:115} INFO - [2023-03-30 11:36:49,542] {dag.py:2371} INFO - Sync 1 DAGs
[2023-03-30 11:36:49,586] {logging_mixin.py:115} INFO - [2023-03-30 11:36:49,586] {dag.py:2919} INFO - Setting next_dagrun for example_branch_python_operator_decorator to 2023-03-29T00:00:00+00:00, run_after=2023-03-30T00:00:00+00:00
[2023-03-30 11:36:49,608] {processor.py:161} INFO - Processing /home/airflow/.local/lib/python3.7/site-packages/airflow/example_dags/example_branch_operator_decorator.py took 0.184 seconds
[2023-03-30 11:37:20,361] {processor.py:153} INFO - Started process (PID=357) to work on /home/airflow/.local/lib/python3.7/site-packages/airflow/example_dags/example_branch_operator_decorator.py
[2023-03-30 11:37:20,362] {processor.py:641} INFO - Processing file /home/airflow/.local/lib/python3.7/site-packages/airflow/example_dags/example_branch_operator_decorator.py for tasks to queue
[2023-03-30 11:37:20,363] {logging_mixin.py:115} INFO - [2023-03-30 11:37:20,363] {dagbag.py:507} INFO - Filling up the DagBag from /home/airflow/.local/lib/python3.7/site-packages/airflow/example_dags/example_branch_operator_decorator.py
[2023-03-30 11:37:20,376] {processor.py:651} INFO - DAG(s) dict_keys(['example_branch_python_operator_decorator']) retrieved from /home/airflow/.local/lib/python3.7/site-packages/airflow/example_dags/example_branch_operator_decorator.py
[2023-03-30 11:37:20,480] {logging_mixin.py:115} INFO - [2023-03-30 11:37:20,480] {dag.py:2371} INFO - Sync 1 DAGs
[2023-03-30 11:37:20,533] {logging_mixin.py:115} INFO - [2023-03-30 11:37:20,532] {dag.py:2919} INFO - Setting next_dagrun for example_branch_python_operator_decorator to 2023-03-29T00:00:00+00:00, run_after=2023-03-30T00:00:00+00:00
[2023-03-30 11:37:20,570] {processor.py:161} INFO - Processing /home/airflow/.local/lib/python3.7/site-packages/airflow/example_dags/example_branch_operator_decorator.py took 0.212 seconds
[2023-03-30 11:37:51,062] {processor.py:153} INFO - Started process (PID=411) to work on /home/airflow/.local/lib/python3.7/site-packages/airflow/example_dags/example_branch_operator_decorator.py
[2023-03-30 11:37:51,063] {processor.py:641} INFO - Processing file /home/airflow/.local/lib/python3.7/site-packages/airflow/example_dags/example_branch_operator_decorator.py for tasks to queue
[2023-03-30 11:37:51,064] {logging_mixin.py:115} INFO - [2023-03-30 11:37:51,064] {dagbag.py:507} INFO - Filling up the DagBag from /home/airflow/.local/lib/python3.7/site-packages/airflow/example_dags/example_branch_operator_decorator.py
[2023-03-30 11:37:51,078] {processor.py:651} INFO - DAG(s) dict_keys(['example_branch_python_operator_decorator']) retrieved from /home/airflow/.local/lib/python3.7/site-packages/airflow/example_dags/example_branch_operator_decorator.py
[2023-03-30 11:37:51,187] {logging_mixin.py:115} INFO - [2023-03-30 11:37:51,187] {dag.py:2371} INFO - Sync 1 DAGs
[2023-03-30 11:37:51,236] {logging_mixin.py:115} INFO - [2023-03-30 11:37:51,236] {dag.py:2919} INFO - Setting next_dagrun for example_branch_python_operator_decorator to 2023-03-29T00:00:00+00:00, run_after=2023-03-30T00:00:00+00:00
[2023-03-30 11:37:51,263] {processor.py:161} INFO - Processing /home/airflow/.local/lib/python3.7/site-packages/airflow/example_dags/example_branch_operator_decorator.py took 0.204 seconds
[2023-03-30 11:38:21,707] {processor.py:153} INFO - Started process (PID=474) to work on /home/airflow/.local/lib/python3.7/site-packages/airflow/example_dags/example_branch_operator_decorator.py
[2023-03-30 11:38:21,709] {processor.py:641} INFO - Processing file /home/airflow/.local/lib/python3.7/site-packages/airflow/example_dags/example_branch_operator_decorator.py for tasks to queue
[2023-03-30 11:38:21,710] {logging_mixin.py:115} INFO - [2023-03-30 11:38:21,710] {dagbag.py:507} INFO - Filling up the DagBag from /home/airflow/.local/lib/python3.7/site-packages/airflow/example_dags/example_branch_operator_decorator.py
[2023-03-30 11:38:21,723] {processor.py:651} INFO - DAG(s) dict_keys(['example_branch_python_operator_decorator']) retrieved from /home/airflow/.local/lib/python3.7/site-packages/airflow/example_dags/example_branch_operator_decorator.py
[2023-03-30 11:38:21,822] {logging_mixin.py:115} INFO - [2023-03-30 11:38:21,822] {dag.py:2371} INFO - Sync 1 DAGs
[2023-03-30 11:38:21,869] {logging_mixin.py:115} INFO - [2023-03-30 11:38:21,869] {dag.py:2919} INFO - Setting next_dagrun for example_branch_python_operator_decorator to 2023-03-29T00:00:00+00:00, run_after=2023-03-30T00:00:00+00:00
[2023-03-30 11:38:21,892] {processor.py:161} INFO - Processing /home/airflow/.local/lib/python3.7/site-packages/airflow/example_dags/example_branch_operator_decorator.py took 0.188 seconds
[2023-03-30 11:38:52,404] {processor.py:153} INFO - Started process (PID=537) to work on /home/airflow/.local/lib/python3.7/site-packages/airflow/example_dags/example_branch_operator_decorator.py
[2023-03-30 11:38:52,407] {processor.py:641} INFO - Processing file /home/airflow/.local/lib/python3.7/site-packages/airflow/example_dags/example_branch_operator_decorator.py for tasks to queue
[2023-03-30 11:38:52,408] {logging_mixin.py:115} INFO - [2023-03-30 11:38:52,408] {dagbag.py:507} INFO - Filling up the DagBag from /home/airflow/.local/lib/python3.7/site-packages/airflow/example_dags/example_branch_operator_decorator.py
[2023-03-30 11:38:52,420] {processor.py:651} INFO - DAG(s) dict_keys(['example_branch_python_operator_decorator']) retrieved from /home/airflow/.local/lib/python3.7/site-packages/airflow/example_dags/example_branch_operator_decorator.py
[2023-03-30 11:38:52,524] {logging_mixin.py:115} INFO - [2023-03-30 11:38:52,523] {dag.py:2371} INFO - Sync 1 DAGs
[2023-03-30 11:38:52,573] {logging_mixin.py:115} INFO - [2023-03-30 11:38:52,573] {dag.py:2919} INFO - Setting next_dagrun for example_branch_python_operator_decorator to 2023-03-29T00:00:00+00:00, run_after=2023-03-30T00:00:00+00:00
[2023-03-30 11:38:52,597] {processor.py:161} INFO - Processing /home/airflow/.local/lib/python3.7/site-packages/airflow/example_dags/example_branch_operator_decorator.py took 0.196 seconds
[2023-03-30 11:39:23,015] {processor.py:153} INFO - Started process (PID=600) to work on /home/airflow/.local/lib/python3.7/site-packages/airflow/example_dags/example_branch_operator_decorator.py
[2023-03-30 11:39:23,016] {processor.py:641} INFO - Processing file /home/airflow/.local/lib/python3.7/site-packages/airflow/example_dags/example_branch_operator_decorator.py for tasks to queue
[2023-03-30 11:39:23,017] {logging_mixin.py:115} INFO - [2023-03-30 11:39:23,017] {dagbag.py:507} INFO - Filling up the DagBag from /home/airflow/.local/lib/python3.7/site-packages/airflow/example_dags/example_branch_operator_decorator.py
[2023-03-30 11:39:23,031] {processor.py:651} INFO - DAG(s) dict_keys(['example_branch_python_operator_decorator']) retrieved from /home/airflow/.local/lib/python3.7/site-packages/airflow/example_dags/example_branch_operator_decorator.py
[2023-03-30 11:39:23,138] {logging_mixin.py:115} INFO - [2023-03-30 11:39:23,138] {dag.py:2371} INFO - Sync 1 DAGs
[2023-03-30 11:39:23,188] {logging_mixin.py:115} INFO - [2023-03-30 11:39:23,187] {dag.py:2919} INFO - Setting next_dagrun for example_branch_python_operator_decorator to 2023-03-29T00:00:00+00:00, run_after=2023-03-30T00:00:00+00:00
[2023-03-30 11:39:23,211] {processor.py:161} INFO - Processing /home/airflow/.local/lib/python3.7/site-packages/airflow/example_dags/example_branch_operator_decorator.py took 0.199 seconds
[2023-03-30 11:39:54,036] {processor.py:153} INFO - Started process (PID=663) to work on /home/airflow/.local/lib/python3.7/site-packages/airflow/example_dags/example_branch_operator_decorator.py
[2023-03-30 11:39:54,038] {processor.py:641} INFO - Processing file /home/airflow/.local/lib/python3.7/site-packages/airflow/example_dags/example_branch_operator_decorator.py for tasks to queue
[2023-03-30 11:39:54,039] {logging_mixin.py:115} INFO - [2023-03-30 11:39:54,039] {dagbag.py:507} INFO - Filling up the DagBag from /home/airflow/.local/lib/python3.7/site-packages/airflow/example_dags/example_branch_operator_decorator.py
[2023-03-30 11:39:54,053] {processor.py:651} INFO - DAG(s) dict_keys(['example_branch_python_operator_decorator']) retrieved from /home/airflow/.local/lib/python3.7/site-packages/airflow/example_dags/example_branch_operator_decorator.py
[2023-03-30 11:39:54,158] {logging_mixin.py:115} INFO - [2023-03-30 11:39:54,158] {dag.py:2371} INFO - Sync 1 DAGs
[2023-03-30 11:39:54,212] {logging_mixin.py:115} INFO - [2023-03-30 11:39:54,212] {dag.py:2919} INFO - Setting next_dagrun for example_branch_python_operator_decorator to 2023-03-29T00:00:00+00:00, run_after=2023-03-30T00:00:00+00:00
[2023-03-30 11:39:54,330] {processor.py:161} INFO - Processing /home/airflow/.local/lib/python3.7/site-packages/airflow/example_dags/example_branch_operator_decorator.py took 0.297 seconds
[2023-03-30 11:40:24,437] {processor.py:153} INFO - Started process (PID=717) to work on /home/airflow/.local/lib/python3.7/site-packages/airflow/example_dags/example_branch_operator_decorator.py
[2023-03-30 11:40:24,439] {processor.py:641} INFO - Processing file /home/airflow/.local/lib/python3.7/site-packages/airflow/example_dags/example_branch_operator_decorator.py for tasks to queue
[2023-03-30 11:40:24,440] {logging_mixin.py:115} INFO - [2023-03-30 11:40:24,440] {dagbag.py:507} INFO - Filling up the DagBag from /home/airflow/.local/lib/python3.7/site-packages/airflow/example_dags/example_branch_operator_decorator.py
[2023-03-30 11:40:24,452] {processor.py:651} INFO - DAG(s) dict_keys(['example_branch_python_operator_decorator']) retrieved from /home/airflow/.local/lib/python3.7/site-packages/airflow/example_dags/example_branch_operator_decorator.py
[2023-03-30 11:40:24,551] {logging_mixin.py:115} INFO - [2023-03-30 11:40:24,551] {dag.py:2371} INFO - Sync 1 DAGs
[2023-03-30 11:40:24,600] {logging_mixin.py:115} INFO - [2023-03-30 11:40:24,600] {dag.py:2919} INFO - Setting next_dagrun for example_branch_python_operator_decorator to 2023-03-29T00:00:00+00:00, run_after=2023-03-30T00:00:00+00:00
[2023-03-30 11:40:24,728] {processor.py:161} INFO - Processing /home/airflow/.local/lib/python3.7/site-packages/airflow/example_dags/example_branch_operator_decorator.py took 0.294 seconds
[2023-03-30 11:40:54,932] {processor.py:153} INFO - Started process (PID=780) to work on /home/airflow/.local/lib/python3.7/site-packages/airflow/example_dags/example_branch_operator_decorator.py
[2023-03-30 11:40:54,934] {processor.py:641} INFO - Processing file /home/airflow/.local/lib/python3.7/site-packages/airflow/example_dags/example_branch_operator_decorator.py for tasks to queue
[2023-03-30 11:40:54,934] {logging_mixin.py:115} INFO - [2023-03-30 11:40:54,934] {dagbag.py:507} INFO - Filling up the DagBag from /home/airflow/.local/lib/python3.7/site-packages/airflow/example_dags/example_branch_operator_decorator.py
[2023-03-30 11:40:54,947] {processor.py:651} INFO - DAG(s) dict_keys(['example_branch_python_operator_decorator']) retrieved from /home/airflow/.local/lib/python3.7/site-packages/airflow/example_dags/example_branch_operator_decorator.py
[2023-03-30 11:40:55,046] {logging_mixin.py:115} INFO - [2023-03-30 11:40:55,046] {dag.py:2371} INFO - Sync 1 DAGs
[2023-03-30 11:40:55,093] {logging_mixin.py:115} INFO - [2023-03-30 11:40:55,093] {dag.py:2919} INFO - Setting next_dagrun for example_branch_python_operator_decorator to 2023-03-29T00:00:00+00:00, run_after=2023-03-30T00:00:00+00:00
[2023-03-30 11:40:55,211] {processor.py:161} INFO - Processing /home/airflow/.local/lib/python3.7/site-packages/airflow/example_dags/example_branch_operator_decorator.py took 0.281 seconds
[2023-03-30 11:41:25,514] {processor.py:153} INFO - Started process (PID=843) to work on /home/airflow/.local/lib/python3.7/site-packages/airflow/example_dags/example_branch_operator_decorator.py
[2023-03-30 11:41:25,515] {processor.py:641} INFO - Processing file /home/airflow/.local/lib/python3.7/site-packages/airflow/example_dags/example_branch_operator_decorator.py for tasks to queue
[2023-03-30 11:41:25,516] {logging_mixin.py:115} INFO - [2023-03-30 11:41:25,516] {dagbag.py:507} INFO - Filling up the DagBag from /home/airflow/.local/lib/python3.7/site-packages/airflow/example_dags/example_branch_operator_decorator.py
[2023-03-30 11:41:25,529] {processor.py:651} INFO - DAG(s) dict_keys(['example_branch_python_operator_decorator']) retrieved from /home/airflow/.local/lib/python3.7/site-packages/airflow/example_dags/example_branch_operator_decorator.py
[2023-03-30 11:41:25,628] {logging_mixin.py:115} INFO - [2023-03-30 11:41:25,628] {dag.py:2371} INFO - Sync 1 DAGs
[2023-03-30 11:41:25,677] {logging_mixin.py:115} INFO - [2023-03-30 11:41:25,677] {dag.py:2919} INFO - Setting next_dagrun for example_branch_python_operator_decorator to 2023-03-29T00:00:00+00:00, run_after=2023-03-30T00:00:00+00:00
[2023-03-30 11:41:25,798] {processor.py:161} INFO - Processing /home/airflow/.local/lib/python3.7/site-packages/airflow/example_dags/example_branch_operator_decorator.py took 0.287 seconds
[2023-03-30 11:41:55,869] {processor.py:153} INFO - Started process (PID=906) to work on /home/airflow/.local/lib/python3.7/site-packages/airflow/example_dags/example_branch_operator_decorator.py
[2023-03-30 11:41:55,871] {processor.py:641} INFO - Processing file /home/airflow/.local/lib/python3.7/site-packages/airflow/example_dags/example_branch_operator_decorator.py for tasks to queue
[2023-03-30 11:41:55,871] {logging_mixin.py:115} INFO - [2023-03-30 11:41:55,871] {dagbag.py:507} INFO - Filling up the DagBag from /home/airflow/.local/lib/python3.7/site-packages/airflow/example_dags/example_branch_operator_decorator.py
[2023-03-30 11:41:55,885] {processor.py:651} INFO - DAG(s) dict_keys(['example_branch_python_operator_decorator']) retrieved from /home/airflow/.local/lib/python3.7/site-packages/airflow/example_dags/example_branch_operator_decorator.py
[2023-03-30 11:41:55,985] {logging_mixin.py:115} INFO - [2023-03-30 11:41:55,985] {dag.py:2371} INFO - Sync 1 DAGs
[2023-03-30 11:41:56,035] {logging_mixin.py:115} INFO - [2023-03-30 11:41:56,035] {dag.py:2919} INFO - Setting next_dagrun for example_branch_python_operator_decorator to 2023-03-29T00:00:00+00:00, run_after=2023-03-30T00:00:00+00:00
[2023-03-30 11:41:56,165] {processor.py:161} INFO - Processing /home/airflow/.local/lib/python3.7/site-packages/airflow/example_dags/example_branch_operator_decorator.py took 0.299 seconds
[2023-03-30 11:42:26,496] {processor.py:153} INFO - Started process (PID=968) to work on /home/airflow/.local/lib/python3.7/site-packages/airflow/example_dags/example_branch_operator_decorator.py
[2023-03-30 11:42:26,497] {processor.py:641} INFO - Processing file /home/airflow/.local/lib/python3.7/site-packages/airflow/example_dags/example_branch_operator_decorator.py for tasks to queue
[2023-03-30 11:42:26,498] {logging_mixin.py:115} INFO - [2023-03-30 11:42:26,498] {dagbag.py:507} INFO - Filling up the DagBag from /home/airflow/.local/lib/python3.7/site-packages/airflow/example_dags/example_branch_operator_decorator.py
[2023-03-30 11:42:26,513] {processor.py:651} INFO - DAG(s) dict_keys(['example_branch_python_operator_decorator']) retrieved from /home/airflow/.local/lib/python3.7/site-packages/airflow/example_dags/example_branch_operator_decorator.py
[2023-03-30 11:42:26,635] {logging_mixin.py:115} INFO - [2023-03-30 11:42:26,635] {dag.py:2371} INFO - Sync 1 DAGs
[2023-03-30 11:42:26,706] {logging_mixin.py:115} INFO - [2023-03-30 11:42:26,706] {dag.py:2919} INFO - Setting next_dagrun for example_branch_python_operator_decorator to 2023-03-29T00:00:00+00:00, run_after=2023-03-30T00:00:00+00:00
[2023-03-30 11:42:26,841] {processor.py:161} INFO - Processing /home/airflow/.local/lib/python3.7/site-packages/airflow/example_dags/example_branch_operator_decorator.py took 0.348 seconds
[2023-03-30 11:42:57,100] {processor.py:153} INFO - Started process (PID=1022) to work on /home/airflow/.local/lib/python3.7/site-packages/airflow/example_dags/example_branch_operator_decorator.py
[2023-03-30 11:42:57,102] {processor.py:641} INFO - Processing file /home/airflow/.local/lib/python3.7/site-packages/airflow/example_dags/example_branch_operator_decorator.py for tasks to queue
[2023-03-30 11:42:57,103] {logging_mixin.py:115} INFO - [2023-03-30 11:42:57,102] {dagbag.py:507} INFO - Filling up the DagBag from /home/airflow/.local/lib/python3.7/site-packages/airflow/example_dags/example_branch_operator_decorator.py
[2023-03-30 11:42:57,115] {processor.py:651} INFO - DAG(s) dict_keys(['example_branch_python_operator_decorator']) retrieved from /home/airflow/.local/lib/python3.7/site-packages/airflow/example_dags/example_branch_operator_decorator.py
[2023-03-30 11:42:57,212] {logging_mixin.py:115} INFO - [2023-03-30 11:42:57,211] {dag.py:2371} INFO - Sync 1 DAGs
[2023-03-30 11:42:57,265] {logging_mixin.py:115} INFO - [2023-03-30 11:42:57,265] {dag.py:2919} INFO - Setting next_dagrun for example_branch_python_operator_decorator to 2023-03-29T00:00:00+00:00, run_after=2023-03-30T00:00:00+00:00
[2023-03-30 11:42:57,385] {processor.py:161} INFO - Processing /home/airflow/.local/lib/python3.7/site-packages/airflow/example_dags/example_branch_operator_decorator.py took 0.287 seconds
[2023-03-30 11:43:27,844] {processor.py:153} INFO - Started process (PID=1085) to work on /home/airflow/.local/lib/python3.7/site-packages/airflow/example_dags/example_branch_operator_decorator.py
[2023-03-30 11:43:27,846] {processor.py:641} INFO - Processing file /home/airflow/.local/lib/python3.7/site-packages/airflow/example_dags/example_branch_operator_decorator.py for tasks to queue
[2023-03-30 11:43:27,847] {logging_mixin.py:115} INFO - [2023-03-30 11:43:27,847] {dagbag.py:507} INFO - Filling up the DagBag from /home/airflow/.local/lib/python3.7/site-packages/airflow/example_dags/example_branch_operator_decorator.py
[2023-03-30 11:43:27,859] {processor.py:651} INFO - DAG(s) dict_keys(['example_branch_python_operator_decorator']) retrieved from /home/airflow/.local/lib/python3.7/site-packages/airflow/example_dags/example_branch_operator_decorator.py
[2023-03-30 11:43:27,956] {logging_mixin.py:115} INFO - [2023-03-30 11:43:27,956] {dag.py:2371} INFO - Sync 1 DAGs
[2023-03-30 11:43:28,002] {logging_mixin.py:115} INFO - [2023-03-30 11:43:28,002] {dag.py:2919} INFO - Setting next_dagrun for example_branch_python_operator_decorator to 2023-03-29T00:00:00+00:00, run_after=2023-03-30T00:00:00+00:00
[2023-03-30 11:43:28,126] {processor.py:161} INFO - Processing /home/airflow/.local/lib/python3.7/site-packages/airflow/example_dags/example_branch_operator_decorator.py took 0.285 seconds
[2023-03-30 11:43:58,475] {processor.py:153} INFO - Started process (PID=1148) to work on /home/airflow/.local/lib/python3.7/site-packages/airflow/example_dags/example_branch_operator_decorator.py
[2023-03-30 11:43:58,478] {processor.py:641} INFO - Processing file /home/airflow/.local/lib/python3.7/site-packages/airflow/example_dags/example_branch_operator_decorator.py for tasks to queue
[2023-03-30 11:43:58,479] {logging_mixin.py:115} INFO - [2023-03-30 11:43:58,479] {dagbag.py:507} INFO - Filling up the DagBag from /home/airflow/.local/lib/python3.7/site-packages/airflow/example_dags/example_branch_operator_decorator.py
[2023-03-30 11:43:58,491] {processor.py:651} INFO - DAG(s) dict_keys(['example_branch_python_operator_decorator']) retrieved from /home/airflow/.local/lib/python3.7/site-packages/airflow/example_dags/example_branch_operator_decorator.py
[2023-03-30 11:43:58,592] {logging_mixin.py:115} INFO - [2023-03-30 11:43:58,591] {dag.py:2371} INFO - Sync 1 DAGs
[2023-03-30 11:43:58,640] {logging_mixin.py:115} INFO - [2023-03-30 11:43:58,640] {dag.py:2919} INFO - Setting next_dagrun for example_branch_python_operator_decorator to 2023-03-29T00:00:00+00:00, run_after=2023-03-30T00:00:00+00:00
[2023-03-30 11:43:58,761] {processor.py:161} INFO - Processing /home/airflow/.local/lib/python3.7/site-packages/airflow/example_dags/example_branch_operator_decorator.py took 0.289 seconds
[2023-03-30 11:44:29,052] {processor.py:153} INFO - Started process (PID=1211) to work on /home/airflow/.local/lib/python3.7/site-packages/airflow/example_dags/example_branch_operator_decorator.py
[2023-03-30 11:44:29,053] {processor.py:641} INFO - Processing file /home/airflow/.local/lib/python3.7/site-packages/airflow/example_dags/example_branch_operator_decorator.py for tasks to queue
[2023-03-30 11:44:29,054] {logging_mixin.py:115} INFO - [2023-03-30 11:44:29,053] {dagbag.py:507} INFO - Filling up the DagBag from /home/airflow/.local/lib/python3.7/site-packages/airflow/example_dags/example_branch_operator_decorator.py
[2023-03-30 11:44:29,066] {processor.py:651} INFO - DAG(s) dict_keys(['example_branch_python_operator_decorator']) retrieved from /home/airflow/.local/lib/python3.7/site-packages/airflow/example_dags/example_branch_operator_decorator.py
[2023-03-30 11:44:29,161] {logging_mixin.py:115} INFO - [2023-03-30 11:44:29,161] {dag.py:2371} INFO - Sync 1 DAGs
[2023-03-30 11:44:29,209] {logging_mixin.py:115} INFO - [2023-03-30 11:44:29,209] {dag.py:2919} INFO - Setting next_dagrun for example_branch_python_operator_decorator to 2023-03-29T00:00:00+00:00, run_after=2023-03-30T00:00:00+00:00
[2023-03-30 11:44:29,339] {processor.py:161} INFO - Processing /home/airflow/.local/lib/python3.7/site-packages/airflow/example_dags/example_branch_operator_decorator.py took 0.290 seconds
[2023-03-30 11:44:59,755] {processor.py:153} INFO - Started process (PID=1274) to work on /home/airflow/.local/lib/python3.7/site-packages/airflow/example_dags/example_branch_operator_decorator.py
[2023-03-30 11:44:59,756] {processor.py:641} INFO - Processing file /home/airflow/.local/lib/python3.7/site-packages/airflow/example_dags/example_branch_operator_decorator.py for tasks to queue
[2023-03-30 11:44:59,757] {logging_mixin.py:115} INFO - [2023-03-30 11:44:59,757] {dagbag.py:507} INFO - Filling up the DagBag from /home/airflow/.local/lib/python3.7/site-packages/airflow/example_dags/example_branch_operator_decorator.py
[2023-03-30 11:44:59,770] {processor.py:651} INFO - DAG(s) dict_keys(['example_branch_python_operator_decorator']) retrieved from /home/airflow/.local/lib/python3.7/site-packages/airflow/example_dags/example_branch_operator_decorator.py
[2023-03-30 11:44:59,865] {logging_mixin.py:115} INFO - [2023-03-30 11:44:59,865] {dag.py:2371} INFO - Sync 1 DAGs
[2023-03-30 11:45:00,057] {logging_mixin.py:115} INFO - [2023-03-30 11:45:00,057] {dag.py:2919} INFO - Setting next_dagrun for example_branch_python_operator_decorator to 2023-03-29T00:00:00+00:00, run_after=2023-03-30T00:00:00+00:00
[2023-03-30 11:45:00,082] {processor.py:161} INFO - Processing /home/airflow/.local/lib/python3.7/site-packages/airflow/example_dags/example_branch_operator_decorator.py took 0.329 seconds
[2023-03-30 11:45:30,154] {processor.py:153} INFO - Started process (PID=1328) to work on /home/airflow/.local/lib/python3.7/site-packages/airflow/example_dags/example_branch_operator_decorator.py
[2023-03-30 11:45:30,156] {processor.py:641} INFO - Processing file /home/airflow/.local/lib/python3.7/site-packages/airflow/example_dags/example_branch_operator_decorator.py for tasks to queue
[2023-03-30 11:45:30,157] {logging_mixin.py:115} INFO - [2023-03-30 11:45:30,157] {dagbag.py:507} INFO - Filling up the DagBag from /home/airflow/.local/lib/python3.7/site-packages/airflow/example_dags/example_branch_operator_decorator.py
[2023-03-30 11:45:30,168] {processor.py:651} INFO - DAG(s) dict_keys(['example_branch_python_operator_decorator']) retrieved from /home/airflow/.local/lib/python3.7/site-packages/airflow/example_dags/example_branch_operator_decorator.py
[2023-03-30 11:45:30,267] {logging_mixin.py:115} INFO - [2023-03-30 11:45:30,267] {dag.py:2371} INFO - Sync 1 DAGs
[2023-03-30 11:45:30,406] {logging_mixin.py:115} INFO - [2023-03-30 11:45:30,406] {dag.py:2919} INFO - Setting next_dagrun for example_branch_python_operator_decorator to 2023-03-29T00:00:00+00:00, run_after=2023-03-30T00:00:00+00:00
[2023-03-30 11:45:30,426] {processor.py:161} INFO - Processing /home/airflow/.local/lib/python3.7/site-packages/airflow/example_dags/example_branch_operator_decorator.py took 0.275 seconds
[2023-03-30 11:46:01,136] {processor.py:153} INFO - Started process (PID=1391) to work on /home/airflow/.local/lib/python3.7/site-packages/airflow/example_dags/example_branch_operator_decorator.py
[2023-03-30 11:46:01,138] {processor.py:641} INFO - Processing file /home/airflow/.local/lib/python3.7/site-packages/airflow/example_dags/example_branch_operator_decorator.py for tasks to queue
[2023-03-30 11:46:01,139] {logging_mixin.py:115} INFO - [2023-03-30 11:46:01,139] {dagbag.py:507} INFO - Filling up the DagBag from /home/airflow/.local/lib/python3.7/site-packages/airflow/example_dags/example_branch_operator_decorator.py
[2023-03-30 11:46:01,152] {processor.py:651} INFO - DAG(s) dict_keys(['example_branch_python_operator_decorator']) retrieved from /home/airflow/.local/lib/python3.7/site-packages/airflow/example_dags/example_branch_operator_decorator.py
[2023-03-30 11:46:01,250] {logging_mixin.py:115} INFO - [2023-03-30 11:46:01,250] {dag.py:2371} INFO - Sync 1 DAGs
[2023-03-30 11:46:01,397] {logging_mixin.py:115} INFO - [2023-03-30 11:46:01,397] {dag.py:2919} INFO - Setting next_dagrun for example_branch_python_operator_decorator to 2023-03-29T00:00:00+00:00, run_after=2023-03-30T00:00:00+00:00
[2023-03-30 11:46:01,421] {processor.py:161} INFO - Processing /home/airflow/.local/lib/python3.7/site-packages/airflow/example_dags/example_branch_operator_decorator.py took 0.287 seconds
[2023-03-30 11:46:31,598] {processor.py:153} INFO - Started process (PID=1453) to work on /home/airflow/.local/lib/python3.7/site-packages/airflow/example_dags/example_branch_operator_decorator.py
[2023-03-30 11:46:31,601] {processor.py:641} INFO - Processing file /home/airflow/.local/lib/python3.7/site-packages/airflow/example_dags/example_branch_operator_decorator.py for tasks to queue
[2023-03-30 11:46:31,602] {logging_mixin.py:115} INFO - [2023-03-30 11:46:31,602] {dagbag.py:507} INFO - Filling up the DagBag from /home/airflow/.local/lib/python3.7/site-packages/airflow/example_dags/example_branch_operator_decorator.py
[2023-03-30 11:46:31,617] {processor.py:651} INFO - DAG(s) dict_keys(['example_branch_python_operator_decorator']) retrieved from /home/airflow/.local/lib/python3.7/site-packages/airflow/example_dags/example_branch_operator_decorator.py
[2023-03-30 11:46:31,739] {logging_mixin.py:115} INFO - [2023-03-30 11:46:31,739] {dag.py:2371} INFO - Sync 1 DAGs
[2023-03-30 11:46:31,909] {logging_mixin.py:115} INFO - [2023-03-30 11:46:31,909] {dag.py:2919} INFO - Setting next_dagrun for example_branch_python_operator_decorator to 2023-03-29T00:00:00+00:00, run_after=2023-03-30T00:00:00+00:00
[2023-03-30 11:46:31,931] {processor.py:161} INFO - Processing /home/airflow/.local/lib/python3.7/site-packages/airflow/example_dags/example_branch_operator_decorator.py took 0.335 seconds
[2023-03-30 11:47:02,413] {processor.py:153} INFO - Started process (PID=1516) to work on /home/airflow/.local/lib/python3.7/site-packages/airflow/example_dags/example_branch_operator_decorator.py
[2023-03-30 11:47:02,414] {processor.py:641} INFO - Processing file /home/airflow/.local/lib/python3.7/site-packages/airflow/example_dags/example_branch_operator_decorator.py for tasks to queue
[2023-03-30 11:47:02,415] {logging_mixin.py:115} INFO - [2023-03-30 11:47:02,415] {dagbag.py:507} INFO - Filling up the DagBag from /home/airflow/.local/lib/python3.7/site-packages/airflow/example_dags/example_branch_operator_decorator.py
[2023-03-30 11:47:02,427] {processor.py:651} INFO - DAG(s) dict_keys(['example_branch_python_operator_decorator']) retrieved from /home/airflow/.local/lib/python3.7/site-packages/airflow/example_dags/example_branch_operator_decorator.py
[2023-03-30 11:47:02,523] {logging_mixin.py:115} INFO - [2023-03-30 11:47:02,523] {dag.py:2371} INFO - Sync 1 DAGs
[2023-03-30 11:47:02,671] {logging_mixin.py:115} INFO - [2023-03-30 11:47:02,671] {dag.py:2919} INFO - Setting next_dagrun for example_branch_python_operator_decorator to 2023-03-29T00:00:00+00:00, run_after=2023-03-30T00:00:00+00:00
[2023-03-30 11:47:02,693] {processor.py:161} INFO - Processing /home/airflow/.local/lib/python3.7/site-packages/airflow/example_dags/example_branch_operator_decorator.py took 0.283 seconds
[2023-03-30 11:47:33,103] {processor.py:153} INFO - Started process (PID=1579) to work on /home/airflow/.local/lib/python3.7/site-packages/airflow/example_dags/example_branch_operator_decorator.py
[2023-03-30 11:47:33,105] {processor.py:641} INFO - Processing file /home/airflow/.local/lib/python3.7/site-packages/airflow/example_dags/example_branch_operator_decorator.py for tasks to queue
[2023-03-30 11:47:33,105] {logging_mixin.py:115} INFO - [2023-03-30 11:47:33,105] {dagbag.py:507} INFO - Filling up the DagBag from /home/airflow/.local/lib/python3.7/site-packages/airflow/example_dags/example_branch_operator_decorator.py
[2023-03-30 11:47:33,119] {processor.py:651} INFO - DAG(s) dict_keys(['example_branch_python_operator_decorator']) retrieved from /home/airflow/.local/lib/python3.7/site-packages/airflow/example_dags/example_branch_operator_decorator.py
[2023-03-30 11:47:33,219] {logging_mixin.py:115} INFO - [2023-03-30 11:47:33,219] {dag.py:2371} INFO - Sync 1 DAGs
[2023-03-30 11:47:33,366] {logging_mixin.py:115} INFO - [2023-03-30 11:47:33,366] {dag.py:2919} INFO - Setting next_dagrun for example_branch_python_operator_decorator to 2023-03-29T00:00:00+00:00, run_after=2023-03-30T00:00:00+00:00
[2023-03-30 11:47:33,388] {processor.py:161} INFO - Processing /home/airflow/.local/lib/python3.7/site-packages/airflow/example_dags/example_branch_operator_decorator.py took 0.287 seconds
[2023-03-30 11:48:03,545] {processor.py:153} INFO - Started process (PID=1633) to work on /home/airflow/.local/lib/python3.7/site-packages/airflow/example_dags/example_branch_operator_decorator.py
[2023-03-30 11:48:03,546] {processor.py:641} INFO - Processing file /home/airflow/.local/lib/python3.7/site-packages/airflow/example_dags/example_branch_operator_decorator.py for tasks to queue
[2023-03-30 11:48:03,547] {logging_mixin.py:115} INFO - [2023-03-30 11:48:03,547] {dagbag.py:507} INFO - Filling up the DagBag from /home/airflow/.local/lib/python3.7/site-packages/airflow/example_dags/example_branch_operator_decorator.py
[2023-03-30 11:48:03,559] {processor.py:651} INFO - DAG(s) dict_keys(['example_branch_python_operator_decorator']) retrieved from /home/airflow/.local/lib/python3.7/site-packages/airflow/example_dags/example_branch_operator_decorator.py
[2023-03-30 11:48:03,660] {logging_mixin.py:115} INFO - [2023-03-30 11:48:03,660] {dag.py:2371} INFO - Sync 1 DAGs
[2023-03-30 11:48:03,808] {logging_mixin.py:115} INFO - [2023-03-30 11:48:03,808] {dag.py:2919} INFO - Setting next_dagrun for example_branch_python_operator_decorator to 2023-03-29T00:00:00+00:00, run_after=2023-03-30T00:00:00+00:00
[2023-03-30 11:48:03,830] {processor.py:161} INFO - Processing /home/airflow/.local/lib/python3.7/site-packages/airflow/example_dags/example_branch_operator_decorator.py took 0.288 seconds
[2023-03-30 11:48:34,304] {processor.py:153} INFO - Started process (PID=1695) to work on /home/airflow/.local/lib/python3.7/site-packages/airflow/example_dags/example_branch_operator_decorator.py
[2023-03-30 11:48:34,304] {processor.py:641} INFO - Processing file /home/airflow/.local/lib/python3.7/site-packages/airflow/example_dags/example_branch_operator_decorator.py for tasks to queue
[2023-03-30 11:48:34,305] {logging_mixin.py:115} INFO - [2023-03-30 11:48:34,305] {dagbag.py:507} INFO - Filling up the DagBag from /home/airflow/.local/lib/python3.7/site-packages/airflow/example_dags/example_branch_operator_decorator.py
[2023-03-30 11:48:34,316] {processor.py:651} INFO - DAG(s) dict_keys(['example_branch_python_operator_decorator']) retrieved from /home/airflow/.local/lib/python3.7/site-packages/airflow/example_dags/example_branch_operator_decorator.py
[2023-03-30 11:48:34,415] {logging_mixin.py:115} INFO - [2023-03-30 11:48:34,415] {dag.py:2371} INFO - Sync 1 DAGs
[2023-03-30 11:48:34,559] {logging_mixin.py:115} INFO - [2023-03-30 11:48:34,559] {dag.py:2919} INFO - Setting next_dagrun for example_branch_python_operator_decorator to 2023-03-29T00:00:00+00:00, run_after=2023-03-30T00:00:00+00:00
[2023-03-30 11:48:34,580] {processor.py:161} INFO - Processing /home/airflow/.local/lib/python3.7/site-packages/airflow/example_dags/example_branch_operator_decorator.py took 0.279 seconds
[2023-03-30 11:49:04,876] {processor.py:153} INFO - Started process (PID=1757) to work on /home/airflow/.local/lib/python3.7/site-packages/airflow/example_dags/example_branch_operator_decorator.py
[2023-03-30 11:49:04,879] {processor.py:641} INFO - Processing file /home/airflow/.local/lib/python3.7/site-packages/airflow/example_dags/example_branch_operator_decorator.py for tasks to queue
[2023-03-30 11:49:04,880] {logging_mixin.py:115} INFO - [2023-03-30 11:49:04,880] {dagbag.py:507} INFO - Filling up the DagBag from /home/airflow/.local/lib/python3.7/site-packages/airflow/example_dags/example_branch_operator_decorator.py
[2023-03-30 11:49:04,892] {processor.py:651} INFO - DAG(s) dict_keys(['example_branch_python_operator_decorator']) retrieved from /home/airflow/.local/lib/python3.7/site-packages/airflow/example_dags/example_branch_operator_decorator.py
[2023-03-30 11:49:05,006] {logging_mixin.py:115} INFO - [2023-03-30 11:49:05,006] {dag.py:2371} INFO - Sync 1 DAGs
[2023-03-30 11:49:05,160] {logging_mixin.py:115} INFO - [2023-03-30 11:49:05,160] {dag.py:2919} INFO - Setting next_dagrun for example_branch_python_operator_decorator to 2023-03-29T00:00:00+00:00, run_after=2023-03-30T00:00:00+00:00
[2023-03-30 11:49:05,182] {processor.py:161} INFO - Processing /home/airflow/.local/lib/python3.7/site-packages/airflow/example_dags/example_branch_operator_decorator.py took 0.309 seconds
[2023-03-30 11:49:35,443] {processor.py:153} INFO - Started process (PID=1819) to work on /home/airflow/.local/lib/python3.7/site-packages/airflow/example_dags/example_branch_operator_decorator.py
[2023-03-30 11:49:35,444] {processor.py:641} INFO - Processing file /home/airflow/.local/lib/python3.7/site-packages/airflow/example_dags/example_branch_operator_decorator.py for tasks to queue
[2023-03-30 11:49:35,445] {logging_mixin.py:115} INFO - [2023-03-30 11:49:35,445] {dagbag.py:507} INFO - Filling up the DagBag from /home/airflow/.local/lib/python3.7/site-packages/airflow/example_dags/example_branch_operator_decorator.py
[2023-03-30 11:49:35,459] {processor.py:651} INFO - DAG(s) dict_keys(['example_branch_python_operator_decorator']) retrieved from /home/airflow/.local/lib/python3.7/site-packages/airflow/example_dags/example_branch_operator_decorator.py
[2023-03-30 11:49:35,568] {logging_mixin.py:115} INFO - [2023-03-30 11:49:35,568] {dag.py:2371} INFO - Sync 1 DAGs
[2023-03-30 11:49:35,740] {logging_mixin.py:115} INFO - [2023-03-30 11:49:35,740] {dag.py:2919} INFO - Setting next_dagrun for example_branch_python_operator_decorator to 2023-03-29T00:00:00+00:00, run_after=2023-03-30T00:00:00+00:00
[2023-03-30 11:49:35,762] {processor.py:161} INFO - Processing /home/airflow/.local/lib/python3.7/site-packages/airflow/example_dags/example_branch_operator_decorator.py took 0.323 seconds
[2023-03-30 11:50:05,895] {processor.py:153} INFO - Started process (PID=1881) to work on /home/airflow/.local/lib/python3.7/site-packages/airflow/example_dags/example_branch_operator_decorator.py
[2023-03-30 11:50:05,895] {processor.py:641} INFO - Processing file /home/airflow/.local/lib/python3.7/site-packages/airflow/example_dags/example_branch_operator_decorator.py for tasks to queue
[2023-03-30 11:50:05,896] {logging_mixin.py:115} INFO - [2023-03-30 11:50:05,896] {dagbag.py:507} INFO - Filling up the DagBag from /home/airflow/.local/lib/python3.7/site-packages/airflow/example_dags/example_branch_operator_decorator.py
[2023-03-30 11:50:05,909] {processor.py:651} INFO - DAG(s) dict_keys(['example_branch_python_operator_decorator']) retrieved from /home/airflow/.local/lib/python3.7/site-packages/airflow/example_dags/example_branch_operator_decorator.py
[2023-03-30 11:50:06,009] {logging_mixin.py:115} INFO - [2023-03-30 11:50:06,009] {dag.py:2371} INFO - Sync 1 DAGs
[2023-03-30 11:50:06,148] {logging_mixin.py:115} INFO - [2023-03-30 11:50:06,148] {dag.py:2919} INFO - Setting next_dagrun for example_branch_python_operator_decorator to 2023-03-29T00:00:00+00:00, run_after=2023-03-30T00:00:00+00:00
[2023-03-30 11:50:06,167] {processor.py:161} INFO - Processing /home/airflow/.local/lib/python3.7/site-packages/airflow/example_dags/example_branch_operator_decorator.py took 0.275 seconds
[2023-03-30 11:50:36,213] {processor.py:153} INFO - Started process (PID=1934) to work on /home/airflow/.local/lib/python3.7/site-packages/airflow/example_dags/example_branch_operator_decorator.py
[2023-03-30 11:50:36,214] {processor.py:641} INFO - Processing file /home/airflow/.local/lib/python3.7/site-packages/airflow/example_dags/example_branch_operator_decorator.py for tasks to queue
[2023-03-30 11:50:36,215] {logging_mixin.py:115} INFO - [2023-03-30 11:50:36,215] {dagbag.py:507} INFO - Filling up the DagBag from /home/airflow/.local/lib/python3.7/site-packages/airflow/example_dags/example_branch_operator_decorator.py
[2023-03-30 11:50:36,227] {processor.py:651} INFO - DAG(s) dict_keys(['example_branch_python_operator_decorator']) retrieved from /home/airflow/.local/lib/python3.7/site-packages/airflow/example_dags/example_branch_operator_decorator.py
[2023-03-30 11:50:36,327] {logging_mixin.py:115} INFO - [2023-03-30 11:50:36,327] {dag.py:2371} INFO - Sync 1 DAGs
[2023-03-30 11:50:36,465] {logging_mixin.py:115} INFO - [2023-03-30 11:50:36,465] {dag.py:2919} INFO - Setting next_dagrun for example_branch_python_operator_decorator to 2023-03-29T00:00:00+00:00, run_after=2023-03-30T00:00:00+00:00
[2023-03-30 11:50:36,486] {processor.py:161} INFO - Processing /home/airflow/.local/lib/python3.7/site-packages/airflow/example_dags/example_branch_operator_decorator.py took 0.276 seconds
[2023-03-30 11:51:06,997] {processor.py:153} INFO - Started process (PID=1997) to work on /home/airflow/.local/lib/python3.7/site-packages/airflow/example_dags/example_branch_operator_decorator.py
[2023-03-30 11:51:06,998] {processor.py:641} INFO - Processing file /home/airflow/.local/lib/python3.7/site-packages/airflow/example_dags/example_branch_operator_decorator.py for tasks to queue
[2023-03-30 11:51:06,998] {logging_mixin.py:115} INFO - [2023-03-30 11:51:06,998] {dagbag.py:507} INFO - Filling up the DagBag from /home/airflow/.local/lib/python3.7/site-packages/airflow/example_dags/example_branch_operator_decorator.py
[2023-03-30 11:51:07,010] {processor.py:651} INFO - DAG(s) dict_keys(['example_branch_python_operator_decorator']) retrieved from /home/airflow/.local/lib/python3.7/site-packages/airflow/example_dags/example_branch_operator_decorator.py
[2023-03-30 11:51:07,109] {logging_mixin.py:115} INFO - [2023-03-30 11:51:07,109] {dag.py:2371} INFO - Sync 1 DAGs
[2023-03-30 11:51:07,246] {logging_mixin.py:115} INFO - [2023-03-30 11:51:07,246] {dag.py:2919} INFO - Setting next_dagrun for example_branch_python_operator_decorator to 2023-03-29T00:00:00+00:00, run_after=2023-03-30T00:00:00+00:00
[2023-03-30 11:51:07,266] {processor.py:161} INFO - Processing /home/airflow/.local/lib/python3.7/site-packages/airflow/example_dags/example_branch_operator_decorator.py took 0.271 seconds
[2023-03-30 11:51:37,388] {processor.py:153} INFO - Started process (PID=2060) to work on /home/airflow/.local/lib/python3.7/site-packages/airflow/example_dags/example_branch_operator_decorator.py
[2023-03-30 11:51:37,389] {processor.py:641} INFO - Processing file /home/airflow/.local/lib/python3.7/site-packages/airflow/example_dags/example_branch_operator_decorator.py for tasks to queue
[2023-03-30 11:51:37,390] {logging_mixin.py:115} INFO - [2023-03-30 11:51:37,390] {dagbag.py:507} INFO - Filling up the DagBag from /home/airflow/.local/lib/python3.7/site-packages/airflow/example_dags/example_branch_operator_decorator.py
[2023-03-30 11:51:37,401] {processor.py:651} INFO - DAG(s) dict_keys(['example_branch_python_operator_decorator']) retrieved from /home/airflow/.local/lib/python3.7/site-packages/airflow/example_dags/example_branch_operator_decorator.py
[2023-03-30 11:51:37,499] {logging_mixin.py:115} INFO - [2023-03-30 11:51:37,499] {dag.py:2371} INFO - Sync 1 DAGs
[2023-03-30 11:51:37,638] {logging_mixin.py:115} INFO - [2023-03-30 11:51:37,638] {dag.py:2919} INFO - Setting next_dagrun for example_branch_python_operator_decorator to 2023-03-29T00:00:00+00:00, run_after=2023-03-30T00:00:00+00:00
[2023-03-30 11:51:37,659] {processor.py:161} INFO - Processing /home/airflow/.local/lib/python3.7/site-packages/airflow/example_dags/example_branch_operator_decorator.py took 0.274 seconds
[2023-03-30 11:52:07,844] {processor.py:153} INFO - Started process (PID=2124) to work on /home/airflow/.local/lib/python3.7/site-packages/airflow/example_dags/example_branch_operator_decorator.py
[2023-03-30 11:52:07,845] {processor.py:641} INFO - Processing file /home/airflow/.local/lib/python3.7/site-packages/airflow/example_dags/example_branch_operator_decorator.py for tasks to queue
[2023-03-30 11:52:07,845] {logging_mixin.py:115} INFO - [2023-03-30 11:52:07,845] {dagbag.py:507} INFO - Filling up the DagBag from /home/airflow/.local/lib/python3.7/site-packages/airflow/example_dags/example_branch_operator_decorator.py
[2023-03-30 11:52:07,857] {processor.py:651} INFO - DAG(s) dict_keys(['example_branch_python_operator_decorator']) retrieved from /home/airflow/.local/lib/python3.7/site-packages/airflow/example_dags/example_branch_operator_decorator.py
[2023-03-30 11:52:07,964] {logging_mixin.py:115} INFO - [2023-03-30 11:52:07,964] {dag.py:2371} INFO - Sync 1 DAGs
[2023-03-30 11:52:08,136] {logging_mixin.py:115} INFO - [2023-03-30 11:52:08,136] {dag.py:2919} INFO - Setting next_dagrun for example_branch_python_operator_decorator to 2023-03-29T00:00:00+00:00, run_after=2023-03-30T00:00:00+00:00
[2023-03-30 11:52:08,162] {processor.py:161} INFO - Processing /home/airflow/.local/lib/python3.7/site-packages/airflow/example_dags/example_branch_operator_decorator.py took 0.321 seconds
[2023-03-30 11:52:38,797] {processor.py:153} INFO - Started process (PID=2186) to work on /home/airflow/.local/lib/python3.7/site-packages/airflow/example_dags/example_branch_operator_decorator.py
[2023-03-30 11:52:38,799] {processor.py:641} INFO - Processing file /home/airflow/.local/lib/python3.7/site-packages/airflow/example_dags/example_branch_operator_decorator.py for tasks to queue
[2023-03-30 11:52:38,800] {logging_mixin.py:115} INFO - [2023-03-30 11:52:38,800] {dagbag.py:507} INFO - Filling up the DagBag from /home/airflow/.local/lib/python3.7/site-packages/airflow/example_dags/example_branch_operator_decorator.py
[2023-03-30 11:52:38,817] {processor.py:651} INFO - DAG(s) dict_keys(['example_branch_python_operator_decorator']) retrieved from /home/airflow/.local/lib/python3.7/site-packages/airflow/example_dags/example_branch_operator_decorator.py
[2023-03-30 11:52:38,927] {logging_mixin.py:115} INFO - [2023-03-30 11:52:38,927] {dag.py:2371} INFO - Sync 1 DAGs
[2023-03-30 11:52:39,068] {logging_mixin.py:115} INFO - [2023-03-30 11:52:39,068] {dag.py:2919} INFO - Setting next_dagrun for example_branch_python_operator_decorator to 2023-03-29T00:00:00+00:00, run_after=2023-03-30T00:00:00+00:00
[2023-03-30 11:52:39,092] {processor.py:161} INFO - Processing /home/airflow/.local/lib/python3.7/site-packages/airflow/example_dags/example_branch_operator_decorator.py took 0.297 seconds
[2023-03-30 11:53:09,258] {processor.py:153} INFO - Started process (PID=2240) to work on /home/airflow/.local/lib/python3.7/site-packages/airflow/example_dags/example_branch_operator_decorator.py
[2023-03-30 11:53:09,259] {processor.py:641} INFO - Processing file /home/airflow/.local/lib/python3.7/site-packages/airflow/example_dags/example_branch_operator_decorator.py for tasks to queue
[2023-03-30 11:53:09,260] {logging_mixin.py:115} INFO - [2023-03-30 11:53:09,260] {dagbag.py:507} INFO - Filling up the DagBag from /home/airflow/.local/lib/python3.7/site-packages/airflow/example_dags/example_branch_operator_decorator.py
[2023-03-30 11:53:09,272] {processor.py:651} INFO - DAG(s) dict_keys(['example_branch_python_operator_decorator']) retrieved from /home/airflow/.local/lib/python3.7/site-packages/airflow/example_dags/example_branch_operator_decorator.py
[2023-03-30 11:53:09,402] {logging_mixin.py:115} INFO - [2023-03-30 11:53:09,402] {dag.py:2371} INFO - Sync 1 DAGs
[2023-03-30 11:53:09,591] {logging_mixin.py:115} INFO - [2023-03-30 11:53:09,591] {dag.py:2919} INFO - Setting next_dagrun for example_branch_python_operator_decorator to 2023-03-29T00:00:00+00:00, run_after=2023-03-30T00:00:00+00:00
[2023-03-30 11:53:09,611] {processor.py:161} INFO - Processing /home/airflow/.local/lib/python3.7/site-packages/airflow/example_dags/example_branch_operator_decorator.py took 0.356 seconds
[2023-03-30 11:53:40,136] {processor.py:153} INFO - Started process (PID=2302) to work on /home/airflow/.local/lib/python3.7/site-packages/airflow/example_dags/example_branch_operator_decorator.py
[2023-03-30 11:53:40,138] {processor.py:641} INFO - Processing file /home/airflow/.local/lib/python3.7/site-packages/airflow/example_dags/example_branch_operator_decorator.py for tasks to queue
[2023-03-30 11:53:40,141] {logging_mixin.py:115} INFO - [2023-03-30 11:53:40,140] {dagbag.py:507} INFO - Filling up the DagBag from /home/airflow/.local/lib/python3.7/site-packages/airflow/example_dags/example_branch_operator_decorator.py
[2023-03-30 11:53:40,156] {processor.py:651} INFO - DAG(s) dict_keys(['example_branch_python_operator_decorator']) retrieved from /home/airflow/.local/lib/python3.7/site-packages/airflow/example_dags/example_branch_operator_decorator.py
[2023-03-30 11:53:40,286] {logging_mixin.py:115} INFO - [2023-03-30 11:53:40,286] {dag.py:2371} INFO - Sync 1 DAGs
[2023-03-30 11:53:40,446] {logging_mixin.py:115} INFO - [2023-03-30 11:53:40,446] {dag.py:2919} INFO - Setting next_dagrun for example_branch_python_operator_decorator to 2023-03-29T00:00:00+00:00, run_after=2023-03-30T00:00:00+00:00
[2023-03-30 11:53:40,468] {processor.py:161} INFO - Processing /home/airflow/.local/lib/python3.7/site-packages/airflow/example_dags/example_branch_operator_decorator.py took 0.335 seconds
[2023-03-30 11:54:10,521] {processor.py:153} INFO - Started process (PID=2365) to work on /home/airflow/.local/lib/python3.7/site-packages/airflow/example_dags/example_branch_operator_decorator.py
[2023-03-30 11:54:10,522] {processor.py:641} INFO - Processing file /home/airflow/.local/lib/python3.7/site-packages/airflow/example_dags/example_branch_operator_decorator.py for tasks to queue
[2023-03-30 11:54:10,523] {logging_mixin.py:115} INFO - [2023-03-30 11:54:10,523] {dagbag.py:507} INFO - Filling up the DagBag from /home/airflow/.local/lib/python3.7/site-packages/airflow/example_dags/example_branch_operator_decorator.py
[2023-03-30 11:54:10,535] {processor.py:651} INFO - DAG(s) dict_keys(['example_branch_python_operator_decorator']) retrieved from /home/airflow/.local/lib/python3.7/site-packages/airflow/example_dags/example_branch_operator_decorator.py
[2023-03-30 11:54:10,633] {logging_mixin.py:115} INFO - [2023-03-30 11:54:10,633] {dag.py:2371} INFO - Sync 1 DAGs
[2023-03-30 11:54:10,771] {logging_mixin.py:115} INFO - [2023-03-30 11:54:10,770] {dag.py:2919} INFO - Setting next_dagrun for example_branch_python_operator_decorator to 2023-03-29T00:00:00+00:00, run_after=2023-03-30T00:00:00+00:00
[2023-03-30 11:54:10,791] {processor.py:161} INFO - Processing /home/airflow/.local/lib/python3.7/site-packages/airflow/example_dags/example_branch_operator_decorator.py took 0.273 seconds
[2023-03-30 11:54:40,936] {processor.py:153} INFO - Started process (PID=2428) to work on /home/airflow/.local/lib/python3.7/site-packages/airflow/example_dags/example_branch_operator_decorator.py
[2023-03-30 11:54:40,937] {processor.py:641} INFO - Processing file /home/airflow/.local/lib/python3.7/site-packages/airflow/example_dags/example_branch_operator_decorator.py for tasks to queue
[2023-03-30 11:54:40,938] {logging_mixin.py:115} INFO - [2023-03-30 11:54:40,938] {dagbag.py:507} INFO - Filling up the DagBag from /home/airflow/.local/lib/python3.7/site-packages/airflow/example_dags/example_branch_operator_decorator.py
[2023-03-30 11:54:40,950] {processor.py:651} INFO - DAG(s) dict_keys(['example_branch_python_operator_decorator']) retrieved from /home/airflow/.local/lib/python3.7/site-packages/airflow/example_dags/example_branch_operator_decorator.py
[2023-03-30 11:54:41,050] {logging_mixin.py:115} INFO - [2023-03-30 11:54:41,049] {dag.py:2371} INFO - Sync 1 DAGs
[2023-03-30 11:54:41,190] {logging_mixin.py:115} INFO - [2023-03-30 11:54:41,190] {dag.py:2919} INFO - Setting next_dagrun for example_branch_python_operator_decorator to 2023-03-29T00:00:00+00:00, run_after=2023-03-30T00:00:00+00:00
[2023-03-30 11:54:41,214] {processor.py:161} INFO - Processing /home/airflow/.local/lib/python3.7/site-packages/airflow/example_dags/example_branch_operator_decorator.py took 0.280 seconds
[2023-03-30 11:55:11,765] {processor.py:153} INFO - Started process (PID=2491) to work on /home/airflow/.local/lib/python3.7/site-packages/airflow/example_dags/example_branch_operator_decorator.py
[2023-03-30 11:55:11,766] {processor.py:641} INFO - Processing file /home/airflow/.local/lib/python3.7/site-packages/airflow/example_dags/example_branch_operator_decorator.py for tasks to queue
[2023-03-30 11:55:11,767] {logging_mixin.py:115} INFO - [2023-03-30 11:55:11,767] {dagbag.py:507} INFO - Filling up the DagBag from /home/airflow/.local/lib/python3.7/site-packages/airflow/example_dags/example_branch_operator_decorator.py
[2023-03-30 11:55:11,783] {processor.py:651} INFO - DAG(s) dict_keys(['example_branch_python_operator_decorator']) retrieved from /home/airflow/.local/lib/python3.7/site-packages/airflow/example_dags/example_branch_operator_decorator.py
[2023-03-30 11:55:11,884] {logging_mixin.py:115} INFO - [2023-03-30 11:55:11,884] {dag.py:2371} INFO - Sync 1 DAGs
[2023-03-30 11:55:12,023] {logging_mixin.py:115} INFO - [2023-03-30 11:55:12,023] {dag.py:2919} INFO - Setting next_dagrun for example_branch_python_operator_decorator to 2023-03-29T00:00:00+00:00, run_after=2023-03-30T00:00:00+00:00
[2023-03-30 11:55:12,044] {processor.py:161} INFO - Processing /home/airflow/.local/lib/python3.7/site-packages/airflow/example_dags/example_branch_operator_decorator.py took 0.283 seconds
[2023-03-30 11:55:42,327] {processor.py:153} INFO - Started process (PID=2545) to work on /home/airflow/.local/lib/python3.7/site-packages/airflow/example_dags/example_branch_operator_decorator.py
[2023-03-30 11:55:42,328] {processor.py:641} INFO - Processing file /home/airflow/.local/lib/python3.7/site-packages/airflow/example_dags/example_branch_operator_decorator.py for tasks to queue
[2023-03-30 11:55:42,329] {logging_mixin.py:115} INFO - [2023-03-30 11:55:42,329] {dagbag.py:507} INFO - Filling up the DagBag from /home/airflow/.local/lib/python3.7/site-packages/airflow/example_dags/example_branch_operator_decorator.py
[2023-03-30 11:55:42,340] {processor.py:651} INFO - DAG(s) dict_keys(['example_branch_python_operator_decorator']) retrieved from /home/airflow/.local/lib/python3.7/site-packages/airflow/example_dags/example_branch_operator_decorator.py
[2023-03-30 11:55:42,439] {logging_mixin.py:115} INFO - [2023-03-30 11:55:42,439] {dag.py:2371} INFO - Sync 1 DAGs
[2023-03-30 11:55:42,579] {logging_mixin.py:115} INFO - [2023-03-30 11:55:42,579] {dag.py:2919} INFO - Setting next_dagrun for example_branch_python_operator_decorator to 2023-03-29T00:00:00+00:00, run_after=2023-03-30T00:00:00+00:00
[2023-03-30 11:55:42,600] {processor.py:161} INFO - Processing /home/airflow/.local/lib/python3.7/site-packages/airflow/example_dags/example_branch_operator_decorator.py took 0.275 seconds
[2023-03-30 11:56:13,125] {processor.py:153} INFO - Started process (PID=2608) to work on /home/airflow/.local/lib/python3.7/site-packages/airflow/example_dags/example_branch_operator_decorator.py
[2023-03-30 11:56:13,126] {processor.py:641} INFO - Processing file /home/airflow/.local/lib/python3.7/site-packages/airflow/example_dags/example_branch_operator_decorator.py for tasks to queue
[2023-03-30 11:56:13,128] {logging_mixin.py:115} INFO - [2023-03-30 11:56:13,127] {dagbag.py:507} INFO - Filling up the DagBag from /home/airflow/.local/lib/python3.7/site-packages/airflow/example_dags/example_branch_operator_decorator.py
[2023-03-30 11:56:13,143] {processor.py:651} INFO - DAG(s) dict_keys(['example_branch_python_operator_decorator']) retrieved from /home/airflow/.local/lib/python3.7/site-packages/airflow/example_dags/example_branch_operator_decorator.py
[2023-03-30 11:56:13,242] {logging_mixin.py:115} INFO - [2023-03-30 11:56:13,241] {dag.py:2371} INFO - Sync 1 DAGs
[2023-03-30 11:56:13,378] {logging_mixin.py:115} INFO - [2023-03-30 11:56:13,378] {dag.py:2919} INFO - Setting next_dagrun for example_branch_python_operator_decorator to 2023-03-29T00:00:00+00:00, run_after=2023-03-30T00:00:00+00:00
[2023-03-30 11:56:13,400] {processor.py:161} INFO - Processing /home/airflow/.local/lib/python3.7/site-packages/airflow/example_dags/example_branch_operator_decorator.py took 0.278 seconds
[2023-03-30 11:56:43,558] {processor.py:153} INFO - Started process (PID=2670) to work on /home/airflow/.local/lib/python3.7/site-packages/airflow/example_dags/example_branch_operator_decorator.py
[2023-03-30 11:56:43,559] {processor.py:641} INFO - Processing file /home/airflow/.local/lib/python3.7/site-packages/airflow/example_dags/example_branch_operator_decorator.py for tasks to queue
[2023-03-30 11:56:43,561] {logging_mixin.py:115} INFO - [2023-03-30 11:56:43,561] {dagbag.py:507} INFO - Filling up the DagBag from /home/airflow/.local/lib/python3.7/site-packages/airflow/example_dags/example_branch_operator_decorator.py
[2023-03-30 11:56:43,571] {processor.py:651} INFO - DAG(s) dict_keys(['example_branch_python_operator_decorator']) retrieved from /home/airflow/.local/lib/python3.7/site-packages/airflow/example_dags/example_branch_operator_decorator.py
[2023-03-30 11:56:43,669] {logging_mixin.py:115} INFO - [2023-03-30 11:56:43,669] {dag.py:2371} INFO - Sync 1 DAGs
[2023-03-30 11:56:43,805] {logging_mixin.py:115} INFO - [2023-03-30 11:56:43,805] {dag.py:2919} INFO - Setting next_dagrun for example_branch_python_operator_decorator to 2023-03-29T00:00:00+00:00, run_after=2023-03-30T00:00:00+00:00
[2023-03-30 11:56:43,826] {processor.py:161} INFO - Processing /home/airflow/.local/lib/python3.7/site-packages/airflow/example_dags/example_branch_operator_decorator.py took 0.271 seconds
[2023-03-30 11:57:13,992] {processor.py:153} INFO - Started process (PID=2733) to work on /home/airflow/.local/lib/python3.7/site-packages/airflow/example_dags/example_branch_operator_decorator.py
[2023-03-30 11:57:13,993] {processor.py:641} INFO - Processing file /home/airflow/.local/lib/python3.7/site-packages/airflow/example_dags/example_branch_operator_decorator.py for tasks to queue
[2023-03-30 11:57:13,994] {logging_mixin.py:115} INFO - [2023-03-30 11:57:13,994] {dagbag.py:507} INFO - Filling up the DagBag from /home/airflow/.local/lib/python3.7/site-packages/airflow/example_dags/example_branch_operator_decorator.py
[2023-03-30 11:57:14,005] {processor.py:651} INFO - DAG(s) dict_keys(['example_branch_python_operator_decorator']) retrieved from /home/airflow/.local/lib/python3.7/site-packages/airflow/example_dags/example_branch_operator_decorator.py
[2023-03-30 11:57:14,106] {logging_mixin.py:115} INFO - [2023-03-30 11:57:14,106] {dag.py:2371} INFO - Sync 1 DAGs
[2023-03-30 11:57:14,242] {logging_mixin.py:115} INFO - [2023-03-30 11:57:14,242] {dag.py:2919} INFO - Setting next_dagrun for example_branch_python_operator_decorator to 2023-03-29T00:00:00+00:00, run_after=2023-03-30T00:00:00+00:00
[2023-03-30 11:57:14,263] {processor.py:161} INFO - Processing /home/airflow/.local/lib/python3.7/site-packages/airflow/example_dags/example_branch_operator_decorator.py took 0.274 seconds
[2023-03-30 11:57:44,370] {processor.py:153} INFO - Started process (PID=2796) to work on /home/airflow/.local/lib/python3.7/site-packages/airflow/example_dags/example_branch_operator_decorator.py
[2023-03-30 11:57:44,372] {processor.py:641} INFO - Processing file /home/airflow/.local/lib/python3.7/site-packages/airflow/example_dags/example_branch_operator_decorator.py for tasks to queue
[2023-03-30 11:57:44,373] {logging_mixin.py:115} INFO - [2023-03-30 11:57:44,373] {dagbag.py:507} INFO - Filling up the DagBag from /home/airflow/.local/lib/python3.7/site-packages/airflow/example_dags/example_branch_operator_decorator.py
[2023-03-30 11:57:44,385] {processor.py:651} INFO - DAG(s) dict_keys(['example_branch_python_operator_decorator']) retrieved from /home/airflow/.local/lib/python3.7/site-packages/airflow/example_dags/example_branch_operator_decorator.py
[2023-03-30 11:57:44,488] {logging_mixin.py:115} INFO - [2023-03-30 11:57:44,488] {dag.py:2371} INFO - Sync 1 DAGs
[2023-03-30 11:57:44,645] {logging_mixin.py:115} INFO - [2023-03-30 11:57:44,645] {dag.py:2919} INFO - Setting next_dagrun for example_branch_python_operator_decorator to 2023-03-29T00:00:00+00:00, run_after=2023-03-30T00:00:00+00:00
[2023-03-30 11:57:44,665] {processor.py:161} INFO - Processing /home/airflow/.local/lib/python3.7/site-packages/airflow/example_dags/example_branch_operator_decorator.py took 0.297 seconds
[2023-03-30 11:58:14,860] {processor.py:153} INFO - Started process (PID=2850) to work on /home/airflow/.local/lib/python3.7/site-packages/airflow/example_dags/example_branch_operator_decorator.py
[2023-03-30 11:58:14,861] {processor.py:641} INFO - Processing file /home/airflow/.local/lib/python3.7/site-packages/airflow/example_dags/example_branch_operator_decorator.py for tasks to queue
[2023-03-30 11:58:14,862] {logging_mixin.py:115} INFO - [2023-03-30 11:58:14,862] {dagbag.py:507} INFO - Filling up the DagBag from /home/airflow/.local/lib/python3.7/site-packages/airflow/example_dags/example_branch_operator_decorator.py
[2023-03-30 11:58:14,875] {processor.py:651} INFO - DAG(s) dict_keys(['example_branch_python_operator_decorator']) retrieved from /home/airflow/.local/lib/python3.7/site-packages/airflow/example_dags/example_branch_operator_decorator.py
[2023-03-30 11:58:14,973] {logging_mixin.py:115} INFO - [2023-03-30 11:58:14,973] {dag.py:2371} INFO - Sync 1 DAGs
[2023-03-30 11:58:15,113] {logging_mixin.py:115} INFO - [2023-03-30 11:58:15,113] {dag.py:2919} INFO - Setting next_dagrun for example_branch_python_operator_decorator to 2023-03-29T00:00:00+00:00, run_after=2023-03-30T00:00:00+00:00
[2023-03-30 11:58:15,134] {processor.py:161} INFO - Processing /home/airflow/.local/lib/python3.7/site-packages/airflow/example_dags/example_branch_operator_decorator.py took 0.277 seconds
[2023-03-30 11:58:45,462] {processor.py:153} INFO - Started process (PID=2913) to work on /home/airflow/.local/lib/python3.7/site-packages/airflow/example_dags/example_branch_operator_decorator.py
[2023-03-30 11:58:45,466] {processor.py:641} INFO - Processing file /home/airflow/.local/lib/python3.7/site-packages/airflow/example_dags/example_branch_operator_decorator.py for tasks to queue
[2023-03-30 11:58:45,468] {logging_mixin.py:115} INFO - [2023-03-30 11:58:45,468] {dagbag.py:507} INFO - Filling up the DagBag from /home/airflow/.local/lib/python3.7/site-packages/airflow/example_dags/example_branch_operator_decorator.py
[2023-03-30 11:58:45,489] {processor.py:651} INFO - DAG(s) dict_keys(['example_branch_python_operator_decorator']) retrieved from /home/airflow/.local/lib/python3.7/site-packages/airflow/example_dags/example_branch_operator_decorator.py
[2023-03-30 11:58:45,593] {logging_mixin.py:115} INFO - [2023-03-30 11:58:45,593] {dag.py:2371} INFO - Sync 1 DAGs
[2023-03-30 11:58:45,739] {logging_mixin.py:115} INFO - [2023-03-30 11:58:45,739] {dag.py:2919} INFO - Setting next_dagrun for example_branch_python_operator_decorator to 2023-03-29T00:00:00+00:00, run_after=2023-03-30T00:00:00+00:00
[2023-03-30 11:58:45,759] {processor.py:161} INFO - Processing /home/airflow/.local/lib/python3.7/site-packages/airflow/example_dags/example_branch_operator_decorator.py took 0.301 seconds
[2023-03-30 11:59:15,862] {processor.py:153} INFO - Started process (PID=2976) to work on /home/airflow/.local/lib/python3.7/site-packages/airflow/example_dags/example_branch_operator_decorator.py
[2023-03-30 11:59:15,863] {processor.py:641} INFO - Processing file /home/airflow/.local/lib/python3.7/site-packages/airflow/example_dags/example_branch_operator_decorator.py for tasks to queue
[2023-03-30 11:59:15,864] {logging_mixin.py:115} INFO - [2023-03-30 11:59:15,864] {dagbag.py:507} INFO - Filling up the DagBag from /home/airflow/.local/lib/python3.7/site-packages/airflow/example_dags/example_branch_operator_decorator.py
[2023-03-30 11:59:15,878] {processor.py:651} INFO - DAG(s) dict_keys(['example_branch_python_operator_decorator']) retrieved from /home/airflow/.local/lib/python3.7/site-packages/airflow/example_dags/example_branch_operator_decorator.py
[2023-03-30 11:59:15,988] {logging_mixin.py:115} INFO - [2023-03-30 11:59:15,988] {dag.py:2371} INFO - Sync 1 DAGs
[2023-03-30 11:59:16,131] {logging_mixin.py:115} INFO - [2023-03-30 11:59:16,131] {dag.py:2919} INFO - Setting next_dagrun for example_branch_python_operator_decorator to 2023-03-29T00:00:00+00:00, run_after=2023-03-30T00:00:00+00:00
[2023-03-30 11:59:16,153] {processor.py:161} INFO - Processing /home/airflow/.local/lib/python3.7/site-packages/airflow/example_dags/example_branch_operator_decorator.py took 0.294 seconds
[2023-03-30 11:59:46,367] {processor.py:153} INFO - Started process (PID=3038) to work on /home/airflow/.local/lib/python3.7/site-packages/airflow/example_dags/example_branch_operator_decorator.py
[2023-03-30 11:59:46,368] {processor.py:641} INFO - Processing file /home/airflow/.local/lib/python3.7/site-packages/airflow/example_dags/example_branch_operator_decorator.py for tasks to queue
[2023-03-30 11:59:46,369] {logging_mixin.py:115} INFO - [2023-03-30 11:59:46,369] {dagbag.py:507} INFO - Filling up the DagBag from /home/airflow/.local/lib/python3.7/site-packages/airflow/example_dags/example_branch_operator_decorator.py
[2023-03-30 11:59:46,385] {processor.py:651} INFO - DAG(s) dict_keys(['example_branch_python_operator_decorator']) retrieved from /home/airflow/.local/lib/python3.7/site-packages/airflow/example_dags/example_branch_operator_decorator.py
[2023-03-30 11:59:46,582] {logging_mixin.py:115} INFO - [2023-03-30 11:59:46,582] {dag.py:2371} INFO - Sync 1 DAGs
[2023-03-30 11:59:46,629] {logging_mixin.py:115} INFO - [2023-03-30 11:59:46,629] {dag.py:2919} INFO - Setting next_dagrun for example_branch_python_operator_decorator to 2023-03-29T00:00:00+00:00, run_after=2023-03-30T00:00:00+00:00
[2023-03-30 11:59:46,650] {processor.py:161} INFO - Processing /home/airflow/.local/lib/python3.7/site-packages/airflow/example_dags/example_branch_operator_decorator.py took 0.286 seconds
[2023-03-30 12:00:16,875] {processor.py:153} INFO - Started process (PID=3101) to work on /home/airflow/.local/lib/python3.7/site-packages/airflow/example_dags/example_branch_operator_decorator.py
[2023-03-30 12:00:16,876] {processor.py:641} INFO - Processing file /home/airflow/.local/lib/python3.7/site-packages/airflow/example_dags/example_branch_operator_decorator.py for tasks to queue
[2023-03-30 12:00:16,877] {logging_mixin.py:115} INFO - [2023-03-30 12:00:16,877] {dagbag.py:507} INFO - Filling up the DagBag from /home/airflow/.local/lib/python3.7/site-packages/airflow/example_dags/example_branch_operator_decorator.py
[2023-03-30 12:00:16,889] {processor.py:651} INFO - DAG(s) dict_keys(['example_branch_python_operator_decorator']) retrieved from /home/airflow/.local/lib/python3.7/site-packages/airflow/example_dags/example_branch_operator_decorator.py
[2023-03-30 12:00:17,093] {logging_mixin.py:115} INFO - [2023-03-30 12:00:17,093] {dag.py:2371} INFO - Sync 1 DAGs
[2023-03-30 12:00:17,139] {logging_mixin.py:115} INFO - [2023-03-30 12:00:17,139] {dag.py:2919} INFO - Setting next_dagrun for example_branch_python_operator_decorator to 2023-03-29T00:00:00+00:00, run_after=2023-03-30T00:00:00+00:00
[2023-03-30 12:00:17,165] {processor.py:161} INFO - Processing /home/airflow/.local/lib/python3.7/site-packages/airflow/example_dags/example_branch_operator_decorator.py took 0.293 seconds
[2023-03-30 12:00:47,305] {processor.py:153} INFO - Started process (PID=3155) to work on /home/airflow/.local/lib/python3.7/site-packages/airflow/example_dags/example_branch_operator_decorator.py
[2023-03-30 12:00:47,306] {processor.py:641} INFO - Processing file /home/airflow/.local/lib/python3.7/site-packages/airflow/example_dags/example_branch_operator_decorator.py for tasks to queue
[2023-03-30 12:00:47,306] {logging_mixin.py:115} INFO - [2023-03-30 12:00:47,306] {dagbag.py:507} INFO - Filling up the DagBag from /home/airflow/.local/lib/python3.7/site-packages/airflow/example_dags/example_branch_operator_decorator.py
[2023-03-30 12:00:47,316] {processor.py:651} INFO - DAG(s) dict_keys(['example_branch_python_operator_decorator']) retrieved from /home/airflow/.local/lib/python3.7/site-packages/airflow/example_dags/example_branch_operator_decorator.py
[2023-03-30 12:00:47,514] {logging_mixin.py:115} INFO - [2023-03-30 12:00:47,514] {dag.py:2371} INFO - Sync 1 DAGs
[2023-03-30 12:00:47,557] {logging_mixin.py:115} INFO - [2023-03-30 12:00:47,557] {dag.py:2919} INFO - Setting next_dagrun for example_branch_python_operator_decorator to 2023-03-29T00:00:00+00:00, run_after=2023-03-30T00:00:00+00:00
[2023-03-30 12:00:47,577] {processor.py:161} INFO - Processing /home/airflow/.local/lib/python3.7/site-packages/airflow/example_dags/example_branch_operator_decorator.py took 0.275 seconds
[2023-03-30 12:01:17,711] {processor.py:153} INFO - Started process (PID=3218) to work on /home/airflow/.local/lib/python3.7/site-packages/airflow/example_dags/example_branch_operator_decorator.py
[2023-03-30 12:01:17,712] {processor.py:641} INFO - Processing file /home/airflow/.local/lib/python3.7/site-packages/airflow/example_dags/example_branch_operator_decorator.py for tasks to queue
[2023-03-30 12:01:17,714] {logging_mixin.py:115} INFO - [2023-03-30 12:01:17,713] {dagbag.py:507} INFO - Filling up the DagBag from /home/airflow/.local/lib/python3.7/site-packages/airflow/example_dags/example_branch_operator_decorator.py
[2023-03-30 12:01:17,726] {processor.py:651} INFO - DAG(s) dict_keys(['example_branch_python_operator_decorator']) retrieved from /home/airflow/.local/lib/python3.7/site-packages/airflow/example_dags/example_branch_operator_decorator.py
[2023-03-30 12:01:17,936] {logging_mixin.py:115} INFO - [2023-03-30 12:01:17,936] {dag.py:2371} INFO - Sync 1 DAGs
[2023-03-30 12:01:18,072] {logging_mixin.py:115} INFO - [2023-03-30 12:01:18,072] {dag.py:2919} INFO - Setting next_dagrun for example_branch_python_operator_decorator to 2023-03-29T00:00:00+00:00, run_after=2023-03-30T00:00:00+00:00
[2023-03-30 12:01:18,140] {processor.py:161} INFO - Processing /home/airflow/.local/lib/python3.7/site-packages/airflow/example_dags/example_branch_operator_decorator.py took 0.432 seconds
[2023-03-30 12:01:48,548] {processor.py:153} INFO - Started process (PID=3281) to work on /home/airflow/.local/lib/python3.7/site-packages/airflow/example_dags/example_branch_operator_decorator.py
[2023-03-30 12:01:48,549] {processor.py:641} INFO - Processing file /home/airflow/.local/lib/python3.7/site-packages/airflow/example_dags/example_branch_operator_decorator.py for tasks to queue
[2023-03-30 12:01:48,550] {logging_mixin.py:115} INFO - [2023-03-30 12:01:48,550] {dagbag.py:507} INFO - Filling up the DagBag from /home/airflow/.local/lib/python3.7/site-packages/airflow/example_dags/example_branch_operator_decorator.py
[2023-03-30 12:01:48,566] {processor.py:651} INFO - DAG(s) dict_keys(['example_branch_python_operator_decorator']) retrieved from /home/airflow/.local/lib/python3.7/site-packages/airflow/example_dags/example_branch_operator_decorator.py
[2023-03-30 12:01:48,784] {logging_mixin.py:115} INFO - [2023-03-30 12:01:48,784] {dag.py:2371} INFO - Sync 1 DAGs
[2023-03-30 12:01:48,836] {logging_mixin.py:115} INFO - [2023-03-30 12:01:48,836] {dag.py:2919} INFO - Setting next_dagrun for example_branch_python_operator_decorator to 2023-03-29T00:00:00+00:00, run_after=2023-03-30T00:00:00+00:00
[2023-03-30 12:01:48,857] {processor.py:161} INFO - Processing /home/airflow/.local/lib/python3.7/site-packages/airflow/example_dags/example_branch_operator_decorator.py took 0.313 seconds
[2023-03-30 12:02:18,999] {processor.py:153} INFO - Started process (PID=3344) to work on /home/airflow/.local/lib/python3.7/site-packages/airflow/example_dags/example_branch_operator_decorator.py
[2023-03-30 12:02:19,000] {processor.py:641} INFO - Processing file /home/airflow/.local/lib/python3.7/site-packages/airflow/example_dags/example_branch_operator_decorator.py for tasks to queue
[2023-03-30 12:02:19,001] {logging_mixin.py:115} INFO - [2023-03-30 12:02:19,001] {dagbag.py:507} INFO - Filling up the DagBag from /home/airflow/.local/lib/python3.7/site-packages/airflow/example_dags/example_branch_operator_decorator.py
[2023-03-30 12:02:19,012] {processor.py:651} INFO - DAG(s) dict_keys(['example_branch_python_operator_decorator']) retrieved from /home/airflow/.local/lib/python3.7/site-packages/airflow/example_dags/example_branch_operator_decorator.py
[2023-03-30 12:02:19,212] {logging_mixin.py:115} INFO - [2023-03-30 12:02:19,212] {dag.py:2371} INFO - Sync 1 DAGs
[2023-03-30 12:02:19,318] {logging_mixin.py:115} INFO - [2023-03-30 12:02:19,318] {dag.py:2919} INFO - Setting next_dagrun for example_branch_python_operator_decorator to 2023-03-29T00:00:00+00:00, run_after=2023-03-30T00:00:00+00:00
[2023-03-30 12:02:19,377] {processor.py:161} INFO - Processing /home/airflow/.local/lib/python3.7/site-packages/airflow/example_dags/example_branch_operator_decorator.py took 0.380 seconds
[2023-03-30 12:02:49,488] {processor.py:153} INFO - Started process (PID=3408) to work on /home/airflow/.local/lib/python3.7/site-packages/airflow/example_dags/example_branch_operator_decorator.py
[2023-03-30 12:02:49,489] {processor.py:641} INFO - Processing file /home/airflow/.local/lib/python3.7/site-packages/airflow/example_dags/example_branch_operator_decorator.py for tasks to queue
[2023-03-30 12:02:49,490] {logging_mixin.py:115} INFO - [2023-03-30 12:02:49,490] {dagbag.py:507} INFO - Filling up the DagBag from /home/airflow/.local/lib/python3.7/site-packages/airflow/example_dags/example_branch_operator_decorator.py
[2023-03-30 12:02:49,501] {processor.py:651} INFO - DAG(s) dict_keys(['example_branch_python_operator_decorator']) retrieved from /home/airflow/.local/lib/python3.7/site-packages/airflow/example_dags/example_branch_operator_decorator.py
[2023-03-30 12:02:49,705] {logging_mixin.py:115} INFO - [2023-03-30 12:02:49,705] {dag.py:2371} INFO - Sync 1 DAGs
[2023-03-30 12:02:49,754] {logging_mixin.py:115} INFO - [2023-03-30 12:02:49,754] {dag.py:2919} INFO - Setting next_dagrun for example_branch_python_operator_decorator to 2023-03-29T00:00:00+00:00, run_after=2023-03-30T00:00:00+00:00
[2023-03-30 12:02:49,777] {processor.py:161} INFO - Processing /home/airflow/.local/lib/python3.7/site-packages/airflow/example_dags/example_branch_operator_decorator.py took 0.292 seconds
[2023-03-30 12:03:20,137] {processor.py:153} INFO - Started process (PID=3462) to work on /home/airflow/.local/lib/python3.7/site-packages/airflow/example_dags/example_branch_operator_decorator.py
[2023-03-30 12:03:20,138] {processor.py:641} INFO - Processing file /home/airflow/.local/lib/python3.7/site-packages/airflow/example_dags/example_branch_operator_decorator.py for tasks to queue
[2023-03-30 12:03:20,138] {logging_mixin.py:115} INFO - [2023-03-30 12:03:20,138] {dagbag.py:507} INFO - Filling up the DagBag from /home/airflow/.local/lib/python3.7/site-packages/airflow/example_dags/example_branch_operator_decorator.py
[2023-03-30 12:03:20,149] {processor.py:651} INFO - DAG(s) dict_keys(['example_branch_python_operator_decorator']) retrieved from /home/airflow/.local/lib/python3.7/site-packages/airflow/example_dags/example_branch_operator_decorator.py
[2023-03-30 12:03:20,347] {logging_mixin.py:115} INFO - [2023-03-30 12:03:20,346] {dag.py:2371} INFO - Sync 1 DAGs
[2023-03-30 12:03:20,392] {logging_mixin.py:115} INFO - [2023-03-30 12:03:20,392] {dag.py:2919} INFO - Setting next_dagrun for example_branch_python_operator_decorator to 2023-03-29T00:00:00+00:00, run_after=2023-03-30T00:00:00+00:00
[2023-03-30 12:03:20,413] {processor.py:161} INFO - Processing /home/airflow/.local/lib/python3.7/site-packages/airflow/example_dags/example_branch_operator_decorator.py took 0.279 seconds
[2023-03-30 12:03:50,788] {processor.py:153} INFO - Started process (PID=3525) to work on /home/airflow/.local/lib/python3.7/site-packages/airflow/example_dags/example_branch_operator_decorator.py
[2023-03-30 12:03:50,789] {processor.py:641} INFO - Processing file /home/airflow/.local/lib/python3.7/site-packages/airflow/example_dags/example_branch_operator_decorator.py for tasks to queue
[2023-03-30 12:03:50,790] {logging_mixin.py:115} INFO - [2023-03-30 12:03:50,790] {dagbag.py:507} INFO - Filling up the DagBag from /home/airflow/.local/lib/python3.7/site-packages/airflow/example_dags/example_branch_operator_decorator.py
[2023-03-30 12:03:50,801] {processor.py:651} INFO - DAG(s) dict_keys(['example_branch_python_operator_decorator']) retrieved from /home/airflow/.local/lib/python3.7/site-packages/airflow/example_dags/example_branch_operator_decorator.py
[2023-03-30 12:03:50,997] {logging_mixin.py:115} INFO - [2023-03-30 12:03:50,997] {dag.py:2371} INFO - Sync 1 DAGs
[2023-03-30 12:03:51,040] {logging_mixin.py:115} INFO - [2023-03-30 12:03:51,040] {dag.py:2919} INFO - Setting next_dagrun for example_branch_python_operator_decorator to 2023-03-29T00:00:00+00:00, run_after=2023-03-30T00:00:00+00:00
[2023-03-30 12:03:51,060] {processor.py:161} INFO - Processing /home/airflow/.local/lib/python3.7/site-packages/airflow/example_dags/example_branch_operator_decorator.py took 0.275 seconds
[2023-03-30 12:04:21,194] {processor.py:153} INFO - Started process (PID=3588) to work on /home/airflow/.local/lib/python3.7/site-packages/airflow/example_dags/example_branch_operator_decorator.py
[2023-03-30 12:04:21,195] {processor.py:641} INFO - Processing file /home/airflow/.local/lib/python3.7/site-packages/airflow/example_dags/example_branch_operator_decorator.py for tasks to queue
[2023-03-30 12:04:21,196] {logging_mixin.py:115} INFO - [2023-03-30 12:04:21,196] {dagbag.py:507} INFO - Filling up the DagBag from /home/airflow/.local/lib/python3.7/site-packages/airflow/example_dags/example_branch_operator_decorator.py
[2023-03-30 12:04:21,207] {processor.py:651} INFO - DAG(s) dict_keys(['example_branch_python_operator_decorator']) retrieved from /home/airflow/.local/lib/python3.7/site-packages/airflow/example_dags/example_branch_operator_decorator.py
[2023-03-30 12:04:21,408] {logging_mixin.py:115} INFO - [2023-03-30 12:04:21,408] {dag.py:2371} INFO - Sync 1 DAGs
[2023-03-30 12:04:21,454] {logging_mixin.py:115} INFO - [2023-03-30 12:04:21,454] {dag.py:2919} INFO - Setting next_dagrun for example_branch_python_operator_decorator to 2023-03-29T00:00:00+00:00, run_after=2023-03-30T00:00:00+00:00
[2023-03-30 12:04:21,479] {processor.py:161} INFO - Processing /home/airflow/.local/lib/python3.7/site-packages/airflow/example_dags/example_branch_operator_decorator.py took 0.287 seconds
[2023-03-30 12:04:51,725] {processor.py:153} INFO - Started process (PID=3651) to work on /home/airflow/.local/lib/python3.7/site-packages/airflow/example_dags/example_branch_operator_decorator.py
[2023-03-30 12:04:51,726] {processor.py:641} INFO - Processing file /home/airflow/.local/lib/python3.7/site-packages/airflow/example_dags/example_branch_operator_decorator.py for tasks to queue
[2023-03-30 12:04:51,728] {logging_mixin.py:115} INFO - [2023-03-30 12:04:51,728] {dagbag.py:507} INFO - Filling up the DagBag from /home/airflow/.local/lib/python3.7/site-packages/airflow/example_dags/example_branch_operator_decorator.py
[2023-03-30 12:04:51,747] {processor.py:651} INFO - DAG(s) dict_keys(['example_branch_python_operator_decorator']) retrieved from /home/airflow/.local/lib/python3.7/site-packages/airflow/example_dags/example_branch_operator_decorator.py
[2023-03-30 12:04:52,099] {logging_mixin.py:115} INFO - [2023-03-30 12:04:52,099] {dag.py:2371} INFO - Sync 1 DAGs
[2023-03-30 12:04:52,148] {logging_mixin.py:115} INFO - [2023-03-30 12:04:52,148] {dag.py:2919} INFO - Setting next_dagrun for example_branch_python_operator_decorator to 2023-03-29T00:00:00+00:00, run_after=2023-03-30T00:00:00+00:00
[2023-03-30 12:04:52,176] {processor.py:161} INFO - Processing /home/airflow/.local/lib/python3.7/site-packages/airflow/example_dags/example_branch_operator_decorator.py took 0.454 seconds
[2023-03-30 12:05:22,324] {processor.py:153} INFO - Started process (PID=3712) to work on /home/airflow/.local/lib/python3.7/site-packages/airflow/example_dags/example_branch_operator_decorator.py
[2023-03-30 12:05:22,325] {processor.py:641} INFO - Processing file /home/airflow/.local/lib/python3.7/site-packages/airflow/example_dags/example_branch_operator_decorator.py for tasks to queue
[2023-03-30 12:05:22,326] {logging_mixin.py:115} INFO - [2023-03-30 12:05:22,326] {dagbag.py:507} INFO - Filling up the DagBag from /home/airflow/.local/lib/python3.7/site-packages/airflow/example_dags/example_branch_operator_decorator.py
[2023-03-30 12:05:22,338] {processor.py:651} INFO - DAG(s) dict_keys(['example_branch_python_operator_decorator']) retrieved from /home/airflow/.local/lib/python3.7/site-packages/airflow/example_dags/example_branch_operator_decorator.py
[2023-03-30 12:05:22,539] {logging_mixin.py:115} INFO - [2023-03-30 12:05:22,539] {dag.py:2371} INFO - Sync 1 DAGs
[2023-03-30 12:05:22,587] {logging_mixin.py:115} INFO - [2023-03-30 12:05:22,587] {dag.py:2919} INFO - Setting next_dagrun for example_branch_python_operator_decorator to 2023-03-29T00:00:00+00:00, run_after=2023-03-30T00:00:00+00:00
[2023-03-30 12:05:22,612] {processor.py:161} INFO - Processing /home/airflow/.local/lib/python3.7/site-packages/airflow/example_dags/example_branch_operator_decorator.py took 0.290 seconds
[2023-03-30 12:05:52,995] {processor.py:153} INFO - Started process (PID=3768) to work on /home/airflow/.local/lib/python3.7/site-packages/airflow/example_dags/example_branch_operator_decorator.py
[2023-03-30 12:05:52,996] {processor.py:641} INFO - Processing file /home/airflow/.local/lib/python3.7/site-packages/airflow/example_dags/example_branch_operator_decorator.py for tasks to queue
[2023-03-30 12:05:52,997] {logging_mixin.py:115} INFO - [2023-03-30 12:05:52,996] {dagbag.py:507} INFO - Filling up the DagBag from /home/airflow/.local/lib/python3.7/site-packages/airflow/example_dags/example_branch_operator_decorator.py
[2023-03-30 12:05:53,010] {processor.py:651} INFO - DAG(s) dict_keys(['example_branch_python_operator_decorator']) retrieved from /home/airflow/.local/lib/python3.7/site-packages/airflow/example_dags/example_branch_operator_decorator.py
[2023-03-30 12:05:53,213] {logging_mixin.py:115} INFO - [2023-03-30 12:05:53,213] {dag.py:2371} INFO - Sync 1 DAGs
[2023-03-30 12:05:53,260] {logging_mixin.py:115} INFO - [2023-03-30 12:05:53,260] {dag.py:2919} INFO - Setting next_dagrun for example_branch_python_operator_decorator to 2023-03-29T00:00:00+00:00, run_after=2023-03-30T00:00:00+00:00
[2023-03-30 12:05:53,280] {processor.py:161} INFO - Processing /home/airflow/.local/lib/python3.7/site-packages/airflow/example_dags/example_branch_operator_decorator.py took 0.288 seconds
[2023-03-30 12:06:23,390] {processor.py:153} INFO - Started process (PID=3831) to work on /home/airflow/.local/lib/python3.7/site-packages/airflow/example_dags/example_branch_operator_decorator.py
[2023-03-30 12:06:23,391] {processor.py:641} INFO - Processing file /home/airflow/.local/lib/python3.7/site-packages/airflow/example_dags/example_branch_operator_decorator.py for tasks to queue
[2023-03-30 12:06:23,392] {logging_mixin.py:115} INFO - [2023-03-30 12:06:23,392] {dagbag.py:507} INFO - Filling up the DagBag from /home/airflow/.local/lib/python3.7/site-packages/airflow/example_dags/example_branch_operator_decorator.py
[2023-03-30 12:06:23,406] {processor.py:651} INFO - DAG(s) dict_keys(['example_branch_python_operator_decorator']) retrieved from /home/airflow/.local/lib/python3.7/site-packages/airflow/example_dags/example_branch_operator_decorator.py
[2023-03-30 12:06:23,611] {logging_mixin.py:115} INFO - [2023-03-30 12:06:23,611] {dag.py:2371} INFO - Sync 1 DAGs
[2023-03-30 12:06:23,658] {logging_mixin.py:115} INFO - [2023-03-30 12:06:23,658] {dag.py:2919} INFO - Setting next_dagrun for example_branch_python_operator_decorator to 2023-03-29T00:00:00+00:00, run_after=2023-03-30T00:00:00+00:00
[2023-03-30 12:06:23,679] {processor.py:161} INFO - Processing /home/airflow/.local/lib/python3.7/site-packages/airflow/example_dags/example_branch_operator_decorator.py took 0.292 seconds
[2023-03-30 12:06:54,226] {processor.py:153} INFO - Started process (PID=3894) to work on /home/airflow/.local/lib/python3.7/site-packages/airflow/example_dags/example_branch_operator_decorator.py
[2023-03-30 12:06:54,230] {processor.py:641} INFO - Processing file /home/airflow/.local/lib/python3.7/site-packages/airflow/example_dags/example_branch_operator_decorator.py for tasks to queue
[2023-03-30 12:06:54,232] {logging_mixin.py:115} INFO - [2023-03-30 12:06:54,232] {dagbag.py:507} INFO - Filling up the DagBag from /home/airflow/.local/lib/python3.7/site-packages/airflow/example_dags/example_branch_operator_decorator.py
[2023-03-30 12:06:54,249] {processor.py:651} INFO - DAG(s) dict_keys(['example_branch_python_operator_decorator']) retrieved from /home/airflow/.local/lib/python3.7/site-packages/airflow/example_dags/example_branch_operator_decorator.py
[2023-03-30 12:06:54,464] {logging_mixin.py:115} INFO - [2023-03-30 12:06:54,464] {dag.py:2371} INFO - Sync 1 DAGs
[2023-03-30 12:06:54,507] {logging_mixin.py:115} INFO - [2023-03-30 12:06:54,507] {dag.py:2919} INFO - Setting next_dagrun for example_branch_python_operator_decorator to 2023-03-29T00:00:00+00:00, run_after=2023-03-30T00:00:00+00:00
[2023-03-30 12:06:54,529] {processor.py:161} INFO - Processing /home/airflow/.local/lib/python3.7/site-packages/airflow/example_dags/example_branch_operator_decorator.py took 0.305 seconds
[2023-03-30 12:07:24,642] {processor.py:153} INFO - Started process (PID=3957) to work on /home/airflow/.local/lib/python3.7/site-packages/airflow/example_dags/example_branch_operator_decorator.py
[2023-03-30 12:07:24,643] {processor.py:641} INFO - Processing file /home/airflow/.local/lib/python3.7/site-packages/airflow/example_dags/example_branch_operator_decorator.py for tasks to queue
[2023-03-30 12:07:24,644] {logging_mixin.py:115} INFO - [2023-03-30 12:07:24,644] {dagbag.py:507} INFO - Filling up the DagBag from /home/airflow/.local/lib/python3.7/site-packages/airflow/example_dags/example_branch_operator_decorator.py
[2023-03-30 12:07:24,656] {processor.py:651} INFO - DAG(s) dict_keys(['example_branch_python_operator_decorator']) retrieved from /home/airflow/.local/lib/python3.7/site-packages/airflow/example_dags/example_branch_operator_decorator.py
[2023-03-30 12:07:24,894] {logging_mixin.py:115} INFO - [2023-03-30 12:07:24,894] {dag.py:2371} INFO - Sync 1 DAGs
[2023-03-30 12:07:24,985] {logging_mixin.py:115} INFO - [2023-03-30 12:07:24,985] {dag.py:2919} INFO - Setting next_dagrun for example_branch_python_operator_decorator to 2023-03-29T00:00:00+00:00, run_after=2023-03-30T00:00:00+00:00
[2023-03-30 12:07:25,053] {processor.py:161} INFO - Processing /home/airflow/.local/lib/python3.7/site-packages/airflow/example_dags/example_branch_operator_decorator.py took 0.413 seconds
