[2023-03-30 11:34:48,041] {processor.py:153} INFO - Started process (PID=57) to work on /home/airflow/.local/lib/python3.7/site-packages/airflow/example_dags/example_skip_dag.py
[2023-03-30 11:34:48,043] {processor.py:641} INFO - Processing file /home/airflow/.local/lib/python3.7/site-packages/airflow/example_dags/example_skip_dag.py for tasks to queue
[2023-03-30 11:34:48,044] {logging_mixin.py:115} INFO - [2023-03-30 11:34:48,044] {dagbag.py:507} INFO - Filling up the DagBag from /home/airflow/.local/lib/python3.7/site-packages/airflow/example_dags/example_skip_dag.py
[2023-03-30 11:34:48,054] {processor.py:651} INFO - DAG(s) dict_keys(['example_skip_dag']) retrieved from /home/airflow/.local/lib/python3.7/site-packages/airflow/example_dags/example_skip_dag.py
[2023-03-30 11:34:48,433] {logging_mixin.py:115} INFO - [2023-03-30 11:34:48,433] {manager.py:508} INFO - Created Permission View: can read on DAG:example_skip_dag
[2023-03-30 11:34:48,451] {logging_mixin.py:115} INFO - [2023-03-30 11:34:48,451] {manager.py:508} INFO - Created Permission View: can delete on DAG:example_skip_dag
[2023-03-30 11:34:48,462] {logging_mixin.py:115} INFO - [2023-03-30 11:34:48,462] {manager.py:508} INFO - Created Permission View: can edit on DAG:example_skip_dag
[2023-03-30 11:34:48,463] {logging_mixin.py:115} INFO - [2023-03-30 11:34:48,463] {dag.py:2371} INFO - Sync 1 DAGs
[2023-03-30 11:34:48,472] {logging_mixin.py:115} INFO - [2023-03-30 11:34:48,472] {dag.py:2390} INFO - Creating ORM DAG for example_skip_dag
[2023-03-30 11:34:48,513] {logging_mixin.py:115} INFO - [2023-03-30 11:34:48,513] {dag.py:2919} INFO - Setting next_dagrun for example_skip_dag to 2023-03-29T11:34:48.512998+00:00, run_after=2023-03-30T11:34:48.512998+00:00
[2023-03-30 11:34:48,559] {processor.py:161} INFO - Processing /home/airflow/.local/lib/python3.7/site-packages/airflow/example_dags/example_skip_dag.py took 0.521 seconds
[2023-03-30 11:35:19,058] {processor.py:153} INFO - Started process (PID=120) to work on /home/airflow/.local/lib/python3.7/site-packages/airflow/example_dags/example_skip_dag.py
[2023-03-30 11:35:19,059] {processor.py:641} INFO - Processing file /home/airflow/.local/lib/python3.7/site-packages/airflow/example_dags/example_skip_dag.py for tasks to queue
[2023-03-30 11:35:19,060] {logging_mixin.py:115} INFO - [2023-03-30 11:35:19,060] {dagbag.py:507} INFO - Filling up the DagBag from /home/airflow/.local/lib/python3.7/site-packages/airflow/example_dags/example_skip_dag.py
[2023-03-30 11:35:19,065] {processor.py:651} INFO - DAG(s) dict_keys(['example_skip_dag']) retrieved from /home/airflow/.local/lib/python3.7/site-packages/airflow/example_dags/example_skip_dag.py
[2023-03-30 11:35:19,173] {logging_mixin.py:115} INFO - [2023-03-30 11:35:19,173] {dag.py:2371} INFO - Sync 1 DAGs
[2023-03-30 11:35:19,225] {logging_mixin.py:115} INFO - [2023-03-30 11:35:19,225] {dag.py:2919} INFO - Setting next_dagrun for example_skip_dag to 2023-03-29T11:35:19.225260+00:00, run_after=2023-03-30T11:35:19.225260+00:00
[2023-03-30 11:35:19,249] {processor.py:161} INFO - Processing /home/airflow/.local/lib/python3.7/site-packages/airflow/example_dags/example_skip_dag.py took 0.194 seconds
[2023-03-30 11:35:49,375] {processor.py:153} INFO - Started process (PID=174) to work on /home/airflow/.local/lib/python3.7/site-packages/airflow/example_dags/example_skip_dag.py
[2023-03-30 11:35:49,377] {processor.py:641} INFO - Processing file /home/airflow/.local/lib/python3.7/site-packages/airflow/example_dags/example_skip_dag.py for tasks to queue
[2023-03-30 11:35:49,377] {logging_mixin.py:115} INFO - [2023-03-30 11:35:49,377] {dagbag.py:507} INFO - Filling up the DagBag from /home/airflow/.local/lib/python3.7/site-packages/airflow/example_dags/example_skip_dag.py
[2023-03-30 11:35:49,382] {processor.py:651} INFO - DAG(s) dict_keys(['example_skip_dag']) retrieved from /home/airflow/.local/lib/python3.7/site-packages/airflow/example_dags/example_skip_dag.py
[2023-03-30 11:35:49,482] {logging_mixin.py:115} INFO - [2023-03-30 11:35:49,482] {dag.py:2371} INFO - Sync 1 DAGs
[2023-03-30 11:35:49,531] {logging_mixin.py:115} INFO - [2023-03-30 11:35:49,531] {dag.py:2919} INFO - Setting next_dagrun for example_skip_dag to 2023-03-29T11:35:49.531367+00:00, run_after=2023-03-30T11:35:49.531367+00:00
[2023-03-30 11:35:49,558] {processor.py:161} INFO - Processing /home/airflow/.local/lib/python3.7/site-packages/airflow/example_dags/example_skip_dag.py took 0.185 seconds
[2023-03-30 11:36:20,316] {processor.py:153} INFO - Started process (PID=237) to work on /home/airflow/.local/lib/python3.7/site-packages/airflow/example_dags/example_skip_dag.py
[2023-03-30 11:36:20,317] {processor.py:641} INFO - Processing file /home/airflow/.local/lib/python3.7/site-packages/airflow/example_dags/example_skip_dag.py for tasks to queue
[2023-03-30 11:36:20,318] {logging_mixin.py:115} INFO - [2023-03-30 11:36:20,318] {dagbag.py:507} INFO - Filling up the DagBag from /home/airflow/.local/lib/python3.7/site-packages/airflow/example_dags/example_skip_dag.py
[2023-03-30 11:36:20,322] {processor.py:651} INFO - DAG(s) dict_keys(['example_skip_dag']) retrieved from /home/airflow/.local/lib/python3.7/site-packages/airflow/example_dags/example_skip_dag.py
[2023-03-30 11:36:20,426] {logging_mixin.py:115} INFO - [2023-03-30 11:36:20,426] {dag.py:2371} INFO - Sync 1 DAGs
[2023-03-30 11:36:20,474] {logging_mixin.py:115} INFO - [2023-03-30 11:36:20,474] {dag.py:2919} INFO - Setting next_dagrun for example_skip_dag to 2023-03-29T11:36:20.473927+00:00, run_after=2023-03-30T11:36:20.473927+00:00
[2023-03-30 11:36:20,498] {processor.py:161} INFO - Processing /home/airflow/.local/lib/python3.7/site-packages/airflow/example_dags/example_skip_dag.py took 0.185 seconds
[2023-03-30 11:36:51,122] {processor.py:153} INFO - Started process (PID=300) to work on /home/airflow/.local/lib/python3.7/site-packages/airflow/example_dags/example_skip_dag.py
[2023-03-30 11:36:51,124] {processor.py:641} INFO - Processing file /home/airflow/.local/lib/python3.7/site-packages/airflow/example_dags/example_skip_dag.py for tasks to queue
[2023-03-30 11:36:51,124] {logging_mixin.py:115} INFO - [2023-03-30 11:36:51,124] {dagbag.py:507} INFO - Filling up the DagBag from /home/airflow/.local/lib/python3.7/site-packages/airflow/example_dags/example_skip_dag.py
[2023-03-30 11:36:51,129] {processor.py:651} INFO - DAG(s) dict_keys(['example_skip_dag']) retrieved from /home/airflow/.local/lib/python3.7/site-packages/airflow/example_dags/example_skip_dag.py
[2023-03-30 11:36:51,233] {logging_mixin.py:115} INFO - [2023-03-30 11:36:51,233] {dag.py:2371} INFO - Sync 1 DAGs
[2023-03-30 11:36:51,279] {logging_mixin.py:115} INFO - [2023-03-30 11:36:51,279] {dag.py:2919} INFO - Setting next_dagrun for example_skip_dag to 2023-03-29T11:36:51.279483+00:00, run_after=2023-03-30T11:36:51.279483+00:00
[2023-03-30 11:36:51,302] {processor.py:161} INFO - Processing /home/airflow/.local/lib/python3.7/site-packages/airflow/example_dags/example_skip_dag.py took 0.182 seconds
[2023-03-30 11:37:22,051] {processor.py:153} INFO - Started process (PID=363) to work on /home/airflow/.local/lib/python3.7/site-packages/airflow/example_dags/example_skip_dag.py
[2023-03-30 11:37:22,052] {processor.py:641} INFO - Processing file /home/airflow/.local/lib/python3.7/site-packages/airflow/example_dags/example_skip_dag.py for tasks to queue
[2023-03-30 11:37:22,053] {logging_mixin.py:115} INFO - [2023-03-30 11:37:22,053] {dagbag.py:507} INFO - Filling up the DagBag from /home/airflow/.local/lib/python3.7/site-packages/airflow/example_dags/example_skip_dag.py
[2023-03-30 11:37:22,057] {processor.py:651} INFO - DAG(s) dict_keys(['example_skip_dag']) retrieved from /home/airflow/.local/lib/python3.7/site-packages/airflow/example_dags/example_skip_dag.py
[2023-03-30 11:37:22,160] {logging_mixin.py:115} INFO - [2023-03-30 11:37:22,159] {dag.py:2371} INFO - Sync 1 DAGs
[2023-03-30 11:37:22,207] {logging_mixin.py:115} INFO - [2023-03-30 11:37:22,207] {dag.py:2919} INFO - Setting next_dagrun for example_skip_dag to 2023-03-29T11:37:22.207387+00:00, run_after=2023-03-30T11:37:22.207387+00:00
[2023-03-30 11:37:22,231] {processor.py:161} INFO - Processing /home/airflow/.local/lib/python3.7/site-packages/airflow/example_dags/example_skip_dag.py took 0.183 seconds
[2023-03-30 11:37:52,799] {processor.py:153} INFO - Started process (PID=426) to work on /home/airflow/.local/lib/python3.7/site-packages/airflow/example_dags/example_skip_dag.py
[2023-03-30 11:37:52,801] {processor.py:641} INFO - Processing file /home/airflow/.local/lib/python3.7/site-packages/airflow/example_dags/example_skip_dag.py for tasks to queue
[2023-03-30 11:37:52,802] {logging_mixin.py:115} INFO - [2023-03-30 11:37:52,802] {dagbag.py:507} INFO - Filling up the DagBag from /home/airflow/.local/lib/python3.7/site-packages/airflow/example_dags/example_skip_dag.py
[2023-03-30 11:37:52,810] {processor.py:651} INFO - DAG(s) dict_keys(['example_skip_dag']) retrieved from /home/airflow/.local/lib/python3.7/site-packages/airflow/example_dags/example_skip_dag.py
[2023-03-30 11:37:52,958] {logging_mixin.py:115} INFO - [2023-03-30 11:37:52,958] {dag.py:2371} INFO - Sync 1 DAGs
[2023-03-30 11:37:53,014] {logging_mixin.py:115} INFO - [2023-03-30 11:37:53,014] {dag.py:2919} INFO - Setting next_dagrun for example_skip_dag to 2023-03-29T11:37:53.013869+00:00, run_after=2023-03-30T11:37:53.013869+00:00
[2023-03-30 11:37:53,046] {processor.py:161} INFO - Processing /home/airflow/.local/lib/python3.7/site-packages/airflow/example_dags/example_skip_dag.py took 0.252 seconds
[2023-03-30 11:38:23,371] {processor.py:153} INFO - Started process (PID=480) to work on /home/airflow/.local/lib/python3.7/site-packages/airflow/example_dags/example_skip_dag.py
[2023-03-30 11:38:23,373] {processor.py:641} INFO - Processing file /home/airflow/.local/lib/python3.7/site-packages/airflow/example_dags/example_skip_dag.py for tasks to queue
[2023-03-30 11:38:23,374] {logging_mixin.py:115} INFO - [2023-03-30 11:38:23,374] {dagbag.py:507} INFO - Filling up the DagBag from /home/airflow/.local/lib/python3.7/site-packages/airflow/example_dags/example_skip_dag.py
[2023-03-30 11:38:23,378] {processor.py:651} INFO - DAG(s) dict_keys(['example_skip_dag']) retrieved from /home/airflow/.local/lib/python3.7/site-packages/airflow/example_dags/example_skip_dag.py
[2023-03-30 11:38:23,484] {logging_mixin.py:115} INFO - [2023-03-30 11:38:23,484] {dag.py:2371} INFO - Sync 1 DAGs
[2023-03-30 11:38:23,534] {logging_mixin.py:115} INFO - [2023-03-30 11:38:23,534] {dag.py:2919} INFO - Setting next_dagrun for example_skip_dag to 2023-03-29T11:38:23.534617+00:00, run_after=2023-03-30T11:38:23.534617+00:00
[2023-03-30 11:38:23,557] {processor.py:161} INFO - Processing /home/airflow/.local/lib/python3.7/site-packages/airflow/example_dags/example_skip_dag.py took 0.188 seconds
[2023-03-30 11:38:54,086] {processor.py:153} INFO - Started process (PID=543) to work on /home/airflow/.local/lib/python3.7/site-packages/airflow/example_dags/example_skip_dag.py
[2023-03-30 11:38:54,087] {processor.py:641} INFO - Processing file /home/airflow/.local/lib/python3.7/site-packages/airflow/example_dags/example_skip_dag.py for tasks to queue
[2023-03-30 11:38:54,088] {logging_mixin.py:115} INFO - [2023-03-30 11:38:54,088] {dagbag.py:507} INFO - Filling up the DagBag from /home/airflow/.local/lib/python3.7/site-packages/airflow/example_dags/example_skip_dag.py
[2023-03-30 11:38:54,093] {processor.py:651} INFO - DAG(s) dict_keys(['example_skip_dag']) retrieved from /home/airflow/.local/lib/python3.7/site-packages/airflow/example_dags/example_skip_dag.py
[2023-03-30 11:38:54,204] {logging_mixin.py:115} INFO - [2023-03-30 11:38:54,204] {dag.py:2371} INFO - Sync 1 DAGs
[2023-03-30 11:38:54,253] {logging_mixin.py:115} INFO - [2023-03-30 11:38:54,253] {dag.py:2919} INFO - Setting next_dagrun for example_skip_dag to 2023-03-29T11:38:54.253600+00:00, run_after=2023-03-30T11:38:54.253600+00:00
[2023-03-30 11:38:54,277] {processor.py:161} INFO - Processing /home/airflow/.local/lib/python3.7/site-packages/airflow/example_dags/example_skip_dag.py took 0.194 seconds
[2023-03-30 11:39:24,680] {processor.py:153} INFO - Started process (PID=606) to work on /home/airflow/.local/lib/python3.7/site-packages/airflow/example_dags/example_skip_dag.py
[2023-03-30 11:39:24,682] {processor.py:641} INFO - Processing file /home/airflow/.local/lib/python3.7/site-packages/airflow/example_dags/example_skip_dag.py for tasks to queue
[2023-03-30 11:39:24,683] {logging_mixin.py:115} INFO - [2023-03-30 11:39:24,683] {dagbag.py:507} INFO - Filling up the DagBag from /home/airflow/.local/lib/python3.7/site-packages/airflow/example_dags/example_skip_dag.py
[2023-03-30 11:39:24,689] {processor.py:651} INFO - DAG(s) dict_keys(['example_skip_dag']) retrieved from /home/airflow/.local/lib/python3.7/site-packages/airflow/example_dags/example_skip_dag.py
[2023-03-30 11:39:24,799] {logging_mixin.py:115} INFO - [2023-03-30 11:39:24,799] {dag.py:2371} INFO - Sync 1 DAGs
[2023-03-30 11:39:24,850] {logging_mixin.py:115} INFO - [2023-03-30 11:39:24,850] {dag.py:2919} INFO - Setting next_dagrun for example_skip_dag to 2023-03-29T11:39:24.848197+00:00, run_after=2023-03-30T11:39:24.848197+00:00
[2023-03-30 11:39:24,874] {processor.py:161} INFO - Processing /home/airflow/.local/lib/python3.7/site-packages/airflow/example_dags/example_skip_dag.py took 0.197 seconds
[2023-03-30 11:39:54,939] {processor.py:153} INFO - Started process (PID=669) to work on /home/airflow/.local/lib/python3.7/site-packages/airflow/example_dags/example_skip_dag.py
[2023-03-30 11:39:54,940] {processor.py:641} INFO - Processing file /home/airflow/.local/lib/python3.7/site-packages/airflow/example_dags/example_skip_dag.py for tasks to queue
[2023-03-30 11:39:54,940] {logging_mixin.py:115} INFO - [2023-03-30 11:39:54,940] {dagbag.py:507} INFO - Filling up the DagBag from /home/airflow/.local/lib/python3.7/site-packages/airflow/example_dags/example_skip_dag.py
[2023-03-30 11:39:54,944] {processor.py:651} INFO - DAG(s) dict_keys(['example_skip_dag']) retrieved from /home/airflow/.local/lib/python3.7/site-packages/airflow/example_dags/example_skip_dag.py
[2023-03-30 11:39:55,048] {logging_mixin.py:115} INFO - [2023-03-30 11:39:55,048] {dag.py:2371} INFO - Sync 1 DAGs
[2023-03-30 11:39:55,099] {logging_mixin.py:115} INFO - [2023-03-30 11:39:55,099] {dag.py:2919} INFO - Setting next_dagrun for example_skip_dag to 2023-03-29T11:39:55.099381+00:00, run_after=2023-03-30T11:39:55.099381+00:00
[2023-03-30 11:39:55,127] {processor.py:161} INFO - Processing /home/airflow/.local/lib/python3.7/site-packages/airflow/example_dags/example_skip_dag.py took 0.191 seconds
[2023-03-30 11:40:25,347] {processor.py:153} INFO - Started process (PID=722) to work on /home/airflow/.local/lib/python3.7/site-packages/airflow/example_dags/example_skip_dag.py
[2023-03-30 11:40:25,349] {processor.py:641} INFO - Processing file /home/airflow/.local/lib/python3.7/site-packages/airflow/example_dags/example_skip_dag.py for tasks to queue
[2023-03-30 11:40:25,350] {logging_mixin.py:115} INFO - [2023-03-30 11:40:25,350] {dagbag.py:507} INFO - Filling up the DagBag from /home/airflow/.local/lib/python3.7/site-packages/airflow/example_dags/example_skip_dag.py
[2023-03-30 11:40:25,354] {processor.py:651} INFO - DAG(s) dict_keys(['example_skip_dag']) retrieved from /home/airflow/.local/lib/python3.7/site-packages/airflow/example_dags/example_skip_dag.py
[2023-03-30 11:40:25,462] {logging_mixin.py:115} INFO - [2023-03-30 11:40:25,462] {dag.py:2371} INFO - Sync 1 DAGs
[2023-03-30 11:40:25,517] {logging_mixin.py:115} INFO - [2023-03-30 11:40:25,517] {dag.py:2919} INFO - Setting next_dagrun for example_skip_dag to 2023-03-29T11:40:25.517044+00:00, run_after=2023-03-30T11:40:25.517044+00:00
[2023-03-30 11:40:25,543] {processor.py:161} INFO - Processing /home/airflow/.local/lib/python3.7/site-packages/airflow/example_dags/example_skip_dag.py took 0.199 seconds
[2023-03-30 11:40:55,701] {processor.py:153} INFO - Started process (PID=785) to work on /home/airflow/.local/lib/python3.7/site-packages/airflow/example_dags/example_skip_dag.py
[2023-03-30 11:40:55,702] {processor.py:641} INFO - Processing file /home/airflow/.local/lib/python3.7/site-packages/airflow/example_dags/example_skip_dag.py for tasks to queue
[2023-03-30 11:40:55,703] {logging_mixin.py:115} INFO - [2023-03-30 11:40:55,703] {dagbag.py:507} INFO - Filling up the DagBag from /home/airflow/.local/lib/python3.7/site-packages/airflow/example_dags/example_skip_dag.py
[2023-03-30 11:40:55,708] {processor.py:651} INFO - DAG(s) dict_keys(['example_skip_dag']) retrieved from /home/airflow/.local/lib/python3.7/site-packages/airflow/example_dags/example_skip_dag.py
[2023-03-30 11:40:55,810] {logging_mixin.py:115} INFO - [2023-03-30 11:40:55,810] {dag.py:2371} INFO - Sync 1 DAGs
[2023-03-30 11:40:55,864] {logging_mixin.py:115} INFO - [2023-03-30 11:40:55,864] {dag.py:2919} INFO - Setting next_dagrun for example_skip_dag to 2023-03-29T11:40:55.864080+00:00, run_after=2023-03-30T11:40:55.864080+00:00
[2023-03-30 11:40:55,887] {processor.py:161} INFO - Processing /home/airflow/.local/lib/python3.7/site-packages/airflow/example_dags/example_skip_dag.py took 0.189 seconds
[2023-03-30 11:41:26,076] {processor.py:153} INFO - Started process (PID=848) to work on /home/airflow/.local/lib/python3.7/site-packages/airflow/example_dags/example_skip_dag.py
[2023-03-30 11:41:26,077] {processor.py:641} INFO - Processing file /home/airflow/.local/lib/python3.7/site-packages/airflow/example_dags/example_skip_dag.py for tasks to queue
[2023-03-30 11:41:26,078] {logging_mixin.py:115} INFO - [2023-03-30 11:41:26,078] {dagbag.py:507} INFO - Filling up the DagBag from /home/airflow/.local/lib/python3.7/site-packages/airflow/example_dags/example_skip_dag.py
[2023-03-30 11:41:26,082] {processor.py:651} INFO - DAG(s) dict_keys(['example_skip_dag']) retrieved from /home/airflow/.local/lib/python3.7/site-packages/airflow/example_dags/example_skip_dag.py
[2023-03-30 11:41:26,181] {logging_mixin.py:115} INFO - [2023-03-30 11:41:26,181] {dag.py:2371} INFO - Sync 1 DAGs
[2023-03-30 11:41:26,232] {logging_mixin.py:115} INFO - [2023-03-30 11:41:26,232] {dag.py:2919} INFO - Setting next_dagrun for example_skip_dag to 2023-03-29T11:41:26.232093+00:00, run_after=2023-03-30T11:41:26.232093+00:00
[2023-03-30 11:41:26,258] {processor.py:161} INFO - Processing /home/airflow/.local/lib/python3.7/site-packages/airflow/example_dags/example_skip_dag.py took 0.184 seconds
[2023-03-30 11:41:56,456] {processor.py:153} INFO - Started process (PID=911) to work on /home/airflow/.local/lib/python3.7/site-packages/airflow/example_dags/example_skip_dag.py
[2023-03-30 11:41:56,457] {processor.py:641} INFO - Processing file /home/airflow/.local/lib/python3.7/site-packages/airflow/example_dags/example_skip_dag.py for tasks to queue
[2023-03-30 11:41:56,458] {logging_mixin.py:115} INFO - [2023-03-30 11:41:56,458] {dagbag.py:507} INFO - Filling up the DagBag from /home/airflow/.local/lib/python3.7/site-packages/airflow/example_dags/example_skip_dag.py
[2023-03-30 11:41:56,462] {processor.py:651} INFO - DAG(s) dict_keys(['example_skip_dag']) retrieved from /home/airflow/.local/lib/python3.7/site-packages/airflow/example_dags/example_skip_dag.py
[2023-03-30 11:41:56,564] {logging_mixin.py:115} INFO - [2023-03-30 11:41:56,563] {dag.py:2371} INFO - Sync 1 DAGs
[2023-03-30 11:41:56,611] {logging_mixin.py:115} INFO - [2023-03-30 11:41:56,611] {dag.py:2919} INFO - Setting next_dagrun for example_skip_dag to 2023-03-29T11:41:56.611328+00:00, run_after=2023-03-30T11:41:56.611328+00:00
[2023-03-30 11:41:56,673] {processor.py:161} INFO - Processing /home/airflow/.local/lib/python3.7/site-packages/airflow/example_dags/example_skip_dag.py took 0.219 seconds
[2023-03-30 11:42:27,147] {processor.py:153} INFO - Started process (PID=973) to work on /home/airflow/.local/lib/python3.7/site-packages/airflow/example_dags/example_skip_dag.py
[2023-03-30 11:42:27,148] {processor.py:641} INFO - Processing file /home/airflow/.local/lib/python3.7/site-packages/airflow/example_dags/example_skip_dag.py for tasks to queue
[2023-03-30 11:42:27,149] {logging_mixin.py:115} INFO - [2023-03-30 11:42:27,149] {dagbag.py:507} INFO - Filling up the DagBag from /home/airflow/.local/lib/python3.7/site-packages/airflow/example_dags/example_skip_dag.py
[2023-03-30 11:42:27,154] {processor.py:651} INFO - DAG(s) dict_keys(['example_skip_dag']) retrieved from /home/airflow/.local/lib/python3.7/site-packages/airflow/example_dags/example_skip_dag.py
[2023-03-30 11:42:27,256] {logging_mixin.py:115} INFO - [2023-03-30 11:42:27,256] {dag.py:2371} INFO - Sync 1 DAGs
[2023-03-30 11:42:27,309] {logging_mixin.py:115} INFO - [2023-03-30 11:42:27,309] {dag.py:2919} INFO - Setting next_dagrun for example_skip_dag to 2023-03-29T11:42:27.309484+00:00, run_after=2023-03-30T11:42:27.309484+00:00
[2023-03-30 11:42:27,336] {processor.py:161} INFO - Processing /home/airflow/.local/lib/python3.7/site-packages/airflow/example_dags/example_skip_dag.py took 0.191 seconds
[2023-03-30 11:42:58,118] {processor.py:153} INFO - Started process (PID=1028) to work on /home/airflow/.local/lib/python3.7/site-packages/airflow/example_dags/example_skip_dag.py
[2023-03-30 11:42:58,119] {processor.py:641} INFO - Processing file /home/airflow/.local/lib/python3.7/site-packages/airflow/example_dags/example_skip_dag.py for tasks to queue
[2023-03-30 11:42:58,120] {logging_mixin.py:115} INFO - [2023-03-30 11:42:58,120] {dagbag.py:507} INFO - Filling up the DagBag from /home/airflow/.local/lib/python3.7/site-packages/airflow/example_dags/example_skip_dag.py
[2023-03-30 11:42:58,124] {processor.py:651} INFO - DAG(s) dict_keys(['example_skip_dag']) retrieved from /home/airflow/.local/lib/python3.7/site-packages/airflow/example_dags/example_skip_dag.py
[2023-03-30 11:42:58,229] {logging_mixin.py:115} INFO - [2023-03-30 11:42:58,229] {dag.py:2371} INFO - Sync 1 DAGs
[2023-03-30 11:42:58,278] {logging_mixin.py:115} INFO - [2023-03-30 11:42:58,278] {dag.py:2919} INFO - Setting next_dagrun for example_skip_dag to 2023-03-29T11:42:58.277944+00:00, run_after=2023-03-30T11:42:58.277944+00:00
[2023-03-30 11:42:58,301] {processor.py:161} INFO - Processing /home/airflow/.local/lib/python3.7/site-packages/airflow/example_dags/example_skip_dag.py took 0.186 seconds
[2023-03-30 11:43:28,742] {processor.py:153} INFO - Started process (PID=1091) to work on /home/airflow/.local/lib/python3.7/site-packages/airflow/example_dags/example_skip_dag.py
[2023-03-30 11:43:28,743] {processor.py:641} INFO - Processing file /home/airflow/.local/lib/python3.7/site-packages/airflow/example_dags/example_skip_dag.py for tasks to queue
[2023-03-30 11:43:28,743] {logging_mixin.py:115} INFO - [2023-03-30 11:43:28,743] {dagbag.py:507} INFO - Filling up the DagBag from /home/airflow/.local/lib/python3.7/site-packages/airflow/example_dags/example_skip_dag.py
[2023-03-30 11:43:28,747] {processor.py:651} INFO - DAG(s) dict_keys(['example_skip_dag']) retrieved from /home/airflow/.local/lib/python3.7/site-packages/airflow/example_dags/example_skip_dag.py
[2023-03-30 11:43:28,847] {logging_mixin.py:115} INFO - [2023-03-30 11:43:28,847] {dag.py:2371} INFO - Sync 1 DAGs
[2023-03-30 11:43:28,892] {logging_mixin.py:115} INFO - [2023-03-30 11:43:28,891] {dag.py:2919} INFO - Setting next_dagrun for example_skip_dag to 2023-03-29T11:43:28.891760+00:00, run_after=2023-03-30T11:43:28.891760+00:00
[2023-03-30 11:43:28,914] {processor.py:161} INFO - Processing /home/airflow/.local/lib/python3.7/site-packages/airflow/example_dags/example_skip_dag.py took 0.176 seconds
[2023-03-30 11:43:59,342] {processor.py:153} INFO - Started process (PID=1154) to work on /home/airflow/.local/lib/python3.7/site-packages/airflow/example_dags/example_skip_dag.py
[2023-03-30 11:43:59,343] {processor.py:641} INFO - Processing file /home/airflow/.local/lib/python3.7/site-packages/airflow/example_dags/example_skip_dag.py for tasks to queue
[2023-03-30 11:43:59,344] {logging_mixin.py:115} INFO - [2023-03-30 11:43:59,344] {dagbag.py:507} INFO - Filling up the DagBag from /home/airflow/.local/lib/python3.7/site-packages/airflow/example_dags/example_skip_dag.py
[2023-03-30 11:43:59,348] {processor.py:651} INFO - DAG(s) dict_keys(['example_skip_dag']) retrieved from /home/airflow/.local/lib/python3.7/site-packages/airflow/example_dags/example_skip_dag.py
[2023-03-30 11:43:59,449] {logging_mixin.py:115} INFO - [2023-03-30 11:43:59,449] {dag.py:2371} INFO - Sync 1 DAGs
[2023-03-30 11:43:59,499] {logging_mixin.py:115} INFO - [2023-03-30 11:43:59,499] {dag.py:2919} INFO - Setting next_dagrun for example_skip_dag to 2023-03-29T11:43:59.499557+00:00, run_after=2023-03-30T11:43:59.499557+00:00
[2023-03-30 11:43:59,523] {processor.py:161} INFO - Processing /home/airflow/.local/lib/python3.7/site-packages/airflow/example_dags/example_skip_dag.py took 0.184 seconds
[2023-03-30 11:44:29,845] {processor.py:153} INFO - Started process (PID=1217) to work on /home/airflow/.local/lib/python3.7/site-packages/airflow/example_dags/example_skip_dag.py
[2023-03-30 11:44:29,846] {processor.py:641} INFO - Processing file /home/airflow/.local/lib/python3.7/site-packages/airflow/example_dags/example_skip_dag.py for tasks to queue
[2023-03-30 11:44:29,847] {logging_mixin.py:115} INFO - [2023-03-30 11:44:29,847] {dagbag.py:507} INFO - Filling up the DagBag from /home/airflow/.local/lib/python3.7/site-packages/airflow/example_dags/example_skip_dag.py
[2023-03-30 11:44:29,851] {processor.py:651} INFO - DAG(s) dict_keys(['example_skip_dag']) retrieved from /home/airflow/.local/lib/python3.7/site-packages/airflow/example_dags/example_skip_dag.py
[2023-03-30 11:44:29,955] {logging_mixin.py:115} INFO - [2023-03-30 11:44:29,955] {dag.py:2371} INFO - Sync 1 DAGs
[2023-03-30 11:44:30,005] {logging_mixin.py:115} INFO - [2023-03-30 11:44:30,004] {dag.py:2919} INFO - Setting next_dagrun for example_skip_dag to 2023-03-29T11:44:30.004704+00:00, run_after=2023-03-30T11:44:30.004704+00:00
[2023-03-30 11:44:30,032] {processor.py:161} INFO - Processing /home/airflow/.local/lib/python3.7/site-packages/airflow/example_dags/example_skip_dag.py took 0.189 seconds
[2023-03-30 11:45:00,775] {processor.py:153} INFO - Started process (PID=1280) to work on /home/airflow/.local/lib/python3.7/site-packages/airflow/example_dags/example_skip_dag.py
[2023-03-30 11:45:00,776] {processor.py:641} INFO - Processing file /home/airflow/.local/lib/python3.7/site-packages/airflow/example_dags/example_skip_dag.py for tasks to queue
[2023-03-30 11:45:00,777] {logging_mixin.py:115} INFO - [2023-03-30 11:45:00,777] {dagbag.py:507} INFO - Filling up the DagBag from /home/airflow/.local/lib/python3.7/site-packages/airflow/example_dags/example_skip_dag.py
[2023-03-30 11:45:00,782] {processor.py:651} INFO - DAG(s) dict_keys(['example_skip_dag']) retrieved from /home/airflow/.local/lib/python3.7/site-packages/airflow/example_dags/example_skip_dag.py
[2023-03-30 11:45:00,889] {logging_mixin.py:115} INFO - [2023-03-30 11:45:00,889] {dag.py:2371} INFO - Sync 1 DAGs
[2023-03-30 11:45:00,938] {logging_mixin.py:115} INFO - [2023-03-30 11:45:00,938] {dag.py:2919} INFO - Setting next_dagrun for example_skip_dag to 2023-03-29T11:45:00.937878+00:00, run_after=2023-03-30T11:45:00.937878+00:00
[2023-03-30 11:45:00,963] {processor.py:161} INFO - Processing /home/airflow/.local/lib/python3.7/site-packages/airflow/example_dags/example_skip_dag.py took 0.191 seconds
[2023-03-30 11:45:31,083] {processor.py:153} INFO - Started process (PID=1334) to work on /home/airflow/.local/lib/python3.7/site-packages/airflow/example_dags/example_skip_dag.py
[2023-03-30 11:45:31,085] {processor.py:641} INFO - Processing file /home/airflow/.local/lib/python3.7/site-packages/airflow/example_dags/example_skip_dag.py for tasks to queue
[2023-03-30 11:45:31,086] {logging_mixin.py:115} INFO - [2023-03-30 11:45:31,086] {dagbag.py:507} INFO - Filling up the DagBag from /home/airflow/.local/lib/python3.7/site-packages/airflow/example_dags/example_skip_dag.py
[2023-03-30 11:45:31,090] {processor.py:651} INFO - DAG(s) dict_keys(['example_skip_dag']) retrieved from /home/airflow/.local/lib/python3.7/site-packages/airflow/example_dags/example_skip_dag.py
[2023-03-30 11:45:31,192] {logging_mixin.py:115} INFO - [2023-03-30 11:45:31,192] {dag.py:2371} INFO - Sync 1 DAGs
[2023-03-30 11:45:31,246] {logging_mixin.py:115} INFO - [2023-03-30 11:45:31,246] {dag.py:2919} INFO - Setting next_dagrun for example_skip_dag to 2023-03-29T11:45:31.245912+00:00, run_after=2023-03-30T11:45:31.245912+00:00
[2023-03-30 11:45:31,273] {processor.py:161} INFO - Processing /home/airflow/.local/lib/python3.7/site-packages/airflow/example_dags/example_skip_dag.py took 0.193 seconds
[2023-03-30 11:46:02,218] {processor.py:153} INFO - Started process (PID=1397) to work on /home/airflow/.local/lib/python3.7/site-packages/airflow/example_dags/example_skip_dag.py
[2023-03-30 11:46:02,220] {processor.py:641} INFO - Processing file /home/airflow/.local/lib/python3.7/site-packages/airflow/example_dags/example_skip_dag.py for tasks to queue
[2023-03-30 11:46:02,220] {logging_mixin.py:115} INFO - [2023-03-30 11:46:02,220] {dagbag.py:507} INFO - Filling up the DagBag from /home/airflow/.local/lib/python3.7/site-packages/airflow/example_dags/example_skip_dag.py
[2023-03-30 11:46:02,224] {processor.py:651} INFO - DAG(s) dict_keys(['example_skip_dag']) retrieved from /home/airflow/.local/lib/python3.7/site-packages/airflow/example_dags/example_skip_dag.py
[2023-03-30 11:46:02,329] {logging_mixin.py:115} INFO - [2023-03-30 11:46:02,329] {dag.py:2371} INFO - Sync 1 DAGs
[2023-03-30 11:46:02,378] {logging_mixin.py:115} INFO - [2023-03-30 11:46:02,378] {dag.py:2919} INFO - Setting next_dagrun for example_skip_dag to 2023-03-29T11:46:02.378397+00:00, run_after=2023-03-30T11:46:02.378397+00:00
[2023-03-30 11:46:02,405] {processor.py:161} INFO - Processing /home/airflow/.local/lib/python3.7/site-packages/airflow/example_dags/example_skip_dag.py took 0.189 seconds
[2023-03-30 11:46:32,616] {processor.py:153} INFO - Started process (PID=1459) to work on /home/airflow/.local/lib/python3.7/site-packages/airflow/example_dags/example_skip_dag.py
[2023-03-30 11:46:32,618] {processor.py:641} INFO - Processing file /home/airflow/.local/lib/python3.7/site-packages/airflow/example_dags/example_skip_dag.py for tasks to queue
[2023-03-30 11:46:32,619] {logging_mixin.py:115} INFO - [2023-03-30 11:46:32,618] {dagbag.py:507} INFO - Filling up the DagBag from /home/airflow/.local/lib/python3.7/site-packages/airflow/example_dags/example_skip_dag.py
[2023-03-30 11:46:32,623] {processor.py:651} INFO - DAG(s) dict_keys(['example_skip_dag']) retrieved from /home/airflow/.local/lib/python3.7/site-packages/airflow/example_dags/example_skip_dag.py
[2023-03-30 11:46:32,725] {logging_mixin.py:115} INFO - [2023-03-30 11:46:32,725] {dag.py:2371} INFO - Sync 1 DAGs
[2023-03-30 11:46:32,775] {logging_mixin.py:115} INFO - [2023-03-30 11:46:32,775] {dag.py:2919} INFO - Setting next_dagrun for example_skip_dag to 2023-03-29T11:46:32.775077+00:00, run_after=2023-03-30T11:46:32.775077+00:00
[2023-03-30 11:46:32,800] {processor.py:161} INFO - Processing /home/airflow/.local/lib/python3.7/site-packages/airflow/example_dags/example_skip_dag.py took 0.186 seconds
[2023-03-30 11:47:03,283] {processor.py:153} INFO - Started process (PID=1522) to work on /home/airflow/.local/lib/python3.7/site-packages/airflow/example_dags/example_skip_dag.py
[2023-03-30 11:47:03,284] {processor.py:641} INFO - Processing file /home/airflow/.local/lib/python3.7/site-packages/airflow/example_dags/example_skip_dag.py for tasks to queue
[2023-03-30 11:47:03,284] {logging_mixin.py:115} INFO - [2023-03-30 11:47:03,284] {dagbag.py:507} INFO - Filling up the DagBag from /home/airflow/.local/lib/python3.7/site-packages/airflow/example_dags/example_skip_dag.py
[2023-03-30 11:47:03,289] {processor.py:651} INFO - DAG(s) dict_keys(['example_skip_dag']) retrieved from /home/airflow/.local/lib/python3.7/site-packages/airflow/example_dags/example_skip_dag.py
[2023-03-30 11:47:03,390] {logging_mixin.py:115} INFO - [2023-03-30 11:47:03,390] {dag.py:2371} INFO - Sync 1 DAGs
[2023-03-30 11:47:03,440] {logging_mixin.py:115} INFO - [2023-03-30 11:47:03,440] {dag.py:2919} INFO - Setting next_dagrun for example_skip_dag to 2023-03-29T11:47:03.440310+00:00, run_after=2023-03-30T11:47:03.440310+00:00
[2023-03-30 11:47:03,465] {processor.py:161} INFO - Processing /home/airflow/.local/lib/python3.7/site-packages/airflow/example_dags/example_skip_dag.py took 0.186 seconds
[2023-03-30 11:47:33,962] {processor.py:153} INFO - Started process (PID=1585) to work on /home/airflow/.local/lib/python3.7/site-packages/airflow/example_dags/example_skip_dag.py
[2023-03-30 11:47:33,963] {processor.py:641} INFO - Processing file /home/airflow/.local/lib/python3.7/site-packages/airflow/example_dags/example_skip_dag.py for tasks to queue
[2023-03-30 11:47:33,964] {logging_mixin.py:115} INFO - [2023-03-30 11:47:33,964] {dagbag.py:507} INFO - Filling up the DagBag from /home/airflow/.local/lib/python3.7/site-packages/airflow/example_dags/example_skip_dag.py
[2023-03-30 11:47:33,970] {processor.py:651} INFO - DAG(s) dict_keys(['example_skip_dag']) retrieved from /home/airflow/.local/lib/python3.7/site-packages/airflow/example_dags/example_skip_dag.py
[2023-03-30 11:47:34,157] {logging_mixin.py:115} INFO - [2023-03-30 11:47:34,157] {dag.py:2371} INFO - Sync 1 DAGs
[2023-03-30 11:47:34,249] {logging_mixin.py:115} INFO - [2023-03-30 11:47:34,249] {dag.py:2919} INFO - Setting next_dagrun for example_skip_dag to 2023-03-29T11:47:34.248576+00:00, run_after=2023-03-30T11:47:34.248576+00:00
[2023-03-30 11:47:34,275] {processor.py:161} INFO - Processing /home/airflow/.local/lib/python3.7/site-packages/airflow/example_dags/example_skip_dag.py took 0.318 seconds
[2023-03-30 11:48:04,654] {processor.py:153} INFO - Started process (PID=1646) to work on /home/airflow/.local/lib/python3.7/site-packages/airflow/example_dags/example_skip_dag.py
[2023-03-30 11:48:04,656] {processor.py:641} INFO - Processing file /home/airflow/.local/lib/python3.7/site-packages/airflow/example_dags/example_skip_dag.py for tasks to queue
[2023-03-30 11:48:04,658] {logging_mixin.py:115} INFO - [2023-03-30 11:48:04,658] {dagbag.py:507} INFO - Filling up the DagBag from /home/airflow/.local/lib/python3.7/site-packages/airflow/example_dags/example_skip_dag.py
[2023-03-30 11:48:04,666] {processor.py:651} INFO - DAG(s) dict_keys(['example_skip_dag']) retrieved from /home/airflow/.local/lib/python3.7/site-packages/airflow/example_dags/example_skip_dag.py
[2023-03-30 11:48:04,790] {logging_mixin.py:115} INFO - [2023-03-30 11:48:04,790] {dag.py:2371} INFO - Sync 1 DAGs
[2023-03-30 11:48:04,844] {logging_mixin.py:115} INFO - [2023-03-30 11:48:04,844] {dag.py:2919} INFO - Setting next_dagrun for example_skip_dag to 2023-03-29T11:48:04.844095+00:00, run_after=2023-03-30T11:48:04.844095+00:00
[2023-03-30 11:48:04,881] {processor.py:161} INFO - Processing /home/airflow/.local/lib/python3.7/site-packages/airflow/example_dags/example_skip_dag.py took 0.235 seconds
[2023-03-30 11:48:35,269] {processor.py:153} INFO - Started process (PID=1701) to work on /home/airflow/.local/lib/python3.7/site-packages/airflow/example_dags/example_skip_dag.py
[2023-03-30 11:48:35,270] {processor.py:641} INFO - Processing file /home/airflow/.local/lib/python3.7/site-packages/airflow/example_dags/example_skip_dag.py for tasks to queue
[2023-03-30 11:48:35,271] {logging_mixin.py:115} INFO - [2023-03-30 11:48:35,271] {dagbag.py:507} INFO - Filling up the DagBag from /home/airflow/.local/lib/python3.7/site-packages/airflow/example_dags/example_skip_dag.py
[2023-03-30 11:48:35,275] {processor.py:651} INFO - DAG(s) dict_keys(['example_skip_dag']) retrieved from /home/airflow/.local/lib/python3.7/site-packages/airflow/example_dags/example_skip_dag.py
[2023-03-30 11:48:35,453] {logging_mixin.py:115} INFO - [2023-03-30 11:48:35,453] {dag.py:2371} INFO - Sync 1 DAGs
[2023-03-30 11:48:35,555] {logging_mixin.py:115} INFO - [2023-03-30 11:48:35,555] {dag.py:2919} INFO - Setting next_dagrun for example_skip_dag to 2023-03-29T11:48:35.554790+00:00, run_after=2023-03-30T11:48:35.554790+00:00
[2023-03-30 11:48:35,617] {processor.py:161} INFO - Processing /home/airflow/.local/lib/python3.7/site-packages/airflow/example_dags/example_skip_dag.py took 0.351 seconds
[2023-03-30 11:49:05,922] {processor.py:153} INFO - Started process (PID=1763) to work on /home/airflow/.local/lib/python3.7/site-packages/airflow/example_dags/example_skip_dag.py
[2023-03-30 11:49:05,923] {processor.py:641} INFO - Processing file /home/airflow/.local/lib/python3.7/site-packages/airflow/example_dags/example_skip_dag.py for tasks to queue
[2023-03-30 11:49:05,925] {logging_mixin.py:115} INFO - [2023-03-30 11:49:05,925] {dagbag.py:507} INFO - Filling up the DagBag from /home/airflow/.local/lib/python3.7/site-packages/airflow/example_dags/example_skip_dag.py
[2023-03-30 11:49:05,929] {processor.py:651} INFO - DAG(s) dict_keys(['example_skip_dag']) retrieved from /home/airflow/.local/lib/python3.7/site-packages/airflow/example_dags/example_skip_dag.py
[2023-03-30 11:49:06,030] {logging_mixin.py:115} INFO - [2023-03-30 11:49:06,030] {dag.py:2371} INFO - Sync 1 DAGs
[2023-03-30 11:49:06,080] {logging_mixin.py:115} INFO - [2023-03-30 11:49:06,080] {dag.py:2919} INFO - Setting next_dagrun for example_skip_dag to 2023-03-29T11:49:06.079976+00:00, run_after=2023-03-30T11:49:06.079976+00:00
[2023-03-30 11:49:06,105] {processor.py:161} INFO - Processing /home/airflow/.local/lib/python3.7/site-packages/airflow/example_dags/example_skip_dag.py took 0.185 seconds
[2023-03-30 11:49:36,434] {processor.py:153} INFO - Started process (PID=1825) to work on /home/airflow/.local/lib/python3.7/site-packages/airflow/example_dags/example_skip_dag.py
[2023-03-30 11:49:36,435] {processor.py:641} INFO - Processing file /home/airflow/.local/lib/python3.7/site-packages/airflow/example_dags/example_skip_dag.py for tasks to queue
[2023-03-30 11:49:36,436] {logging_mixin.py:115} INFO - [2023-03-30 11:49:36,436] {dagbag.py:507} INFO - Filling up the DagBag from /home/airflow/.local/lib/python3.7/site-packages/airflow/example_dags/example_skip_dag.py
[2023-03-30 11:49:36,440] {processor.py:651} INFO - DAG(s) dict_keys(['example_skip_dag']) retrieved from /home/airflow/.local/lib/python3.7/site-packages/airflow/example_dags/example_skip_dag.py
[2023-03-30 11:49:36,540] {logging_mixin.py:115} INFO - [2023-03-30 11:49:36,540] {dag.py:2371} INFO - Sync 1 DAGs
[2023-03-30 11:49:36,593] {logging_mixin.py:115} INFO - [2023-03-30 11:49:36,593] {dag.py:2919} INFO - Setting next_dagrun for example_skip_dag to 2023-03-29T11:49:36.593243+00:00, run_after=2023-03-30T11:49:36.593243+00:00
[2023-03-30 11:49:36,620] {processor.py:161} INFO - Processing /home/airflow/.local/lib/python3.7/site-packages/airflow/example_dags/example_skip_dag.py took 0.188 seconds
[2023-03-30 11:50:07,026] {processor.py:153} INFO - Started process (PID=1888) to work on /home/airflow/.local/lib/python3.7/site-packages/airflow/example_dags/example_skip_dag.py
[2023-03-30 11:50:07,027] {processor.py:641} INFO - Processing file /home/airflow/.local/lib/python3.7/site-packages/airflow/example_dags/example_skip_dag.py for tasks to queue
[2023-03-30 11:50:07,028] {logging_mixin.py:115} INFO - [2023-03-30 11:50:07,028] {dagbag.py:507} INFO - Filling up the DagBag from /home/airflow/.local/lib/python3.7/site-packages/airflow/example_dags/example_skip_dag.py
[2023-03-30 11:50:07,033] {processor.py:651} INFO - DAG(s) dict_keys(['example_skip_dag']) retrieved from /home/airflow/.local/lib/python3.7/site-packages/airflow/example_dags/example_skip_dag.py
[2023-03-30 11:50:07,137] {logging_mixin.py:115} INFO - [2023-03-30 11:50:07,137] {dag.py:2371} INFO - Sync 1 DAGs
[2023-03-30 11:50:07,183] {logging_mixin.py:115} INFO - [2023-03-30 11:50:07,183] {dag.py:2919} INFO - Setting next_dagrun for example_skip_dag to 2023-03-29T11:50:07.183503+00:00, run_after=2023-03-30T11:50:07.183503+00:00
[2023-03-30 11:50:07,299] {processor.py:161} INFO - Processing /home/airflow/.local/lib/python3.7/site-packages/airflow/example_dags/example_skip_dag.py took 0.276 seconds
[2023-03-30 11:50:37,838] {processor.py:153} INFO - Started process (PID=1951) to work on /home/airflow/.local/lib/python3.7/site-packages/airflow/example_dags/example_skip_dag.py
[2023-03-30 11:50:37,840] {processor.py:641} INFO - Processing file /home/airflow/.local/lib/python3.7/site-packages/airflow/example_dags/example_skip_dag.py for tasks to queue
[2023-03-30 11:50:37,840] {logging_mixin.py:115} INFO - [2023-03-30 11:50:37,840] {dagbag.py:507} INFO - Filling up the DagBag from /home/airflow/.local/lib/python3.7/site-packages/airflow/example_dags/example_skip_dag.py
[2023-03-30 11:50:37,845] {processor.py:651} INFO - DAG(s) dict_keys(['example_skip_dag']) retrieved from /home/airflow/.local/lib/python3.7/site-packages/airflow/example_dags/example_skip_dag.py
[2023-03-30 11:50:37,949] {logging_mixin.py:115} INFO - [2023-03-30 11:50:37,949] {dag.py:2371} INFO - Sync 1 DAGs
[2023-03-30 11:50:38,001] {logging_mixin.py:115} INFO - [2023-03-30 11:50:38,001] {dag.py:2919} INFO - Setting next_dagrun for example_skip_dag to 2023-03-29T11:50:38.000881+00:00, run_after=2023-03-30T11:50:38.000881+00:00
[2023-03-30 11:50:38,133] {processor.py:161} INFO - Processing /home/airflow/.local/lib/python3.7/site-packages/airflow/example_dags/example_skip_dag.py took 0.297 seconds
[2023-03-30 11:51:08,807] {processor.py:153} INFO - Started process (PID=2005) to work on /home/airflow/.local/lib/python3.7/site-packages/airflow/example_dags/example_skip_dag.py
[2023-03-30 11:51:08,808] {processor.py:641} INFO - Processing file /home/airflow/.local/lib/python3.7/site-packages/airflow/example_dags/example_skip_dag.py for tasks to queue
[2023-03-30 11:51:08,809] {logging_mixin.py:115} INFO - [2023-03-30 11:51:08,809] {dagbag.py:507} INFO - Filling up the DagBag from /home/airflow/.local/lib/python3.7/site-packages/airflow/example_dags/example_skip_dag.py
[2023-03-30 11:51:08,813] {processor.py:651} INFO - DAG(s) dict_keys(['example_skip_dag']) retrieved from /home/airflow/.local/lib/python3.7/site-packages/airflow/example_dags/example_skip_dag.py
[2023-03-30 11:51:08,913] {logging_mixin.py:115} INFO - [2023-03-30 11:51:08,913] {dag.py:2371} INFO - Sync 1 DAGs
[2023-03-30 11:51:08,963] {logging_mixin.py:115} INFO - [2023-03-30 11:51:08,963] {dag.py:2919} INFO - Setting next_dagrun for example_skip_dag to 2023-03-29T11:51:08.963580+00:00, run_after=2023-03-30T11:51:08.963580+00:00
[2023-03-30 11:51:09,078] {processor.py:161} INFO - Processing /home/airflow/.local/lib/python3.7/site-packages/airflow/example_dags/example_skip_dag.py took 0.273 seconds
[2023-03-30 11:51:39,575] {processor.py:153} INFO - Started process (PID=2068) to work on /home/airflow/.local/lib/python3.7/site-packages/airflow/example_dags/example_skip_dag.py
[2023-03-30 11:51:39,576] {processor.py:641} INFO - Processing file /home/airflow/.local/lib/python3.7/site-packages/airflow/example_dags/example_skip_dag.py for tasks to queue
[2023-03-30 11:51:39,576] {logging_mixin.py:115} INFO - [2023-03-30 11:51:39,576] {dagbag.py:507} INFO - Filling up the DagBag from /home/airflow/.local/lib/python3.7/site-packages/airflow/example_dags/example_skip_dag.py
[2023-03-30 11:51:39,581] {processor.py:651} INFO - DAG(s) dict_keys(['example_skip_dag']) retrieved from /home/airflow/.local/lib/python3.7/site-packages/airflow/example_dags/example_skip_dag.py
[2023-03-30 11:51:39,689] {logging_mixin.py:115} INFO - [2023-03-30 11:51:39,689] {dag.py:2371} INFO - Sync 1 DAGs
[2023-03-30 11:51:39,737] {logging_mixin.py:115} INFO - [2023-03-30 11:51:39,737] {dag.py:2919} INFO - Setting next_dagrun for example_skip_dag to 2023-03-29T11:51:39.737176+00:00, run_after=2023-03-30T11:51:39.737176+00:00
[2023-03-30 11:51:39,857] {processor.py:161} INFO - Processing /home/airflow/.local/lib/python3.7/site-packages/airflow/example_dags/example_skip_dag.py took 0.285 seconds
[2023-03-30 11:52:10,420] {processor.py:153} INFO - Started process (PID=2132) to work on /home/airflow/.local/lib/python3.7/site-packages/airflow/example_dags/example_skip_dag.py
[2023-03-30 11:52:10,421] {processor.py:641} INFO - Processing file /home/airflow/.local/lib/python3.7/site-packages/airflow/example_dags/example_skip_dag.py for tasks to queue
[2023-03-30 11:52:10,422] {logging_mixin.py:115} INFO - [2023-03-30 11:52:10,422] {dagbag.py:507} INFO - Filling up the DagBag from /home/airflow/.local/lib/python3.7/site-packages/airflow/example_dags/example_skip_dag.py
[2023-03-30 11:52:10,426] {processor.py:651} INFO - DAG(s) dict_keys(['example_skip_dag']) retrieved from /home/airflow/.local/lib/python3.7/site-packages/airflow/example_dags/example_skip_dag.py
[2023-03-30 11:52:10,538] {logging_mixin.py:115} INFO - [2023-03-30 11:52:10,538] {dag.py:2371} INFO - Sync 1 DAGs
[2023-03-30 11:52:10,591] {logging_mixin.py:115} INFO - [2023-03-30 11:52:10,591] {dag.py:2919} INFO - Setting next_dagrun for example_skip_dag to 2023-03-29T11:52:10.590844+00:00, run_after=2023-03-30T11:52:10.590844+00:00
[2023-03-30 11:52:10,716] {processor.py:161} INFO - Processing /home/airflow/.local/lib/python3.7/site-packages/airflow/example_dags/example_skip_dag.py took 0.299 seconds
[2023-03-30 11:52:40,848] {processor.py:153} INFO - Started process (PID=2194) to work on /home/airflow/.local/lib/python3.7/site-packages/airflow/example_dags/example_skip_dag.py
[2023-03-30 11:52:40,849] {processor.py:641} INFO - Processing file /home/airflow/.local/lib/python3.7/site-packages/airflow/example_dags/example_skip_dag.py for tasks to queue
[2023-03-30 11:52:40,850] {logging_mixin.py:115} INFO - [2023-03-30 11:52:40,850] {dagbag.py:507} INFO - Filling up the DagBag from /home/airflow/.local/lib/python3.7/site-packages/airflow/example_dags/example_skip_dag.py
[2023-03-30 11:52:40,855] {processor.py:651} INFO - DAG(s) dict_keys(['example_skip_dag']) retrieved from /home/airflow/.local/lib/python3.7/site-packages/airflow/example_dags/example_skip_dag.py
[2023-03-30 11:52:40,965] {logging_mixin.py:115} INFO - [2023-03-30 11:52:40,964] {dag.py:2371} INFO - Sync 1 DAGs
[2023-03-30 11:52:41,016] {logging_mixin.py:115} INFO - [2023-03-30 11:52:41,016] {dag.py:2919} INFO - Setting next_dagrun for example_skip_dag to 2023-03-29T11:52:41.016198+00:00, run_after=2023-03-30T11:52:41.016198+00:00
[2023-03-30 11:52:41,136] {processor.py:161} INFO - Processing /home/airflow/.local/lib/python3.7/site-packages/airflow/example_dags/example_skip_dag.py took 0.291 seconds
[2023-03-30 11:53:11,947] {processor.py:153} INFO - Started process (PID=2256) to work on /home/airflow/.local/lib/python3.7/site-packages/airflow/example_dags/example_skip_dag.py
[2023-03-30 11:53:11,949] {processor.py:641} INFO - Processing file /home/airflow/.local/lib/python3.7/site-packages/airflow/example_dags/example_skip_dag.py for tasks to queue
[2023-03-30 11:53:11,949] {logging_mixin.py:115} INFO - [2023-03-30 11:53:11,949] {dagbag.py:507} INFO - Filling up the DagBag from /home/airflow/.local/lib/python3.7/site-packages/airflow/example_dags/example_skip_dag.py
[2023-03-30 11:53:11,953] {processor.py:651} INFO - DAG(s) dict_keys(['example_skip_dag']) retrieved from /home/airflow/.local/lib/python3.7/site-packages/airflow/example_dags/example_skip_dag.py
[2023-03-30 11:53:12,060] {logging_mixin.py:115} INFO - [2023-03-30 11:53:12,060] {dag.py:2371} INFO - Sync 1 DAGs
[2023-03-30 11:53:12,108] {logging_mixin.py:115} INFO - [2023-03-30 11:53:12,108] {dag.py:2919} INFO - Setting next_dagrun for example_skip_dag to 2023-03-29T11:53:12.107866+00:00, run_after=2023-03-30T11:53:12.107866+00:00
[2023-03-30 11:53:12,230] {processor.py:161} INFO - Processing /home/airflow/.local/lib/python3.7/site-packages/airflow/example_dags/example_skip_dag.py took 0.288 seconds
[2023-03-30 11:53:42,590] {processor.py:153} INFO - Started process (PID=2310) to work on /home/airflow/.local/lib/python3.7/site-packages/airflow/example_dags/example_skip_dag.py
[2023-03-30 11:53:42,591] {processor.py:641} INFO - Processing file /home/airflow/.local/lib/python3.7/site-packages/airflow/example_dags/example_skip_dag.py for tasks to queue
[2023-03-30 11:53:42,592] {logging_mixin.py:115} INFO - [2023-03-30 11:53:42,592] {dagbag.py:507} INFO - Filling up the DagBag from /home/airflow/.local/lib/python3.7/site-packages/airflow/example_dags/example_skip_dag.py
[2023-03-30 11:53:42,597] {processor.py:651} INFO - DAG(s) dict_keys(['example_skip_dag']) retrieved from /home/airflow/.local/lib/python3.7/site-packages/airflow/example_dags/example_skip_dag.py
[2023-03-30 11:53:42,702] {logging_mixin.py:115} INFO - [2023-03-30 11:53:42,702] {dag.py:2371} INFO - Sync 1 DAGs
[2023-03-30 11:53:42,749] {logging_mixin.py:115} INFO - [2023-03-30 11:53:42,749] {dag.py:2919} INFO - Setting next_dagrun for example_skip_dag to 2023-03-29T11:53:42.748902+00:00, run_after=2023-03-30T11:53:42.748902+00:00
[2023-03-30 11:53:42,872] {processor.py:161} INFO - Processing /home/airflow/.local/lib/python3.7/site-packages/airflow/example_dags/example_skip_dag.py took 0.285 seconds
[2023-03-30 11:54:13,615] {processor.py:153} INFO - Started process (PID=2373) to work on /home/airflow/.local/lib/python3.7/site-packages/airflow/example_dags/example_skip_dag.py
[2023-03-30 11:54:13,616] {processor.py:641} INFO - Processing file /home/airflow/.local/lib/python3.7/site-packages/airflow/example_dags/example_skip_dag.py for tasks to queue
[2023-03-30 11:54:13,617] {logging_mixin.py:115} INFO - [2023-03-30 11:54:13,617] {dagbag.py:507} INFO - Filling up the DagBag from /home/airflow/.local/lib/python3.7/site-packages/airflow/example_dags/example_skip_dag.py
[2023-03-30 11:54:13,621] {processor.py:651} INFO - DAG(s) dict_keys(['example_skip_dag']) retrieved from /home/airflow/.local/lib/python3.7/site-packages/airflow/example_dags/example_skip_dag.py
[2023-03-30 11:54:13,728] {logging_mixin.py:115} INFO - [2023-03-30 11:54:13,728] {dag.py:2371} INFO - Sync 1 DAGs
[2023-03-30 11:54:13,775] {logging_mixin.py:115} INFO - [2023-03-30 11:54:13,775] {dag.py:2919} INFO - Setting next_dagrun for example_skip_dag to 2023-03-29T11:54:13.775309+00:00, run_after=2023-03-30T11:54:13.775309+00:00
[2023-03-30 11:54:13,896] {processor.py:161} INFO - Processing /home/airflow/.local/lib/python3.7/site-packages/airflow/example_dags/example_skip_dag.py took 0.284 seconds
[2023-03-30 11:54:44,364] {processor.py:153} INFO - Started process (PID=2436) to work on /home/airflow/.local/lib/python3.7/site-packages/airflow/example_dags/example_skip_dag.py
[2023-03-30 11:54:44,365] {processor.py:641} INFO - Processing file /home/airflow/.local/lib/python3.7/site-packages/airflow/example_dags/example_skip_dag.py for tasks to queue
[2023-03-30 11:54:44,366] {logging_mixin.py:115} INFO - [2023-03-30 11:54:44,366] {dagbag.py:507} INFO - Filling up the DagBag from /home/airflow/.local/lib/python3.7/site-packages/airflow/example_dags/example_skip_dag.py
[2023-03-30 11:54:44,370] {processor.py:651} INFO - DAG(s) dict_keys(['example_skip_dag']) retrieved from /home/airflow/.local/lib/python3.7/site-packages/airflow/example_dags/example_skip_dag.py
[2023-03-30 11:54:44,479] {logging_mixin.py:115} INFO - [2023-03-30 11:54:44,479] {dag.py:2371} INFO - Sync 1 DAGs
[2023-03-30 11:54:44,632] {logging_mixin.py:115} INFO - [2023-03-30 11:54:44,632] {dag.py:2919} INFO - Setting next_dagrun for example_skip_dag to 2023-03-29T11:54:44.632517+00:00, run_after=2023-03-30T11:54:44.632517+00:00
[2023-03-30 11:54:44,689] {processor.py:161} INFO - Processing /home/airflow/.local/lib/python3.7/site-packages/airflow/example_dags/example_skip_dag.py took 0.328 seconds
[2023-03-30 11:55:14,935] {processor.py:153} INFO - Started process (PID=2499) to work on /home/airflow/.local/lib/python3.7/site-packages/airflow/example_dags/example_skip_dag.py
[2023-03-30 11:55:14,936] {processor.py:641} INFO - Processing file /home/airflow/.local/lib/python3.7/site-packages/airflow/example_dags/example_skip_dag.py for tasks to queue
[2023-03-30 11:55:14,937] {logging_mixin.py:115} INFO - [2023-03-30 11:55:14,937] {dagbag.py:507} INFO - Filling up the DagBag from /home/airflow/.local/lib/python3.7/site-packages/airflow/example_dags/example_skip_dag.py
[2023-03-30 11:55:14,941] {processor.py:651} INFO - DAG(s) dict_keys(['example_skip_dag']) retrieved from /home/airflow/.local/lib/python3.7/site-packages/airflow/example_dags/example_skip_dag.py
[2023-03-30 11:55:15,046] {logging_mixin.py:115} INFO - [2023-03-30 11:55:15,046] {dag.py:2371} INFO - Sync 1 DAGs
[2023-03-30 11:55:15,206] {logging_mixin.py:115} INFO - [2023-03-30 11:55:15,206] {dag.py:2919} INFO - Setting next_dagrun for example_skip_dag to 2023-03-29T11:55:15.205954+00:00, run_after=2023-03-30T11:55:15.205954+00:00
[2023-03-30 11:55:15,230] {processor.py:161} INFO - Processing /home/airflow/.local/lib/python3.7/site-packages/airflow/example_dags/example_skip_dag.py took 0.297 seconds
[2023-03-30 11:55:45,732] {processor.py:153} INFO - Started process (PID=2562) to work on /home/airflow/.local/lib/python3.7/site-packages/airflow/example_dags/example_skip_dag.py
[2023-03-30 11:55:45,733] {processor.py:641} INFO - Processing file /home/airflow/.local/lib/python3.7/site-packages/airflow/example_dags/example_skip_dag.py for tasks to queue
[2023-03-30 11:55:45,734] {logging_mixin.py:115} INFO - [2023-03-30 11:55:45,734] {dagbag.py:507} INFO - Filling up the DagBag from /home/airflow/.local/lib/python3.7/site-packages/airflow/example_dags/example_skip_dag.py
[2023-03-30 11:55:45,738] {processor.py:651} INFO - DAG(s) dict_keys(['example_skip_dag']) retrieved from /home/airflow/.local/lib/python3.7/site-packages/airflow/example_dags/example_skip_dag.py
[2023-03-30 11:55:45,839] {logging_mixin.py:115} INFO - [2023-03-30 11:55:45,839] {dag.py:2371} INFO - Sync 1 DAGs
[2023-03-30 11:55:45,990] {logging_mixin.py:115} INFO - [2023-03-30 11:55:45,989] {dag.py:2919} INFO - Setting next_dagrun for example_skip_dag to 2023-03-29T11:55:45.989780+00:00, run_after=2023-03-30T11:55:45.989780+00:00
[2023-03-30 11:55:46,014] {processor.py:161} INFO - Processing /home/airflow/.local/lib/python3.7/site-packages/airflow/example_dags/example_skip_dag.py took 0.285 seconds
[2023-03-30 11:56:16,407] {processor.py:153} INFO - Started process (PID=2623) to work on /home/airflow/.local/lib/python3.7/site-packages/airflow/example_dags/example_skip_dag.py
[2023-03-30 11:56:16,408] {processor.py:641} INFO - Processing file /home/airflow/.local/lib/python3.7/site-packages/airflow/example_dags/example_skip_dag.py for tasks to queue
[2023-03-30 11:56:16,409] {logging_mixin.py:115} INFO - [2023-03-30 11:56:16,409] {dagbag.py:507} INFO - Filling up the DagBag from /home/airflow/.local/lib/python3.7/site-packages/airflow/example_dags/example_skip_dag.py
[2023-03-30 11:56:16,413] {processor.py:651} INFO - DAG(s) dict_keys(['example_skip_dag']) retrieved from /home/airflow/.local/lib/python3.7/site-packages/airflow/example_dags/example_skip_dag.py
[2023-03-30 11:56:16,521] {logging_mixin.py:115} INFO - [2023-03-30 11:56:16,521] {dag.py:2371} INFO - Sync 1 DAGs
[2023-03-30 11:56:16,669] {logging_mixin.py:115} INFO - [2023-03-30 11:56:16,668] {dag.py:2919} INFO - Setting next_dagrun for example_skip_dag to 2023-03-29T11:56:16.668751+00:00, run_after=2023-03-30T11:56:16.668751+00:00
[2023-03-30 11:56:16,692] {processor.py:161} INFO - Processing /home/airflow/.local/lib/python3.7/site-packages/airflow/example_dags/example_skip_dag.py took 0.288 seconds
[2023-03-30 11:56:47,101] {processor.py:153} INFO - Started process (PID=2678) to work on /home/airflow/.local/lib/python3.7/site-packages/airflow/example_dags/example_skip_dag.py
[2023-03-30 11:56:47,102] {processor.py:641} INFO - Processing file /home/airflow/.local/lib/python3.7/site-packages/airflow/example_dags/example_skip_dag.py for tasks to queue
[2023-03-30 11:56:47,103] {logging_mixin.py:115} INFO - [2023-03-30 11:56:47,103] {dagbag.py:507} INFO - Filling up the DagBag from /home/airflow/.local/lib/python3.7/site-packages/airflow/example_dags/example_skip_dag.py
[2023-03-30 11:56:47,107] {processor.py:651} INFO - DAG(s) dict_keys(['example_skip_dag']) retrieved from /home/airflow/.local/lib/python3.7/site-packages/airflow/example_dags/example_skip_dag.py
[2023-03-30 11:56:47,211] {logging_mixin.py:115} INFO - [2023-03-30 11:56:47,211] {dag.py:2371} INFO - Sync 1 DAGs
[2023-03-30 11:56:47,355] {logging_mixin.py:115} INFO - [2023-03-30 11:56:47,355] {dag.py:2919} INFO - Setting next_dagrun for example_skip_dag to 2023-03-29T11:56:47.354887+00:00, run_after=2023-03-30T11:56:47.354887+00:00
[2023-03-30 11:56:47,379] {processor.py:161} INFO - Processing /home/airflow/.local/lib/python3.7/site-packages/airflow/example_dags/example_skip_dag.py took 0.282 seconds
[2023-03-30 11:57:17,810] {processor.py:153} INFO - Started process (PID=2741) to work on /home/airflow/.local/lib/python3.7/site-packages/airflow/example_dags/example_skip_dag.py
[2023-03-30 11:57:17,812] {processor.py:641} INFO - Processing file /home/airflow/.local/lib/python3.7/site-packages/airflow/example_dags/example_skip_dag.py for tasks to queue
[2023-03-30 11:57:17,812] {logging_mixin.py:115} INFO - [2023-03-30 11:57:17,812] {dagbag.py:507} INFO - Filling up the DagBag from /home/airflow/.local/lib/python3.7/site-packages/airflow/example_dags/example_skip_dag.py
[2023-03-30 11:57:17,817] {processor.py:651} INFO - DAG(s) dict_keys(['example_skip_dag']) retrieved from /home/airflow/.local/lib/python3.7/site-packages/airflow/example_dags/example_skip_dag.py
[2023-03-30 11:57:17,919] {logging_mixin.py:115} INFO - [2023-03-30 11:57:17,919] {dag.py:2371} INFO - Sync 1 DAGs
[2023-03-30 11:57:18,120] {logging_mixin.py:115} INFO - [2023-03-30 11:57:18,120] {dag.py:2919} INFO - Setting next_dagrun for example_skip_dag to 2023-03-29T11:57:18.120498+00:00, run_after=2023-03-30T11:57:18.120498+00:00
[2023-03-30 11:57:18,175] {processor.py:161} INFO - Processing /home/airflow/.local/lib/python3.7/site-packages/airflow/example_dags/example_skip_dag.py took 0.368 seconds
[2023-03-30 11:57:48,843] {processor.py:153} INFO - Started process (PID=2805) to work on /home/airflow/.local/lib/python3.7/site-packages/airflow/example_dags/example_skip_dag.py
[2023-03-30 11:57:48,844] {processor.py:641} INFO - Processing file /home/airflow/.local/lib/python3.7/site-packages/airflow/example_dags/example_skip_dag.py for tasks to queue
[2023-03-30 11:57:48,846] {logging_mixin.py:115} INFO - [2023-03-30 11:57:48,845] {dagbag.py:507} INFO - Filling up the DagBag from /home/airflow/.local/lib/python3.7/site-packages/airflow/example_dags/example_skip_dag.py
[2023-03-30 11:57:48,850] {processor.py:651} INFO - DAG(s) dict_keys(['example_skip_dag']) retrieved from /home/airflow/.local/lib/python3.7/site-packages/airflow/example_dags/example_skip_dag.py
[2023-03-30 11:57:48,973] {logging_mixin.py:115} INFO - [2023-03-30 11:57:48,973] {dag.py:2371} INFO - Sync 1 DAGs
[2023-03-30 11:57:49,118] {logging_mixin.py:115} INFO - [2023-03-30 11:57:49,118] {dag.py:2919} INFO - Setting next_dagrun for example_skip_dag to 2023-03-29T11:57:49.118759+00:00, run_after=2023-03-30T11:57:49.118759+00:00
[2023-03-30 11:57:49,143] {processor.py:161} INFO - Processing /home/airflow/.local/lib/python3.7/site-packages/airflow/example_dags/example_skip_dag.py took 0.303 seconds
[2023-03-30 11:58:19,285] {processor.py:153} INFO - Started process (PID=2868) to work on /home/airflow/.local/lib/python3.7/site-packages/airflow/example_dags/example_skip_dag.py
[2023-03-30 11:58:19,286] {processor.py:641} INFO - Processing file /home/airflow/.local/lib/python3.7/site-packages/airflow/example_dags/example_skip_dag.py for tasks to queue
[2023-03-30 11:58:19,287] {logging_mixin.py:115} INFO - [2023-03-30 11:58:19,287] {dagbag.py:507} INFO - Filling up the DagBag from /home/airflow/.local/lib/python3.7/site-packages/airflow/example_dags/example_skip_dag.py
[2023-03-30 11:58:19,291] {processor.py:651} INFO - DAG(s) dict_keys(['example_skip_dag']) retrieved from /home/airflow/.local/lib/python3.7/site-packages/airflow/example_dags/example_skip_dag.py
[2023-03-30 11:58:19,394] {logging_mixin.py:115} INFO - [2023-03-30 11:58:19,394] {dag.py:2371} INFO - Sync 1 DAGs
[2023-03-30 11:58:19,587] {logging_mixin.py:115} INFO - [2023-03-30 11:58:19,585] {dag.py:2919} INFO - Setting next_dagrun for example_skip_dag to 2023-03-29T11:58:19.585456+00:00, run_after=2023-03-30T11:58:19.585456+00:00
[2023-03-30 11:58:19,631] {processor.py:161} INFO - Processing /home/airflow/.local/lib/python3.7/site-packages/airflow/example_dags/example_skip_dag.py took 0.343 seconds
[2023-03-30 11:58:49,878] {processor.py:153} INFO - Started process (PID=2931) to work on /home/airflow/.local/lib/python3.7/site-packages/airflow/example_dags/example_skip_dag.py
[2023-03-30 11:58:49,879] {processor.py:641} INFO - Processing file /home/airflow/.local/lib/python3.7/site-packages/airflow/example_dags/example_skip_dag.py for tasks to queue
[2023-03-30 11:58:49,880] {logging_mixin.py:115} INFO - [2023-03-30 11:58:49,880] {dagbag.py:507} INFO - Filling up the DagBag from /home/airflow/.local/lib/python3.7/site-packages/airflow/example_dags/example_skip_dag.py
[2023-03-30 11:58:49,885] {processor.py:651} INFO - DAG(s) dict_keys(['example_skip_dag']) retrieved from /home/airflow/.local/lib/python3.7/site-packages/airflow/example_dags/example_skip_dag.py
[2023-03-30 11:58:49,995] {logging_mixin.py:115} INFO - [2023-03-30 11:58:49,995] {dag.py:2371} INFO - Sync 1 DAGs
[2023-03-30 11:58:50,147] {logging_mixin.py:115} INFO - [2023-03-30 11:58:50,147] {dag.py:2919} INFO - Setting next_dagrun for example_skip_dag to 2023-03-29T11:58:50.146942+00:00, run_after=2023-03-30T11:58:50.146942+00:00
[2023-03-30 11:58:50,172] {processor.py:161} INFO - Processing /home/airflow/.local/lib/python3.7/site-packages/airflow/example_dags/example_skip_dag.py took 0.297 seconds
[2023-03-30 11:59:20,359] {processor.py:153} INFO - Started process (PID=2984) to work on /home/airflow/.local/lib/python3.7/site-packages/airflow/example_dags/example_skip_dag.py
[2023-03-30 11:59:20,360] {processor.py:641} INFO - Processing file /home/airflow/.local/lib/python3.7/site-packages/airflow/example_dags/example_skip_dag.py for tasks to queue
[2023-03-30 11:59:20,361] {logging_mixin.py:115} INFO - [2023-03-30 11:59:20,361] {dagbag.py:507} INFO - Filling up the DagBag from /home/airflow/.local/lib/python3.7/site-packages/airflow/example_dags/example_skip_dag.py
[2023-03-30 11:59:20,366] {processor.py:651} INFO - DAG(s) dict_keys(['example_skip_dag']) retrieved from /home/airflow/.local/lib/python3.7/site-packages/airflow/example_dags/example_skip_dag.py
[2023-03-30 11:59:20,470] {logging_mixin.py:115} INFO - [2023-03-30 11:59:20,470] {dag.py:2371} INFO - Sync 1 DAGs
[2023-03-30 11:59:20,613] {logging_mixin.py:115} INFO - [2023-03-30 11:59:20,613] {dag.py:2919} INFO - Setting next_dagrun for example_skip_dag to 2023-03-29T11:59:20.612954+00:00, run_after=2023-03-30T11:59:20.612954+00:00
[2023-03-30 11:59:20,636] {processor.py:161} INFO - Processing /home/airflow/.local/lib/python3.7/site-packages/airflow/example_dags/example_skip_dag.py took 0.280 seconds
[2023-03-30 11:59:50,859] {processor.py:153} INFO - Started process (PID=3046) to work on /home/airflow/.local/lib/python3.7/site-packages/airflow/example_dags/example_skip_dag.py
[2023-03-30 11:59:50,860] {processor.py:641} INFO - Processing file /home/airflow/.local/lib/python3.7/site-packages/airflow/example_dags/example_skip_dag.py for tasks to queue
[2023-03-30 11:59:50,861] {logging_mixin.py:115} INFO - [2023-03-30 11:59:50,861] {dagbag.py:507} INFO - Filling up the DagBag from /home/airflow/.local/lib/python3.7/site-packages/airflow/example_dags/example_skip_dag.py
[2023-03-30 11:59:50,865] {processor.py:651} INFO - DAG(s) dict_keys(['example_skip_dag']) retrieved from /home/airflow/.local/lib/python3.7/site-packages/airflow/example_dags/example_skip_dag.py
[2023-03-30 11:59:50,968] {logging_mixin.py:115} INFO - [2023-03-30 11:59:50,968] {dag.py:2371} INFO - Sync 1 DAGs
[2023-03-30 11:59:51,111] {logging_mixin.py:115} INFO - [2023-03-30 11:59:51,111] {dag.py:2919} INFO - Setting next_dagrun for example_skip_dag to 2023-03-29T11:59:51.110968+00:00, run_after=2023-03-30T11:59:51.110968+00:00
[2023-03-30 11:59:51,135] {processor.py:161} INFO - Processing /home/airflow/.local/lib/python3.7/site-packages/airflow/example_dags/example_skip_dag.py took 0.279 seconds
[2023-03-30 12:00:21,416] {processor.py:153} INFO - Started process (PID=3109) to work on /home/airflow/.local/lib/python3.7/site-packages/airflow/example_dags/example_skip_dag.py
[2023-03-30 12:00:21,417] {processor.py:641} INFO - Processing file /home/airflow/.local/lib/python3.7/site-packages/airflow/example_dags/example_skip_dag.py for tasks to queue
[2023-03-30 12:00:21,418] {logging_mixin.py:115} INFO - [2023-03-30 12:00:21,418] {dagbag.py:507} INFO - Filling up the DagBag from /home/airflow/.local/lib/python3.7/site-packages/airflow/example_dags/example_skip_dag.py
[2023-03-30 12:00:21,422] {processor.py:651} INFO - DAG(s) dict_keys(['example_skip_dag']) retrieved from /home/airflow/.local/lib/python3.7/site-packages/airflow/example_dags/example_skip_dag.py
[2023-03-30 12:00:21,527] {logging_mixin.py:115} INFO - [2023-03-30 12:00:21,527] {dag.py:2371} INFO - Sync 1 DAGs
[2023-03-30 12:00:21,692] {logging_mixin.py:115} INFO - [2023-03-30 12:00:21,692] {dag.py:2919} INFO - Setting next_dagrun for example_skip_dag to 2023-03-29T12:00:21.692049+00:00, run_after=2023-03-30T12:00:21.692049+00:00
[2023-03-30 12:00:21,714] {processor.py:161} INFO - Processing /home/airflow/.local/lib/python3.7/site-packages/airflow/example_dags/example_skip_dag.py took 0.301 seconds
[2023-03-30 12:00:51,997] {processor.py:153} INFO - Started process (PID=3173) to work on /home/airflow/.local/lib/python3.7/site-packages/airflow/example_dags/example_skip_dag.py
[2023-03-30 12:00:51,998] {processor.py:641} INFO - Processing file /home/airflow/.local/lib/python3.7/site-packages/airflow/example_dags/example_skip_dag.py for tasks to queue
[2023-03-30 12:00:51,999] {logging_mixin.py:115} INFO - [2023-03-30 12:00:51,999] {dagbag.py:507} INFO - Filling up the DagBag from /home/airflow/.local/lib/python3.7/site-packages/airflow/example_dags/example_skip_dag.py
[2023-03-30 12:00:52,004] {processor.py:651} INFO - DAG(s) dict_keys(['example_skip_dag']) retrieved from /home/airflow/.local/lib/python3.7/site-packages/airflow/example_dags/example_skip_dag.py
[2023-03-30 12:00:52,112] {logging_mixin.py:115} INFO - [2023-03-30 12:00:52,112] {dag.py:2371} INFO - Sync 1 DAGs
[2023-03-30 12:00:52,260] {logging_mixin.py:115} INFO - [2023-03-30 12:00:52,260] {dag.py:2919} INFO - Setting next_dagrun for example_skip_dag to 2023-03-29T12:00:52.259914+00:00, run_after=2023-03-30T12:00:52.259914+00:00
[2023-03-30 12:00:52,282] {processor.py:161} INFO - Processing /home/airflow/.local/lib/python3.7/site-packages/airflow/example_dags/example_skip_dag.py took 0.289 seconds
[2023-03-30 12:01:22,602] {processor.py:153} INFO - Started process (PID=3235) to work on /home/airflow/.local/lib/python3.7/site-packages/airflow/example_dags/example_skip_dag.py
[2023-03-30 12:01:22,604] {processor.py:641} INFO - Processing file /home/airflow/.local/lib/python3.7/site-packages/airflow/example_dags/example_skip_dag.py for tasks to queue
[2023-03-30 12:01:22,605] {logging_mixin.py:115} INFO - [2023-03-30 12:01:22,605] {dagbag.py:507} INFO - Filling up the DagBag from /home/airflow/.local/lib/python3.7/site-packages/airflow/example_dags/example_skip_dag.py
[2023-03-30 12:01:22,609] {processor.py:651} INFO - DAG(s) dict_keys(['example_skip_dag']) retrieved from /home/airflow/.local/lib/python3.7/site-packages/airflow/example_dags/example_skip_dag.py
[2023-03-30 12:01:22,722] {logging_mixin.py:115} INFO - [2023-03-30 12:01:22,722] {dag.py:2371} INFO - Sync 1 DAGs
[2023-03-30 12:01:22,878] {logging_mixin.py:115} INFO - [2023-03-30 12:01:22,878] {dag.py:2919} INFO - Setting next_dagrun for example_skip_dag to 2023-03-29T12:01:22.878203+00:00, run_after=2023-03-30T12:01:22.878203+00:00
[2023-03-30 12:01:22,903] {processor.py:161} INFO - Processing /home/airflow/.local/lib/python3.7/site-packages/airflow/example_dags/example_skip_dag.py took 0.304 seconds
[2023-03-30 12:01:53,728] {processor.py:153} INFO - Started process (PID=3289) to work on /home/airflow/.local/lib/python3.7/site-packages/airflow/example_dags/example_skip_dag.py
[2023-03-30 12:01:53,729] {processor.py:641} INFO - Processing file /home/airflow/.local/lib/python3.7/site-packages/airflow/example_dags/example_skip_dag.py for tasks to queue
[2023-03-30 12:01:53,730] {logging_mixin.py:115} INFO - [2023-03-30 12:01:53,730] {dagbag.py:507} INFO - Filling up the DagBag from /home/airflow/.local/lib/python3.7/site-packages/airflow/example_dags/example_skip_dag.py
[2023-03-30 12:01:53,733] {processor.py:651} INFO - DAG(s) dict_keys(['example_skip_dag']) retrieved from /home/airflow/.local/lib/python3.7/site-packages/airflow/example_dags/example_skip_dag.py
[2023-03-30 12:01:53,838] {logging_mixin.py:115} INFO - [2023-03-30 12:01:53,838] {dag.py:2371} INFO - Sync 1 DAGs
[2023-03-30 12:01:53,988] {logging_mixin.py:115} INFO - [2023-03-30 12:01:53,988] {dag.py:2919} INFO - Setting next_dagrun for example_skip_dag to 2023-03-29T12:01:53.988258+00:00, run_after=2023-03-30T12:01:53.988258+00:00
[2023-03-30 12:01:54,012] {processor.py:161} INFO - Processing /home/airflow/.local/lib/python3.7/site-packages/airflow/example_dags/example_skip_dag.py took 0.287 seconds
[2023-03-30 12:02:24,313] {processor.py:153} INFO - Started process (PID=3352) to work on /home/airflow/.local/lib/python3.7/site-packages/airflow/example_dags/example_skip_dag.py
[2023-03-30 12:02:24,314] {processor.py:641} INFO - Processing file /home/airflow/.local/lib/python3.7/site-packages/airflow/example_dags/example_skip_dag.py for tasks to queue
[2023-03-30 12:02:24,315] {logging_mixin.py:115} INFO - [2023-03-30 12:02:24,315] {dagbag.py:507} INFO - Filling up the DagBag from /home/airflow/.local/lib/python3.7/site-packages/airflow/example_dags/example_skip_dag.py
[2023-03-30 12:02:24,319] {processor.py:651} INFO - DAG(s) dict_keys(['example_skip_dag']) retrieved from /home/airflow/.local/lib/python3.7/site-packages/airflow/example_dags/example_skip_dag.py
[2023-03-30 12:02:24,426] {logging_mixin.py:115} INFO - [2023-03-30 12:02:24,426] {dag.py:2371} INFO - Sync 1 DAGs
[2023-03-30 12:02:24,588] {logging_mixin.py:115} INFO - [2023-03-30 12:02:24,588] {dag.py:2919} INFO - Setting next_dagrun for example_skip_dag to 2023-03-29T12:02:24.588648+00:00, run_after=2023-03-30T12:02:24.588648+00:00
[2023-03-30 12:02:24,616] {processor.py:161} INFO - Processing /home/airflow/.local/lib/python3.7/site-packages/airflow/example_dags/example_skip_dag.py took 0.306 seconds
[2023-03-30 12:02:54,945] {processor.py:153} INFO - Started process (PID=3416) to work on /home/airflow/.local/lib/python3.7/site-packages/airflow/example_dags/example_skip_dag.py
[2023-03-30 12:02:54,946] {processor.py:641} INFO - Processing file /home/airflow/.local/lib/python3.7/site-packages/airflow/example_dags/example_skip_dag.py for tasks to queue
[2023-03-30 12:02:54,947] {logging_mixin.py:115} INFO - [2023-03-30 12:02:54,947] {dagbag.py:507} INFO - Filling up the DagBag from /home/airflow/.local/lib/python3.7/site-packages/airflow/example_dags/example_skip_dag.py
[2023-03-30 12:02:54,951] {processor.py:651} INFO - DAG(s) dict_keys(['example_skip_dag']) retrieved from /home/airflow/.local/lib/python3.7/site-packages/airflow/example_dags/example_skip_dag.py
[2023-03-30 12:02:55,055] {logging_mixin.py:115} INFO - [2023-03-30 12:02:55,055] {dag.py:2371} INFO - Sync 1 DAGs
[2023-03-30 12:02:55,220] {logging_mixin.py:115} INFO - [2023-03-30 12:02:55,220] {dag.py:2919} INFO - Setting next_dagrun for example_skip_dag to 2023-03-29T12:02:55.219850+00:00, run_after=2023-03-30T12:02:55.219850+00:00
[2023-03-30 12:02:55,245] {processor.py:161} INFO - Processing /home/airflow/.local/lib/python3.7/site-packages/airflow/example_dags/example_skip_dag.py took 0.303 seconds
[2023-03-30 12:03:25,438] {processor.py:153} INFO - Started process (PID=3479) to work on /home/airflow/.local/lib/python3.7/site-packages/airflow/example_dags/example_skip_dag.py
[2023-03-30 12:03:25,439] {processor.py:641} INFO - Processing file /home/airflow/.local/lib/python3.7/site-packages/airflow/example_dags/example_skip_dag.py for tasks to queue
[2023-03-30 12:03:25,440] {logging_mixin.py:115} INFO - [2023-03-30 12:03:25,440] {dagbag.py:507} INFO - Filling up the DagBag from /home/airflow/.local/lib/python3.7/site-packages/airflow/example_dags/example_skip_dag.py
[2023-03-30 12:03:25,444] {processor.py:651} INFO - DAG(s) dict_keys(['example_skip_dag']) retrieved from /home/airflow/.local/lib/python3.7/site-packages/airflow/example_dags/example_skip_dag.py
[2023-03-30 12:03:25,543] {logging_mixin.py:115} INFO - [2023-03-30 12:03:25,542] {dag.py:2371} INFO - Sync 1 DAGs
[2023-03-30 12:03:25,686] {logging_mixin.py:115} INFO - [2023-03-30 12:03:25,686] {dag.py:2919} INFO - Setting next_dagrun for example_skip_dag to 2023-03-29T12:03:25.685966+00:00, run_after=2023-03-30T12:03:25.685966+00:00
[2023-03-30 12:03:25,715] {processor.py:161} INFO - Processing /home/airflow/.local/lib/python3.7/site-packages/airflow/example_dags/example_skip_dag.py took 0.280 seconds
[2023-03-30 12:03:55,778] {processor.py:153} INFO - Started process (PID=3541) to work on /home/airflow/.local/lib/python3.7/site-packages/airflow/example_dags/example_skip_dag.py
[2023-03-30 12:03:55,779] {processor.py:641} INFO - Processing file /home/airflow/.local/lib/python3.7/site-packages/airflow/example_dags/example_skip_dag.py for tasks to queue
[2023-03-30 12:03:55,780] {logging_mixin.py:115} INFO - [2023-03-30 12:03:55,780] {dagbag.py:507} INFO - Filling up the DagBag from /home/airflow/.local/lib/python3.7/site-packages/airflow/example_dags/example_skip_dag.py
[2023-03-30 12:03:55,784] {processor.py:651} INFO - DAG(s) dict_keys(['example_skip_dag']) retrieved from /home/airflow/.local/lib/python3.7/site-packages/airflow/example_dags/example_skip_dag.py
[2023-03-30 12:03:55,887] {logging_mixin.py:115} INFO - [2023-03-30 12:03:55,887] {dag.py:2371} INFO - Sync 1 DAGs
[2023-03-30 12:03:56,041] {logging_mixin.py:115} INFO - [2023-03-30 12:03:56,041] {dag.py:2919} INFO - Setting next_dagrun for example_skip_dag to 2023-03-29T12:03:56.040872+00:00, run_after=2023-03-30T12:03:56.040872+00:00
[2023-03-30 12:03:56,065] {processor.py:161} INFO - Processing /home/airflow/.local/lib/python3.7/site-packages/airflow/example_dags/example_skip_dag.py took 0.289 seconds
[2023-03-30 12:04:26,186] {processor.py:153} INFO - Started process (PID=3594) to work on /home/airflow/.local/lib/python3.7/site-packages/airflow/example_dags/example_skip_dag.py
[2023-03-30 12:04:26,187] {processor.py:641} INFO - Processing file /home/airflow/.local/lib/python3.7/site-packages/airflow/example_dags/example_skip_dag.py for tasks to queue
[2023-03-30 12:04:26,188] {logging_mixin.py:115} INFO - [2023-03-30 12:04:26,187] {dagbag.py:507} INFO - Filling up the DagBag from /home/airflow/.local/lib/python3.7/site-packages/airflow/example_dags/example_skip_dag.py
[2023-03-30 12:04:26,192] {processor.py:651} INFO - DAG(s) dict_keys(['example_skip_dag']) retrieved from /home/airflow/.local/lib/python3.7/site-packages/airflow/example_dags/example_skip_dag.py
[2023-03-30 12:04:26,298] {logging_mixin.py:115} INFO - [2023-03-30 12:04:26,298] {dag.py:2371} INFO - Sync 1 DAGs
[2023-03-30 12:04:26,480] {logging_mixin.py:115} INFO - [2023-03-30 12:04:26,479] {dag.py:2919} INFO - Setting next_dagrun for example_skip_dag to 2023-03-29T12:04:26.479211+00:00, run_after=2023-03-30T12:04:26.479211+00:00
[2023-03-30 12:04:26,526] {processor.py:161} INFO - Processing /home/airflow/.local/lib/python3.7/site-packages/airflow/example_dags/example_skip_dag.py took 0.343 seconds
[2023-03-30 12:04:57,064] {processor.py:153} INFO - Started process (PID=3657) to work on /home/airflow/.local/lib/python3.7/site-packages/airflow/example_dags/example_skip_dag.py
[2023-03-30 12:04:57,065] {processor.py:641} INFO - Processing file /home/airflow/.local/lib/python3.7/site-packages/airflow/example_dags/example_skip_dag.py for tasks to queue
[2023-03-30 12:04:57,066] {logging_mixin.py:115} INFO - [2023-03-30 12:04:57,066] {dagbag.py:507} INFO - Filling up the DagBag from /home/airflow/.local/lib/python3.7/site-packages/airflow/example_dags/example_skip_dag.py
[2023-03-30 12:04:57,070] {processor.py:651} INFO - DAG(s) dict_keys(['example_skip_dag']) retrieved from /home/airflow/.local/lib/python3.7/site-packages/airflow/example_dags/example_skip_dag.py
[2023-03-30 12:04:57,178] {logging_mixin.py:115} INFO - [2023-03-30 12:04:57,178] {dag.py:2371} INFO - Sync 1 DAGs
[2023-03-30 12:04:57,318] {logging_mixin.py:115} INFO - [2023-03-30 12:04:57,318] {dag.py:2919} INFO - Setting next_dagrun for example_skip_dag to 2023-03-29T12:04:57.318608+00:00, run_after=2023-03-30T12:04:57.318608+00:00
[2023-03-30 12:04:57,341] {processor.py:161} INFO - Processing /home/airflow/.local/lib/python3.7/site-packages/airflow/example_dags/example_skip_dag.py took 0.280 seconds
[2023-03-30 12:05:27,653] {processor.py:153} INFO - Started process (PID=3721) to work on /home/airflow/.local/lib/python3.7/site-packages/airflow/example_dags/example_skip_dag.py
[2023-03-30 12:05:27,655] {processor.py:641} INFO - Processing file /home/airflow/.local/lib/python3.7/site-packages/airflow/example_dags/example_skip_dag.py for tasks to queue
[2023-03-30 12:05:27,655] {logging_mixin.py:115} INFO - [2023-03-30 12:05:27,655] {dagbag.py:507} INFO - Filling up the DagBag from /home/airflow/.local/lib/python3.7/site-packages/airflow/example_dags/example_skip_dag.py
[2023-03-30 12:05:27,659] {processor.py:651} INFO - DAG(s) dict_keys(['example_skip_dag']) retrieved from /home/airflow/.local/lib/python3.7/site-packages/airflow/example_dags/example_skip_dag.py
[2023-03-30 12:05:27,766] {logging_mixin.py:115} INFO - [2023-03-30 12:05:27,766] {dag.py:2371} INFO - Sync 1 DAGs
[2023-03-30 12:05:27,910] {logging_mixin.py:115} INFO - [2023-03-30 12:05:27,910] {dag.py:2919} INFO - Setting next_dagrun for example_skip_dag to 2023-03-29T12:05:27.910041+00:00, run_after=2023-03-30T12:05:27.910041+00:00
[2023-03-30 12:05:27,933] {processor.py:161} INFO - Processing /home/airflow/.local/lib/python3.7/site-packages/airflow/example_dags/example_skip_dag.py took 0.283 seconds
[2023-03-30 12:05:58,039] {processor.py:153} INFO - Started process (PID=3783) to work on /home/airflow/.local/lib/python3.7/site-packages/airflow/example_dags/example_skip_dag.py
[2023-03-30 12:05:58,040] {processor.py:641} INFO - Processing file /home/airflow/.local/lib/python3.7/site-packages/airflow/example_dags/example_skip_dag.py for tasks to queue
[2023-03-30 12:05:58,040] {logging_mixin.py:115} INFO - [2023-03-30 12:05:58,040] {dagbag.py:507} INFO - Filling up the DagBag from /home/airflow/.local/lib/python3.7/site-packages/airflow/example_dags/example_skip_dag.py
[2023-03-30 12:05:58,044] {processor.py:651} INFO - DAG(s) dict_keys(['example_skip_dag']) retrieved from /home/airflow/.local/lib/python3.7/site-packages/airflow/example_dags/example_skip_dag.py
[2023-03-30 12:05:58,142] {logging_mixin.py:115} INFO - [2023-03-30 12:05:58,142] {dag.py:2371} INFO - Sync 1 DAGs
[2023-03-30 12:05:58,287] {logging_mixin.py:115} INFO - [2023-03-30 12:05:58,287] {dag.py:2919} INFO - Setting next_dagrun for example_skip_dag to 2023-03-29T12:05:58.286982+00:00, run_after=2023-03-30T12:05:58.286982+00:00
[2023-03-30 12:05:58,312] {processor.py:161} INFO - Processing /home/airflow/.local/lib/python3.7/site-packages/airflow/example_dags/example_skip_dag.py took 0.275 seconds
[2023-03-30 12:06:28,543] {processor.py:153} INFO - Started process (PID=3846) to work on /home/airflow/.local/lib/python3.7/site-packages/airflow/example_dags/example_skip_dag.py
[2023-03-30 12:06:28,545] {processor.py:641} INFO - Processing file /home/airflow/.local/lib/python3.7/site-packages/airflow/example_dags/example_skip_dag.py for tasks to queue
[2023-03-30 12:06:28,546] {logging_mixin.py:115} INFO - [2023-03-30 12:06:28,545] {dagbag.py:507} INFO - Filling up the DagBag from /home/airflow/.local/lib/python3.7/site-packages/airflow/example_dags/example_skip_dag.py
[2023-03-30 12:06:28,550] {processor.py:651} INFO - DAG(s) dict_keys(['example_skip_dag']) retrieved from /home/airflow/.local/lib/python3.7/site-packages/airflow/example_dags/example_skip_dag.py
[2023-03-30 12:06:28,663] {logging_mixin.py:115} INFO - [2023-03-30 12:06:28,663] {dag.py:2371} INFO - Sync 1 DAGs
[2023-03-30 12:06:28,865] {logging_mixin.py:115} INFO - [2023-03-30 12:06:28,865] {dag.py:2919} INFO - Setting next_dagrun for example_skip_dag to 2023-03-29T12:06:28.865594+00:00, run_after=2023-03-30T12:06:28.865594+00:00
[2023-03-30 12:06:28,892] {processor.py:161} INFO - Processing /home/airflow/.local/lib/python3.7/site-packages/airflow/example_dags/example_skip_dag.py took 0.351 seconds
[2023-03-30 12:06:59,318] {processor.py:153} INFO - Started process (PID=3900) to work on /home/airflow/.local/lib/python3.7/site-packages/airflow/example_dags/example_skip_dag.py
[2023-03-30 12:06:59,319] {processor.py:641} INFO - Processing file /home/airflow/.local/lib/python3.7/site-packages/airflow/example_dags/example_skip_dag.py for tasks to queue
[2023-03-30 12:06:59,320] {logging_mixin.py:115} INFO - [2023-03-30 12:06:59,320] {dagbag.py:507} INFO - Filling up the DagBag from /home/airflow/.local/lib/python3.7/site-packages/airflow/example_dags/example_skip_dag.py
[2023-03-30 12:06:59,325] {processor.py:651} INFO - DAG(s) dict_keys(['example_skip_dag']) retrieved from /home/airflow/.local/lib/python3.7/site-packages/airflow/example_dags/example_skip_dag.py
[2023-03-30 12:06:59,430] {logging_mixin.py:115} INFO - [2023-03-30 12:06:59,429] {dag.py:2371} INFO - Sync 1 DAGs
[2023-03-30 12:06:59,571] {logging_mixin.py:115} INFO - [2023-03-30 12:06:59,571] {dag.py:2919} INFO - Setting next_dagrun for example_skip_dag to 2023-03-29T12:06:59.570914+00:00, run_after=2023-03-30T12:06:59.570914+00:00
[2023-03-30 12:06:59,596] {processor.py:161} INFO - Processing /home/airflow/.local/lib/python3.7/site-packages/airflow/example_dags/example_skip_dag.py took 0.281 seconds
[2023-03-30 12:07:29,938] {processor.py:153} INFO - Started process (PID=3963) to work on /home/airflow/.local/lib/python3.7/site-packages/airflow/example_dags/example_skip_dag.py
[2023-03-30 12:07:29,939] {processor.py:641} INFO - Processing file /home/airflow/.local/lib/python3.7/site-packages/airflow/example_dags/example_skip_dag.py for tasks to queue
[2023-03-30 12:07:29,940] {logging_mixin.py:115} INFO - [2023-03-30 12:07:29,940] {dagbag.py:507} INFO - Filling up the DagBag from /home/airflow/.local/lib/python3.7/site-packages/airflow/example_dags/example_skip_dag.py
[2023-03-30 12:07:29,944] {processor.py:651} INFO - DAG(s) dict_keys(['example_skip_dag']) retrieved from /home/airflow/.local/lib/python3.7/site-packages/airflow/example_dags/example_skip_dag.py
[2023-03-30 12:07:30,051] {logging_mixin.py:115} INFO - [2023-03-30 12:07:30,051] {dag.py:2371} INFO - Sync 1 DAGs
[2023-03-30 12:07:30,223] {logging_mixin.py:115} INFO - [2023-03-30 12:07:30,223] {dag.py:2919} INFO - Setting next_dagrun for example_skip_dag to 2023-03-29T12:07:30.222973+00:00, run_after=2023-03-30T12:07:30.222973+00:00
[2023-03-30 12:07:30,251] {processor.py:161} INFO - Processing /home/airflow/.local/lib/python3.7/site-packages/airflow/example_dags/example_skip_dag.py took 0.316 seconds
