[2023-03-30 11:34:50,440] {processor.py:153} INFO - Started process (PID=66) to work on /home/airflow/.local/lib/python3.7/site-packages/airflow/example_dags/example_branch_operator.py
[2023-03-30 11:34:50,441] {processor.py:641} INFO - Processing file /home/airflow/.local/lib/python3.7/site-packages/airflow/example_dags/example_branch_operator.py for tasks to queue
[2023-03-30 11:34:50,442] {logging_mixin.py:115} INFO - [2023-03-30 11:34:50,442] {dagbag.py:507} INFO - Filling up the DagBag from /home/airflow/.local/lib/python3.7/site-packages/airflow/example_dags/example_branch_operator.py
[2023-03-30 11:34:50,450] {processor.py:651} INFO - DAG(s) dict_keys(['example_branch_operator']) retrieved from /home/airflow/.local/lib/python3.7/site-packages/airflow/example_dags/example_branch_operator.py
[2023-03-30 11:34:50,707] {logging_mixin.py:115} INFO - [2023-03-30 11:34:50,707] {manager.py:508} INFO - Created Permission View: can read on DAG:example_branch_operator
[2023-03-30 11:34:50,719] {logging_mixin.py:115} INFO - [2023-03-30 11:34:50,719] {manager.py:508} INFO - Created Permission View: can delete on DAG:example_branch_operator
[2023-03-30 11:34:50,730] {logging_mixin.py:115} INFO - [2023-03-30 11:34:50,729] {manager.py:508} INFO - Created Permission View: can edit on DAG:example_branch_operator
[2023-03-30 11:34:50,730] {logging_mixin.py:115} INFO - [2023-03-30 11:34:50,730] {dag.py:2371} INFO - Sync 1 DAGs
[2023-03-30 11:34:50,739] {logging_mixin.py:115} INFO - [2023-03-30 11:34:50,739] {dag.py:2390} INFO - Creating ORM DAG for example_branch_operator
[2023-03-30 11:34:50,769] {logging_mixin.py:115} INFO - [2023-03-30 11:34:50,769] {dag.py:2919} INFO - Setting next_dagrun for example_branch_operator to 2023-03-29T00:00:00+00:00, run_after=2023-03-30T00:00:00+00:00
[2023-03-30 11:34:50,791] {processor.py:161} INFO - Processing /home/airflow/.local/lib/python3.7/site-packages/airflow/example_dags/example_branch_operator.py took 0.353 seconds
[2023-03-30 11:35:21,474] {processor.py:153} INFO - Started process (PID=129) to work on /home/airflow/.local/lib/python3.7/site-packages/airflow/example_dags/example_branch_operator.py
[2023-03-30 11:35:21,475] {processor.py:641} INFO - Processing file /home/airflow/.local/lib/python3.7/site-packages/airflow/example_dags/example_branch_operator.py for tasks to queue
[2023-03-30 11:35:21,476] {logging_mixin.py:115} INFO - [2023-03-30 11:35:21,476] {dagbag.py:507} INFO - Filling up the DagBag from /home/airflow/.local/lib/python3.7/site-packages/airflow/example_dags/example_branch_operator.py
[2023-03-30 11:35:21,483] {processor.py:651} INFO - DAG(s) dict_keys(['example_branch_operator']) retrieved from /home/airflow/.local/lib/python3.7/site-packages/airflow/example_dags/example_branch_operator.py
[2023-03-30 11:35:21,581] {logging_mixin.py:115} INFO - [2023-03-30 11:35:21,581] {dag.py:2371} INFO - Sync 1 DAGs
[2023-03-30 11:35:21,628] {logging_mixin.py:115} INFO - [2023-03-30 11:35:21,628] {dag.py:2919} INFO - Setting next_dagrun for example_branch_operator to 2023-03-29T00:00:00+00:00, run_after=2023-03-30T00:00:00+00:00
[2023-03-30 11:35:21,650] {processor.py:161} INFO - Processing /home/airflow/.local/lib/python3.7/site-packages/airflow/example_dags/example_branch_operator.py took 0.179 seconds
[2023-03-30 11:35:52,436] {processor.py:153} INFO - Started process (PID=192) to work on /home/airflow/.local/lib/python3.7/site-packages/airflow/example_dags/example_branch_operator.py
[2023-03-30 11:35:52,437] {processor.py:641} INFO - Processing file /home/airflow/.local/lib/python3.7/site-packages/airflow/example_dags/example_branch_operator.py for tasks to queue
[2023-03-30 11:35:52,438] {logging_mixin.py:115} INFO - [2023-03-30 11:35:52,438] {dagbag.py:507} INFO - Filling up the DagBag from /home/airflow/.local/lib/python3.7/site-packages/airflow/example_dags/example_branch_operator.py
[2023-03-30 11:35:52,449] {processor.py:651} INFO - DAG(s) dict_keys(['example_branch_operator']) retrieved from /home/airflow/.local/lib/python3.7/site-packages/airflow/example_dags/example_branch_operator.py
[2023-03-30 11:35:52,577] {logging_mixin.py:115} INFO - [2023-03-30 11:35:52,577] {dag.py:2371} INFO - Sync 1 DAGs
[2023-03-30 11:35:52,634] {logging_mixin.py:115} INFO - [2023-03-30 11:35:52,634] {dag.py:2919} INFO - Setting next_dagrun for example_branch_operator to 2023-03-29T00:00:00+00:00, run_after=2023-03-30T00:00:00+00:00
[2023-03-30 11:35:52,662] {processor.py:161} INFO - Processing /home/airflow/.local/lib/python3.7/site-packages/airflow/example_dags/example_branch_operator.py took 0.230 seconds
[2023-03-30 11:36:23,500] {processor.py:153} INFO - Started process (PID=246) to work on /home/airflow/.local/lib/python3.7/site-packages/airflow/example_dags/example_branch_operator.py
[2023-03-30 11:36:23,501] {processor.py:641} INFO - Processing file /home/airflow/.local/lib/python3.7/site-packages/airflow/example_dags/example_branch_operator.py for tasks to queue
[2023-03-30 11:36:23,502] {logging_mixin.py:115} INFO - [2023-03-30 11:36:23,502] {dagbag.py:507} INFO - Filling up the DagBag from /home/airflow/.local/lib/python3.7/site-packages/airflow/example_dags/example_branch_operator.py
[2023-03-30 11:36:23,509] {processor.py:651} INFO - DAG(s) dict_keys(['example_branch_operator']) retrieved from /home/airflow/.local/lib/python3.7/site-packages/airflow/example_dags/example_branch_operator.py
[2023-03-30 11:36:23,608] {logging_mixin.py:115} INFO - [2023-03-30 11:36:23,608] {dag.py:2371} INFO - Sync 1 DAGs
[2023-03-30 11:36:23,656] {logging_mixin.py:115} INFO - [2023-03-30 11:36:23,656] {dag.py:2919} INFO - Setting next_dagrun for example_branch_operator to 2023-03-29T00:00:00+00:00, run_after=2023-03-30T00:00:00+00:00
[2023-03-30 11:36:23,679] {processor.py:161} INFO - Processing /home/airflow/.local/lib/python3.7/site-packages/airflow/example_dags/example_branch_operator.py took 0.181 seconds
[2023-03-30 11:36:54,260] {processor.py:153} INFO - Started process (PID=309) to work on /home/airflow/.local/lib/python3.7/site-packages/airflow/example_dags/example_branch_operator.py
[2023-03-30 11:36:54,262] {processor.py:641} INFO - Processing file /home/airflow/.local/lib/python3.7/site-packages/airflow/example_dags/example_branch_operator.py for tasks to queue
[2023-03-30 11:36:54,263] {logging_mixin.py:115} INFO - [2023-03-30 11:36:54,263] {dagbag.py:507} INFO - Filling up the DagBag from /home/airflow/.local/lib/python3.7/site-packages/airflow/example_dags/example_branch_operator.py
[2023-03-30 11:36:54,272] {processor.py:651} INFO - DAG(s) dict_keys(['example_branch_operator']) retrieved from /home/airflow/.local/lib/python3.7/site-packages/airflow/example_dags/example_branch_operator.py
[2023-03-30 11:36:54,407] {logging_mixin.py:115} INFO - [2023-03-30 11:36:54,407] {dag.py:2371} INFO - Sync 1 DAGs
[2023-03-30 11:36:54,472] {logging_mixin.py:115} INFO - [2023-03-30 11:36:54,472] {dag.py:2919} INFO - Setting next_dagrun for example_branch_operator to 2023-03-29T00:00:00+00:00, run_after=2023-03-30T00:00:00+00:00
[2023-03-30 11:36:54,503] {processor.py:161} INFO - Processing /home/airflow/.local/lib/python3.7/site-packages/airflow/example_dags/example_branch_operator.py took 0.246 seconds
[2023-03-30 11:37:25,229] {processor.py:153} INFO - Started process (PID=372) to work on /home/airflow/.local/lib/python3.7/site-packages/airflow/example_dags/example_branch_operator.py
[2023-03-30 11:37:25,230] {processor.py:641} INFO - Processing file /home/airflow/.local/lib/python3.7/site-packages/airflow/example_dags/example_branch_operator.py for tasks to queue
[2023-03-30 11:37:25,231] {logging_mixin.py:115} INFO - [2023-03-30 11:37:25,231] {dagbag.py:507} INFO - Filling up the DagBag from /home/airflow/.local/lib/python3.7/site-packages/airflow/example_dags/example_branch_operator.py
[2023-03-30 11:37:25,240] {processor.py:651} INFO - DAG(s) dict_keys(['example_branch_operator']) retrieved from /home/airflow/.local/lib/python3.7/site-packages/airflow/example_dags/example_branch_operator.py
[2023-03-30 11:37:25,337] {logging_mixin.py:115} INFO - [2023-03-30 11:37:25,337] {dag.py:2371} INFO - Sync 1 DAGs
[2023-03-30 11:37:25,385] {logging_mixin.py:115} INFO - [2023-03-30 11:37:25,385] {dag.py:2919} INFO - Setting next_dagrun for example_branch_operator to 2023-03-29T00:00:00+00:00, run_after=2023-03-30T00:00:00+00:00
[2023-03-30 11:37:25,409] {processor.py:161} INFO - Processing /home/airflow/.local/lib/python3.7/site-packages/airflow/example_dags/example_branch_operator.py took 0.183 seconds
[2023-03-30 11:37:55,820] {processor.py:153} INFO - Started process (PID=435) to work on /home/airflow/.local/lib/python3.7/site-packages/airflow/example_dags/example_branch_operator.py
[2023-03-30 11:37:55,821] {processor.py:641} INFO - Processing file /home/airflow/.local/lib/python3.7/site-packages/airflow/example_dags/example_branch_operator.py for tasks to queue
[2023-03-30 11:37:55,822] {logging_mixin.py:115} INFO - [2023-03-30 11:37:55,822] {dagbag.py:507} INFO - Filling up the DagBag from /home/airflow/.local/lib/python3.7/site-packages/airflow/example_dags/example_branch_operator.py
[2023-03-30 11:37:55,830] {processor.py:651} INFO - DAG(s) dict_keys(['example_branch_operator']) retrieved from /home/airflow/.local/lib/python3.7/site-packages/airflow/example_dags/example_branch_operator.py
[2023-03-30 11:37:55,937] {logging_mixin.py:115} INFO - [2023-03-30 11:37:55,937] {dag.py:2371} INFO - Sync 1 DAGs
[2023-03-30 11:37:55,988] {logging_mixin.py:115} INFO - [2023-03-30 11:37:55,988] {dag.py:2919} INFO - Setting next_dagrun for example_branch_operator to 2023-03-29T00:00:00+00:00, run_after=2023-03-30T00:00:00+00:00
[2023-03-30 11:37:56,012] {processor.py:161} INFO - Processing /home/airflow/.local/lib/python3.7/site-packages/airflow/example_dags/example_branch_operator.py took 0.195 seconds
[2023-03-30 11:38:26,385] {processor.py:153} INFO - Started process (PID=498) to work on /home/airflow/.local/lib/python3.7/site-packages/airflow/example_dags/example_branch_operator.py
[2023-03-30 11:38:26,386] {processor.py:641} INFO - Processing file /home/airflow/.local/lib/python3.7/site-packages/airflow/example_dags/example_branch_operator.py for tasks to queue
[2023-03-30 11:38:26,387] {logging_mixin.py:115} INFO - [2023-03-30 11:38:26,387] {dagbag.py:507} INFO - Filling up the DagBag from /home/airflow/.local/lib/python3.7/site-packages/airflow/example_dags/example_branch_operator.py
[2023-03-30 11:38:26,396] {processor.py:651} INFO - DAG(s) dict_keys(['example_branch_operator']) retrieved from /home/airflow/.local/lib/python3.7/site-packages/airflow/example_dags/example_branch_operator.py
[2023-03-30 11:38:26,496] {logging_mixin.py:115} INFO - [2023-03-30 11:38:26,496] {dag.py:2371} INFO - Sync 1 DAGs
[2023-03-30 11:38:26,544] {logging_mixin.py:115} INFO - [2023-03-30 11:38:26,544] {dag.py:2919} INFO - Setting next_dagrun for example_branch_operator to 2023-03-29T00:00:00+00:00, run_after=2023-03-30T00:00:00+00:00
[2023-03-30 11:38:26,570] {processor.py:161} INFO - Processing /home/airflow/.local/lib/python3.7/site-packages/airflow/example_dags/example_branch_operator.py took 0.188 seconds
[2023-03-30 11:38:57,242] {processor.py:153} INFO - Started process (PID=552) to work on /home/airflow/.local/lib/python3.7/site-packages/airflow/example_dags/example_branch_operator.py
[2023-03-30 11:38:57,243] {processor.py:641} INFO - Processing file /home/airflow/.local/lib/python3.7/site-packages/airflow/example_dags/example_branch_operator.py for tasks to queue
[2023-03-30 11:38:57,243] {logging_mixin.py:115} INFO - [2023-03-30 11:38:57,243] {dagbag.py:507} INFO - Filling up the DagBag from /home/airflow/.local/lib/python3.7/site-packages/airflow/example_dags/example_branch_operator.py
[2023-03-30 11:38:57,251] {processor.py:651} INFO - DAG(s) dict_keys(['example_branch_operator']) retrieved from /home/airflow/.local/lib/python3.7/site-packages/airflow/example_dags/example_branch_operator.py
[2023-03-30 11:38:57,356] {logging_mixin.py:115} INFO - [2023-03-30 11:38:57,356] {dag.py:2371} INFO - Sync 1 DAGs
[2023-03-30 11:38:57,405] {logging_mixin.py:115} INFO - [2023-03-30 11:38:57,405] {dag.py:2919} INFO - Setting next_dagrun for example_branch_operator to 2023-03-29T00:00:00+00:00, run_after=2023-03-30T00:00:00+00:00
[2023-03-30 11:38:57,429] {processor.py:161} INFO - Processing /home/airflow/.local/lib/python3.7/site-packages/airflow/example_dags/example_branch_operator.py took 0.190 seconds
[2023-03-30 11:39:27,706] {processor.py:153} INFO - Started process (PID=615) to work on /home/airflow/.local/lib/python3.7/site-packages/airflow/example_dags/example_branch_operator.py
[2023-03-30 11:39:27,707] {processor.py:641} INFO - Processing file /home/airflow/.local/lib/python3.7/site-packages/airflow/example_dags/example_branch_operator.py for tasks to queue
[2023-03-30 11:39:27,708] {logging_mixin.py:115} INFO - [2023-03-30 11:39:27,707] {dagbag.py:507} INFO - Filling up the DagBag from /home/airflow/.local/lib/python3.7/site-packages/airflow/example_dags/example_branch_operator.py
[2023-03-30 11:39:27,715] {processor.py:651} INFO - DAG(s) dict_keys(['example_branch_operator']) retrieved from /home/airflow/.local/lib/python3.7/site-packages/airflow/example_dags/example_branch_operator.py
[2023-03-30 11:39:27,811] {logging_mixin.py:115} INFO - [2023-03-30 11:39:27,811] {dag.py:2371} INFO - Sync 1 DAGs
[2023-03-30 11:39:27,859] {logging_mixin.py:115} INFO - [2023-03-30 11:39:27,859] {dag.py:2919} INFO - Setting next_dagrun for example_branch_operator to 2023-03-29T00:00:00+00:00, run_after=2023-03-30T00:00:00+00:00
[2023-03-30 11:39:27,883] {processor.py:161} INFO - Processing /home/airflow/.local/lib/python3.7/site-packages/airflow/example_dags/example_branch_operator.py took 0.180 seconds
[2023-03-30 11:39:58,137] {processor.py:153} INFO - Started process (PID=678) to work on /home/airflow/.local/lib/python3.7/site-packages/airflow/example_dags/example_branch_operator.py
[2023-03-30 11:39:58,138] {processor.py:641} INFO - Processing file /home/airflow/.local/lib/python3.7/site-packages/airflow/example_dags/example_branch_operator.py for tasks to queue
[2023-03-30 11:39:58,139] {logging_mixin.py:115} INFO - [2023-03-30 11:39:58,139] {dagbag.py:507} INFO - Filling up the DagBag from /home/airflow/.local/lib/python3.7/site-packages/airflow/example_dags/example_branch_operator.py
[2023-03-30 11:39:58,147] {processor.py:651} INFO - DAG(s) dict_keys(['example_branch_operator']) retrieved from /home/airflow/.local/lib/python3.7/site-packages/airflow/example_dags/example_branch_operator.py
[2023-03-30 11:39:58,272] {logging_mixin.py:115} INFO - [2023-03-30 11:39:58,272] {dag.py:2371} INFO - Sync 1 DAGs
[2023-03-30 11:39:58,329] {logging_mixin.py:115} INFO - [2023-03-30 11:39:58,329] {dag.py:2919} INFO - Setting next_dagrun for example_branch_operator to 2023-03-29T00:00:00+00:00, run_after=2023-03-30T00:00:00+00:00
[2023-03-30 11:39:58,355] {processor.py:161} INFO - Processing /home/airflow/.local/lib/python3.7/site-packages/airflow/example_dags/example_branch_operator.py took 0.221 seconds
[2023-03-30 11:40:28,566] {processor.py:153} INFO - Started process (PID=741) to work on /home/airflow/.local/lib/python3.7/site-packages/airflow/example_dags/example_branch_operator.py
[2023-03-30 11:40:28,567] {processor.py:641} INFO - Processing file /home/airflow/.local/lib/python3.7/site-packages/airflow/example_dags/example_branch_operator.py for tasks to queue
[2023-03-30 11:40:28,568] {logging_mixin.py:115} INFO - [2023-03-30 11:40:28,568] {dagbag.py:507} INFO - Filling up the DagBag from /home/airflow/.local/lib/python3.7/site-packages/airflow/example_dags/example_branch_operator.py
[2023-03-30 11:40:28,575] {processor.py:651} INFO - DAG(s) dict_keys(['example_branch_operator']) retrieved from /home/airflow/.local/lib/python3.7/site-packages/airflow/example_dags/example_branch_operator.py
[2023-03-30 11:40:28,675] {logging_mixin.py:115} INFO - [2023-03-30 11:40:28,675] {dag.py:2371} INFO - Sync 1 DAGs
[2023-03-30 11:40:28,723] {logging_mixin.py:115} INFO - [2023-03-30 11:40:28,723] {dag.py:2919} INFO - Setting next_dagrun for example_branch_operator to 2023-03-29T00:00:00+00:00, run_after=2023-03-30T00:00:00+00:00
[2023-03-30 11:40:28,815] {processor.py:161} INFO - Processing /home/airflow/.local/lib/python3.7/site-packages/airflow/example_dags/example_branch_operator.py took 0.251 seconds
[2023-03-30 11:40:59,027] {processor.py:153} INFO - Started process (PID=804) to work on /home/airflow/.local/lib/python3.7/site-packages/airflow/example_dags/example_branch_operator.py
[2023-03-30 11:40:59,028] {processor.py:641} INFO - Processing file /home/airflow/.local/lib/python3.7/site-packages/airflow/example_dags/example_branch_operator.py for tasks to queue
[2023-03-30 11:40:59,029] {logging_mixin.py:115} INFO - [2023-03-30 11:40:59,029] {dagbag.py:507} INFO - Filling up the DagBag from /home/airflow/.local/lib/python3.7/site-packages/airflow/example_dags/example_branch_operator.py
[2023-03-30 11:40:59,035] {processor.py:651} INFO - DAG(s) dict_keys(['example_branch_operator']) retrieved from /home/airflow/.local/lib/python3.7/site-packages/airflow/example_dags/example_branch_operator.py
[2023-03-30 11:40:59,140] {logging_mixin.py:115} INFO - [2023-03-30 11:40:59,140] {dag.py:2371} INFO - Sync 1 DAGs
[2023-03-30 11:40:59,188] {logging_mixin.py:115} INFO - [2023-03-30 11:40:59,188] {dag.py:2919} INFO - Setting next_dagrun for example_branch_operator to 2023-03-29T00:00:00+00:00, run_after=2023-03-30T00:00:00+00:00
[2023-03-30 11:40:59,207] {processor.py:161} INFO - Processing /home/airflow/.local/lib/python3.7/site-packages/airflow/example_dags/example_branch_operator.py took 0.183 seconds
[2023-03-30 11:41:29,253] {processor.py:153} INFO - Started process (PID=858) to work on /home/airflow/.local/lib/python3.7/site-packages/airflow/example_dags/example_branch_operator.py
[2023-03-30 11:41:29,254] {processor.py:641} INFO - Processing file /home/airflow/.local/lib/python3.7/site-packages/airflow/example_dags/example_branch_operator.py for tasks to queue
[2023-03-30 11:41:29,255] {logging_mixin.py:115} INFO - [2023-03-30 11:41:29,255] {dagbag.py:507} INFO - Filling up the DagBag from /home/airflow/.local/lib/python3.7/site-packages/airflow/example_dags/example_branch_operator.py
[2023-03-30 11:41:29,266] {processor.py:651} INFO - DAG(s) dict_keys(['example_branch_operator']) retrieved from /home/airflow/.local/lib/python3.7/site-packages/airflow/example_dags/example_branch_operator.py
[2023-03-30 11:41:29,373] {logging_mixin.py:115} INFO - [2023-03-30 11:41:29,373] {dag.py:2371} INFO - Sync 1 DAGs
[2023-03-30 11:41:29,416] {logging_mixin.py:115} INFO - [2023-03-30 11:41:29,416] {dag.py:2919} INFO - Setting next_dagrun for example_branch_operator to 2023-03-29T00:00:00+00:00, run_after=2023-03-30T00:00:00+00:00
[2023-03-30 11:41:29,438] {processor.py:161} INFO - Processing /home/airflow/.local/lib/python3.7/site-packages/airflow/example_dags/example_branch_operator.py took 0.189 seconds
[2023-03-30 11:41:59,764] {processor.py:153} INFO - Started process (PID=921) to work on /home/airflow/.local/lib/python3.7/site-packages/airflow/example_dags/example_branch_operator.py
[2023-03-30 11:41:59,765] {processor.py:641} INFO - Processing file /home/airflow/.local/lib/python3.7/site-packages/airflow/example_dags/example_branch_operator.py for tasks to queue
[2023-03-30 11:41:59,765] {logging_mixin.py:115} INFO - [2023-03-30 11:41:59,765] {dagbag.py:507} INFO - Filling up the DagBag from /home/airflow/.local/lib/python3.7/site-packages/airflow/example_dags/example_branch_operator.py
[2023-03-30 11:41:59,772] {processor.py:651} INFO - DAG(s) dict_keys(['example_branch_operator']) retrieved from /home/airflow/.local/lib/python3.7/site-packages/airflow/example_dags/example_branch_operator.py
[2023-03-30 11:41:59,875] {logging_mixin.py:115} INFO - [2023-03-30 11:41:59,875] {dag.py:2371} INFO - Sync 1 DAGs
[2023-03-30 11:41:59,919] {logging_mixin.py:115} INFO - [2023-03-30 11:41:59,919] {dag.py:2919} INFO - Setting next_dagrun for example_branch_operator to 2023-03-29T00:00:00+00:00, run_after=2023-03-30T00:00:00+00:00
[2023-03-30 11:41:59,942] {processor.py:161} INFO - Processing /home/airflow/.local/lib/python3.7/site-packages/airflow/example_dags/example_branch_operator.py took 0.180 seconds
[2023-03-30 11:42:30,335] {processor.py:153} INFO - Started process (PID=983) to work on /home/airflow/.local/lib/python3.7/site-packages/airflow/example_dags/example_branch_operator.py
[2023-03-30 11:42:30,336] {processor.py:641} INFO - Processing file /home/airflow/.local/lib/python3.7/site-packages/airflow/example_dags/example_branch_operator.py for tasks to queue
[2023-03-30 11:42:30,336] {logging_mixin.py:115} INFO - [2023-03-30 11:42:30,336] {dagbag.py:507} INFO - Filling up the DagBag from /home/airflow/.local/lib/python3.7/site-packages/airflow/example_dags/example_branch_operator.py
[2023-03-30 11:42:30,343] {processor.py:651} INFO - DAG(s) dict_keys(['example_branch_operator']) retrieved from /home/airflow/.local/lib/python3.7/site-packages/airflow/example_dags/example_branch_operator.py
[2023-03-30 11:42:30,438] {logging_mixin.py:115} INFO - [2023-03-30 11:42:30,438] {dag.py:2371} INFO - Sync 1 DAGs
[2023-03-30 11:42:30,484] {logging_mixin.py:115} INFO - [2023-03-30 11:42:30,484] {dag.py:2919} INFO - Setting next_dagrun for example_branch_operator to 2023-03-29T00:00:00+00:00, run_after=2023-03-30T00:00:00+00:00
[2023-03-30 11:42:30,505] {processor.py:161} INFO - Processing /home/airflow/.local/lib/python3.7/site-packages/airflow/example_dags/example_branch_operator.py took 0.173 seconds
[2023-03-30 11:43:00,981] {processor.py:153} INFO - Started process (PID=1046) to work on /home/airflow/.local/lib/python3.7/site-packages/airflow/example_dags/example_branch_operator.py
[2023-03-30 11:43:00,982] {processor.py:641} INFO - Processing file /home/airflow/.local/lib/python3.7/site-packages/airflow/example_dags/example_branch_operator.py for tasks to queue
[2023-03-30 11:43:00,982] {logging_mixin.py:115} INFO - [2023-03-30 11:43:00,982] {dagbag.py:507} INFO - Filling up the DagBag from /home/airflow/.local/lib/python3.7/site-packages/airflow/example_dags/example_branch_operator.py
[2023-03-30 11:43:00,990] {processor.py:651} INFO - DAG(s) dict_keys(['example_branch_operator']) retrieved from /home/airflow/.local/lib/python3.7/site-packages/airflow/example_dags/example_branch_operator.py
[2023-03-30 11:43:01,086] {logging_mixin.py:115} INFO - [2023-03-30 11:43:01,086] {dag.py:2371} INFO - Sync 1 DAGs
[2023-03-30 11:43:01,135] {logging_mixin.py:115} INFO - [2023-03-30 11:43:01,135] {dag.py:2919} INFO - Setting next_dagrun for example_branch_operator to 2023-03-29T00:00:00+00:00, run_after=2023-03-30T00:00:00+00:00
[2023-03-30 11:43:01,158] {processor.py:161} INFO - Processing /home/airflow/.local/lib/python3.7/site-packages/airflow/example_dags/example_branch_operator.py took 0.180 seconds
[2023-03-30 11:43:31,569] {processor.py:153} INFO - Started process (PID=1109) to work on /home/airflow/.local/lib/python3.7/site-packages/airflow/example_dags/example_branch_operator.py
[2023-03-30 11:43:31,570] {processor.py:641} INFO - Processing file /home/airflow/.local/lib/python3.7/site-packages/airflow/example_dags/example_branch_operator.py for tasks to queue
[2023-03-30 11:43:31,571] {logging_mixin.py:115} INFO - [2023-03-30 11:43:31,571] {dagbag.py:507} INFO - Filling up the DagBag from /home/airflow/.local/lib/python3.7/site-packages/airflow/example_dags/example_branch_operator.py
[2023-03-30 11:43:31,579] {processor.py:651} INFO - DAG(s) dict_keys(['example_branch_operator']) retrieved from /home/airflow/.local/lib/python3.7/site-packages/airflow/example_dags/example_branch_operator.py
[2023-03-30 11:43:31,679] {logging_mixin.py:115} INFO - [2023-03-30 11:43:31,679] {dag.py:2371} INFO - Sync 1 DAGs
[2023-03-30 11:43:31,730] {logging_mixin.py:115} INFO - [2023-03-30 11:43:31,730] {dag.py:2919} INFO - Setting next_dagrun for example_branch_operator to 2023-03-29T00:00:00+00:00, run_after=2023-03-30T00:00:00+00:00
[2023-03-30 11:43:31,754] {processor.py:161} INFO - Processing /home/airflow/.local/lib/python3.7/site-packages/airflow/example_dags/example_branch_operator.py took 0.187 seconds
[2023-03-30 11:44:02,280] {processor.py:153} INFO - Started process (PID=1163) to work on /home/airflow/.local/lib/python3.7/site-packages/airflow/example_dags/example_branch_operator.py
[2023-03-30 11:44:02,282] {processor.py:641} INFO - Processing file /home/airflow/.local/lib/python3.7/site-packages/airflow/example_dags/example_branch_operator.py for tasks to queue
[2023-03-30 11:44:02,283] {logging_mixin.py:115} INFO - [2023-03-30 11:44:02,283] {dagbag.py:507} INFO - Filling up the DagBag from /home/airflow/.local/lib/python3.7/site-packages/airflow/example_dags/example_branch_operator.py
[2023-03-30 11:44:02,292] {processor.py:651} INFO - DAG(s) dict_keys(['example_branch_operator']) retrieved from /home/airflow/.local/lib/python3.7/site-packages/airflow/example_dags/example_branch_operator.py
[2023-03-30 11:44:02,398] {logging_mixin.py:115} INFO - [2023-03-30 11:44:02,398] {dag.py:2371} INFO - Sync 1 DAGs
[2023-03-30 11:44:02,444] {logging_mixin.py:115} INFO - [2023-03-30 11:44:02,444] {dag.py:2919} INFO - Setting next_dagrun for example_branch_operator to 2023-03-29T00:00:00+00:00, run_after=2023-03-30T00:00:00+00:00
[2023-03-30 11:44:02,467] {processor.py:161} INFO - Processing /home/airflow/.local/lib/python3.7/site-packages/airflow/example_dags/example_branch_operator.py took 0.190 seconds
[2023-03-30 11:44:32,894] {processor.py:153} INFO - Started process (PID=1226) to work on /home/airflow/.local/lib/python3.7/site-packages/airflow/example_dags/example_branch_operator.py
[2023-03-30 11:44:32,895] {processor.py:641} INFO - Processing file /home/airflow/.local/lib/python3.7/site-packages/airflow/example_dags/example_branch_operator.py for tasks to queue
[2023-03-30 11:44:32,896] {logging_mixin.py:115} INFO - [2023-03-30 11:44:32,896] {dagbag.py:507} INFO - Filling up the DagBag from /home/airflow/.local/lib/python3.7/site-packages/airflow/example_dags/example_branch_operator.py
[2023-03-30 11:44:32,903] {processor.py:651} INFO - DAG(s) dict_keys(['example_branch_operator']) retrieved from /home/airflow/.local/lib/python3.7/site-packages/airflow/example_dags/example_branch_operator.py
[2023-03-30 11:44:33,000] {logging_mixin.py:115} INFO - [2023-03-30 11:44:33,000] {dag.py:2371} INFO - Sync 1 DAGs
[2023-03-30 11:44:33,046] {logging_mixin.py:115} INFO - [2023-03-30 11:44:33,046] {dag.py:2919} INFO - Setting next_dagrun for example_branch_operator to 2023-03-29T00:00:00+00:00, run_after=2023-03-30T00:00:00+00:00
[2023-03-30 11:44:33,069] {processor.py:161} INFO - Processing /home/airflow/.local/lib/python3.7/site-packages/airflow/example_dags/example_branch_operator.py took 0.177 seconds
[2023-03-30 11:45:03,673] {processor.py:153} INFO - Started process (PID=1289) to work on /home/airflow/.local/lib/python3.7/site-packages/airflow/example_dags/example_branch_operator.py
[2023-03-30 11:45:03,674] {processor.py:641} INFO - Processing file /home/airflow/.local/lib/python3.7/site-packages/airflow/example_dags/example_branch_operator.py for tasks to queue
[2023-03-30 11:45:03,675] {logging_mixin.py:115} INFO - [2023-03-30 11:45:03,675] {dagbag.py:507} INFO - Filling up the DagBag from /home/airflow/.local/lib/python3.7/site-packages/airflow/example_dags/example_branch_operator.py
[2023-03-30 11:45:03,682] {processor.py:651} INFO - DAG(s) dict_keys(['example_branch_operator']) retrieved from /home/airflow/.local/lib/python3.7/site-packages/airflow/example_dags/example_branch_operator.py
[2023-03-30 11:45:03,787] {logging_mixin.py:115} INFO - [2023-03-30 11:45:03,787] {dag.py:2371} INFO - Sync 1 DAGs
[2023-03-30 11:45:03,834] {logging_mixin.py:115} INFO - [2023-03-30 11:45:03,833] {dag.py:2919} INFO - Setting next_dagrun for example_branch_operator to 2023-03-29T00:00:00+00:00, run_after=2023-03-30T00:00:00+00:00
[2023-03-30 11:45:03,952] {processor.py:161} INFO - Processing /home/airflow/.local/lib/python3.7/site-packages/airflow/example_dags/example_branch_operator.py took 0.281 seconds
[2023-03-30 11:45:34,138] {processor.py:153} INFO - Started process (PID=1352) to work on /home/airflow/.local/lib/python3.7/site-packages/airflow/example_dags/example_branch_operator.py
[2023-03-30 11:45:34,139] {processor.py:641} INFO - Processing file /home/airflow/.local/lib/python3.7/site-packages/airflow/example_dags/example_branch_operator.py for tasks to queue
[2023-03-30 11:45:34,140] {logging_mixin.py:115} INFO - [2023-03-30 11:45:34,140] {dagbag.py:507} INFO - Filling up the DagBag from /home/airflow/.local/lib/python3.7/site-packages/airflow/example_dags/example_branch_operator.py
[2023-03-30 11:45:34,148] {processor.py:651} INFO - DAG(s) dict_keys(['example_branch_operator']) retrieved from /home/airflow/.local/lib/python3.7/site-packages/airflow/example_dags/example_branch_operator.py
[2023-03-30 11:45:34,247] {logging_mixin.py:115} INFO - [2023-03-30 11:45:34,247] {dag.py:2371} INFO - Sync 1 DAGs
[2023-03-30 11:45:34,299] {logging_mixin.py:115} INFO - [2023-03-30 11:45:34,299] {dag.py:2919} INFO - Setting next_dagrun for example_branch_operator to 2023-03-29T00:00:00+00:00, run_after=2023-03-30T00:00:00+00:00
[2023-03-30 11:45:34,428] {processor.py:161} INFO - Processing /home/airflow/.local/lib/python3.7/site-packages/airflow/example_dags/example_branch_operator.py took 0.292 seconds
[2023-03-30 11:46:05,175] {processor.py:153} INFO - Started process (PID=1415) to work on /home/airflow/.local/lib/python3.7/site-packages/airflow/example_dags/example_branch_operator.py
[2023-03-30 11:46:05,176] {processor.py:641} INFO - Processing file /home/airflow/.local/lib/python3.7/site-packages/airflow/example_dags/example_branch_operator.py for tasks to queue
[2023-03-30 11:46:05,177] {logging_mixin.py:115} INFO - [2023-03-30 11:46:05,177] {dagbag.py:507} INFO - Filling up the DagBag from /home/airflow/.local/lib/python3.7/site-packages/airflow/example_dags/example_branch_operator.py
[2023-03-30 11:46:05,185] {processor.py:651} INFO - DAG(s) dict_keys(['example_branch_operator']) retrieved from /home/airflow/.local/lib/python3.7/site-packages/airflow/example_dags/example_branch_operator.py
[2023-03-30 11:46:05,302] {logging_mixin.py:115} INFO - [2023-03-30 11:46:05,302] {dag.py:2371} INFO - Sync 1 DAGs
[2023-03-30 11:46:05,353] {logging_mixin.py:115} INFO - [2023-03-30 11:46:05,353] {dag.py:2919} INFO - Setting next_dagrun for example_branch_operator to 2023-03-29T00:00:00+00:00, run_after=2023-03-30T00:00:00+00:00
[2023-03-30 11:46:05,493] {processor.py:161} INFO - Processing /home/airflow/.local/lib/python3.7/site-packages/airflow/example_dags/example_branch_operator.py took 0.320 seconds
[2023-03-30 11:46:35,768] {processor.py:153} INFO - Started process (PID=1468) to work on /home/airflow/.local/lib/python3.7/site-packages/airflow/example_dags/example_branch_operator.py
[2023-03-30 11:46:35,769] {processor.py:641} INFO - Processing file /home/airflow/.local/lib/python3.7/site-packages/airflow/example_dags/example_branch_operator.py for tasks to queue
[2023-03-30 11:46:35,770] {logging_mixin.py:115} INFO - [2023-03-30 11:46:35,769] {dagbag.py:507} INFO - Filling up the DagBag from /home/airflow/.local/lib/python3.7/site-packages/airflow/example_dags/example_branch_operator.py
[2023-03-30 11:46:35,777] {processor.py:651} INFO - DAG(s) dict_keys(['example_branch_operator']) retrieved from /home/airflow/.local/lib/python3.7/site-packages/airflow/example_dags/example_branch_operator.py
[2023-03-30 11:46:35,879] {logging_mixin.py:115} INFO - [2023-03-30 11:46:35,879] {dag.py:2371} INFO - Sync 1 DAGs
[2023-03-30 11:46:35,929] {logging_mixin.py:115} INFO - [2023-03-30 11:46:35,929] {dag.py:2919} INFO - Setting next_dagrun for example_branch_operator to 2023-03-29T00:00:00+00:00, run_after=2023-03-30T00:00:00+00:00
[2023-03-30 11:46:36,048] {processor.py:161} INFO - Processing /home/airflow/.local/lib/python3.7/site-packages/airflow/example_dags/example_branch_operator.py took 0.283 seconds
[2023-03-30 11:47:06,155] {processor.py:153} INFO - Started process (PID=1531) to work on /home/airflow/.local/lib/python3.7/site-packages/airflow/example_dags/example_branch_operator.py
[2023-03-30 11:47:06,157] {processor.py:641} INFO - Processing file /home/airflow/.local/lib/python3.7/site-packages/airflow/example_dags/example_branch_operator.py for tasks to queue
[2023-03-30 11:47:06,159] {logging_mixin.py:115} INFO - [2023-03-30 11:47:06,158] {dagbag.py:507} INFO - Filling up the DagBag from /home/airflow/.local/lib/python3.7/site-packages/airflow/example_dags/example_branch_operator.py
[2023-03-30 11:47:06,169] {processor.py:651} INFO - DAG(s) dict_keys(['example_branch_operator']) retrieved from /home/airflow/.local/lib/python3.7/site-packages/airflow/example_dags/example_branch_operator.py
[2023-03-30 11:47:06,272] {logging_mixin.py:115} INFO - [2023-03-30 11:47:06,272] {dag.py:2371} INFO - Sync 1 DAGs
[2023-03-30 11:47:06,320] {logging_mixin.py:115} INFO - [2023-03-30 11:47:06,320] {dag.py:2919} INFO - Setting next_dagrun for example_branch_operator to 2023-03-29T00:00:00+00:00, run_after=2023-03-30T00:00:00+00:00
[2023-03-30 11:47:06,441] {processor.py:161} INFO - Processing /home/airflow/.local/lib/python3.7/site-packages/airflow/example_dags/example_branch_operator.py took 0.289 seconds
[2023-03-30 11:47:37,087] {processor.py:153} INFO - Started process (PID=1594) to work on /home/airflow/.local/lib/python3.7/site-packages/airflow/example_dags/example_branch_operator.py
[2023-03-30 11:47:37,088] {processor.py:641} INFO - Processing file /home/airflow/.local/lib/python3.7/site-packages/airflow/example_dags/example_branch_operator.py for tasks to queue
[2023-03-30 11:47:37,089] {logging_mixin.py:115} INFO - [2023-03-30 11:47:37,089] {dagbag.py:507} INFO - Filling up the DagBag from /home/airflow/.local/lib/python3.7/site-packages/airflow/example_dags/example_branch_operator.py
[2023-03-30 11:47:37,096] {processor.py:651} INFO - DAG(s) dict_keys(['example_branch_operator']) retrieved from /home/airflow/.local/lib/python3.7/site-packages/airflow/example_dags/example_branch_operator.py
[2023-03-30 11:47:37,194] {logging_mixin.py:115} INFO - [2023-03-30 11:47:37,194] {dag.py:2371} INFO - Sync 1 DAGs
[2023-03-30 11:47:37,241] {logging_mixin.py:115} INFO - [2023-03-30 11:47:37,241] {dag.py:2919} INFO - Setting next_dagrun for example_branch_operator to 2023-03-29T00:00:00+00:00, run_after=2023-03-30T00:00:00+00:00
[2023-03-30 11:47:37,362] {processor.py:161} INFO - Processing /home/airflow/.local/lib/python3.7/site-packages/airflow/example_dags/example_branch_operator.py took 0.277 seconds
[2023-03-30 11:48:07,755] {processor.py:153} INFO - Started process (PID=1657) to work on /home/airflow/.local/lib/python3.7/site-packages/airflow/example_dags/example_branch_operator.py
[2023-03-30 11:48:07,756] {processor.py:641} INFO - Processing file /home/airflow/.local/lib/python3.7/site-packages/airflow/example_dags/example_branch_operator.py for tasks to queue
[2023-03-30 11:48:07,757] {logging_mixin.py:115} INFO - [2023-03-30 11:48:07,757] {dagbag.py:507} INFO - Filling up the DagBag from /home/airflow/.local/lib/python3.7/site-packages/airflow/example_dags/example_branch_operator.py
[2023-03-30 11:48:07,766] {processor.py:651} INFO - DAG(s) dict_keys(['example_branch_operator']) retrieved from /home/airflow/.local/lib/python3.7/site-packages/airflow/example_dags/example_branch_operator.py
[2023-03-30 11:48:07,876] {logging_mixin.py:115} INFO - [2023-03-30 11:48:07,876] {dag.py:2371} INFO - Sync 1 DAGs
[2023-03-30 11:48:07,928] {logging_mixin.py:115} INFO - [2023-03-30 11:48:07,928] {dag.py:2919} INFO - Setting next_dagrun for example_branch_operator to 2023-03-29T00:00:00+00:00, run_after=2023-03-30T00:00:00+00:00
[2023-03-30 11:48:08,067] {processor.py:161} INFO - Processing /home/airflow/.local/lib/python3.7/site-packages/airflow/example_dags/example_branch_operator.py took 0.315 seconds
[2023-03-30 11:48:38,249] {processor.py:153} INFO - Started process (PID=1719) to work on /home/airflow/.local/lib/python3.7/site-packages/airflow/example_dags/example_branch_operator.py
[2023-03-30 11:48:38,250] {processor.py:641} INFO - Processing file /home/airflow/.local/lib/python3.7/site-packages/airflow/example_dags/example_branch_operator.py for tasks to queue
[2023-03-30 11:48:38,251] {logging_mixin.py:115} INFO - [2023-03-30 11:48:38,251] {dagbag.py:507} INFO - Filling up the DagBag from /home/airflow/.local/lib/python3.7/site-packages/airflow/example_dags/example_branch_operator.py
[2023-03-30 11:48:38,259] {processor.py:651} INFO - DAG(s) dict_keys(['example_branch_operator']) retrieved from /home/airflow/.local/lib/python3.7/site-packages/airflow/example_dags/example_branch_operator.py
[2023-03-30 11:48:38,360] {logging_mixin.py:115} INFO - [2023-03-30 11:48:38,360] {dag.py:2371} INFO - Sync 1 DAGs
[2023-03-30 11:48:38,409] {logging_mixin.py:115} INFO - [2023-03-30 11:48:38,409] {dag.py:2919} INFO - Setting next_dagrun for example_branch_operator to 2023-03-29T00:00:00+00:00, run_after=2023-03-30T00:00:00+00:00
[2023-03-30 11:48:38,533] {processor.py:161} INFO - Processing /home/airflow/.local/lib/python3.7/site-packages/airflow/example_dags/example_branch_operator.py took 0.287 seconds
[2023-03-30 11:49:08,978] {processor.py:153} INFO - Started process (PID=1772) to work on /home/airflow/.local/lib/python3.7/site-packages/airflow/example_dags/example_branch_operator.py
[2023-03-30 11:49:08,979] {processor.py:641} INFO - Processing file /home/airflow/.local/lib/python3.7/site-packages/airflow/example_dags/example_branch_operator.py for tasks to queue
[2023-03-30 11:49:08,979] {logging_mixin.py:115} INFO - [2023-03-30 11:49:08,979] {dagbag.py:507} INFO - Filling up the DagBag from /home/airflow/.local/lib/python3.7/site-packages/airflow/example_dags/example_branch_operator.py
[2023-03-30 11:49:08,989] {processor.py:651} INFO - DAG(s) dict_keys(['example_branch_operator']) retrieved from /home/airflow/.local/lib/python3.7/site-packages/airflow/example_dags/example_branch_operator.py
[2023-03-30 11:49:09,090] {logging_mixin.py:115} INFO - [2023-03-30 11:49:09,090] {dag.py:2371} INFO - Sync 1 DAGs
[2023-03-30 11:49:09,140] {logging_mixin.py:115} INFO - [2023-03-30 11:49:09,140] {dag.py:2919} INFO - Setting next_dagrun for example_branch_operator to 2023-03-29T00:00:00+00:00, run_after=2023-03-30T00:00:00+00:00
[2023-03-30 11:49:09,266] {processor.py:161} INFO - Processing /home/airflow/.local/lib/python3.7/site-packages/airflow/example_dags/example_branch_operator.py took 0.291 seconds
[2023-03-30 11:49:39,445] {processor.py:153} INFO - Started process (PID=1834) to work on /home/airflow/.local/lib/python3.7/site-packages/airflow/example_dags/example_branch_operator.py
[2023-03-30 11:49:39,446] {processor.py:641} INFO - Processing file /home/airflow/.local/lib/python3.7/site-packages/airflow/example_dags/example_branch_operator.py for tasks to queue
[2023-03-30 11:49:39,447] {logging_mixin.py:115} INFO - [2023-03-30 11:49:39,447] {dagbag.py:507} INFO - Filling up the DagBag from /home/airflow/.local/lib/python3.7/site-packages/airflow/example_dags/example_branch_operator.py
[2023-03-30 11:49:39,454] {processor.py:651} INFO - DAG(s) dict_keys(['example_branch_operator']) retrieved from /home/airflow/.local/lib/python3.7/site-packages/airflow/example_dags/example_branch_operator.py
[2023-03-30 11:49:39,553] {logging_mixin.py:115} INFO - [2023-03-30 11:49:39,553] {dag.py:2371} INFO - Sync 1 DAGs
[2023-03-30 11:49:39,598] {logging_mixin.py:115} INFO - [2023-03-30 11:49:39,598] {dag.py:2919} INFO - Setting next_dagrun for example_branch_operator to 2023-03-29T00:00:00+00:00, run_after=2023-03-30T00:00:00+00:00
[2023-03-30 11:49:39,716] {processor.py:161} INFO - Processing /home/airflow/.local/lib/python3.7/site-packages/airflow/example_dags/example_branch_operator.py took 0.274 seconds
[2023-03-30 11:50:10,353] {processor.py:153} INFO - Started process (PID=1897) to work on /home/airflow/.local/lib/python3.7/site-packages/airflow/example_dags/example_branch_operator.py
[2023-03-30 11:50:10,354] {processor.py:641} INFO - Processing file /home/airflow/.local/lib/python3.7/site-packages/airflow/example_dags/example_branch_operator.py for tasks to queue
[2023-03-30 11:50:10,355] {logging_mixin.py:115} INFO - [2023-03-30 11:50:10,355] {dagbag.py:507} INFO - Filling up the DagBag from /home/airflow/.local/lib/python3.7/site-packages/airflow/example_dags/example_branch_operator.py
[2023-03-30 11:50:10,364] {processor.py:651} INFO - DAG(s) dict_keys(['example_branch_operator']) retrieved from /home/airflow/.local/lib/python3.7/site-packages/airflow/example_dags/example_branch_operator.py
[2023-03-30 11:50:10,467] {logging_mixin.py:115} INFO - [2023-03-30 11:50:10,467] {dag.py:2371} INFO - Sync 1 DAGs
[2023-03-30 11:50:10,634] {logging_mixin.py:115} INFO - [2023-03-30 11:50:10,634] {dag.py:2919} INFO - Setting next_dagrun for example_branch_operator to 2023-03-29T00:00:00+00:00, run_after=2023-03-30T00:00:00+00:00
[2023-03-30 11:50:10,656] {processor.py:161} INFO - Processing /home/airflow/.local/lib/python3.7/site-packages/airflow/example_dags/example_branch_operator.py took 0.305 seconds
[2023-03-30 11:50:41,164] {processor.py:153} INFO - Started process (PID=1960) to work on /home/airflow/.local/lib/python3.7/site-packages/airflow/example_dags/example_branch_operator.py
[2023-03-30 11:50:41,166] {processor.py:641} INFO - Processing file /home/airflow/.local/lib/python3.7/site-packages/airflow/example_dags/example_branch_operator.py for tasks to queue
[2023-03-30 11:50:41,167] {logging_mixin.py:115} INFO - [2023-03-30 11:50:41,167] {dagbag.py:507} INFO - Filling up the DagBag from /home/airflow/.local/lib/python3.7/site-packages/airflow/example_dags/example_branch_operator.py
[2023-03-30 11:50:41,174] {processor.py:651} INFO - DAG(s) dict_keys(['example_branch_operator']) retrieved from /home/airflow/.local/lib/python3.7/site-packages/airflow/example_dags/example_branch_operator.py
[2023-03-30 11:50:41,284] {logging_mixin.py:115} INFO - [2023-03-30 11:50:41,284] {dag.py:2371} INFO - Sync 1 DAGs
[2023-03-30 11:50:41,432] {logging_mixin.py:115} INFO - [2023-03-30 11:50:41,432] {dag.py:2919} INFO - Setting next_dagrun for example_branch_operator to 2023-03-29T00:00:00+00:00, run_after=2023-03-30T00:00:00+00:00
[2023-03-30 11:50:41,456] {processor.py:161} INFO - Processing /home/airflow/.local/lib/python3.7/site-packages/airflow/example_dags/example_branch_operator.py took 0.294 seconds
[2023-03-30 11:51:11,801] {processor.py:153} INFO - Started process (PID=2023) to work on /home/airflow/.local/lib/python3.7/site-packages/airflow/example_dags/example_branch_operator.py
[2023-03-30 11:51:11,803] {processor.py:641} INFO - Processing file /home/airflow/.local/lib/python3.7/site-packages/airflow/example_dags/example_branch_operator.py for tasks to queue
[2023-03-30 11:51:11,804] {logging_mixin.py:115} INFO - [2023-03-30 11:51:11,804] {dagbag.py:507} INFO - Filling up the DagBag from /home/airflow/.local/lib/python3.7/site-packages/airflow/example_dags/example_branch_operator.py
[2023-03-30 11:51:11,811] {processor.py:651} INFO - DAG(s) dict_keys(['example_branch_operator']) retrieved from /home/airflow/.local/lib/python3.7/site-packages/airflow/example_dags/example_branch_operator.py
[2023-03-30 11:51:11,913] {logging_mixin.py:115} INFO - [2023-03-30 11:51:11,913] {dag.py:2371} INFO - Sync 1 DAGs
[2023-03-30 11:51:12,056] {logging_mixin.py:115} INFO - [2023-03-30 11:51:12,056] {dag.py:2919} INFO - Setting next_dagrun for example_branch_operator to 2023-03-29T00:00:00+00:00, run_after=2023-03-30T00:00:00+00:00
[2023-03-30 11:51:12,078] {processor.py:161} INFO - Processing /home/airflow/.local/lib/python3.7/site-packages/airflow/example_dags/example_branch_operator.py took 0.279 seconds
[2023-03-30 11:51:42,821] {processor.py:153} INFO - Started process (PID=2077) to work on /home/airflow/.local/lib/python3.7/site-packages/airflow/example_dags/example_branch_operator.py
[2023-03-30 11:51:42,822] {processor.py:641} INFO - Processing file /home/airflow/.local/lib/python3.7/site-packages/airflow/example_dags/example_branch_operator.py for tasks to queue
[2023-03-30 11:51:42,823] {logging_mixin.py:115} INFO - [2023-03-30 11:51:42,823] {dagbag.py:507} INFO - Filling up the DagBag from /home/airflow/.local/lib/python3.7/site-packages/airflow/example_dags/example_branch_operator.py
[2023-03-30 11:51:42,831] {processor.py:651} INFO - DAG(s) dict_keys(['example_branch_operator']) retrieved from /home/airflow/.local/lib/python3.7/site-packages/airflow/example_dags/example_branch_operator.py
[2023-03-30 11:51:42,932] {logging_mixin.py:115} INFO - [2023-03-30 11:51:42,932] {dag.py:2371} INFO - Sync 1 DAGs
[2023-03-30 11:51:43,073] {logging_mixin.py:115} INFO - [2023-03-30 11:51:43,073] {dag.py:2919} INFO - Setting next_dagrun for example_branch_operator to 2023-03-29T00:00:00+00:00, run_after=2023-03-30T00:00:00+00:00
[2023-03-30 11:51:43,098] {processor.py:161} INFO - Processing /home/airflow/.local/lib/python3.7/site-packages/airflow/example_dags/example_branch_operator.py took 0.280 seconds
[2023-03-30 11:52:13,364] {processor.py:153} INFO - Started process (PID=2141) to work on /home/airflow/.local/lib/python3.7/site-packages/airflow/example_dags/example_branch_operator.py
[2023-03-30 11:52:13,365] {processor.py:641} INFO - Processing file /home/airflow/.local/lib/python3.7/site-packages/airflow/example_dags/example_branch_operator.py for tasks to queue
[2023-03-30 11:52:13,366] {logging_mixin.py:115} INFO - [2023-03-30 11:52:13,366] {dagbag.py:507} INFO - Filling up the DagBag from /home/airflow/.local/lib/python3.7/site-packages/airflow/example_dags/example_branch_operator.py
[2023-03-30 11:52:13,373] {processor.py:651} INFO - DAG(s) dict_keys(['example_branch_operator']) retrieved from /home/airflow/.local/lib/python3.7/site-packages/airflow/example_dags/example_branch_operator.py
[2023-03-30 11:52:13,480] {logging_mixin.py:115} INFO - [2023-03-30 11:52:13,480] {dag.py:2371} INFO - Sync 1 DAGs
[2023-03-30 11:52:13,641] {logging_mixin.py:115} INFO - [2023-03-30 11:52:13,640] {dag.py:2919} INFO - Setting next_dagrun for example_branch_operator to 2023-03-29T00:00:00+00:00, run_after=2023-03-30T00:00:00+00:00
[2023-03-30 11:52:13,665] {processor.py:161} INFO - Processing /home/airflow/.local/lib/python3.7/site-packages/airflow/example_dags/example_branch_operator.py took 0.303 seconds
[2023-03-30 11:52:43,732] {processor.py:153} INFO - Started process (PID=2203) to work on /home/airflow/.local/lib/python3.7/site-packages/airflow/example_dags/example_branch_operator.py
[2023-03-30 11:52:43,733] {processor.py:641} INFO - Processing file /home/airflow/.local/lib/python3.7/site-packages/airflow/example_dags/example_branch_operator.py for tasks to queue
[2023-03-30 11:52:43,734] {logging_mixin.py:115} INFO - [2023-03-30 11:52:43,734] {dagbag.py:507} INFO - Filling up the DagBag from /home/airflow/.local/lib/python3.7/site-packages/airflow/example_dags/example_branch_operator.py
[2023-03-30 11:52:43,741] {processor.py:651} INFO - DAG(s) dict_keys(['example_branch_operator']) retrieved from /home/airflow/.local/lib/python3.7/site-packages/airflow/example_dags/example_branch_operator.py
[2023-03-30 11:52:43,840] {logging_mixin.py:115} INFO - [2023-03-30 11:52:43,840] {dag.py:2371} INFO - Sync 1 DAGs
[2023-03-30 11:52:43,978] {logging_mixin.py:115} INFO - [2023-03-30 11:52:43,977] {dag.py:2919} INFO - Setting next_dagrun for example_branch_operator to 2023-03-29T00:00:00+00:00, run_after=2023-03-30T00:00:00+00:00
[2023-03-30 11:52:43,999] {processor.py:161} INFO - Processing /home/airflow/.local/lib/python3.7/site-packages/airflow/example_dags/example_branch_operator.py took 0.269 seconds
[2023-03-30 11:53:14,375] {processor.py:153} INFO - Started process (PID=2265) to work on /home/airflow/.local/lib/python3.7/site-packages/airflow/example_dags/example_branch_operator.py
[2023-03-30 11:53:14,377] {processor.py:641} INFO - Processing file /home/airflow/.local/lib/python3.7/site-packages/airflow/example_dags/example_branch_operator.py for tasks to queue
[2023-03-30 11:53:14,378] {logging_mixin.py:115} INFO - [2023-03-30 11:53:14,378] {dagbag.py:507} INFO - Filling up the DagBag from /home/airflow/.local/lib/python3.7/site-packages/airflow/example_dags/example_branch_operator.py
[2023-03-30 11:53:14,388] {processor.py:651} INFO - DAG(s) dict_keys(['example_branch_operator']) retrieved from /home/airflow/.local/lib/python3.7/site-packages/airflow/example_dags/example_branch_operator.py
[2023-03-30 11:53:14,498] {logging_mixin.py:115} INFO - [2023-03-30 11:53:14,498] {dag.py:2371} INFO - Sync 1 DAGs
[2023-03-30 11:53:14,649] {logging_mixin.py:115} INFO - [2023-03-30 11:53:14,649] {dag.py:2919} INFO - Setting next_dagrun for example_branch_operator to 2023-03-29T00:00:00+00:00, run_after=2023-03-30T00:00:00+00:00
[2023-03-30 11:53:14,672] {processor.py:161} INFO - Processing /home/airflow/.local/lib/python3.7/site-packages/airflow/example_dags/example_branch_operator.py took 0.300 seconds
[2023-03-30 11:53:45,119] {processor.py:153} INFO - Started process (PID=2328) to work on /home/airflow/.local/lib/python3.7/site-packages/airflow/example_dags/example_branch_operator.py
[2023-03-30 11:53:45,119] {processor.py:641} INFO - Processing file /home/airflow/.local/lib/python3.7/site-packages/airflow/example_dags/example_branch_operator.py for tasks to queue
[2023-03-30 11:53:45,120] {logging_mixin.py:115} INFO - [2023-03-30 11:53:45,120] {dagbag.py:507} INFO - Filling up the DagBag from /home/airflow/.local/lib/python3.7/site-packages/airflow/example_dags/example_branch_operator.py
[2023-03-30 11:53:45,127] {processor.py:651} INFO - DAG(s) dict_keys(['example_branch_operator']) retrieved from /home/airflow/.local/lib/python3.7/site-packages/airflow/example_dags/example_branch_operator.py
[2023-03-30 11:53:45,230] {logging_mixin.py:115} INFO - [2023-03-30 11:53:45,230] {dag.py:2371} INFO - Sync 1 DAGs
[2023-03-30 11:53:45,391] {logging_mixin.py:115} INFO - [2023-03-30 11:53:45,391] {dag.py:2919} INFO - Setting next_dagrun for example_branch_operator to 2023-03-29T00:00:00+00:00, run_after=2023-03-30T00:00:00+00:00
[2023-03-30 11:53:45,412] {processor.py:161} INFO - Processing /home/airflow/.local/lib/python3.7/site-packages/airflow/example_dags/example_branch_operator.py took 0.296 seconds
[2023-03-30 11:54:16,076] {processor.py:153} INFO - Started process (PID=2382) to work on /home/airflow/.local/lib/python3.7/site-packages/airflow/example_dags/example_branch_operator.py
[2023-03-30 11:54:16,077] {processor.py:641} INFO - Processing file /home/airflow/.local/lib/python3.7/site-packages/airflow/example_dags/example_branch_operator.py for tasks to queue
[2023-03-30 11:54:16,078] {logging_mixin.py:115} INFO - [2023-03-30 11:54:16,078] {dagbag.py:507} INFO - Filling up the DagBag from /home/airflow/.local/lib/python3.7/site-packages/airflow/example_dags/example_branch_operator.py
[2023-03-30 11:54:16,086] {processor.py:651} INFO - DAG(s) dict_keys(['example_branch_operator']) retrieved from /home/airflow/.local/lib/python3.7/site-packages/airflow/example_dags/example_branch_operator.py
[2023-03-30 11:54:16,188] {logging_mixin.py:115} INFO - [2023-03-30 11:54:16,188] {dag.py:2371} INFO - Sync 1 DAGs
[2023-03-30 11:54:16,348] {logging_mixin.py:115} INFO - [2023-03-30 11:54:16,348] {dag.py:2919} INFO - Setting next_dagrun for example_branch_operator to 2023-03-29T00:00:00+00:00, run_after=2023-03-30T00:00:00+00:00
[2023-03-30 11:54:16,369] {processor.py:161} INFO - Processing /home/airflow/.local/lib/python3.7/site-packages/airflow/example_dags/example_branch_operator.py took 0.295 seconds
[2023-03-30 11:54:46,938] {processor.py:153} INFO - Started process (PID=2445) to work on /home/airflow/.local/lib/python3.7/site-packages/airflow/example_dags/example_branch_operator.py
[2023-03-30 11:54:46,939] {processor.py:641} INFO - Processing file /home/airflow/.local/lib/python3.7/site-packages/airflow/example_dags/example_branch_operator.py for tasks to queue
[2023-03-30 11:54:46,940] {logging_mixin.py:115} INFO - [2023-03-30 11:54:46,940] {dagbag.py:507} INFO - Filling up the DagBag from /home/airflow/.local/lib/python3.7/site-packages/airflow/example_dags/example_branch_operator.py
[2023-03-30 11:54:46,946] {processor.py:651} INFO - DAG(s) dict_keys(['example_branch_operator']) retrieved from /home/airflow/.local/lib/python3.7/site-packages/airflow/example_dags/example_branch_operator.py
[2023-03-30 11:54:47,046] {logging_mixin.py:115} INFO - [2023-03-30 11:54:47,046] {dag.py:2371} INFO - Sync 1 DAGs
[2023-03-30 11:54:47,187] {logging_mixin.py:115} INFO - [2023-03-30 11:54:47,186] {dag.py:2919} INFO - Setting next_dagrun for example_branch_operator to 2023-03-29T00:00:00+00:00, run_after=2023-03-30T00:00:00+00:00
[2023-03-30 11:54:47,207] {processor.py:161} INFO - Processing /home/airflow/.local/lib/python3.7/site-packages/airflow/example_dags/example_branch_operator.py took 0.272 seconds
[2023-03-30 11:55:17,525] {processor.py:153} INFO - Started process (PID=2508) to work on /home/airflow/.local/lib/python3.7/site-packages/airflow/example_dags/example_branch_operator.py
[2023-03-30 11:55:17,526] {processor.py:641} INFO - Processing file /home/airflow/.local/lib/python3.7/site-packages/airflow/example_dags/example_branch_operator.py for tasks to queue
[2023-03-30 11:55:17,526] {logging_mixin.py:115} INFO - [2023-03-30 11:55:17,526] {dagbag.py:507} INFO - Filling up the DagBag from /home/airflow/.local/lib/python3.7/site-packages/airflow/example_dags/example_branch_operator.py
[2023-03-30 11:55:17,533] {processor.py:651} INFO - DAG(s) dict_keys(['example_branch_operator']) retrieved from /home/airflow/.local/lib/python3.7/site-packages/airflow/example_dags/example_branch_operator.py
[2023-03-30 11:55:17,635] {logging_mixin.py:115} INFO - [2023-03-30 11:55:17,635] {dag.py:2371} INFO - Sync 1 DAGs
[2023-03-30 11:55:17,781] {logging_mixin.py:115} INFO - [2023-03-30 11:55:17,781] {dag.py:2919} INFO - Setting next_dagrun for example_branch_operator to 2023-03-29T00:00:00+00:00, run_after=2023-03-30T00:00:00+00:00
[2023-03-30 11:55:17,802] {processor.py:161} INFO - Processing /home/airflow/.local/lib/python3.7/site-packages/airflow/example_dags/example_branch_operator.py took 0.280 seconds
[2023-03-30 11:55:48,283] {processor.py:153} INFO - Started process (PID=2571) to work on /home/airflow/.local/lib/python3.7/site-packages/airflow/example_dags/example_branch_operator.py
[2023-03-30 11:55:48,284] {processor.py:641} INFO - Processing file /home/airflow/.local/lib/python3.7/site-packages/airflow/example_dags/example_branch_operator.py for tasks to queue
[2023-03-30 11:55:48,285] {logging_mixin.py:115} INFO - [2023-03-30 11:55:48,284] {dagbag.py:507} INFO - Filling up the DagBag from /home/airflow/.local/lib/python3.7/site-packages/airflow/example_dags/example_branch_operator.py
[2023-03-30 11:55:48,292] {processor.py:651} INFO - DAG(s) dict_keys(['example_branch_operator']) retrieved from /home/airflow/.local/lib/python3.7/site-packages/airflow/example_dags/example_branch_operator.py
[2023-03-30 11:55:48,392] {logging_mixin.py:115} INFO - [2023-03-30 11:55:48,392] {dag.py:2371} INFO - Sync 1 DAGs
[2023-03-30 11:55:48,529] {logging_mixin.py:115} INFO - [2023-03-30 11:55:48,529] {dag.py:2919} INFO - Setting next_dagrun for example_branch_operator to 2023-03-29T00:00:00+00:00, run_after=2023-03-30T00:00:00+00:00
[2023-03-30 11:55:48,551] {processor.py:161} INFO - Processing /home/airflow/.local/lib/python3.7/site-packages/airflow/example_dags/example_branch_operator.py took 0.271 seconds
[2023-03-30 11:56:18,817] {processor.py:153} INFO - Started process (PID=2634) to work on /home/airflow/.local/lib/python3.7/site-packages/airflow/example_dags/example_branch_operator.py
[2023-03-30 11:56:18,818] {processor.py:641} INFO - Processing file /home/airflow/.local/lib/python3.7/site-packages/airflow/example_dags/example_branch_operator.py for tasks to queue
[2023-03-30 11:56:18,819] {logging_mixin.py:115} INFO - [2023-03-30 11:56:18,819] {dagbag.py:507} INFO - Filling up the DagBag from /home/airflow/.local/lib/python3.7/site-packages/airflow/example_dags/example_branch_operator.py
[2023-03-30 11:56:18,827] {processor.py:651} INFO - DAG(s) dict_keys(['example_branch_operator']) retrieved from /home/airflow/.local/lib/python3.7/site-packages/airflow/example_dags/example_branch_operator.py
[2023-03-30 11:56:18,927] {logging_mixin.py:115} INFO - [2023-03-30 11:56:18,927] {dag.py:2371} INFO - Sync 1 DAGs
[2023-03-30 11:56:19,075] {logging_mixin.py:115} INFO - [2023-03-30 11:56:19,075] {dag.py:2919} INFO - Setting next_dagrun for example_branch_operator to 2023-03-29T00:00:00+00:00, run_after=2023-03-30T00:00:00+00:00
[2023-03-30 11:56:19,098] {processor.py:161} INFO - Processing /home/airflow/.local/lib/python3.7/site-packages/airflow/example_dags/example_branch_operator.py took 0.283 seconds
[2023-03-30 11:56:49,468] {processor.py:153} INFO - Started process (PID=2696) to work on /home/airflow/.local/lib/python3.7/site-packages/airflow/example_dags/example_branch_operator.py
[2023-03-30 11:56:49,469] {processor.py:641} INFO - Processing file /home/airflow/.local/lib/python3.7/site-packages/airflow/example_dags/example_branch_operator.py for tasks to queue
[2023-03-30 11:56:49,470] {logging_mixin.py:115} INFO - [2023-03-30 11:56:49,470] {dagbag.py:507} INFO - Filling up the DagBag from /home/airflow/.local/lib/python3.7/site-packages/airflow/example_dags/example_branch_operator.py
[2023-03-30 11:56:49,480] {processor.py:651} INFO - DAG(s) dict_keys(['example_branch_operator']) retrieved from /home/airflow/.local/lib/python3.7/site-packages/airflow/example_dags/example_branch_operator.py
[2023-03-30 11:56:49,588] {logging_mixin.py:115} INFO - [2023-03-30 11:56:49,588] {dag.py:2371} INFO - Sync 1 DAGs
[2023-03-30 11:56:49,743] {logging_mixin.py:115} INFO - [2023-03-30 11:56:49,743] {dag.py:2919} INFO - Setting next_dagrun for example_branch_operator to 2023-03-29T00:00:00+00:00, run_after=2023-03-30T00:00:00+00:00
[2023-03-30 11:56:49,765] {processor.py:161} INFO - Processing /home/airflow/.local/lib/python3.7/site-packages/airflow/example_dags/example_branch_operator.py took 0.299 seconds
[2023-03-30 11:57:20,219] {processor.py:153} INFO - Started process (PID=2750) to work on /home/airflow/.local/lib/python3.7/site-packages/airflow/example_dags/example_branch_operator.py
[2023-03-30 11:57:20,220] {processor.py:641} INFO - Processing file /home/airflow/.local/lib/python3.7/site-packages/airflow/example_dags/example_branch_operator.py for tasks to queue
[2023-03-30 11:57:20,221] {logging_mixin.py:115} INFO - [2023-03-30 11:57:20,221] {dagbag.py:507} INFO - Filling up the DagBag from /home/airflow/.local/lib/python3.7/site-packages/airflow/example_dags/example_branch_operator.py
[2023-03-30 11:57:20,229] {processor.py:651} INFO - DAG(s) dict_keys(['example_branch_operator']) retrieved from /home/airflow/.local/lib/python3.7/site-packages/airflow/example_dags/example_branch_operator.py
[2023-03-30 11:57:20,333] {logging_mixin.py:115} INFO - [2023-03-30 11:57:20,333] {dag.py:2371} INFO - Sync 1 DAGs
[2023-03-30 11:57:20,473] {logging_mixin.py:115} INFO - [2023-03-30 11:57:20,473] {dag.py:2919} INFO - Setting next_dagrun for example_branch_operator to 2023-03-29T00:00:00+00:00, run_after=2023-03-30T00:00:00+00:00
[2023-03-30 11:57:20,495] {processor.py:161} INFO - Processing /home/airflow/.local/lib/python3.7/site-packages/airflow/example_dags/example_branch_operator.py took 0.278 seconds
[2023-03-30 11:57:51,448] {processor.py:153} INFO - Started process (PID=2813) to work on /home/airflow/.local/lib/python3.7/site-packages/airflow/example_dags/example_branch_operator.py
[2023-03-30 11:57:51,449] {processor.py:641} INFO - Processing file /home/airflow/.local/lib/python3.7/site-packages/airflow/example_dags/example_branch_operator.py for tasks to queue
[2023-03-30 11:57:51,450] {logging_mixin.py:115} INFO - [2023-03-30 11:57:51,450] {dagbag.py:507} INFO - Filling up the DagBag from /home/airflow/.local/lib/python3.7/site-packages/airflow/example_dags/example_branch_operator.py
[2023-03-30 11:57:51,457] {processor.py:651} INFO - DAG(s) dict_keys(['example_branch_operator']) retrieved from /home/airflow/.local/lib/python3.7/site-packages/airflow/example_dags/example_branch_operator.py
[2023-03-30 11:57:51,560] {logging_mixin.py:115} INFO - [2023-03-30 11:57:51,560] {dag.py:2371} INFO - Sync 1 DAGs
[2023-03-30 11:57:51,704] {logging_mixin.py:115} INFO - [2023-03-30 11:57:51,704] {dag.py:2919} INFO - Setting next_dagrun for example_branch_operator to 2023-03-29T00:00:00+00:00, run_after=2023-03-30T00:00:00+00:00
[2023-03-30 11:57:51,727] {processor.py:161} INFO - Processing /home/airflow/.local/lib/python3.7/site-packages/airflow/example_dags/example_branch_operator.py took 0.281 seconds
[2023-03-30 11:58:21,978] {processor.py:153} INFO - Started process (PID=2876) to work on /home/airflow/.local/lib/python3.7/site-packages/airflow/example_dags/example_branch_operator.py
[2023-03-30 11:58:21,979] {processor.py:641} INFO - Processing file /home/airflow/.local/lib/python3.7/site-packages/airflow/example_dags/example_branch_operator.py for tasks to queue
[2023-03-30 11:58:21,980] {logging_mixin.py:115} INFO - [2023-03-30 11:58:21,980] {dagbag.py:507} INFO - Filling up the DagBag from /home/airflow/.local/lib/python3.7/site-packages/airflow/example_dags/example_branch_operator.py
[2023-03-30 11:58:21,987] {processor.py:651} INFO - DAG(s) dict_keys(['example_branch_operator']) retrieved from /home/airflow/.local/lib/python3.7/site-packages/airflow/example_dags/example_branch_operator.py
[2023-03-30 11:58:22,087] {logging_mixin.py:115} INFO - [2023-03-30 11:58:22,087] {dag.py:2371} INFO - Sync 1 DAGs
[2023-03-30 11:58:22,229] {logging_mixin.py:115} INFO - [2023-03-30 11:58:22,229] {dag.py:2919} INFO - Setting next_dagrun for example_branch_operator to 2023-03-29T00:00:00+00:00, run_after=2023-03-30T00:00:00+00:00
[2023-03-30 11:58:22,250] {processor.py:161} INFO - Processing /home/airflow/.local/lib/python3.7/site-packages/airflow/example_dags/example_branch_operator.py took 0.274 seconds
[2023-03-30 11:58:52,497] {processor.py:153} INFO - Started process (PID=2939) to work on /home/airflow/.local/lib/python3.7/site-packages/airflow/example_dags/example_branch_operator.py
[2023-03-30 11:58:52,498] {processor.py:641} INFO - Processing file /home/airflow/.local/lib/python3.7/site-packages/airflow/example_dags/example_branch_operator.py for tasks to queue
[2023-03-30 11:58:52,499] {logging_mixin.py:115} INFO - [2023-03-30 11:58:52,498] {dagbag.py:507} INFO - Filling up the DagBag from /home/airflow/.local/lib/python3.7/site-packages/airflow/example_dags/example_branch_operator.py
[2023-03-30 11:58:52,506] {processor.py:651} INFO - DAG(s) dict_keys(['example_branch_operator']) retrieved from /home/airflow/.local/lib/python3.7/site-packages/airflow/example_dags/example_branch_operator.py
[2023-03-30 11:58:52,606] {logging_mixin.py:115} INFO - [2023-03-30 11:58:52,606] {dag.py:2371} INFO - Sync 1 DAGs
[2023-03-30 11:58:52,745] {logging_mixin.py:115} INFO - [2023-03-30 11:58:52,745] {dag.py:2919} INFO - Setting next_dagrun for example_branch_operator to 2023-03-29T00:00:00+00:00, run_after=2023-03-30T00:00:00+00:00
[2023-03-30 11:58:52,765] {processor.py:161} INFO - Processing /home/airflow/.local/lib/python3.7/site-packages/airflow/example_dags/example_branch_operator.py took 0.271 seconds
[2023-03-30 11:59:23,017] {processor.py:153} INFO - Started process (PID=3001) to work on /home/airflow/.local/lib/python3.7/site-packages/airflow/example_dags/example_branch_operator.py
[2023-03-30 11:59:23,017] {processor.py:641} INFO - Processing file /home/airflow/.local/lib/python3.7/site-packages/airflow/example_dags/example_branch_operator.py for tasks to queue
[2023-03-30 11:59:23,018] {logging_mixin.py:115} INFO - [2023-03-30 11:59:23,018] {dagbag.py:507} INFO - Filling up the DagBag from /home/airflow/.local/lib/python3.7/site-packages/airflow/example_dags/example_branch_operator.py
[2023-03-30 11:59:23,024] {processor.py:651} INFO - DAG(s) dict_keys(['example_branch_operator']) retrieved from /home/airflow/.local/lib/python3.7/site-packages/airflow/example_dags/example_branch_operator.py
[2023-03-30 11:59:23,124] {logging_mixin.py:115} INFO - [2023-03-30 11:59:23,124] {dag.py:2371} INFO - Sync 1 DAGs
[2023-03-30 11:59:23,265] {logging_mixin.py:115} INFO - [2023-03-30 11:59:23,265] {dag.py:2919} INFO - Setting next_dagrun for example_branch_operator to 2023-03-29T00:00:00+00:00, run_after=2023-03-30T00:00:00+00:00
[2023-03-30 11:59:23,286] {processor.py:161} INFO - Processing /home/airflow/.local/lib/python3.7/site-packages/airflow/example_dags/example_branch_operator.py took 0.272 seconds
[2023-03-30 11:59:53,829] {processor.py:153} INFO - Started process (PID=3055) to work on /home/airflow/.local/lib/python3.7/site-packages/airflow/example_dags/example_branch_operator.py
[2023-03-30 11:59:53,830] {processor.py:641} INFO - Processing file /home/airflow/.local/lib/python3.7/site-packages/airflow/example_dags/example_branch_operator.py for tasks to queue
[2023-03-30 11:59:53,831] {logging_mixin.py:115} INFO - [2023-03-30 11:59:53,831] {dagbag.py:507} INFO - Filling up the DagBag from /home/airflow/.local/lib/python3.7/site-packages/airflow/example_dags/example_branch_operator.py
[2023-03-30 11:59:53,838] {processor.py:651} INFO - DAG(s) dict_keys(['example_branch_operator']) retrieved from /home/airflow/.local/lib/python3.7/site-packages/airflow/example_dags/example_branch_operator.py
[2023-03-30 11:59:53,943] {logging_mixin.py:115} INFO - [2023-03-30 11:59:53,943] {dag.py:2371} INFO - Sync 1 DAGs
[2023-03-30 11:59:54,087] {logging_mixin.py:115} INFO - [2023-03-30 11:59:54,087] {dag.py:2919} INFO - Setting next_dagrun for example_branch_operator to 2023-03-29T00:00:00+00:00, run_after=2023-03-30T00:00:00+00:00
[2023-03-30 11:59:54,110] {processor.py:161} INFO - Processing /home/airflow/.local/lib/python3.7/site-packages/airflow/example_dags/example_branch_operator.py took 0.283 seconds
[2023-03-30 12:00:24,344] {processor.py:153} INFO - Started process (PID=3118) to work on /home/airflow/.local/lib/python3.7/site-packages/airflow/example_dags/example_branch_operator.py
[2023-03-30 12:00:24,345] {processor.py:641} INFO - Processing file /home/airflow/.local/lib/python3.7/site-packages/airflow/example_dags/example_branch_operator.py for tasks to queue
[2023-03-30 12:00:24,346] {logging_mixin.py:115} INFO - [2023-03-30 12:00:24,346] {dagbag.py:507} INFO - Filling up the DagBag from /home/airflow/.local/lib/python3.7/site-packages/airflow/example_dags/example_branch_operator.py
[2023-03-30 12:00:24,354] {processor.py:651} INFO - DAG(s) dict_keys(['example_branch_operator']) retrieved from /home/airflow/.local/lib/python3.7/site-packages/airflow/example_dags/example_branch_operator.py
[2023-03-30 12:00:24,454] {logging_mixin.py:115} INFO - [2023-03-30 12:00:24,454] {dag.py:2371} INFO - Sync 1 DAGs
[2023-03-30 12:00:24,601] {logging_mixin.py:115} INFO - [2023-03-30 12:00:24,601] {dag.py:2919} INFO - Setting next_dagrun for example_branch_operator to 2023-03-29T00:00:00+00:00, run_after=2023-03-30T00:00:00+00:00
[2023-03-30 12:00:24,622] {processor.py:161} INFO - Processing /home/airflow/.local/lib/python3.7/site-packages/airflow/example_dags/example_branch_operator.py took 0.282 seconds
[2023-03-30 12:00:54,850] {processor.py:153} INFO - Started process (PID=3182) to work on /home/airflow/.local/lib/python3.7/site-packages/airflow/example_dags/example_branch_operator.py
[2023-03-30 12:00:54,851] {processor.py:641} INFO - Processing file /home/airflow/.local/lib/python3.7/site-packages/airflow/example_dags/example_branch_operator.py for tasks to queue
[2023-03-30 12:00:54,852] {logging_mixin.py:115} INFO - [2023-03-30 12:00:54,852] {dagbag.py:507} INFO - Filling up the DagBag from /home/airflow/.local/lib/python3.7/site-packages/airflow/example_dags/example_branch_operator.py
[2023-03-30 12:00:54,859] {processor.py:651} INFO - DAG(s) dict_keys(['example_branch_operator']) retrieved from /home/airflow/.local/lib/python3.7/site-packages/airflow/example_dags/example_branch_operator.py
[2023-03-30 12:00:54,960] {logging_mixin.py:115} INFO - [2023-03-30 12:00:54,960] {dag.py:2371} INFO - Sync 1 DAGs
[2023-03-30 12:00:55,103] {logging_mixin.py:115} INFO - [2023-03-30 12:00:55,103] {dag.py:2919} INFO - Setting next_dagrun for example_branch_operator to 2023-03-29T00:00:00+00:00, run_after=2023-03-30T00:00:00+00:00
[2023-03-30 12:00:55,124] {processor.py:161} INFO - Processing /home/airflow/.local/lib/python3.7/site-packages/airflow/example_dags/example_branch_operator.py took 0.276 seconds
[2023-03-30 12:01:25,709] {processor.py:153} INFO - Started process (PID=3244) to work on /home/airflow/.local/lib/python3.7/site-packages/airflow/example_dags/example_branch_operator.py
[2023-03-30 12:01:25,710] {processor.py:641} INFO - Processing file /home/airflow/.local/lib/python3.7/site-packages/airflow/example_dags/example_branch_operator.py for tasks to queue
[2023-03-30 12:01:25,712] {logging_mixin.py:115} INFO - [2023-03-30 12:01:25,712] {dagbag.py:507} INFO - Filling up the DagBag from /home/airflow/.local/lib/python3.7/site-packages/airflow/example_dags/example_branch_operator.py
[2023-03-30 12:01:25,719] {processor.py:651} INFO - DAG(s) dict_keys(['example_branch_operator']) retrieved from /home/airflow/.local/lib/python3.7/site-packages/airflow/example_dags/example_branch_operator.py
[2023-03-30 12:01:25,820] {logging_mixin.py:115} INFO - [2023-03-30 12:01:25,820] {dag.py:2371} INFO - Sync 1 DAGs
[2023-03-30 12:01:25,962] {logging_mixin.py:115} INFO - [2023-03-30 12:01:25,962] {dag.py:2919} INFO - Setting next_dagrun for example_branch_operator to 2023-03-29T00:00:00+00:00, run_after=2023-03-30T00:00:00+00:00
[2023-03-30 12:01:25,983] {processor.py:161} INFO - Processing /home/airflow/.local/lib/python3.7/site-packages/airflow/example_dags/example_branch_operator.py took 0.276 seconds
[2023-03-30 12:01:56,766] {processor.py:153} INFO - Started process (PID=3307) to work on /home/airflow/.local/lib/python3.7/site-packages/airflow/example_dags/example_branch_operator.py
[2023-03-30 12:01:56,767] {processor.py:641} INFO - Processing file /home/airflow/.local/lib/python3.7/site-packages/airflow/example_dags/example_branch_operator.py for tasks to queue
[2023-03-30 12:01:56,768] {logging_mixin.py:115} INFO - [2023-03-30 12:01:56,768] {dagbag.py:507} INFO - Filling up the DagBag from /home/airflow/.local/lib/python3.7/site-packages/airflow/example_dags/example_branch_operator.py
[2023-03-30 12:01:56,776] {processor.py:651} INFO - DAG(s) dict_keys(['example_branch_operator']) retrieved from /home/airflow/.local/lib/python3.7/site-packages/airflow/example_dags/example_branch_operator.py
[2023-03-30 12:01:56,876] {logging_mixin.py:115} INFO - [2023-03-30 12:01:56,876] {dag.py:2371} INFO - Sync 1 DAGs
[2023-03-30 12:01:57,019] {logging_mixin.py:115} INFO - [2023-03-30 12:01:57,018] {dag.py:2919} INFO - Setting next_dagrun for example_branch_operator to 2023-03-29T00:00:00+00:00, run_after=2023-03-30T00:00:00+00:00
[2023-03-30 12:01:57,040] {processor.py:161} INFO - Processing /home/airflow/.local/lib/python3.7/site-packages/airflow/example_dags/example_branch_operator.py took 0.277 seconds
[2023-03-30 12:02:27,244] {processor.py:153} INFO - Started process (PID=3361) to work on /home/airflow/.local/lib/python3.7/site-packages/airflow/example_dags/example_branch_operator.py
[2023-03-30 12:02:27,244] {processor.py:641} INFO - Processing file /home/airflow/.local/lib/python3.7/site-packages/airflow/example_dags/example_branch_operator.py for tasks to queue
[2023-03-30 12:02:27,245] {logging_mixin.py:115} INFO - [2023-03-30 12:02:27,245] {dagbag.py:507} INFO - Filling up the DagBag from /home/airflow/.local/lib/python3.7/site-packages/airflow/example_dags/example_branch_operator.py
[2023-03-30 12:02:27,253] {processor.py:651} INFO - DAG(s) dict_keys(['example_branch_operator']) retrieved from /home/airflow/.local/lib/python3.7/site-packages/airflow/example_dags/example_branch_operator.py
[2023-03-30 12:02:27,358] {logging_mixin.py:115} INFO - [2023-03-30 12:02:27,358] {dag.py:2371} INFO - Sync 1 DAGs
[2023-03-30 12:02:27,514] {logging_mixin.py:115} INFO - [2023-03-30 12:02:27,512] {dag.py:2919} INFO - Setting next_dagrun for example_branch_operator to 2023-03-29T00:00:00+00:00, run_after=2023-03-30T00:00:00+00:00
[2023-03-30 12:02:27,539] {processor.py:161} INFO - Processing /home/airflow/.local/lib/python3.7/site-packages/airflow/example_dags/example_branch_operator.py took 0.298 seconds
[2023-03-30 12:02:58,534] {processor.py:153} INFO - Started process (PID=3425) to work on /home/airflow/.local/lib/python3.7/site-packages/airflow/example_dags/example_branch_operator.py
[2023-03-30 12:02:58,535] {processor.py:641} INFO - Processing file /home/airflow/.local/lib/python3.7/site-packages/airflow/example_dags/example_branch_operator.py for tasks to queue
[2023-03-30 12:02:58,536] {logging_mixin.py:115} INFO - [2023-03-30 12:02:58,536] {dagbag.py:507} INFO - Filling up the DagBag from /home/airflow/.local/lib/python3.7/site-packages/airflow/example_dags/example_branch_operator.py
[2023-03-30 12:02:58,544] {processor.py:651} INFO - DAG(s) dict_keys(['example_branch_operator']) retrieved from /home/airflow/.local/lib/python3.7/site-packages/airflow/example_dags/example_branch_operator.py
[2023-03-30 12:02:58,643] {logging_mixin.py:115} INFO - [2023-03-30 12:02:58,643] {dag.py:2371} INFO - Sync 1 DAGs
[2023-03-30 12:02:58,786] {logging_mixin.py:115} INFO - [2023-03-30 12:02:58,786] {dag.py:2919} INFO - Setting next_dagrun for example_branch_operator to 2023-03-29T00:00:00+00:00, run_after=2023-03-30T00:00:00+00:00
[2023-03-30 12:02:58,807] {processor.py:161} INFO - Processing /home/airflow/.local/lib/python3.7/site-packages/airflow/example_dags/example_branch_operator.py took 0.275 seconds
[2023-03-30 12:03:28,891] {processor.py:153} INFO - Started process (PID=3488) to work on /home/airflow/.local/lib/python3.7/site-packages/airflow/example_dags/example_branch_operator.py
[2023-03-30 12:03:28,892] {processor.py:641} INFO - Processing file /home/airflow/.local/lib/python3.7/site-packages/airflow/example_dags/example_branch_operator.py for tasks to queue
[2023-03-30 12:03:28,893] {logging_mixin.py:115} INFO - [2023-03-30 12:03:28,893] {dagbag.py:507} INFO - Filling up the DagBag from /home/airflow/.local/lib/python3.7/site-packages/airflow/example_dags/example_branch_operator.py
[2023-03-30 12:03:28,900] {processor.py:651} INFO - DAG(s) dict_keys(['example_branch_operator']) retrieved from /home/airflow/.local/lib/python3.7/site-packages/airflow/example_dags/example_branch_operator.py
[2023-03-30 12:03:28,998] {logging_mixin.py:115} INFO - [2023-03-30 12:03:28,998] {dag.py:2371} INFO - Sync 1 DAGs
[2023-03-30 12:03:29,141] {logging_mixin.py:115} INFO - [2023-03-30 12:03:29,140] {dag.py:2919} INFO - Setting next_dagrun for example_branch_operator to 2023-03-29T00:00:00+00:00, run_after=2023-03-30T00:00:00+00:00
[2023-03-30 12:03:29,160] {processor.py:161} INFO - Processing /home/airflow/.local/lib/python3.7/site-packages/airflow/example_dags/example_branch_operator.py took 0.272 seconds
[2023-03-30 12:03:59,471] {processor.py:153} INFO - Started process (PID=3551) to work on /home/airflow/.local/lib/python3.7/site-packages/airflow/example_dags/example_branch_operator.py
[2023-03-30 12:03:59,472] {processor.py:641} INFO - Processing file /home/airflow/.local/lib/python3.7/site-packages/airflow/example_dags/example_branch_operator.py for tasks to queue
[2023-03-30 12:03:59,473] {logging_mixin.py:115} INFO - [2023-03-30 12:03:59,473] {dagbag.py:507} INFO - Filling up the DagBag from /home/airflow/.local/lib/python3.7/site-packages/airflow/example_dags/example_branch_operator.py
[2023-03-30 12:03:59,481] {processor.py:651} INFO - DAG(s) dict_keys(['example_branch_operator']) retrieved from /home/airflow/.local/lib/python3.7/site-packages/airflow/example_dags/example_branch_operator.py
[2023-03-30 12:03:59,582] {logging_mixin.py:115} INFO - [2023-03-30 12:03:59,582] {dag.py:2371} INFO - Sync 1 DAGs
[2023-03-30 12:03:59,726] {logging_mixin.py:115} INFO - [2023-03-30 12:03:59,726] {dag.py:2919} INFO - Setting next_dagrun for example_branch_operator to 2023-03-29T00:00:00+00:00, run_after=2023-03-30T00:00:00+00:00
[2023-03-30 12:03:59,747] {processor.py:161} INFO - Processing /home/airflow/.local/lib/python3.7/site-packages/airflow/example_dags/example_branch_operator.py took 0.278 seconds
[2023-03-30 12:04:30,115] {processor.py:153} INFO - Started process (PID=3614) to work on /home/airflow/.local/lib/python3.7/site-packages/airflow/example_dags/example_branch_operator.py
[2023-03-30 12:04:30,116] {processor.py:641} INFO - Processing file /home/airflow/.local/lib/python3.7/site-packages/airflow/example_dags/example_branch_operator.py for tasks to queue
[2023-03-30 12:04:30,117] {logging_mixin.py:115} INFO - [2023-03-30 12:04:30,117] {dagbag.py:507} INFO - Filling up the DagBag from /home/airflow/.local/lib/python3.7/site-packages/airflow/example_dags/example_branch_operator.py
[2023-03-30 12:04:30,124] {processor.py:651} INFO - DAG(s) dict_keys(['example_branch_operator']) retrieved from /home/airflow/.local/lib/python3.7/site-packages/airflow/example_dags/example_branch_operator.py
[2023-03-30 12:04:30,227] {logging_mixin.py:115} INFO - [2023-03-30 12:04:30,227] {dag.py:2371} INFO - Sync 1 DAGs
[2023-03-30 12:04:30,369] {logging_mixin.py:115} INFO - [2023-03-30 12:04:30,369] {dag.py:2919} INFO - Setting next_dagrun for example_branch_operator to 2023-03-29T00:00:00+00:00, run_after=2023-03-30T00:00:00+00:00
[2023-03-30 12:04:30,391] {processor.py:161} INFO - Processing /home/airflow/.local/lib/python3.7/site-packages/airflow/example_dags/example_branch_operator.py took 0.278 seconds
[2023-03-30 12:05:00,763] {processor.py:153} INFO - Started process (PID=3677) to work on /home/airflow/.local/lib/python3.7/site-packages/airflow/example_dags/example_branch_operator.py
[2023-03-30 12:05:00,764] {processor.py:641} INFO - Processing file /home/airflow/.local/lib/python3.7/site-packages/airflow/example_dags/example_branch_operator.py for tasks to queue
[2023-03-30 12:05:00,765] {logging_mixin.py:115} INFO - [2023-03-30 12:05:00,765] {dagbag.py:507} INFO - Filling up the DagBag from /home/airflow/.local/lib/python3.7/site-packages/airflow/example_dags/example_branch_operator.py
[2023-03-30 12:05:00,773] {processor.py:651} INFO - DAG(s) dict_keys(['example_branch_operator']) retrieved from /home/airflow/.local/lib/python3.7/site-packages/airflow/example_dags/example_branch_operator.py
[2023-03-30 12:05:00,878] {logging_mixin.py:115} INFO - [2023-03-30 12:05:00,878] {dag.py:2371} INFO - Sync 1 DAGs
[2023-03-30 12:05:01,020] {logging_mixin.py:115} INFO - [2023-03-30 12:05:01,020] {dag.py:2919} INFO - Setting next_dagrun for example_branch_operator to 2023-03-29T00:00:00+00:00, run_after=2023-03-30T00:00:00+00:00
[2023-03-30 12:05:01,042] {processor.py:161} INFO - Processing /home/airflow/.local/lib/python3.7/site-packages/airflow/example_dags/example_branch_operator.py took 0.281 seconds
[2023-03-30 12:05:31,255] {processor.py:153} INFO - Started process (PID=3731) to work on /home/airflow/.local/lib/python3.7/site-packages/airflow/example_dags/example_branch_operator.py
[2023-03-30 12:05:31,256] {processor.py:641} INFO - Processing file /home/airflow/.local/lib/python3.7/site-packages/airflow/example_dags/example_branch_operator.py for tasks to queue
[2023-03-30 12:05:31,257] {logging_mixin.py:115} INFO - [2023-03-30 12:05:31,257] {dagbag.py:507} INFO - Filling up the DagBag from /home/airflow/.local/lib/python3.7/site-packages/airflow/example_dags/example_branch_operator.py
[2023-03-30 12:05:31,263] {processor.py:651} INFO - DAG(s) dict_keys(['example_branch_operator']) retrieved from /home/airflow/.local/lib/python3.7/site-packages/airflow/example_dags/example_branch_operator.py
[2023-03-30 12:05:31,363] {logging_mixin.py:115} INFO - [2023-03-30 12:05:31,363] {dag.py:2371} INFO - Sync 1 DAGs
[2023-03-30 12:05:31,503] {logging_mixin.py:115} INFO - [2023-03-30 12:05:31,503] {dag.py:2919} INFO - Setting next_dagrun for example_branch_operator to 2023-03-29T00:00:00+00:00, run_after=2023-03-30T00:00:00+00:00
[2023-03-30 12:05:31,525] {processor.py:161} INFO - Processing /home/airflow/.local/lib/python3.7/site-packages/airflow/example_dags/example_branch_operator.py took 0.272 seconds
[2023-03-30 12:06:02,282] {processor.py:153} INFO - Started process (PID=3794) to work on /home/airflow/.local/lib/python3.7/site-packages/airflow/example_dags/example_branch_operator.py
[2023-03-30 12:06:02,282] {processor.py:641} INFO - Processing file /home/airflow/.local/lib/python3.7/site-packages/airflow/example_dags/example_branch_operator.py for tasks to queue
[2023-03-30 12:06:02,283] {logging_mixin.py:115} INFO - [2023-03-30 12:06:02,283] {dagbag.py:507} INFO - Filling up the DagBag from /home/airflow/.local/lib/python3.7/site-packages/airflow/example_dags/example_branch_operator.py
[2023-03-30 12:06:02,291] {processor.py:651} INFO - DAG(s) dict_keys(['example_branch_operator']) retrieved from /home/airflow/.local/lib/python3.7/site-packages/airflow/example_dags/example_branch_operator.py
[2023-03-30 12:06:02,395] {logging_mixin.py:115} INFO - [2023-03-30 12:06:02,394] {dag.py:2371} INFO - Sync 1 DAGs
[2023-03-30 12:06:02,538] {logging_mixin.py:115} INFO - [2023-03-30 12:06:02,538] {dag.py:2919} INFO - Setting next_dagrun for example_branch_operator to 2023-03-29T00:00:00+00:00, run_after=2023-03-30T00:00:00+00:00
[2023-03-30 12:06:02,558] {processor.py:161} INFO - Processing /home/airflow/.local/lib/python3.7/site-packages/airflow/example_dags/example_branch_operator.py took 0.279 seconds
[2023-03-30 12:06:32,728] {processor.py:153} INFO - Started process (PID=3857) to work on /home/airflow/.local/lib/python3.7/site-packages/airflow/example_dags/example_branch_operator.py
[2023-03-30 12:06:32,730] {processor.py:641} INFO - Processing file /home/airflow/.local/lib/python3.7/site-packages/airflow/example_dags/example_branch_operator.py for tasks to queue
[2023-03-30 12:06:32,730] {logging_mixin.py:115} INFO - [2023-03-30 12:06:32,730] {dagbag.py:507} INFO - Filling up the DagBag from /home/airflow/.local/lib/python3.7/site-packages/airflow/example_dags/example_branch_operator.py
[2023-03-30 12:06:32,747] {processor.py:651} INFO - DAG(s) dict_keys(['example_branch_operator']) retrieved from /home/airflow/.local/lib/python3.7/site-packages/airflow/example_dags/example_branch_operator.py
[2023-03-30 12:06:32,944] {logging_mixin.py:115} INFO - [2023-03-30 12:06:32,944] {dag.py:2371} INFO - Sync 1 DAGs
[2023-03-30 12:06:33,106] {logging_mixin.py:115} INFO - [2023-03-30 12:06:33,106] {dag.py:2919} INFO - Setting next_dagrun for example_branch_operator to 2023-03-29T00:00:00+00:00, run_after=2023-03-30T00:00:00+00:00
[2023-03-30 12:06:33,126] {processor.py:161} INFO - Processing /home/airflow/.local/lib/python3.7/site-packages/airflow/example_dags/example_branch_operator.py took 0.400 seconds
[2023-03-30 12:07:03,459] {processor.py:153} INFO - Started process (PID=3920) to work on /home/airflow/.local/lib/python3.7/site-packages/airflow/example_dags/example_branch_operator.py
[2023-03-30 12:07:03,460] {processor.py:641} INFO - Processing file /home/airflow/.local/lib/python3.7/site-packages/airflow/example_dags/example_branch_operator.py for tasks to queue
[2023-03-30 12:07:03,460] {logging_mixin.py:115} INFO - [2023-03-30 12:07:03,460] {dagbag.py:507} INFO - Filling up the DagBag from /home/airflow/.local/lib/python3.7/site-packages/airflow/example_dags/example_branch_operator.py
[2023-03-30 12:07:03,468] {processor.py:651} INFO - DAG(s) dict_keys(['example_branch_operator']) retrieved from /home/airflow/.local/lib/python3.7/site-packages/airflow/example_dags/example_branch_operator.py
[2023-03-30 12:07:03,572] {logging_mixin.py:115} INFO - [2023-03-30 12:07:03,572] {dag.py:2371} INFO - Sync 1 DAGs
[2023-03-30 12:07:03,715] {logging_mixin.py:115} INFO - [2023-03-30 12:07:03,715] {dag.py:2919} INFO - Setting next_dagrun for example_branch_operator to 2023-03-29T00:00:00+00:00, run_after=2023-03-30T00:00:00+00:00
[2023-03-30 12:07:03,735] {processor.py:161} INFO - Processing /home/airflow/.local/lib/python3.7/site-packages/airflow/example_dags/example_branch_operator.py took 0.280 seconds
[2023-03-30 12:07:33,796] {processor.py:153} INFO - Started process (PID=3982) to work on /home/airflow/.local/lib/python3.7/site-packages/airflow/example_dags/example_branch_operator.py
[2023-03-30 12:07:33,797] {processor.py:641} INFO - Processing file /home/airflow/.local/lib/python3.7/site-packages/airflow/example_dags/example_branch_operator.py for tasks to queue
[2023-03-30 12:07:33,798] {logging_mixin.py:115} INFO - [2023-03-30 12:07:33,798] {dagbag.py:507} INFO - Filling up the DagBag from /home/airflow/.local/lib/python3.7/site-packages/airflow/example_dags/example_branch_operator.py
[2023-03-30 12:07:33,806] {processor.py:651} INFO - DAG(s) dict_keys(['example_branch_operator']) retrieved from /home/airflow/.local/lib/python3.7/site-packages/airflow/example_dags/example_branch_operator.py
[2023-03-30 12:07:33,921] {logging_mixin.py:115} INFO - [2023-03-30 12:07:33,921] {dag.py:2371} INFO - Sync 1 DAGs
[2023-03-30 12:07:34,071] {logging_mixin.py:115} INFO - [2023-03-30 12:07:34,071] {dag.py:2919} INFO - Setting next_dagrun for example_branch_operator to 2023-03-29T00:00:00+00:00, run_after=2023-03-30T00:00:00+00:00
[2023-03-30 12:07:34,095] {processor.py:161} INFO - Processing /home/airflow/.local/lib/python3.7/site-packages/airflow/example_dags/example_branch_operator.py took 0.301 seconds
