[2023-03-30 11:34:52,895] {processor.py:153} INFO - Started process (PID=75) to work on /home/airflow/.local/lib/python3.7/site-packages/airflow/example_dags/example_xcomargs.py
[2023-03-30 11:34:52,896] {processor.py:641} INFO - Processing file /home/airflow/.local/lib/python3.7/site-packages/airflow/example_dags/example_xcomargs.py for tasks to queue
[2023-03-30 11:34:52,897] {logging_mixin.py:115} INFO - [2023-03-30 11:34:52,897] {dagbag.py:507} INFO - Filling up the DagBag from /home/airflow/.local/lib/python3.7/site-packages/airflow/example_dags/example_xcomargs.py
[2023-03-30 11:34:52,913] {processor.py:651} INFO - DAG(s) dict_keys(['example_xcom_args', 'example_xcom_args_with_operators']) retrieved from /home/airflow/.local/lib/python3.7/site-packages/airflow/example_dags/example_xcomargs.py
[2023-03-30 11:34:53,194] {logging_mixin.py:115} INFO - [2023-03-30 11:34:53,194] {manager.py:508} INFO - Created Permission View: can read on DAG:example_xcom_args
[2023-03-30 11:34:53,207] {logging_mixin.py:115} INFO - [2023-03-30 11:34:53,207] {manager.py:508} INFO - Created Permission View: can delete on DAG:example_xcom_args
[2023-03-30 11:34:53,217] {logging_mixin.py:115} INFO - [2023-03-30 11:34:53,217] {manager.py:508} INFO - Created Permission View: can edit on DAG:example_xcom_args
[2023-03-30 11:34:53,245] {logging_mixin.py:115} INFO - [2023-03-30 11:34:53,245] {manager.py:508} INFO - Created Permission View: can read on DAG:example_xcom_args_with_operators
[2023-03-30 11:34:53,272] {logging_mixin.py:115} INFO - [2023-03-30 11:34:53,272] {manager.py:508} INFO - Created Permission View: can delete on DAG:example_xcom_args_with_operators
[2023-03-30 11:34:53,291] {logging_mixin.py:115} INFO - [2023-03-30 11:34:53,291] {manager.py:508} INFO - Created Permission View: can edit on DAG:example_xcom_args_with_operators
[2023-03-30 11:34:53,293] {logging_mixin.py:115} INFO - [2023-03-30 11:34:53,293] {dag.py:2371} INFO - Sync 2 DAGs
[2023-03-30 11:34:53,309] {logging_mixin.py:115} INFO - [2023-03-30 11:34:53,309] {dag.py:2390} INFO - Creating ORM DAG for example_xcom_args
[2023-03-30 11:34:53,310] {logging_mixin.py:115} INFO - [2023-03-30 11:34:53,310] {dag.py:2390} INFO - Creating ORM DAG for example_xcom_args_with_operators
[2023-03-30 11:34:53,336] {logging_mixin.py:115} INFO - [2023-03-30 11:34:53,336] {dag.py:2919} INFO - Setting next_dagrun for example_xcom_args to None, run_after=None
[2023-03-30 11:34:53,337] {logging_mixin.py:115} INFO - [2023-03-30 11:34:53,337] {dag.py:2919} INFO - Setting next_dagrun for example_xcom_args_with_operators to None, run_after=None
[2023-03-30 11:34:53,357] {processor.py:161} INFO - Processing /home/airflow/.local/lib/python3.7/site-packages/airflow/example_dags/example_xcomargs.py took 0.465 seconds
[2023-03-30 11:35:23,566] {processor.py:153} INFO - Started process (PID=138) to work on /home/airflow/.local/lib/python3.7/site-packages/airflow/example_dags/example_xcomargs.py
[2023-03-30 11:35:23,567] {processor.py:641} INFO - Processing file /home/airflow/.local/lib/python3.7/site-packages/airflow/example_dags/example_xcomargs.py for tasks to queue
[2023-03-30 11:35:23,568] {logging_mixin.py:115} INFO - [2023-03-30 11:35:23,568] {dagbag.py:507} INFO - Filling up the DagBag from /home/airflow/.local/lib/python3.7/site-packages/airflow/example_dags/example_xcomargs.py
[2023-03-30 11:35:23,581] {processor.py:651} INFO - DAG(s) dict_keys(['example_xcom_args', 'example_xcom_args_with_operators']) retrieved from /home/airflow/.local/lib/python3.7/site-packages/airflow/example_dags/example_xcomargs.py
[2023-03-30 11:35:23,819] {logging_mixin.py:115} INFO - [2023-03-30 11:35:23,819] {dag.py:2371} INFO - Sync 2 DAGs
[2023-03-30 11:35:23,860] {logging_mixin.py:115} INFO - [2023-03-30 11:35:23,860] {dag.py:2919} INFO - Setting next_dagrun for example_xcom_args to None, run_after=None
[2023-03-30 11:35:23,861] {logging_mixin.py:115} INFO - [2023-03-30 11:35:23,861] {dag.py:2919} INFO - Setting next_dagrun for example_xcom_args_with_operators to None, run_after=None
[2023-03-30 11:35:23,887] {processor.py:161} INFO - Processing /home/airflow/.local/lib/python3.7/site-packages/airflow/example_dags/example_xcomargs.py took 0.323 seconds
[2023-03-30 11:35:54,112] {processor.py:153} INFO - Started process (PID=201) to work on /home/airflow/.local/lib/python3.7/site-packages/airflow/example_dags/example_xcomargs.py
[2023-03-30 11:35:54,112] {processor.py:641} INFO - Processing file /home/airflow/.local/lib/python3.7/site-packages/airflow/example_dags/example_xcomargs.py for tasks to queue
[2023-03-30 11:35:54,113] {logging_mixin.py:115} INFO - [2023-03-30 11:35:54,113] {dagbag.py:507} INFO - Filling up the DagBag from /home/airflow/.local/lib/python3.7/site-packages/airflow/example_dags/example_xcomargs.py
[2023-03-30 11:35:54,126] {processor.py:651} INFO - DAG(s) dict_keys(['example_xcom_args', 'example_xcom_args_with_operators']) retrieved from /home/airflow/.local/lib/python3.7/site-packages/airflow/example_dags/example_xcomargs.py
[2023-03-30 11:35:54,389] {logging_mixin.py:115} INFO - [2023-03-30 11:35:54,389] {dag.py:2371} INFO - Sync 2 DAGs
[2023-03-30 11:35:54,431] {logging_mixin.py:115} INFO - [2023-03-30 11:35:54,431] {dag.py:2919} INFO - Setting next_dagrun for example_xcom_args to None, run_after=None
[2023-03-30 11:35:54,432] {logging_mixin.py:115} INFO - [2023-03-30 11:35:54,432] {dag.py:2919} INFO - Setting next_dagrun for example_xcom_args_with_operators to None, run_after=None
[2023-03-30 11:35:54,458] {processor.py:161} INFO - Processing /home/airflow/.local/lib/python3.7/site-packages/airflow/example_dags/example_xcomargs.py took 0.349 seconds
[2023-03-30 11:36:24,951] {processor.py:153} INFO - Started process (PID=264) to work on /home/airflow/.local/lib/python3.7/site-packages/airflow/example_dags/example_xcomargs.py
[2023-03-30 11:36:24,952] {processor.py:641} INFO - Processing file /home/airflow/.local/lib/python3.7/site-packages/airflow/example_dags/example_xcomargs.py for tasks to queue
[2023-03-30 11:36:24,953] {logging_mixin.py:115} INFO - [2023-03-30 11:36:24,953] {dagbag.py:507} INFO - Filling up the DagBag from /home/airflow/.local/lib/python3.7/site-packages/airflow/example_dags/example_xcomargs.py
[2023-03-30 11:36:24,966] {processor.py:651} INFO - DAG(s) dict_keys(['example_xcom_args', 'example_xcom_args_with_operators']) retrieved from /home/airflow/.local/lib/python3.7/site-packages/airflow/example_dags/example_xcomargs.py
[2023-03-30 11:36:25,253] {logging_mixin.py:115} INFO - [2023-03-30 11:36:25,253] {dag.py:2371} INFO - Sync 2 DAGs
[2023-03-30 11:36:25,305] {logging_mixin.py:115} INFO - [2023-03-30 11:36:25,305] {dag.py:2919} INFO - Setting next_dagrun for example_xcom_args to None, run_after=None
[2023-03-30 11:36:25,306] {logging_mixin.py:115} INFO - [2023-03-30 11:36:25,306] {dag.py:2919} INFO - Setting next_dagrun for example_xcom_args_with_operators to None, run_after=None
[2023-03-30 11:36:25,340] {processor.py:161} INFO - Processing /home/airflow/.local/lib/python3.7/site-packages/airflow/example_dags/example_xcomargs.py took 0.392 seconds
[2023-03-30 11:36:55,855] {processor.py:153} INFO - Started process (PID=318) to work on /home/airflow/.local/lib/python3.7/site-packages/airflow/example_dags/example_xcomargs.py
[2023-03-30 11:36:55,856] {processor.py:641} INFO - Processing file /home/airflow/.local/lib/python3.7/site-packages/airflow/example_dags/example_xcomargs.py for tasks to queue
[2023-03-30 11:36:55,856] {logging_mixin.py:115} INFO - [2023-03-30 11:36:55,856] {dagbag.py:507} INFO - Filling up the DagBag from /home/airflow/.local/lib/python3.7/site-packages/airflow/example_dags/example_xcomargs.py
[2023-03-30 11:36:55,869] {processor.py:651} INFO - DAG(s) dict_keys(['example_xcom_args', 'example_xcom_args_with_operators']) retrieved from /home/airflow/.local/lib/python3.7/site-packages/airflow/example_dags/example_xcomargs.py
[2023-03-30 11:36:56,115] {logging_mixin.py:115} INFO - [2023-03-30 11:36:56,115] {dag.py:2371} INFO - Sync 2 DAGs
[2023-03-30 11:36:56,157] {logging_mixin.py:115} INFO - [2023-03-30 11:36:56,157] {dag.py:2919} INFO - Setting next_dagrun for example_xcom_args to None, run_after=None
[2023-03-30 11:36:56,158] {logging_mixin.py:115} INFO - [2023-03-30 11:36:56,158] {dag.py:2919} INFO - Setting next_dagrun for example_xcom_args_with_operators to None, run_after=None
[2023-03-30 11:36:56,184] {processor.py:161} INFO - Processing /home/airflow/.local/lib/python3.7/site-packages/airflow/example_dags/example_xcomargs.py took 0.332 seconds
[2023-03-30 11:37:26,424] {processor.py:153} INFO - Started process (PID=381) to work on /home/airflow/.local/lib/python3.7/site-packages/airflow/example_dags/example_xcomargs.py
[2023-03-30 11:37:26,425] {processor.py:641} INFO - Processing file /home/airflow/.local/lib/python3.7/site-packages/airflow/example_dags/example_xcomargs.py for tasks to queue
[2023-03-30 11:37:26,426] {logging_mixin.py:115} INFO - [2023-03-30 11:37:26,426] {dagbag.py:507} INFO - Filling up the DagBag from /home/airflow/.local/lib/python3.7/site-packages/airflow/example_dags/example_xcomargs.py
[2023-03-30 11:37:26,437] {processor.py:651} INFO - DAG(s) dict_keys(['example_xcom_args', 'example_xcom_args_with_operators']) retrieved from /home/airflow/.local/lib/python3.7/site-packages/airflow/example_dags/example_xcomargs.py
[2023-03-30 11:37:26,688] {logging_mixin.py:115} INFO - [2023-03-30 11:37:26,687] {dag.py:2371} INFO - Sync 2 DAGs
[2023-03-30 11:37:26,728] {logging_mixin.py:115} INFO - [2023-03-30 11:37:26,728] {dag.py:2919} INFO - Setting next_dagrun for example_xcom_args to None, run_after=None
[2023-03-30 11:37:26,729] {logging_mixin.py:115} INFO - [2023-03-30 11:37:26,729] {dag.py:2919} INFO - Setting next_dagrun for example_xcom_args_with_operators to None, run_after=None
[2023-03-30 11:37:26,754] {processor.py:161} INFO - Processing /home/airflow/.local/lib/python3.7/site-packages/airflow/example_dags/example_xcomargs.py took 0.333 seconds
[2023-03-30 11:37:57,106] {processor.py:153} INFO - Started process (PID=444) to work on /home/airflow/.local/lib/python3.7/site-packages/airflow/example_dags/example_xcomargs.py
[2023-03-30 11:37:57,107] {processor.py:641} INFO - Processing file /home/airflow/.local/lib/python3.7/site-packages/airflow/example_dags/example_xcomargs.py for tasks to queue
[2023-03-30 11:37:57,108] {logging_mixin.py:115} INFO - [2023-03-30 11:37:57,108] {dagbag.py:507} INFO - Filling up the DagBag from /home/airflow/.local/lib/python3.7/site-packages/airflow/example_dags/example_xcomargs.py
[2023-03-30 11:37:57,120] {processor.py:651} INFO - DAG(s) dict_keys(['example_xcom_args', 'example_xcom_args_with_operators']) retrieved from /home/airflow/.local/lib/python3.7/site-packages/airflow/example_dags/example_xcomargs.py
[2023-03-30 11:37:57,363] {logging_mixin.py:115} INFO - [2023-03-30 11:37:57,363] {dag.py:2371} INFO - Sync 2 DAGs
[2023-03-30 11:37:57,408] {logging_mixin.py:115} INFO - [2023-03-30 11:37:57,408] {dag.py:2919} INFO - Setting next_dagrun for example_xcom_args to None, run_after=None
[2023-03-30 11:37:57,409] {logging_mixin.py:115} INFO - [2023-03-30 11:37:57,408] {dag.py:2919} INFO - Setting next_dagrun for example_xcom_args_with_operators to None, run_after=None
[2023-03-30 11:37:57,435] {processor.py:161} INFO - Processing /home/airflow/.local/lib/python3.7/site-packages/airflow/example_dags/example_xcomargs.py took 0.332 seconds
[2023-03-30 11:38:27,973] {processor.py:153} INFO - Started process (PID=507) to work on /home/airflow/.local/lib/python3.7/site-packages/airflow/example_dags/example_xcomargs.py
[2023-03-30 11:38:27,974] {processor.py:641} INFO - Processing file /home/airflow/.local/lib/python3.7/site-packages/airflow/example_dags/example_xcomargs.py for tasks to queue
[2023-03-30 11:38:27,975] {logging_mixin.py:115} INFO - [2023-03-30 11:38:27,975] {dagbag.py:507} INFO - Filling up the DagBag from /home/airflow/.local/lib/python3.7/site-packages/airflow/example_dags/example_xcomargs.py
[2023-03-30 11:38:27,987] {processor.py:651} INFO - DAG(s) dict_keys(['example_xcom_args', 'example_xcom_args_with_operators']) retrieved from /home/airflow/.local/lib/python3.7/site-packages/airflow/example_dags/example_xcomargs.py
[2023-03-30 11:38:28,235] {logging_mixin.py:115} INFO - [2023-03-30 11:38:28,235] {dag.py:2371} INFO - Sync 2 DAGs
[2023-03-30 11:38:28,272] {logging_mixin.py:115} INFO - [2023-03-30 11:38:28,272] {dag.py:2919} INFO - Setting next_dagrun for example_xcom_args to None, run_after=None
[2023-03-30 11:38:28,273] {logging_mixin.py:115} INFO - [2023-03-30 11:38:28,273] {dag.py:2919} INFO - Setting next_dagrun for example_xcom_args_with_operators to None, run_after=None
[2023-03-30 11:38:28,298] {processor.py:161} INFO - Processing /home/airflow/.local/lib/python3.7/site-packages/airflow/example_dags/example_xcomargs.py took 0.327 seconds
[2023-03-30 11:38:58,564] {processor.py:153} INFO - Started process (PID=570) to work on /home/airflow/.local/lib/python3.7/site-packages/airflow/example_dags/example_xcomargs.py
[2023-03-30 11:38:58,565] {processor.py:641} INFO - Processing file /home/airflow/.local/lib/python3.7/site-packages/airflow/example_dags/example_xcomargs.py for tasks to queue
[2023-03-30 11:38:58,567] {logging_mixin.py:115} INFO - [2023-03-30 11:38:58,567] {dagbag.py:507} INFO - Filling up the DagBag from /home/airflow/.local/lib/python3.7/site-packages/airflow/example_dags/example_xcomargs.py
[2023-03-30 11:38:58,582] {processor.py:651} INFO - DAG(s) dict_keys(['example_xcom_args', 'example_xcom_args_with_operators']) retrieved from /home/airflow/.local/lib/python3.7/site-packages/airflow/example_dags/example_xcomargs.py
[2023-03-30 11:38:58,900] {logging_mixin.py:115} INFO - [2023-03-30 11:38:58,900] {dag.py:2371} INFO - Sync 2 DAGs
[2023-03-30 11:38:58,943] {logging_mixin.py:115} INFO - [2023-03-30 11:38:58,942] {dag.py:2919} INFO - Setting next_dagrun for example_xcom_args to None, run_after=None
[2023-03-30 11:38:58,944] {logging_mixin.py:115} INFO - [2023-03-30 11:38:58,944] {dag.py:2919} INFO - Setting next_dagrun for example_xcom_args_with_operators to None, run_after=None
[2023-03-30 11:38:58,970] {processor.py:161} INFO - Processing /home/airflow/.local/lib/python3.7/site-packages/airflow/example_dags/example_xcomargs.py took 0.412 seconds
[2023-03-30 11:39:29,325] {processor.py:153} INFO - Started process (PID=625) to work on /home/airflow/.local/lib/python3.7/site-packages/airflow/example_dags/example_xcomargs.py
[2023-03-30 11:39:29,325] {processor.py:641} INFO - Processing file /home/airflow/.local/lib/python3.7/site-packages/airflow/example_dags/example_xcomargs.py for tasks to queue
[2023-03-30 11:39:29,326] {logging_mixin.py:115} INFO - [2023-03-30 11:39:29,326] {dagbag.py:507} INFO - Filling up the DagBag from /home/airflow/.local/lib/python3.7/site-packages/airflow/example_dags/example_xcomargs.py
[2023-03-30 11:39:29,336] {processor.py:651} INFO - DAG(s) dict_keys(['example_xcom_args', 'example_xcom_args_with_operators']) retrieved from /home/airflow/.local/lib/python3.7/site-packages/airflow/example_dags/example_xcomargs.py
[2023-03-30 11:39:29,583] {logging_mixin.py:115} INFO - [2023-03-30 11:39:29,583] {dag.py:2371} INFO - Sync 2 DAGs
[2023-03-30 11:39:29,633] {logging_mixin.py:115} INFO - [2023-03-30 11:39:29,633] {dag.py:2919} INFO - Setting next_dagrun for example_xcom_args to None, run_after=None
[2023-03-30 11:39:29,638] {logging_mixin.py:115} INFO - [2023-03-30 11:39:29,638] {dag.py:2919} INFO - Setting next_dagrun for example_xcom_args_with_operators to None, run_after=None
[2023-03-30 11:39:29,701] {processor.py:161} INFO - Processing /home/airflow/.local/lib/python3.7/site-packages/airflow/example_dags/example_xcomargs.py took 0.378 seconds
[2023-03-30 11:39:59,908] {processor.py:153} INFO - Started process (PID=688) to work on /home/airflow/.local/lib/python3.7/site-packages/airflow/example_dags/example_xcomargs.py
[2023-03-30 11:39:59,909] {processor.py:641} INFO - Processing file /home/airflow/.local/lib/python3.7/site-packages/airflow/example_dags/example_xcomargs.py for tasks to queue
[2023-03-30 11:39:59,910] {logging_mixin.py:115} INFO - [2023-03-30 11:39:59,910] {dagbag.py:507} INFO - Filling up the DagBag from /home/airflow/.local/lib/python3.7/site-packages/airflow/example_dags/example_xcomargs.py
[2023-03-30 11:39:59,922] {processor.py:651} INFO - DAG(s) dict_keys(['example_xcom_args', 'example_xcom_args_with_operators']) retrieved from /home/airflow/.local/lib/python3.7/site-packages/airflow/example_dags/example_xcomargs.py
[2023-03-30 11:40:00,178] {logging_mixin.py:115} INFO - [2023-03-30 11:40:00,178] {dag.py:2371} INFO - Sync 2 DAGs
[2023-03-30 11:40:00,216] {logging_mixin.py:115} INFO - [2023-03-30 11:40:00,216] {dag.py:2919} INFO - Setting next_dagrun for example_xcom_args to None, run_after=None
[2023-03-30 11:40:00,217] {logging_mixin.py:115} INFO - [2023-03-30 11:40:00,217] {dag.py:2919} INFO - Setting next_dagrun for example_xcom_args_with_operators to None, run_after=None
[2023-03-30 11:40:00,242] {processor.py:161} INFO - Processing /home/airflow/.local/lib/python3.7/site-packages/airflow/example_dags/example_xcomargs.py took 0.337 seconds
[2023-03-30 11:40:30,363] {processor.py:153} INFO - Started process (PID=752) to work on /home/airflow/.local/lib/python3.7/site-packages/airflow/example_dags/example_xcomargs.py
[2023-03-30 11:40:30,364] {processor.py:641} INFO - Processing file /home/airflow/.local/lib/python3.7/site-packages/airflow/example_dags/example_xcomargs.py for tasks to queue
[2023-03-30 11:40:30,365] {logging_mixin.py:115} INFO - [2023-03-30 11:40:30,365] {dagbag.py:507} INFO - Filling up the DagBag from /home/airflow/.local/lib/python3.7/site-packages/airflow/example_dags/example_xcomargs.py
[2023-03-30 11:40:30,377] {processor.py:651} INFO - DAG(s) dict_keys(['example_xcom_args', 'example_xcom_args_with_operators']) retrieved from /home/airflow/.local/lib/python3.7/site-packages/airflow/example_dags/example_xcomargs.py
[2023-03-30 11:40:30,615] {logging_mixin.py:115} INFO - [2023-03-30 11:40:30,615] {dag.py:2371} INFO - Sync 2 DAGs
[2023-03-30 11:40:30,652] {logging_mixin.py:115} INFO - [2023-03-30 11:40:30,652] {dag.py:2919} INFO - Setting next_dagrun for example_xcom_args to None, run_after=None
[2023-03-30 11:40:30,652] {logging_mixin.py:115} INFO - [2023-03-30 11:40:30,652] {dag.py:2919} INFO - Setting next_dagrun for example_xcom_args_with_operators to None, run_after=None
[2023-03-30 11:40:30,676] {processor.py:161} INFO - Processing /home/airflow/.local/lib/python3.7/site-packages/airflow/example_dags/example_xcomargs.py took 0.315 seconds
[2023-03-30 11:41:00,831] {processor.py:153} INFO - Started process (PID=815) to work on /home/airflow/.local/lib/python3.7/site-packages/airflow/example_dags/example_xcomargs.py
[2023-03-30 11:41:00,832] {processor.py:641} INFO - Processing file /home/airflow/.local/lib/python3.7/site-packages/airflow/example_dags/example_xcomargs.py for tasks to queue
[2023-03-30 11:41:00,832] {logging_mixin.py:115} INFO - [2023-03-30 11:41:00,832] {dagbag.py:507} INFO - Filling up the DagBag from /home/airflow/.local/lib/python3.7/site-packages/airflow/example_dags/example_xcomargs.py
[2023-03-30 11:41:00,845] {processor.py:651} INFO - DAG(s) dict_keys(['example_xcom_args', 'example_xcom_args_with_operators']) retrieved from /home/airflow/.local/lib/python3.7/site-packages/airflow/example_dags/example_xcomargs.py
[2023-03-30 11:41:01,094] {logging_mixin.py:115} INFO - [2023-03-30 11:41:01,094] {dag.py:2371} INFO - Sync 2 DAGs
[2023-03-30 11:41:01,134] {logging_mixin.py:115} INFO - [2023-03-30 11:41:01,134] {dag.py:2919} INFO - Setting next_dagrun for example_xcom_args to None, run_after=None
[2023-03-30 11:41:01,135] {logging_mixin.py:115} INFO - [2023-03-30 11:41:01,135] {dag.py:2919} INFO - Setting next_dagrun for example_xcom_args_with_operators to None, run_after=None
[2023-03-30 11:41:01,158] {processor.py:161} INFO - Processing /home/airflow/.local/lib/python3.7/site-packages/airflow/example_dags/example_xcomargs.py took 0.330 seconds
[2023-03-30 11:41:31,202] {processor.py:153} INFO - Started process (PID=878) to work on /home/airflow/.local/lib/python3.7/site-packages/airflow/example_dags/example_xcomargs.py
[2023-03-30 11:41:31,203] {processor.py:641} INFO - Processing file /home/airflow/.local/lib/python3.7/site-packages/airflow/example_dags/example_xcomargs.py for tasks to queue
[2023-03-30 11:41:31,205] {logging_mixin.py:115} INFO - [2023-03-30 11:41:31,205] {dagbag.py:507} INFO - Filling up the DagBag from /home/airflow/.local/lib/python3.7/site-packages/airflow/example_dags/example_xcomargs.py
[2023-03-30 11:41:31,218] {processor.py:651} INFO - DAG(s) dict_keys(['example_xcom_args', 'example_xcom_args_with_operators']) retrieved from /home/airflow/.local/lib/python3.7/site-packages/airflow/example_dags/example_xcomargs.py
[2023-03-30 11:41:31,327] {logging_mixin.py:115} INFO - [2023-03-30 11:41:31,327] {dag.py:2371} INFO - Sync 2 DAGs
[2023-03-30 11:41:31,466] {logging_mixin.py:115} INFO - [2023-03-30 11:41:31,466] {dag.py:2919} INFO - Setting next_dagrun for example_xcom_args to None, run_after=None
[2023-03-30 11:41:31,467] {logging_mixin.py:115} INFO - [2023-03-30 11:41:31,467] {dag.py:2919} INFO - Setting next_dagrun for example_xcom_args_with_operators to None, run_after=None
[2023-03-30 11:41:31,489] {processor.py:161} INFO - Processing /home/airflow/.local/lib/python3.7/site-packages/airflow/example_dags/example_xcomargs.py took 0.290 seconds
[2023-03-30 11:42:01,602] {processor.py:153} INFO - Started process (PID=933) to work on /home/airflow/.local/lib/python3.7/site-packages/airflow/example_dags/example_xcomargs.py
[2023-03-30 11:42:01,603] {processor.py:641} INFO - Processing file /home/airflow/.local/lib/python3.7/site-packages/airflow/example_dags/example_xcomargs.py for tasks to queue
[2023-03-30 11:42:01,604] {logging_mixin.py:115} INFO - [2023-03-30 11:42:01,604] {dagbag.py:507} INFO - Filling up the DagBag from /home/airflow/.local/lib/python3.7/site-packages/airflow/example_dags/example_xcomargs.py
[2023-03-30 11:42:01,616] {processor.py:651} INFO - DAG(s) dict_keys(['example_xcom_args', 'example_xcom_args_with_operators']) retrieved from /home/airflow/.local/lib/python3.7/site-packages/airflow/example_dags/example_xcomargs.py
[2023-03-30 11:42:01,859] {logging_mixin.py:115} INFO - [2023-03-30 11:42:01,859] {dag.py:2371} INFO - Sync 2 DAGs
[2023-03-30 11:42:01,899] {logging_mixin.py:115} INFO - [2023-03-30 11:42:01,899] {dag.py:2919} INFO - Setting next_dagrun for example_xcom_args to None, run_after=None
[2023-03-30 11:42:01,900] {logging_mixin.py:115} INFO - [2023-03-30 11:42:01,900] {dag.py:2919} INFO - Setting next_dagrun for example_xcom_args_with_operators to None, run_after=None
[2023-03-30 11:42:01,925] {processor.py:161} INFO - Processing /home/airflow/.local/lib/python3.7/site-packages/airflow/example_dags/example_xcomargs.py took 0.326 seconds
[2023-03-30 11:42:32,054] {processor.py:153} INFO - Started process (PID=995) to work on /home/airflow/.local/lib/python3.7/site-packages/airflow/example_dags/example_xcomargs.py
[2023-03-30 11:42:32,055] {processor.py:641} INFO - Processing file /home/airflow/.local/lib/python3.7/site-packages/airflow/example_dags/example_xcomargs.py for tasks to queue
[2023-03-30 11:42:32,056] {logging_mixin.py:115} INFO - [2023-03-30 11:42:32,056] {dagbag.py:507} INFO - Filling up the DagBag from /home/airflow/.local/lib/python3.7/site-packages/airflow/example_dags/example_xcomargs.py
[2023-03-30 11:42:32,068] {processor.py:651} INFO - DAG(s) dict_keys(['example_xcom_args', 'example_xcom_args_with_operators']) retrieved from /home/airflow/.local/lib/python3.7/site-packages/airflow/example_dags/example_xcomargs.py
[2023-03-30 11:42:32,172] {logging_mixin.py:115} INFO - [2023-03-30 11:42:32,172] {dag.py:2371} INFO - Sync 2 DAGs
[2023-03-30 11:42:32,314] {logging_mixin.py:115} INFO - [2023-03-30 11:42:32,314] {dag.py:2919} INFO - Setting next_dagrun for example_xcom_args to None, run_after=None
[2023-03-30 11:42:32,315] {logging_mixin.py:115} INFO - [2023-03-30 11:42:32,315] {dag.py:2919} INFO - Setting next_dagrun for example_xcom_args_with_operators to None, run_after=None
[2023-03-30 11:42:32,336] {processor.py:161} INFO - Processing /home/airflow/.local/lib/python3.7/site-packages/airflow/example_dags/example_xcomargs.py took 0.285 seconds
[2023-03-30 11:43:02,469] {processor.py:153} INFO - Started process (PID=1057) to work on /home/airflow/.local/lib/python3.7/site-packages/airflow/example_dags/example_xcomargs.py
[2023-03-30 11:43:02,470] {processor.py:641} INFO - Processing file /home/airflow/.local/lib/python3.7/site-packages/airflow/example_dags/example_xcomargs.py for tasks to queue
[2023-03-30 11:43:02,471] {logging_mixin.py:115} INFO - [2023-03-30 11:43:02,471] {dagbag.py:507} INFO - Filling up the DagBag from /home/airflow/.local/lib/python3.7/site-packages/airflow/example_dags/example_xcomargs.py
[2023-03-30 11:43:02,483] {processor.py:651} INFO - DAG(s) dict_keys(['example_xcom_args', 'example_xcom_args_with_operators']) retrieved from /home/airflow/.local/lib/python3.7/site-packages/airflow/example_dags/example_xcomargs.py
[2023-03-30 11:43:02,726] {logging_mixin.py:115} INFO - [2023-03-30 11:43:02,726] {dag.py:2371} INFO - Sync 2 DAGs
[2023-03-30 11:43:02,765] {logging_mixin.py:115} INFO - [2023-03-30 11:43:02,764] {dag.py:2919} INFO - Setting next_dagrun for example_xcom_args to None, run_after=None
[2023-03-30 11:43:02,766] {logging_mixin.py:115} INFO - [2023-03-30 11:43:02,765] {dag.py:2919} INFO - Setting next_dagrun for example_xcom_args_with_operators to None, run_after=None
[2023-03-30 11:43:02,790] {processor.py:161} INFO - Processing /home/airflow/.local/lib/python3.7/site-packages/airflow/example_dags/example_xcomargs.py took 0.324 seconds
[2023-03-30 11:43:33,151] {processor.py:153} INFO - Started process (PID=1120) to work on /home/airflow/.local/lib/python3.7/site-packages/airflow/example_dags/example_xcomargs.py
[2023-03-30 11:43:33,152] {processor.py:641} INFO - Processing file /home/airflow/.local/lib/python3.7/site-packages/airflow/example_dags/example_xcomargs.py for tasks to queue
[2023-03-30 11:43:33,153] {logging_mixin.py:115} INFO - [2023-03-30 11:43:33,153] {dagbag.py:507} INFO - Filling up the DagBag from /home/airflow/.local/lib/python3.7/site-packages/airflow/example_dags/example_xcomargs.py
[2023-03-30 11:43:33,166] {processor.py:651} INFO - DAG(s) dict_keys(['example_xcom_args', 'example_xcom_args_with_operators']) retrieved from /home/airflow/.local/lib/python3.7/site-packages/airflow/example_dags/example_xcomargs.py
[2023-03-30 11:43:33,354] {logging_mixin.py:115} INFO - [2023-03-30 11:43:33,354] {dag.py:2371} INFO - Sync 2 DAGs
[2023-03-30 11:43:33,540] {logging_mixin.py:115} INFO - [2023-03-30 11:43:33,540] {dag.py:2919} INFO - Setting next_dagrun for example_xcom_args to None, run_after=None
[2023-03-30 11:43:33,541] {logging_mixin.py:115} INFO - [2023-03-30 11:43:33,541] {dag.py:2919} INFO - Setting next_dagrun for example_xcom_args_with_operators to None, run_after=None
[2023-03-30 11:43:33,563] {processor.py:161} INFO - Processing /home/airflow/.local/lib/python3.7/site-packages/airflow/example_dags/example_xcomargs.py took 0.414 seconds
[2023-03-30 11:44:03,842] {processor.py:153} INFO - Started process (PID=1180) to work on /home/airflow/.local/lib/python3.7/site-packages/airflow/example_dags/example_xcomargs.py
[2023-03-30 11:44:03,842] {processor.py:641} INFO - Processing file /home/airflow/.local/lib/python3.7/site-packages/airflow/example_dags/example_xcomargs.py for tasks to queue
[2023-03-30 11:44:03,843] {logging_mixin.py:115} INFO - [2023-03-30 11:44:03,843] {dagbag.py:507} INFO - Filling up the DagBag from /home/airflow/.local/lib/python3.7/site-packages/airflow/example_dags/example_xcomargs.py
[2023-03-30 11:44:03,856] {processor.py:651} INFO - DAG(s) dict_keys(['example_xcom_args', 'example_xcom_args_with_operators']) retrieved from /home/airflow/.local/lib/python3.7/site-packages/airflow/example_dags/example_xcomargs.py
[2023-03-30 11:44:03,965] {logging_mixin.py:115} INFO - [2023-03-30 11:44:03,965] {dag.py:2371} INFO - Sync 2 DAGs
[2023-03-30 11:44:04,122] {logging_mixin.py:115} INFO - [2023-03-30 11:44:04,122] {dag.py:2919} INFO - Setting next_dagrun for example_xcom_args to None, run_after=None
[2023-03-30 11:44:04,123] {logging_mixin.py:115} INFO - [2023-03-30 11:44:04,123] {dag.py:2919} INFO - Setting next_dagrun for example_xcom_args_with_operators to None, run_after=None
[2023-03-30 11:44:04,146] {processor.py:161} INFO - Processing /home/airflow/.local/lib/python3.7/site-packages/airflow/example_dags/example_xcomargs.py took 0.307 seconds
[2023-03-30 11:44:34,671] {processor.py:153} INFO - Started process (PID=1238) to work on /home/airflow/.local/lib/python3.7/site-packages/airflow/example_dags/example_xcomargs.py
[2023-03-30 11:44:34,672] {processor.py:641} INFO - Processing file /home/airflow/.local/lib/python3.7/site-packages/airflow/example_dags/example_xcomargs.py for tasks to queue
[2023-03-30 11:44:34,673] {logging_mixin.py:115} INFO - [2023-03-30 11:44:34,673] {dagbag.py:507} INFO - Filling up the DagBag from /home/airflow/.local/lib/python3.7/site-packages/airflow/example_dags/example_xcomargs.py
[2023-03-30 11:44:34,686] {processor.py:651} INFO - DAG(s) dict_keys(['example_xcom_args', 'example_xcom_args_with_operators']) retrieved from /home/airflow/.local/lib/python3.7/site-packages/airflow/example_dags/example_xcomargs.py
[2023-03-30 11:44:34,787] {logging_mixin.py:115} INFO - [2023-03-30 11:44:34,787] {dag.py:2371} INFO - Sync 2 DAGs
[2023-03-30 11:44:34,927] {logging_mixin.py:115} INFO - [2023-03-30 11:44:34,927] {dag.py:2919} INFO - Setting next_dagrun for example_xcom_args to None, run_after=None
[2023-03-30 11:44:34,928] {logging_mixin.py:115} INFO - [2023-03-30 11:44:34,927] {dag.py:2919} INFO - Setting next_dagrun for example_xcom_args_with_operators to None, run_after=None
[2023-03-30 11:44:34,951] {processor.py:161} INFO - Processing /home/airflow/.local/lib/python3.7/site-packages/airflow/example_dags/example_xcomargs.py took 0.282 seconds
[2023-03-30 11:45:05,407] {processor.py:153} INFO - Started process (PID=1298) to work on /home/airflow/.local/lib/python3.7/site-packages/airflow/example_dags/example_xcomargs.py
[2023-03-30 11:45:05,408] {processor.py:641} INFO - Processing file /home/airflow/.local/lib/python3.7/site-packages/airflow/example_dags/example_xcomargs.py for tasks to queue
[2023-03-30 11:45:05,409] {logging_mixin.py:115} INFO - [2023-03-30 11:45:05,409] {dagbag.py:507} INFO - Filling up the DagBag from /home/airflow/.local/lib/python3.7/site-packages/airflow/example_dags/example_xcomargs.py
[2023-03-30 11:45:05,421] {processor.py:651} INFO - DAG(s) dict_keys(['example_xcom_args', 'example_xcom_args_with_operators']) retrieved from /home/airflow/.local/lib/python3.7/site-packages/airflow/example_dags/example_xcomargs.py
[2023-03-30 11:45:05,668] {logging_mixin.py:115} INFO - [2023-03-30 11:45:05,668] {dag.py:2371} INFO - Sync 2 DAGs
[2023-03-30 11:45:05,709] {logging_mixin.py:115} INFO - [2023-03-30 11:45:05,708] {dag.py:2919} INFO - Setting next_dagrun for example_xcom_args to None, run_after=None
[2023-03-30 11:45:05,709] {logging_mixin.py:115} INFO - [2023-03-30 11:45:05,709] {dag.py:2919} INFO - Setting next_dagrun for example_xcom_args_with_operators to None, run_after=None
[2023-03-30 11:45:05,736] {processor.py:161} INFO - Processing /home/airflow/.local/lib/python3.7/site-packages/airflow/example_dags/example_xcomargs.py took 0.334 seconds
[2023-03-30 11:45:36,619] {processor.py:153} INFO - Started process (PID=1361) to work on /home/airflow/.local/lib/python3.7/site-packages/airflow/example_dags/example_xcomargs.py
[2023-03-30 11:45:36,620] {processor.py:641} INFO - Processing file /home/airflow/.local/lib/python3.7/site-packages/airflow/example_dags/example_xcomargs.py for tasks to queue
[2023-03-30 11:45:36,621] {logging_mixin.py:115} INFO - [2023-03-30 11:45:36,621] {dagbag.py:507} INFO - Filling up the DagBag from /home/airflow/.local/lib/python3.7/site-packages/airflow/example_dags/example_xcomargs.py
[2023-03-30 11:45:36,633] {processor.py:651} INFO - DAG(s) dict_keys(['example_xcom_args', 'example_xcom_args_with_operators']) retrieved from /home/airflow/.local/lib/python3.7/site-packages/airflow/example_dags/example_xcomargs.py
[2023-03-30 11:45:36,881] {logging_mixin.py:115} INFO - [2023-03-30 11:45:36,881] {dag.py:2371} INFO - Sync 2 DAGs
[2023-03-30 11:45:36,921] {logging_mixin.py:115} INFO - [2023-03-30 11:45:36,921] {dag.py:2919} INFO - Setting next_dagrun for example_xcom_args to None, run_after=None
[2023-03-30 11:45:36,923] {logging_mixin.py:115} INFO - [2023-03-30 11:45:36,923] {dag.py:2919} INFO - Setting next_dagrun for example_xcom_args_with_operators to None, run_after=None
[2023-03-30 11:45:36,948] {processor.py:161} INFO - Processing /home/airflow/.local/lib/python3.7/site-packages/airflow/example_dags/example_xcomargs.py took 0.332 seconds
[2023-03-30 11:46:07,096] {processor.py:153} INFO - Started process (PID=1424) to work on /home/airflow/.local/lib/python3.7/site-packages/airflow/example_dags/example_xcomargs.py
[2023-03-30 11:46:07,097] {processor.py:641} INFO - Processing file /home/airflow/.local/lib/python3.7/site-packages/airflow/example_dags/example_xcomargs.py for tasks to queue
[2023-03-30 11:46:07,098] {logging_mixin.py:115} INFO - [2023-03-30 11:46:07,098] {dagbag.py:507} INFO - Filling up the DagBag from /home/airflow/.local/lib/python3.7/site-packages/airflow/example_dags/example_xcomargs.py
[2023-03-30 11:46:07,111] {processor.py:651} INFO - DAG(s) dict_keys(['example_xcom_args', 'example_xcom_args_with_operators']) retrieved from /home/airflow/.local/lib/python3.7/site-packages/airflow/example_dags/example_xcomargs.py
[2023-03-30 11:46:07,390] {logging_mixin.py:115} INFO - [2023-03-30 11:46:07,390] {dag.py:2371} INFO - Sync 2 DAGs
[2023-03-30 11:46:07,434] {logging_mixin.py:115} INFO - [2023-03-30 11:46:07,434] {dag.py:2919} INFO - Setting next_dagrun for example_xcom_args to None, run_after=None
[2023-03-30 11:46:07,435] {logging_mixin.py:115} INFO - [2023-03-30 11:46:07,435] {dag.py:2919} INFO - Setting next_dagrun for example_xcom_args_with_operators to None, run_after=None
[2023-03-30 11:46:07,464] {processor.py:161} INFO - Processing /home/airflow/.local/lib/python3.7/site-packages/airflow/example_dags/example_xcomargs.py took 0.371 seconds
[2023-03-30 11:46:37,805] {processor.py:153} INFO - Started process (PID=1486) to work on /home/airflow/.local/lib/python3.7/site-packages/airflow/example_dags/example_xcomargs.py
[2023-03-30 11:46:37,806] {processor.py:641} INFO - Processing file /home/airflow/.local/lib/python3.7/site-packages/airflow/example_dags/example_xcomargs.py for tasks to queue
[2023-03-30 11:46:37,807] {logging_mixin.py:115} INFO - [2023-03-30 11:46:37,807] {dagbag.py:507} INFO - Filling up the DagBag from /home/airflow/.local/lib/python3.7/site-packages/airflow/example_dags/example_xcomargs.py
[2023-03-30 11:46:37,818] {processor.py:651} INFO - DAG(s) dict_keys(['example_xcom_args', 'example_xcom_args_with_operators']) retrieved from /home/airflow/.local/lib/python3.7/site-packages/airflow/example_dags/example_xcomargs.py
[2023-03-30 11:46:37,933] {logging_mixin.py:115} INFO - [2023-03-30 11:46:37,933] {dag.py:2371} INFO - Sync 2 DAGs
[2023-03-30 11:46:38,098] {logging_mixin.py:115} INFO - [2023-03-30 11:46:38,098] {dag.py:2919} INFO - Setting next_dagrun for example_xcom_args to None, run_after=None
[2023-03-30 11:46:38,100] {logging_mixin.py:115} INFO - [2023-03-30 11:46:38,100] {dag.py:2919} INFO - Setting next_dagrun for example_xcom_args_with_operators to None, run_after=None
[2023-03-30 11:46:38,125] {processor.py:161} INFO - Processing /home/airflow/.local/lib/python3.7/site-packages/airflow/example_dags/example_xcomargs.py took 0.323 seconds
[2023-03-30 11:47:08,232] {processor.py:153} INFO - Started process (PID=1540) to work on /home/airflow/.local/lib/python3.7/site-packages/airflow/example_dags/example_xcomargs.py
[2023-03-30 11:47:08,234] {processor.py:641} INFO - Processing file /home/airflow/.local/lib/python3.7/site-packages/airflow/example_dags/example_xcomargs.py for tasks to queue
[2023-03-30 11:47:08,234] {logging_mixin.py:115} INFO - [2023-03-30 11:47:08,234] {dagbag.py:507} INFO - Filling up the DagBag from /home/airflow/.local/lib/python3.7/site-packages/airflow/example_dags/example_xcomargs.py
[2023-03-30 11:47:08,247] {processor.py:651} INFO - DAG(s) dict_keys(['example_xcom_args', 'example_xcom_args_with_operators']) retrieved from /home/airflow/.local/lib/python3.7/site-packages/airflow/example_dags/example_xcomargs.py
[2023-03-30 11:47:08,349] {logging_mixin.py:115} INFO - [2023-03-30 11:47:08,349] {dag.py:2371} INFO - Sync 2 DAGs
[2023-03-30 11:47:08,497] {logging_mixin.py:115} INFO - [2023-03-30 11:47:08,497] {dag.py:2919} INFO - Setting next_dagrun for example_xcom_args to None, run_after=None
[2023-03-30 11:47:08,498] {logging_mixin.py:115} INFO - [2023-03-30 11:47:08,498] {dag.py:2919} INFO - Setting next_dagrun for example_xcom_args_with_operators to None, run_after=None
[2023-03-30 11:47:08,520] {processor.py:161} INFO - Processing /home/airflow/.local/lib/python3.7/site-packages/airflow/example_dags/example_xcomargs.py took 0.290 seconds
[2023-03-30 11:47:38,693] {processor.py:153} INFO - Started process (PID=1603) to work on /home/airflow/.local/lib/python3.7/site-packages/airflow/example_dags/example_xcomargs.py
[2023-03-30 11:47:38,694] {processor.py:641} INFO - Processing file /home/airflow/.local/lib/python3.7/site-packages/airflow/example_dags/example_xcomargs.py for tasks to queue
[2023-03-30 11:47:38,695] {logging_mixin.py:115} INFO - [2023-03-30 11:47:38,695] {dagbag.py:507} INFO - Filling up the DagBag from /home/airflow/.local/lib/python3.7/site-packages/airflow/example_dags/example_xcomargs.py
[2023-03-30 11:47:38,708] {processor.py:651} INFO - DAG(s) dict_keys(['example_xcom_args', 'example_xcom_args_with_operators']) retrieved from /home/airflow/.local/lib/python3.7/site-packages/airflow/example_dags/example_xcomargs.py
[2023-03-30 11:47:38,962] {logging_mixin.py:115} INFO - [2023-03-30 11:47:38,962] {dag.py:2371} INFO - Sync 2 DAGs
[2023-03-30 11:47:39,001] {logging_mixin.py:115} INFO - [2023-03-30 11:47:39,001] {dag.py:2919} INFO - Setting next_dagrun for example_xcom_args to None, run_after=None
[2023-03-30 11:47:39,002] {logging_mixin.py:115} INFO - [2023-03-30 11:47:39,002] {dag.py:2919} INFO - Setting next_dagrun for example_xcom_args_with_operators to None, run_after=None
[2023-03-30 11:47:39,027] {processor.py:161} INFO - Processing /home/airflow/.local/lib/python3.7/site-packages/airflow/example_dags/example_xcomargs.py took 0.337 seconds
[2023-03-30 11:48:09,854] {processor.py:153} INFO - Started process (PID=1666) to work on /home/airflow/.local/lib/python3.7/site-packages/airflow/example_dags/example_xcomargs.py
[2023-03-30 11:48:09,855] {processor.py:641} INFO - Processing file /home/airflow/.local/lib/python3.7/site-packages/airflow/example_dags/example_xcomargs.py for tasks to queue
[2023-03-30 11:48:09,856] {logging_mixin.py:115} INFO - [2023-03-30 11:48:09,856] {dagbag.py:507} INFO - Filling up the DagBag from /home/airflow/.local/lib/python3.7/site-packages/airflow/example_dags/example_xcomargs.py
[2023-03-30 11:48:09,869] {processor.py:651} INFO - DAG(s) dict_keys(['example_xcom_args', 'example_xcom_args_with_operators']) retrieved from /home/airflow/.local/lib/python3.7/site-packages/airflow/example_dags/example_xcomargs.py
[2023-03-30 11:48:10,115] {logging_mixin.py:115} INFO - [2023-03-30 11:48:10,114] {dag.py:2371} INFO - Sync 2 DAGs
[2023-03-30 11:48:10,156] {logging_mixin.py:115} INFO - [2023-03-30 11:48:10,156] {dag.py:2919} INFO - Setting next_dagrun for example_xcom_args to None, run_after=None
[2023-03-30 11:48:10,157] {logging_mixin.py:115} INFO - [2023-03-30 11:48:10,157] {dag.py:2919} INFO - Setting next_dagrun for example_xcom_args_with_operators to None, run_after=None
[2023-03-30 11:48:10,184] {processor.py:161} INFO - Processing /home/airflow/.local/lib/python3.7/site-packages/airflow/example_dags/example_xcomargs.py took 0.333 seconds
[2023-03-30 11:48:41,217] {processor.py:153} INFO - Started process (PID=1729) to work on /home/airflow/.local/lib/python3.7/site-packages/airflow/example_dags/example_xcomargs.py
[2023-03-30 11:48:41,218] {processor.py:641} INFO - Processing file /home/airflow/.local/lib/python3.7/site-packages/airflow/example_dags/example_xcomargs.py for tasks to queue
[2023-03-30 11:48:41,219] {logging_mixin.py:115} INFO - [2023-03-30 11:48:41,219] {dagbag.py:507} INFO - Filling up the DagBag from /home/airflow/.local/lib/python3.7/site-packages/airflow/example_dags/example_xcomargs.py
[2023-03-30 11:48:41,232] {processor.py:651} INFO - DAG(s) dict_keys(['example_xcom_args', 'example_xcom_args_with_operators']) retrieved from /home/airflow/.local/lib/python3.7/site-packages/airflow/example_dags/example_xcomargs.py
[2023-03-30 11:48:41,479] {logging_mixin.py:115} INFO - [2023-03-30 11:48:41,479] {dag.py:2371} INFO - Sync 2 DAGs
[2023-03-30 11:48:41,519] {logging_mixin.py:115} INFO - [2023-03-30 11:48:41,519] {dag.py:2919} INFO - Setting next_dagrun for example_xcom_args to None, run_after=None
[2023-03-30 11:48:41,520] {logging_mixin.py:115} INFO - [2023-03-30 11:48:41,520] {dag.py:2919} INFO - Setting next_dagrun for example_xcom_args_with_operators to None, run_after=None
[2023-03-30 11:48:41,545] {processor.py:161} INFO - Processing /home/airflow/.local/lib/python3.7/site-packages/airflow/example_dags/example_xcomargs.py took 0.331 seconds
[2023-03-30 11:49:11,871] {processor.py:153} INFO - Started process (PID=1790) to work on /home/airflow/.local/lib/python3.7/site-packages/airflow/example_dags/example_xcomargs.py
[2023-03-30 11:49:11,872] {processor.py:641} INFO - Processing file /home/airflow/.local/lib/python3.7/site-packages/airflow/example_dags/example_xcomargs.py for tasks to queue
[2023-03-30 11:49:11,873] {logging_mixin.py:115} INFO - [2023-03-30 11:49:11,873] {dagbag.py:507} INFO - Filling up the DagBag from /home/airflow/.local/lib/python3.7/site-packages/airflow/example_dags/example_xcomargs.py
[2023-03-30 11:49:11,885] {processor.py:651} INFO - DAG(s) dict_keys(['example_xcom_args', 'example_xcom_args_with_operators']) retrieved from /home/airflow/.local/lib/python3.7/site-packages/airflow/example_dags/example_xcomargs.py
[2023-03-30 11:49:12,133] {logging_mixin.py:115} INFO - [2023-03-30 11:49:12,133] {dag.py:2371} INFO - Sync 2 DAGs
[2023-03-30 11:49:12,174] {logging_mixin.py:115} INFO - [2023-03-30 11:49:12,174] {dag.py:2919} INFO - Setting next_dagrun for example_xcom_args to None, run_after=None
[2023-03-30 11:49:12,174] {logging_mixin.py:115} INFO - [2023-03-30 11:49:12,174] {dag.py:2919} INFO - Setting next_dagrun for example_xcom_args_with_operators to None, run_after=None
[2023-03-30 11:49:12,200] {processor.py:161} INFO - Processing /home/airflow/.local/lib/python3.7/site-packages/airflow/example_dags/example_xcomargs.py took 0.332 seconds
[2023-03-30 11:49:42,395] {processor.py:153} INFO - Started process (PID=1844) to work on /home/airflow/.local/lib/python3.7/site-packages/airflow/example_dags/example_xcomargs.py
[2023-03-30 11:49:42,395] {processor.py:641} INFO - Processing file /home/airflow/.local/lib/python3.7/site-packages/airflow/example_dags/example_xcomargs.py for tasks to queue
[2023-03-30 11:49:42,396] {logging_mixin.py:115} INFO - [2023-03-30 11:49:42,396] {dagbag.py:507} INFO - Filling up the DagBag from /home/airflow/.local/lib/python3.7/site-packages/airflow/example_dags/example_xcomargs.py
[2023-03-30 11:49:42,409] {processor.py:651} INFO - DAG(s) dict_keys(['example_xcom_args', 'example_xcom_args_with_operators']) retrieved from /home/airflow/.local/lib/python3.7/site-packages/airflow/example_dags/example_xcomargs.py
[2023-03-30 11:49:42,659] {logging_mixin.py:115} INFO - [2023-03-30 11:49:42,659] {dag.py:2371} INFO - Sync 2 DAGs
[2023-03-30 11:49:42,700] {logging_mixin.py:115} INFO - [2023-03-30 11:49:42,700] {dag.py:2919} INFO - Setting next_dagrun for example_xcom_args to None, run_after=None
[2023-03-30 11:49:42,701] {logging_mixin.py:115} INFO - [2023-03-30 11:49:42,701] {dag.py:2919} INFO - Setting next_dagrun for example_xcom_args_with_operators to None, run_after=None
[2023-03-30 11:49:42,727] {processor.py:161} INFO - Processing /home/airflow/.local/lib/python3.7/site-packages/airflow/example_dags/example_xcomargs.py took 0.335 seconds
[2023-03-30 11:50:13,107] {processor.py:153} INFO - Started process (PID=1907) to work on /home/airflow/.local/lib/python3.7/site-packages/airflow/example_dags/example_xcomargs.py
[2023-03-30 11:50:13,109] {processor.py:641} INFO - Processing file /home/airflow/.local/lib/python3.7/site-packages/airflow/example_dags/example_xcomargs.py for tasks to queue
[2023-03-30 11:50:13,109] {logging_mixin.py:115} INFO - [2023-03-30 11:50:13,109] {dagbag.py:507} INFO - Filling up the DagBag from /home/airflow/.local/lib/python3.7/site-packages/airflow/example_dags/example_xcomargs.py
[2023-03-30 11:50:13,122] {processor.py:651} INFO - DAG(s) dict_keys(['example_xcom_args', 'example_xcom_args_with_operators']) retrieved from /home/airflow/.local/lib/python3.7/site-packages/airflow/example_dags/example_xcomargs.py
[2023-03-30 11:50:13,365] {logging_mixin.py:115} INFO - [2023-03-30 11:50:13,365] {dag.py:2371} INFO - Sync 2 DAGs
[2023-03-30 11:50:13,405] {logging_mixin.py:115} INFO - [2023-03-30 11:50:13,405] {dag.py:2919} INFO - Setting next_dagrun for example_xcom_args to None, run_after=None
[2023-03-30 11:50:13,406] {logging_mixin.py:115} INFO - [2023-03-30 11:50:13,406] {dag.py:2919} INFO - Setting next_dagrun for example_xcom_args_with_operators to None, run_after=None
[2023-03-30 11:50:13,432] {processor.py:161} INFO - Processing /home/airflow/.local/lib/python3.7/site-packages/airflow/example_dags/example_xcomargs.py took 0.328 seconds
[2023-03-30 11:50:43,540] {processor.py:153} INFO - Started process (PID=1970) to work on /home/airflow/.local/lib/python3.7/site-packages/airflow/example_dags/example_xcomargs.py
[2023-03-30 11:50:43,540] {processor.py:641} INFO - Processing file /home/airflow/.local/lib/python3.7/site-packages/airflow/example_dags/example_xcomargs.py for tasks to queue
[2023-03-30 11:50:43,541] {logging_mixin.py:115} INFO - [2023-03-30 11:50:43,541] {dagbag.py:507} INFO - Filling up the DagBag from /home/airflow/.local/lib/python3.7/site-packages/airflow/example_dags/example_xcomargs.py
[2023-03-30 11:50:43,553] {processor.py:651} INFO - DAG(s) dict_keys(['example_xcom_args', 'example_xcom_args_with_operators']) retrieved from /home/airflow/.local/lib/python3.7/site-packages/airflow/example_dags/example_xcomargs.py
[2023-03-30 11:50:43,961] {logging_mixin.py:115} INFO - [2023-03-30 11:50:43,961] {dag.py:2371} INFO - Sync 2 DAGs
[2023-03-30 11:50:44,003] {logging_mixin.py:115} INFO - [2023-03-30 11:50:44,003] {dag.py:2919} INFO - Setting next_dagrun for example_xcom_args to None, run_after=None
[2023-03-30 11:50:44,004] {logging_mixin.py:115} INFO - [2023-03-30 11:50:44,004] {dag.py:2919} INFO - Setting next_dagrun for example_xcom_args_with_operators to None, run_after=None
[2023-03-30 11:50:44,031] {processor.py:161} INFO - Processing /home/airflow/.local/lib/python3.7/site-packages/airflow/example_dags/example_xcomargs.py took 0.493 seconds
[2023-03-30 11:51:14,071] {processor.py:153} INFO - Started process (PID=2032) to work on /home/airflow/.local/lib/python3.7/site-packages/airflow/example_dags/example_xcomargs.py
[2023-03-30 11:51:14,072] {processor.py:641} INFO - Processing file /home/airflow/.local/lib/python3.7/site-packages/airflow/example_dags/example_xcomargs.py for tasks to queue
[2023-03-30 11:51:14,073] {logging_mixin.py:115} INFO - [2023-03-30 11:51:14,072] {dagbag.py:507} INFO - Filling up the DagBag from /home/airflow/.local/lib/python3.7/site-packages/airflow/example_dags/example_xcomargs.py
[2023-03-30 11:51:14,086] {processor.py:651} INFO - DAG(s) dict_keys(['example_xcom_args', 'example_xcom_args_with_operators']) retrieved from /home/airflow/.local/lib/python3.7/site-packages/airflow/example_dags/example_xcomargs.py
[2023-03-30 11:51:14,190] {logging_mixin.py:115} INFO - [2023-03-30 11:51:14,190] {dag.py:2371} INFO - Sync 2 DAGs
[2023-03-30 11:51:14,323] {logging_mixin.py:115} INFO - [2023-03-30 11:51:14,323] {dag.py:2919} INFO - Setting next_dagrun for example_xcom_args to None, run_after=None
[2023-03-30 11:51:14,324] {logging_mixin.py:115} INFO - [2023-03-30 11:51:14,324] {dag.py:2919} INFO - Setting next_dagrun for example_xcom_args_with_operators to None, run_after=None
[2023-03-30 11:51:14,346] {processor.py:161} INFO - Processing /home/airflow/.local/lib/python3.7/site-packages/airflow/example_dags/example_xcomargs.py took 0.278 seconds
[2023-03-30 11:51:44,427] {processor.py:153} INFO - Started process (PID=2095) to work on /home/airflow/.local/lib/python3.7/site-packages/airflow/example_dags/example_xcomargs.py
[2023-03-30 11:51:44,428] {processor.py:641} INFO - Processing file /home/airflow/.local/lib/python3.7/site-packages/airflow/example_dags/example_xcomargs.py for tasks to queue
[2023-03-30 11:51:44,429] {logging_mixin.py:115} INFO - [2023-03-30 11:51:44,429] {dagbag.py:507} INFO - Filling up the DagBag from /home/airflow/.local/lib/python3.7/site-packages/airflow/example_dags/example_xcomargs.py
[2023-03-30 11:51:44,442] {processor.py:651} INFO - DAG(s) dict_keys(['example_xcom_args', 'example_xcom_args_with_operators']) retrieved from /home/airflow/.local/lib/python3.7/site-packages/airflow/example_dags/example_xcomargs.py
[2023-03-30 11:51:44,687] {logging_mixin.py:115} INFO - [2023-03-30 11:51:44,687] {dag.py:2371} INFO - Sync 2 DAGs
[2023-03-30 11:51:44,726] {logging_mixin.py:115} INFO - [2023-03-30 11:51:44,726] {dag.py:2919} INFO - Setting next_dagrun for example_xcom_args to None, run_after=None
[2023-03-30 11:51:44,727] {logging_mixin.py:115} INFO - [2023-03-30 11:51:44,727] {dag.py:2919} INFO - Setting next_dagrun for example_xcom_args_with_operators to None, run_after=None
[2023-03-30 11:51:44,752] {processor.py:161} INFO - Processing /home/airflow/.local/lib/python3.7/site-packages/airflow/example_dags/example_xcomargs.py took 0.328 seconds
[2023-03-30 11:52:15,450] {processor.py:153} INFO - Started process (PID=2150) to work on /home/airflow/.local/lib/python3.7/site-packages/airflow/example_dags/example_xcomargs.py
[2023-03-30 11:52:15,451] {processor.py:641} INFO - Processing file /home/airflow/.local/lib/python3.7/site-packages/airflow/example_dags/example_xcomargs.py for tasks to queue
[2023-03-30 11:52:15,452] {logging_mixin.py:115} INFO - [2023-03-30 11:52:15,452] {dagbag.py:507} INFO - Filling up the DagBag from /home/airflow/.local/lib/python3.7/site-packages/airflow/example_dags/example_xcomargs.py
[2023-03-30 11:52:15,464] {processor.py:651} INFO - DAG(s) dict_keys(['example_xcom_args', 'example_xcom_args_with_operators']) retrieved from /home/airflow/.local/lib/python3.7/site-packages/airflow/example_dags/example_xcomargs.py
[2023-03-30 11:52:15,564] {logging_mixin.py:115} INFO - [2023-03-30 11:52:15,564] {dag.py:2371} INFO - Sync 2 DAGs
[2023-03-30 11:52:15,705] {logging_mixin.py:115} INFO - [2023-03-30 11:52:15,705] {dag.py:2919} INFO - Setting next_dagrun for example_xcom_args to None, run_after=None
[2023-03-30 11:52:15,706] {logging_mixin.py:115} INFO - [2023-03-30 11:52:15,706] {dag.py:2919} INFO - Setting next_dagrun for example_xcom_args_with_operators to None, run_after=None
[2023-03-30 11:52:15,729] {processor.py:161} INFO - Processing /home/airflow/.local/lib/python3.7/site-packages/airflow/example_dags/example_xcomargs.py took 0.282 seconds
[2023-03-30 11:52:46,050] {processor.py:153} INFO - Started process (PID=2212) to work on /home/airflow/.local/lib/python3.7/site-packages/airflow/example_dags/example_xcomargs.py
[2023-03-30 11:52:46,051] {processor.py:641} INFO - Processing file /home/airflow/.local/lib/python3.7/site-packages/airflow/example_dags/example_xcomargs.py for tasks to queue
[2023-03-30 11:52:46,052] {logging_mixin.py:115} INFO - [2023-03-30 11:52:46,052] {dagbag.py:507} INFO - Filling up the DagBag from /home/airflow/.local/lib/python3.7/site-packages/airflow/example_dags/example_xcomargs.py
[2023-03-30 11:52:46,064] {processor.py:651} INFO - DAG(s) dict_keys(['example_xcom_args', 'example_xcom_args_with_operators']) retrieved from /home/airflow/.local/lib/python3.7/site-packages/airflow/example_dags/example_xcomargs.py
[2023-03-30 11:52:46,166] {logging_mixin.py:115} INFO - [2023-03-30 11:52:46,166] {dag.py:2371} INFO - Sync 2 DAGs
[2023-03-30 11:52:46,316] {logging_mixin.py:115} INFO - [2023-03-30 11:52:46,316] {dag.py:2919} INFO - Setting next_dagrun for example_xcom_args to None, run_after=None
[2023-03-30 11:52:46,317] {logging_mixin.py:115} INFO - [2023-03-30 11:52:46,317] {dag.py:2919} INFO - Setting next_dagrun for example_xcom_args_with_operators to None, run_after=None
[2023-03-30 11:52:46,341] {processor.py:161} INFO - Processing /home/airflow/.local/lib/python3.7/site-packages/airflow/example_dags/example_xcomargs.py took 0.294 seconds
[2023-03-30 11:53:16,645] {processor.py:153} INFO - Started process (PID=2274) to work on /home/airflow/.local/lib/python3.7/site-packages/airflow/example_dags/example_xcomargs.py
[2023-03-30 11:53:16,646] {processor.py:641} INFO - Processing file /home/airflow/.local/lib/python3.7/site-packages/airflow/example_dags/example_xcomargs.py for tasks to queue
[2023-03-30 11:53:16,647] {logging_mixin.py:115} INFO - [2023-03-30 11:53:16,647] {dagbag.py:507} INFO - Filling up the DagBag from /home/airflow/.local/lib/python3.7/site-packages/airflow/example_dags/example_xcomargs.py
[2023-03-30 11:53:16,658] {processor.py:651} INFO - DAG(s) dict_keys(['example_xcom_args', 'example_xcom_args_with_operators']) retrieved from /home/airflow/.local/lib/python3.7/site-packages/airflow/example_dags/example_xcomargs.py
[2023-03-30 11:53:16,761] {logging_mixin.py:115} INFO - [2023-03-30 11:53:16,761] {dag.py:2371} INFO - Sync 2 DAGs
[2023-03-30 11:53:16,957] {logging_mixin.py:115} INFO - [2023-03-30 11:53:16,956] {dag.py:2919} INFO - Setting next_dagrun for example_xcom_args to None, run_after=None
[2023-03-30 11:53:16,976] {logging_mixin.py:115} INFO - [2023-03-30 11:53:16,976] {dag.py:2919} INFO - Setting next_dagrun for example_xcom_args_with_operators to None, run_after=None
[2023-03-30 11:53:17,076] {processor.py:161} INFO - Processing /home/airflow/.local/lib/python3.7/site-packages/airflow/example_dags/example_xcomargs.py took 0.434 seconds
[2023-03-30 11:53:48,340] {processor.py:153} INFO - Started process (PID=2338) to work on /home/airflow/.local/lib/python3.7/site-packages/airflow/example_dags/example_xcomargs.py
[2023-03-30 11:53:48,340] {processor.py:641} INFO - Processing file /home/airflow/.local/lib/python3.7/site-packages/airflow/example_dags/example_xcomargs.py for tasks to queue
[2023-03-30 11:53:48,341] {logging_mixin.py:115} INFO - [2023-03-30 11:53:48,341] {dagbag.py:507} INFO - Filling up the DagBag from /home/airflow/.local/lib/python3.7/site-packages/airflow/example_dags/example_xcomargs.py
[2023-03-30 11:53:48,355] {processor.py:651} INFO - DAG(s) dict_keys(['example_xcom_args', 'example_xcom_args_with_operators']) retrieved from /home/airflow/.local/lib/python3.7/site-packages/airflow/example_dags/example_xcomargs.py
[2023-03-30 11:53:48,603] {logging_mixin.py:115} INFO - [2023-03-30 11:53:48,602] {dag.py:2371} INFO - Sync 2 DAGs
[2023-03-30 11:53:48,641] {logging_mixin.py:115} INFO - [2023-03-30 11:53:48,641] {dag.py:2919} INFO - Setting next_dagrun for example_xcom_args to None, run_after=None
[2023-03-30 11:53:48,642] {logging_mixin.py:115} INFO - [2023-03-30 11:53:48,642] {dag.py:2919} INFO - Setting next_dagrun for example_xcom_args_with_operators to None, run_after=None
[2023-03-30 11:53:48,666] {processor.py:161} INFO - Processing /home/airflow/.local/lib/python3.7/site-packages/airflow/example_dags/example_xcomargs.py took 0.330 seconds
[2023-03-30 11:54:18,896] {processor.py:153} INFO - Started process (PID=2401) to work on /home/airflow/.local/lib/python3.7/site-packages/airflow/example_dags/example_xcomargs.py
[2023-03-30 11:54:18,897] {processor.py:641} INFO - Processing file /home/airflow/.local/lib/python3.7/site-packages/airflow/example_dags/example_xcomargs.py for tasks to queue
[2023-03-30 11:54:18,898] {logging_mixin.py:115} INFO - [2023-03-30 11:54:18,898] {dagbag.py:507} INFO - Filling up the DagBag from /home/airflow/.local/lib/python3.7/site-packages/airflow/example_dags/example_xcomargs.py
[2023-03-30 11:54:18,910] {processor.py:651} INFO - DAG(s) dict_keys(['example_xcom_args', 'example_xcom_args_with_operators']) retrieved from /home/airflow/.local/lib/python3.7/site-packages/airflow/example_dags/example_xcomargs.py
[2023-03-30 11:54:19,161] {logging_mixin.py:115} INFO - [2023-03-30 11:54:19,161] {dag.py:2371} INFO - Sync 2 DAGs
[2023-03-30 11:54:19,197] {logging_mixin.py:115} INFO - [2023-03-30 11:54:19,197] {dag.py:2919} INFO - Setting next_dagrun for example_xcom_args to None, run_after=None
[2023-03-30 11:54:19,198] {logging_mixin.py:115} INFO - [2023-03-30 11:54:19,198] {dag.py:2919} INFO - Setting next_dagrun for example_xcom_args_with_operators to None, run_after=None
[2023-03-30 11:54:19,223] {processor.py:161} INFO - Processing /home/airflow/.local/lib/python3.7/site-packages/airflow/example_dags/example_xcomargs.py took 0.330 seconds
[2023-03-30 11:54:49,352] {processor.py:153} INFO - Started process (PID=2463) to work on /home/airflow/.local/lib/python3.7/site-packages/airflow/example_dags/example_xcomargs.py
[2023-03-30 11:54:49,353] {processor.py:641} INFO - Processing file /home/airflow/.local/lib/python3.7/site-packages/airflow/example_dags/example_xcomargs.py for tasks to queue
[2023-03-30 11:54:49,354] {logging_mixin.py:115} INFO - [2023-03-30 11:54:49,354] {dagbag.py:507} INFO - Filling up the DagBag from /home/airflow/.local/lib/python3.7/site-packages/airflow/example_dags/example_xcomargs.py
[2023-03-30 11:54:49,367] {processor.py:651} INFO - DAG(s) dict_keys(['example_xcom_args', 'example_xcom_args_with_operators']) retrieved from /home/airflow/.local/lib/python3.7/site-packages/airflow/example_dags/example_xcomargs.py
[2023-03-30 11:54:49,643] {logging_mixin.py:115} INFO - [2023-03-30 11:54:49,643] {dag.py:2371} INFO - Sync 2 DAGs
[2023-03-30 11:54:49,684] {logging_mixin.py:115} INFO - [2023-03-30 11:54:49,684] {dag.py:2919} INFO - Setting next_dagrun for example_xcom_args to None, run_after=None
[2023-03-30 11:54:49,685] {logging_mixin.py:115} INFO - [2023-03-30 11:54:49,685] {dag.py:2919} INFO - Setting next_dagrun for example_xcom_args_with_operators to None, run_after=None
[2023-03-30 11:54:49,713] {processor.py:161} INFO - Processing /home/airflow/.local/lib/python3.7/site-packages/airflow/example_dags/example_xcomargs.py took 0.363 seconds
[2023-03-30 11:55:19,851] {processor.py:153} INFO - Started process (PID=2517) to work on /home/airflow/.local/lib/python3.7/site-packages/airflow/example_dags/example_xcomargs.py
[2023-03-30 11:55:19,852] {processor.py:641} INFO - Processing file /home/airflow/.local/lib/python3.7/site-packages/airflow/example_dags/example_xcomargs.py for tasks to queue
[2023-03-30 11:55:19,853] {logging_mixin.py:115} INFO - [2023-03-30 11:55:19,853] {dagbag.py:507} INFO - Filling up the DagBag from /home/airflow/.local/lib/python3.7/site-packages/airflow/example_dags/example_xcomargs.py
[2023-03-30 11:55:19,864] {processor.py:651} INFO - DAG(s) dict_keys(['example_xcom_args', 'example_xcom_args_with_operators']) retrieved from /home/airflow/.local/lib/python3.7/site-packages/airflow/example_dags/example_xcomargs.py
[2023-03-30 11:55:20,183] {logging_mixin.py:115} INFO - [2023-03-30 11:55:20,183] {dag.py:2371} INFO - Sync 2 DAGs
[2023-03-30 11:55:20,223] {logging_mixin.py:115} INFO - [2023-03-30 11:55:20,223] {dag.py:2919} INFO - Setting next_dagrun for example_xcom_args to None, run_after=None
[2023-03-30 11:55:20,224] {logging_mixin.py:115} INFO - [2023-03-30 11:55:20,224] {dag.py:2919} INFO - Setting next_dagrun for example_xcom_args_with_operators to None, run_after=None
[2023-03-30 11:55:20,258] {processor.py:161} INFO - Processing /home/airflow/.local/lib/python3.7/site-packages/airflow/example_dags/example_xcomargs.py took 0.409 seconds
[2023-03-30 11:55:50,909] {processor.py:153} INFO - Started process (PID=2580) to work on /home/airflow/.local/lib/python3.7/site-packages/airflow/example_dags/example_xcomargs.py
[2023-03-30 11:55:50,910] {processor.py:641} INFO - Processing file /home/airflow/.local/lib/python3.7/site-packages/airflow/example_dags/example_xcomargs.py for tasks to queue
[2023-03-30 11:55:50,911] {logging_mixin.py:115} INFO - [2023-03-30 11:55:50,911] {dagbag.py:507} INFO - Filling up the DagBag from /home/airflow/.local/lib/python3.7/site-packages/airflow/example_dags/example_xcomargs.py
[2023-03-30 11:55:50,924] {processor.py:651} INFO - DAG(s) dict_keys(['example_xcom_args', 'example_xcom_args_with_operators']) retrieved from /home/airflow/.local/lib/python3.7/site-packages/airflow/example_dags/example_xcomargs.py
[2023-03-30 11:55:51,030] {logging_mixin.py:115} INFO - [2023-03-30 11:55:51,030] {dag.py:2371} INFO - Sync 2 DAGs
[2023-03-30 11:55:51,172] {logging_mixin.py:115} INFO - [2023-03-30 11:55:51,172] {dag.py:2919} INFO - Setting next_dagrun for example_xcom_args to None, run_after=None
[2023-03-30 11:55:51,173] {logging_mixin.py:115} INFO - [2023-03-30 11:55:51,173] {dag.py:2919} INFO - Setting next_dagrun for example_xcom_args_with_operators to None, run_after=None
[2023-03-30 11:55:51,196] {processor.py:161} INFO - Processing /home/airflow/.local/lib/python3.7/site-packages/airflow/example_dags/example_xcomargs.py took 0.289 seconds
[2023-03-30 11:56:21,708] {processor.py:153} INFO - Started process (PID=2643) to work on /home/airflow/.local/lib/python3.7/site-packages/airflow/example_dags/example_xcomargs.py
[2023-03-30 11:56:21,709] {processor.py:641} INFO - Processing file /home/airflow/.local/lib/python3.7/site-packages/airflow/example_dags/example_xcomargs.py for tasks to queue
[2023-03-30 11:56:21,710] {logging_mixin.py:115} INFO - [2023-03-30 11:56:21,710] {dagbag.py:507} INFO - Filling up the DagBag from /home/airflow/.local/lib/python3.7/site-packages/airflow/example_dags/example_xcomargs.py
[2023-03-30 11:56:21,722] {processor.py:651} INFO - DAG(s) dict_keys(['example_xcom_args', 'example_xcom_args_with_operators']) retrieved from /home/airflow/.local/lib/python3.7/site-packages/airflow/example_dags/example_xcomargs.py
[2023-03-30 11:56:21,994] {logging_mixin.py:115} INFO - [2023-03-30 11:56:21,994] {dag.py:2371} INFO - Sync 2 DAGs
[2023-03-30 11:56:22,063] {logging_mixin.py:115} INFO - [2023-03-30 11:56:22,063] {dag.py:2919} INFO - Setting next_dagrun for example_xcom_args to None, run_after=None
[2023-03-30 11:56:22,069] {logging_mixin.py:115} INFO - [2023-03-30 11:56:22,069] {dag.py:2919} INFO - Setting next_dagrun for example_xcom_args_with_operators to None, run_after=None
[2023-03-30 11:56:22,150] {processor.py:161} INFO - Processing /home/airflow/.local/lib/python3.7/site-packages/airflow/example_dags/example_xcomargs.py took 0.445 seconds
[2023-03-30 11:56:52,190] {processor.py:153} INFO - Started process (PID=2705) to work on /home/airflow/.local/lib/python3.7/site-packages/airflow/example_dags/example_xcomargs.py
[2023-03-30 11:56:52,190] {processor.py:641} INFO - Processing file /home/airflow/.local/lib/python3.7/site-packages/airflow/example_dags/example_xcomargs.py for tasks to queue
[2023-03-30 11:56:52,191] {logging_mixin.py:115} INFO - [2023-03-30 11:56:52,191] {dagbag.py:507} INFO - Filling up the DagBag from /home/airflow/.local/lib/python3.7/site-packages/airflow/example_dags/example_xcomargs.py
[2023-03-30 11:56:52,202] {processor.py:651} INFO - DAG(s) dict_keys(['example_xcom_args', 'example_xcom_args_with_operators']) retrieved from /home/airflow/.local/lib/python3.7/site-packages/airflow/example_dags/example_xcomargs.py
[2023-03-30 11:56:52,444] {logging_mixin.py:115} INFO - [2023-03-30 11:56:52,444] {dag.py:2371} INFO - Sync 2 DAGs
[2023-03-30 11:56:52,483] {logging_mixin.py:115} INFO - [2023-03-30 11:56:52,483] {dag.py:2919} INFO - Setting next_dagrun for example_xcom_args to None, run_after=None
[2023-03-30 11:56:52,484] {logging_mixin.py:115} INFO - [2023-03-30 11:56:52,484] {dag.py:2919} INFO - Setting next_dagrun for example_xcom_args_with_operators to None, run_after=None
[2023-03-30 11:56:52,510] {processor.py:161} INFO - Processing /home/airflow/.local/lib/python3.7/site-packages/airflow/example_dags/example_xcomargs.py took 0.323 seconds
[2023-03-30 11:57:23,042] {processor.py:153} INFO - Started process (PID=2768) to work on /home/airflow/.local/lib/python3.7/site-packages/airflow/example_dags/example_xcomargs.py
[2023-03-30 11:57:23,042] {processor.py:641} INFO - Processing file /home/airflow/.local/lib/python3.7/site-packages/airflow/example_dags/example_xcomargs.py for tasks to queue
[2023-03-30 11:57:23,044] {logging_mixin.py:115} INFO - [2023-03-30 11:57:23,043] {dagbag.py:507} INFO - Filling up the DagBag from /home/airflow/.local/lib/python3.7/site-packages/airflow/example_dags/example_xcomargs.py
[2023-03-30 11:57:23,055] {processor.py:651} INFO - DAG(s) dict_keys(['example_xcom_args', 'example_xcom_args_with_operators']) retrieved from /home/airflow/.local/lib/python3.7/site-packages/airflow/example_dags/example_xcomargs.py
[2023-03-30 11:57:23,160] {logging_mixin.py:115} INFO - [2023-03-30 11:57:23,160] {dag.py:2371} INFO - Sync 2 DAGs
[2023-03-30 11:57:23,296] {logging_mixin.py:115} INFO - [2023-03-30 11:57:23,296] {dag.py:2919} INFO - Setting next_dagrun for example_xcom_args to None, run_after=None
[2023-03-30 11:57:23,297] {logging_mixin.py:115} INFO - [2023-03-30 11:57:23,297] {dag.py:2919} INFO - Setting next_dagrun for example_xcom_args_with_operators to None, run_after=None
[2023-03-30 11:57:23,319] {processor.py:161} INFO - Processing /home/airflow/.local/lib/python3.7/site-packages/airflow/example_dags/example_xcomargs.py took 0.279 seconds
[2023-03-30 11:57:53,493] {processor.py:153} INFO - Started process (PID=2822) to work on /home/airflow/.local/lib/python3.7/site-packages/airflow/example_dags/example_xcomargs.py
[2023-03-30 11:57:53,493] {processor.py:641} INFO - Processing file /home/airflow/.local/lib/python3.7/site-packages/airflow/example_dags/example_xcomargs.py for tasks to queue
[2023-03-30 11:57:53,494] {logging_mixin.py:115} INFO - [2023-03-30 11:57:53,494] {dagbag.py:507} INFO - Filling up the DagBag from /home/airflow/.local/lib/python3.7/site-packages/airflow/example_dags/example_xcomargs.py
[2023-03-30 11:57:53,505] {processor.py:651} INFO - DAG(s) dict_keys(['example_xcom_args', 'example_xcom_args_with_operators']) retrieved from /home/airflow/.local/lib/python3.7/site-packages/airflow/example_dags/example_xcomargs.py
[2023-03-30 11:57:53,608] {logging_mixin.py:115} INFO - [2023-03-30 11:57:53,608] {dag.py:2371} INFO - Sync 2 DAGs
[2023-03-30 11:57:53,760] {logging_mixin.py:115} INFO - [2023-03-30 11:57:53,760] {dag.py:2919} INFO - Setting next_dagrun for example_xcom_args to None, run_after=None
[2023-03-30 11:57:53,761] {logging_mixin.py:115} INFO - [2023-03-30 11:57:53,760] {dag.py:2919} INFO - Setting next_dagrun for example_xcom_args_with_operators to None, run_after=None
[2023-03-30 11:57:53,784] {processor.py:161} INFO - Processing /home/airflow/.local/lib/python3.7/site-packages/airflow/example_dags/example_xcomargs.py took 0.294 seconds
[2023-03-30 11:58:23,845] {processor.py:153} INFO - Started process (PID=2885) to work on /home/airflow/.local/lib/python3.7/site-packages/airflow/example_dags/example_xcomargs.py
[2023-03-30 11:58:23,846] {processor.py:641} INFO - Processing file /home/airflow/.local/lib/python3.7/site-packages/airflow/example_dags/example_xcomargs.py for tasks to queue
[2023-03-30 11:58:23,847] {logging_mixin.py:115} INFO - [2023-03-30 11:58:23,847] {dagbag.py:507} INFO - Filling up the DagBag from /home/airflow/.local/lib/python3.7/site-packages/airflow/example_dags/example_xcomargs.py
[2023-03-30 11:58:23,862] {processor.py:651} INFO - DAG(s) dict_keys(['example_xcom_args', 'example_xcom_args_with_operators']) retrieved from /home/airflow/.local/lib/python3.7/site-packages/airflow/example_dags/example_xcomargs.py
[2023-03-30 11:58:24,114] {logging_mixin.py:115} INFO - [2023-03-30 11:58:24,114] {dag.py:2371} INFO - Sync 2 DAGs
[2023-03-30 11:58:24,153] {logging_mixin.py:115} INFO - [2023-03-30 11:58:24,153] {dag.py:2919} INFO - Setting next_dagrun for example_xcom_args to None, run_after=None
[2023-03-30 11:58:24,154] {logging_mixin.py:115} INFO - [2023-03-30 11:58:24,154] {dag.py:2919} INFO - Setting next_dagrun for example_xcom_args_with_operators to None, run_after=None
[2023-03-30 11:58:24,181] {processor.py:161} INFO - Processing /home/airflow/.local/lib/python3.7/site-packages/airflow/example_dags/example_xcomargs.py took 0.339 seconds
[2023-03-30 11:58:54,945] {processor.py:153} INFO - Started process (PID=2948) to work on /home/airflow/.local/lib/python3.7/site-packages/airflow/example_dags/example_xcomargs.py
[2023-03-30 11:58:54,947] {processor.py:641} INFO - Processing file /home/airflow/.local/lib/python3.7/site-packages/airflow/example_dags/example_xcomargs.py for tasks to queue
[2023-03-30 11:58:54,948] {logging_mixin.py:115} INFO - [2023-03-30 11:58:54,947] {dagbag.py:507} INFO - Filling up the DagBag from /home/airflow/.local/lib/python3.7/site-packages/airflow/example_dags/example_xcomargs.py
[2023-03-30 11:58:54,959] {processor.py:651} INFO - DAG(s) dict_keys(['example_xcom_args', 'example_xcom_args_with_operators']) retrieved from /home/airflow/.local/lib/python3.7/site-packages/airflow/example_dags/example_xcomargs.py
[2023-03-30 11:58:55,064] {logging_mixin.py:115} INFO - [2023-03-30 11:58:55,064] {dag.py:2371} INFO - Sync 2 DAGs
[2023-03-30 11:58:55,213] {logging_mixin.py:115} INFO - [2023-03-30 11:58:55,213] {dag.py:2919} INFO - Setting next_dagrun for example_xcom_args to None, run_after=None
[2023-03-30 11:58:55,214] {logging_mixin.py:115} INFO - [2023-03-30 11:58:55,214] {dag.py:2919} INFO - Setting next_dagrun for example_xcom_args_with_operators to None, run_after=None
[2023-03-30 11:58:55,238] {processor.py:161} INFO - Processing /home/airflow/.local/lib/python3.7/site-packages/airflow/example_dags/example_xcomargs.py took 0.295 seconds
[2023-03-30 11:59:25,411] {processor.py:153} INFO - Started process (PID=3010) to work on /home/airflow/.local/lib/python3.7/site-packages/airflow/example_dags/example_xcomargs.py
[2023-03-30 11:59:25,412] {processor.py:641} INFO - Processing file /home/airflow/.local/lib/python3.7/site-packages/airflow/example_dags/example_xcomargs.py for tasks to queue
[2023-03-30 11:59:25,413] {logging_mixin.py:115} INFO - [2023-03-30 11:59:25,413] {dagbag.py:507} INFO - Filling up the DagBag from /home/airflow/.local/lib/python3.7/site-packages/airflow/example_dags/example_xcomargs.py
[2023-03-30 11:59:25,425] {processor.py:651} INFO - DAG(s) dict_keys(['example_xcom_args', 'example_xcom_args_with_operators']) retrieved from /home/airflow/.local/lib/python3.7/site-packages/airflow/example_dags/example_xcomargs.py
[2023-03-30 11:59:25,532] {logging_mixin.py:115} INFO - [2023-03-30 11:59:25,532] {dag.py:2371} INFO - Sync 2 DAGs
[2023-03-30 11:59:25,673] {logging_mixin.py:115} INFO - [2023-03-30 11:59:25,673] {dag.py:2919} INFO - Setting next_dagrun for example_xcom_args to None, run_after=None
[2023-03-30 11:59:25,674] {logging_mixin.py:115} INFO - [2023-03-30 11:59:25,674] {dag.py:2919} INFO - Setting next_dagrun for example_xcom_args_with_operators to None, run_after=None
[2023-03-30 11:59:25,698] {processor.py:161} INFO - Processing /home/airflow/.local/lib/python3.7/site-packages/airflow/example_dags/example_xcomargs.py took 0.290 seconds
[2023-03-30 11:59:56,167] {processor.py:153} INFO - Started process (PID=3073) to work on /home/airflow/.local/lib/python3.7/site-packages/airflow/example_dags/example_xcomargs.py
[2023-03-30 11:59:56,168] {processor.py:641} INFO - Processing file /home/airflow/.local/lib/python3.7/site-packages/airflow/example_dags/example_xcomargs.py for tasks to queue
[2023-03-30 11:59:56,169] {logging_mixin.py:115} INFO - [2023-03-30 11:59:56,169] {dagbag.py:507} INFO - Filling up the DagBag from /home/airflow/.local/lib/python3.7/site-packages/airflow/example_dags/example_xcomargs.py
[2023-03-30 11:59:56,181] {processor.py:651} INFO - DAG(s) dict_keys(['example_xcom_args', 'example_xcom_args_with_operators']) retrieved from /home/airflow/.local/lib/python3.7/site-packages/airflow/example_dags/example_xcomargs.py
[2023-03-30 11:59:56,427] {logging_mixin.py:115} INFO - [2023-03-30 11:59:56,427] {dag.py:2371} INFO - Sync 2 DAGs
[2023-03-30 11:59:56,468] {logging_mixin.py:115} INFO - [2023-03-30 11:59:56,468] {dag.py:2919} INFO - Setting next_dagrun for example_xcom_args to None, run_after=None
[2023-03-30 11:59:56,469] {logging_mixin.py:115} INFO - [2023-03-30 11:59:56,469] {dag.py:2919} INFO - Setting next_dagrun for example_xcom_args_with_operators to None, run_after=None
[2023-03-30 11:59:56,495] {processor.py:161} INFO - Processing /home/airflow/.local/lib/python3.7/site-packages/airflow/example_dags/example_xcomargs.py took 0.331 seconds
[2023-03-30 12:00:26,674] {processor.py:153} INFO - Started process (PID=3127) to work on /home/airflow/.local/lib/python3.7/site-packages/airflow/example_dags/example_xcomargs.py
[2023-03-30 12:00:26,675] {processor.py:641} INFO - Processing file /home/airflow/.local/lib/python3.7/site-packages/airflow/example_dags/example_xcomargs.py for tasks to queue
[2023-03-30 12:00:26,676] {logging_mixin.py:115} INFO - [2023-03-30 12:00:26,676] {dagbag.py:507} INFO - Filling up the DagBag from /home/airflow/.local/lib/python3.7/site-packages/airflow/example_dags/example_xcomargs.py
[2023-03-30 12:00:26,688] {processor.py:651} INFO - DAG(s) dict_keys(['example_xcom_args', 'example_xcom_args_with_operators']) retrieved from /home/airflow/.local/lib/python3.7/site-packages/airflow/example_dags/example_xcomargs.py
[2023-03-30 12:00:26,937] {logging_mixin.py:115} INFO - [2023-03-30 12:00:26,937] {dag.py:2371} INFO - Sync 2 DAGs
[2023-03-30 12:00:26,976] {logging_mixin.py:115} INFO - [2023-03-30 12:00:26,976] {dag.py:2919} INFO - Setting next_dagrun for example_xcom_args to None, run_after=None
[2023-03-30 12:00:26,977] {logging_mixin.py:115} INFO - [2023-03-30 12:00:26,977] {dag.py:2919} INFO - Setting next_dagrun for example_xcom_args_with_operators to None, run_after=None
[2023-03-30 12:00:27,065] {processor.py:161} INFO - Processing /home/airflow/.local/lib/python3.7/site-packages/airflow/example_dags/example_xcomargs.py took 0.393 seconds
[2023-03-30 12:00:57,348] {processor.py:153} INFO - Started process (PID=3191) to work on /home/airflow/.local/lib/python3.7/site-packages/airflow/example_dags/example_xcomargs.py
[2023-03-30 12:00:57,349] {processor.py:641} INFO - Processing file /home/airflow/.local/lib/python3.7/site-packages/airflow/example_dags/example_xcomargs.py for tasks to queue
[2023-03-30 12:00:57,350] {logging_mixin.py:115} INFO - [2023-03-30 12:00:57,350] {dagbag.py:507} INFO - Filling up the DagBag from /home/airflow/.local/lib/python3.7/site-packages/airflow/example_dags/example_xcomargs.py
[2023-03-30 12:00:57,363] {processor.py:651} INFO - DAG(s) dict_keys(['example_xcom_args', 'example_xcom_args_with_operators']) retrieved from /home/airflow/.local/lib/python3.7/site-packages/airflow/example_dags/example_xcomargs.py
[2023-03-30 12:00:57,614] {logging_mixin.py:115} INFO - [2023-03-30 12:00:57,614] {dag.py:2371} INFO - Sync 2 DAGs
[2023-03-30 12:00:57,655] {logging_mixin.py:115} INFO - [2023-03-30 12:00:57,655] {dag.py:2919} INFO - Setting next_dagrun for example_xcom_args to None, run_after=None
[2023-03-30 12:00:57,656] {logging_mixin.py:115} INFO - [2023-03-30 12:00:57,656] {dag.py:2919} INFO - Setting next_dagrun for example_xcom_args_with_operators to None, run_after=None
[2023-03-30 12:00:57,680] {processor.py:161} INFO - Processing /home/airflow/.local/lib/python3.7/site-packages/airflow/example_dags/example_xcomargs.py took 0.335 seconds
[2023-03-30 12:01:28,026] {processor.py:153} INFO - Started process (PID=3253) to work on /home/airflow/.local/lib/python3.7/site-packages/airflow/example_dags/example_xcomargs.py
[2023-03-30 12:01:28,026] {processor.py:641} INFO - Processing file /home/airflow/.local/lib/python3.7/site-packages/airflow/example_dags/example_xcomargs.py for tasks to queue
[2023-03-30 12:01:28,027] {logging_mixin.py:115} INFO - [2023-03-30 12:01:28,027] {dagbag.py:507} INFO - Filling up the DagBag from /home/airflow/.local/lib/python3.7/site-packages/airflow/example_dags/example_xcomargs.py
[2023-03-30 12:01:28,039] {processor.py:651} INFO - DAG(s) dict_keys(['example_xcom_args', 'example_xcom_args_with_operators']) retrieved from /home/airflow/.local/lib/python3.7/site-packages/airflow/example_dags/example_xcomargs.py
[2023-03-30 12:01:28,283] {logging_mixin.py:115} INFO - [2023-03-30 12:01:28,283] {dag.py:2371} INFO - Sync 2 DAGs
[2023-03-30 12:01:28,326] {logging_mixin.py:115} INFO - [2023-03-30 12:01:28,326] {dag.py:2919} INFO - Setting next_dagrun for example_xcom_args to None, run_after=None
[2023-03-30 12:01:28,327] {logging_mixin.py:115} INFO - [2023-03-30 12:01:28,327] {dag.py:2919} INFO - Setting next_dagrun for example_xcom_args_with_operators to None, run_after=None
[2023-03-30 12:01:28,353] {processor.py:161} INFO - Processing /home/airflow/.local/lib/python3.7/site-packages/airflow/example_dags/example_xcomargs.py took 0.330 seconds
[2023-03-30 12:01:58,641] {processor.py:153} INFO - Started process (PID=3316) to work on /home/airflow/.local/lib/python3.7/site-packages/airflow/example_dags/example_xcomargs.py
[2023-03-30 12:01:58,642] {processor.py:641} INFO - Processing file /home/airflow/.local/lib/python3.7/site-packages/airflow/example_dags/example_xcomargs.py for tasks to queue
[2023-03-30 12:01:58,643] {logging_mixin.py:115} INFO - [2023-03-30 12:01:58,643] {dagbag.py:507} INFO - Filling up the DagBag from /home/airflow/.local/lib/python3.7/site-packages/airflow/example_dags/example_xcomargs.py
[2023-03-30 12:01:58,654] {processor.py:651} INFO - DAG(s) dict_keys(['example_xcom_args', 'example_xcom_args_with_operators']) retrieved from /home/airflow/.local/lib/python3.7/site-packages/airflow/example_dags/example_xcomargs.py
[2023-03-30 12:01:58,849] {logging_mixin.py:115} INFO - [2023-03-30 12:01:58,849] {dag.py:2371} INFO - Sync 2 DAGs
[2023-03-30 12:01:58,897] {logging_mixin.py:115} INFO - [2023-03-30 12:01:58,897] {dag.py:2919} INFO - Setting next_dagrun for example_xcom_args to None, run_after=None
[2023-03-30 12:01:58,898] {logging_mixin.py:115} INFO - [2023-03-30 12:01:58,898] {dag.py:2919} INFO - Setting next_dagrun for example_xcom_args_with_operators to None, run_after=None
[2023-03-30 12:01:58,920] {processor.py:161} INFO - Processing /home/airflow/.local/lib/python3.7/site-packages/airflow/example_dags/example_xcomargs.py took 0.282 seconds
[2023-03-30 12:02:29,228] {processor.py:153} INFO - Started process (PID=3380) to work on /home/airflow/.local/lib/python3.7/site-packages/airflow/example_dags/example_xcomargs.py
[2023-03-30 12:02:29,229] {processor.py:641} INFO - Processing file /home/airflow/.local/lib/python3.7/site-packages/airflow/example_dags/example_xcomargs.py for tasks to queue
[2023-03-30 12:02:29,229] {logging_mixin.py:115} INFO - [2023-03-30 12:02:29,229] {dagbag.py:507} INFO - Filling up the DagBag from /home/airflow/.local/lib/python3.7/site-packages/airflow/example_dags/example_xcomargs.py
[2023-03-30 12:02:29,242] {processor.py:651} INFO - DAG(s) dict_keys(['example_xcom_args', 'example_xcom_args_with_operators']) retrieved from /home/airflow/.local/lib/python3.7/site-packages/airflow/example_dags/example_xcomargs.py
[2023-03-30 12:02:29,446] {logging_mixin.py:115} INFO - [2023-03-30 12:02:29,445] {dag.py:2371} INFO - Sync 2 DAGs
[2023-03-30 12:02:29,496] {logging_mixin.py:115} INFO - [2023-03-30 12:02:29,495] {dag.py:2919} INFO - Setting next_dagrun for example_xcom_args to None, run_after=None
[2023-03-30 12:02:29,496] {logging_mixin.py:115} INFO - [2023-03-30 12:02:29,496] {dag.py:2919} INFO - Setting next_dagrun for example_xcom_args_with_operators to None, run_after=None
[2023-03-30 12:02:29,518] {processor.py:161} INFO - Processing /home/airflow/.local/lib/python3.7/site-packages/airflow/example_dags/example_xcomargs.py took 0.293 seconds
[2023-03-30 12:03:00,559] {processor.py:153} INFO - Started process (PID=3443) to work on /home/airflow/.local/lib/python3.7/site-packages/airflow/example_dags/example_xcomargs.py
[2023-03-30 12:03:00,560] {processor.py:641} INFO - Processing file /home/airflow/.local/lib/python3.7/site-packages/airflow/example_dags/example_xcomargs.py for tasks to queue
[2023-03-30 12:03:00,562] {logging_mixin.py:115} INFO - [2023-03-30 12:03:00,562] {dagbag.py:507} INFO - Filling up the DagBag from /home/airflow/.local/lib/python3.7/site-packages/airflow/example_dags/example_xcomargs.py
[2023-03-30 12:03:00,578] {processor.py:651} INFO - DAG(s) dict_keys(['example_xcom_args', 'example_xcom_args_with_operators']) retrieved from /home/airflow/.local/lib/python3.7/site-packages/airflow/example_dags/example_xcomargs.py
[2023-03-30 12:03:00,838] {logging_mixin.py:115} INFO - [2023-03-30 12:03:00,838] {dag.py:2371} INFO - Sync 2 DAGs
[2023-03-30 12:03:00,878] {logging_mixin.py:115} INFO - [2023-03-30 12:03:00,878] {dag.py:2919} INFO - Setting next_dagrun for example_xcom_args to None, run_after=None
[2023-03-30 12:03:00,879] {logging_mixin.py:115} INFO - [2023-03-30 12:03:00,879] {dag.py:2919} INFO - Setting next_dagrun for example_xcom_args_with_operators to None, run_after=None
[2023-03-30 12:03:00,905] {processor.py:161} INFO - Processing /home/airflow/.local/lib/python3.7/site-packages/airflow/example_dags/example_xcomargs.py took 0.349 seconds
[2023-03-30 12:03:31,214] {processor.py:153} INFO - Started process (PID=3497) to work on /home/airflow/.local/lib/python3.7/site-packages/airflow/example_dags/example_xcomargs.py
[2023-03-30 12:03:31,215] {processor.py:641} INFO - Processing file /home/airflow/.local/lib/python3.7/site-packages/airflow/example_dags/example_xcomargs.py for tasks to queue
[2023-03-30 12:03:31,216] {logging_mixin.py:115} INFO - [2023-03-30 12:03:31,216] {dagbag.py:507} INFO - Filling up the DagBag from /home/airflow/.local/lib/python3.7/site-packages/airflow/example_dags/example_xcomargs.py
[2023-03-30 12:03:31,228] {processor.py:651} INFO - DAG(s) dict_keys(['example_xcom_args', 'example_xcom_args_with_operators']) retrieved from /home/airflow/.local/lib/python3.7/site-packages/airflow/example_dags/example_xcomargs.py
[2023-03-30 12:03:31,474] {logging_mixin.py:115} INFO - [2023-03-30 12:03:31,474] {dag.py:2371} INFO - Sync 2 DAGs
[2023-03-30 12:03:31,514] {logging_mixin.py:115} INFO - [2023-03-30 12:03:31,514] {dag.py:2919} INFO - Setting next_dagrun for example_xcom_args to None, run_after=None
[2023-03-30 12:03:31,515] {logging_mixin.py:115} INFO - [2023-03-30 12:03:31,515] {dag.py:2919} INFO - Setting next_dagrun for example_xcom_args_with_operators to None, run_after=None
[2023-03-30 12:03:31,540] {processor.py:161} INFO - Processing /home/airflow/.local/lib/python3.7/site-packages/airflow/example_dags/example_xcomargs.py took 0.329 seconds
[2023-03-30 12:04:01,640] {processor.py:153} INFO - Started process (PID=3560) to work on /home/airflow/.local/lib/python3.7/site-packages/airflow/example_dags/example_xcomargs.py
[2023-03-30 12:04:01,641] {processor.py:641} INFO - Processing file /home/airflow/.local/lib/python3.7/site-packages/airflow/example_dags/example_xcomargs.py for tasks to queue
[2023-03-30 12:04:01,642] {logging_mixin.py:115} INFO - [2023-03-30 12:04:01,642] {dagbag.py:507} INFO - Filling up the DagBag from /home/airflow/.local/lib/python3.7/site-packages/airflow/example_dags/example_xcomargs.py
[2023-03-30 12:04:01,654] {processor.py:651} INFO - DAG(s) dict_keys(['example_xcom_args', 'example_xcom_args_with_operators']) retrieved from /home/airflow/.local/lib/python3.7/site-packages/airflow/example_dags/example_xcomargs.py
[2023-03-30 12:04:01,858] {logging_mixin.py:115} INFO - [2023-03-30 12:04:01,858] {dag.py:2371} INFO - Sync 2 DAGs
[2023-03-30 12:04:01,907] {logging_mixin.py:115} INFO - [2023-03-30 12:04:01,907] {dag.py:2919} INFO - Setting next_dagrun for example_xcom_args to None, run_after=None
[2023-03-30 12:04:01,908] {logging_mixin.py:115} INFO - [2023-03-30 12:04:01,908] {dag.py:2919} INFO - Setting next_dagrun for example_xcom_args_with_operators to None, run_after=None
[2023-03-30 12:04:01,930] {processor.py:161} INFO - Processing /home/airflow/.local/lib/python3.7/site-packages/airflow/example_dags/example_xcomargs.py took 0.295 seconds
[2023-03-30 12:04:32,264] {processor.py:153} INFO - Started process (PID=3623) to work on /home/airflow/.local/lib/python3.7/site-packages/airflow/example_dags/example_xcomargs.py
[2023-03-30 12:04:32,265] {processor.py:641} INFO - Processing file /home/airflow/.local/lib/python3.7/site-packages/airflow/example_dags/example_xcomargs.py for tasks to queue
[2023-03-30 12:04:32,266] {logging_mixin.py:115} INFO - [2023-03-30 12:04:32,266] {dagbag.py:507} INFO - Filling up the DagBag from /home/airflow/.local/lib/python3.7/site-packages/airflow/example_dags/example_xcomargs.py
[2023-03-30 12:04:32,278] {processor.py:651} INFO - DAG(s) dict_keys(['example_xcom_args', 'example_xcom_args_with_operators']) retrieved from /home/airflow/.local/lib/python3.7/site-packages/airflow/example_dags/example_xcomargs.py
[2023-03-30 12:04:32,514] {logging_mixin.py:115} INFO - [2023-03-30 12:04:32,514] {dag.py:2371} INFO - Sync 2 DAGs
[2023-03-30 12:04:32,554] {logging_mixin.py:115} INFO - [2023-03-30 12:04:32,554] {dag.py:2919} INFO - Setting next_dagrun for example_xcom_args to None, run_after=None
[2023-03-30 12:04:32,554] {logging_mixin.py:115} INFO - [2023-03-30 12:04:32,554] {dag.py:2919} INFO - Setting next_dagrun for example_xcom_args_with_operators to None, run_after=None
[2023-03-30 12:04:32,581] {processor.py:161} INFO - Processing /home/airflow/.local/lib/python3.7/site-packages/airflow/example_dags/example_xcomargs.py took 0.319 seconds
[2023-03-30 12:05:03,088] {processor.py:153} INFO - Started process (PID=3686) to work on /home/airflow/.local/lib/python3.7/site-packages/airflow/example_dags/example_xcomargs.py
[2023-03-30 12:05:03,089] {processor.py:641} INFO - Processing file /home/airflow/.local/lib/python3.7/site-packages/airflow/example_dags/example_xcomargs.py for tasks to queue
[2023-03-30 12:05:03,090] {logging_mixin.py:115} INFO - [2023-03-30 12:05:03,090] {dagbag.py:507} INFO - Filling up the DagBag from /home/airflow/.local/lib/python3.7/site-packages/airflow/example_dags/example_xcomargs.py
[2023-03-30 12:05:03,104] {processor.py:651} INFO - DAG(s) dict_keys(['example_xcom_args', 'example_xcom_args_with_operators']) retrieved from /home/airflow/.local/lib/python3.7/site-packages/airflow/example_dags/example_xcomargs.py
[2023-03-30 12:05:03,364] {logging_mixin.py:115} INFO - [2023-03-30 12:05:03,364] {dag.py:2371} INFO - Sync 2 DAGs
[2023-03-30 12:05:03,406] {logging_mixin.py:115} INFO - [2023-03-30 12:05:03,406] {dag.py:2919} INFO - Setting next_dagrun for example_xcom_args to None, run_after=None
[2023-03-30 12:05:03,407] {logging_mixin.py:115} INFO - [2023-03-30 12:05:03,407] {dag.py:2919} INFO - Setting next_dagrun for example_xcom_args_with_operators to None, run_after=None
[2023-03-30 12:05:03,433] {processor.py:161} INFO - Processing /home/airflow/.local/lib/python3.7/site-packages/airflow/example_dags/example_xcomargs.py took 0.348 seconds
[2023-03-30 12:05:33,546] {processor.py:153} INFO - Started process (PID=3750) to work on /home/airflow/.local/lib/python3.7/site-packages/airflow/example_dags/example_xcomargs.py
[2023-03-30 12:05:33,547] {processor.py:641} INFO - Processing file /home/airflow/.local/lib/python3.7/site-packages/airflow/example_dags/example_xcomargs.py for tasks to queue
[2023-03-30 12:05:33,548] {logging_mixin.py:115} INFO - [2023-03-30 12:05:33,548] {dagbag.py:507} INFO - Filling up the DagBag from /home/airflow/.local/lib/python3.7/site-packages/airflow/example_dags/example_xcomargs.py
[2023-03-30 12:05:33,565] {processor.py:651} INFO - DAG(s) dict_keys(['example_xcom_args', 'example_xcom_args_with_operators']) retrieved from /home/airflow/.local/lib/python3.7/site-packages/airflow/example_dags/example_xcomargs.py
[2023-03-30 12:05:33,821] {logging_mixin.py:115} INFO - [2023-03-30 12:05:33,821] {dag.py:2371} INFO - Sync 2 DAGs
[2023-03-30 12:05:33,859] {logging_mixin.py:115} INFO - [2023-03-30 12:05:33,859] {dag.py:2919} INFO - Setting next_dagrun for example_xcom_args to None, run_after=None
[2023-03-30 12:05:33,860] {logging_mixin.py:115} INFO - [2023-03-30 12:05:33,860] {dag.py:2919} INFO - Setting next_dagrun for example_xcom_args_with_operators to None, run_after=None
[2023-03-30 12:05:33,887] {processor.py:161} INFO - Processing /home/airflow/.local/lib/python3.7/site-packages/airflow/example_dags/example_xcomargs.py took 0.344 seconds
[2023-03-30 12:06:04,220] {processor.py:153} INFO - Started process (PID=3804) to work on /home/airflow/.local/lib/python3.7/site-packages/airflow/example_dags/example_xcomargs.py
[2023-03-30 12:06:04,221] {processor.py:641} INFO - Processing file /home/airflow/.local/lib/python3.7/site-packages/airflow/example_dags/example_xcomargs.py for tasks to queue
[2023-03-30 12:06:04,222] {logging_mixin.py:115} INFO - [2023-03-30 12:06:04,222] {dagbag.py:507} INFO - Filling up the DagBag from /home/airflow/.local/lib/python3.7/site-packages/airflow/example_dags/example_xcomargs.py
[2023-03-30 12:06:04,235] {processor.py:651} INFO - DAG(s) dict_keys(['example_xcom_args', 'example_xcom_args_with_operators']) retrieved from /home/airflow/.local/lib/python3.7/site-packages/airflow/example_dags/example_xcomargs.py
[2023-03-30 12:06:04,481] {logging_mixin.py:115} INFO - [2023-03-30 12:06:04,481] {dag.py:2371} INFO - Sync 2 DAGs
[2023-03-30 12:06:04,523] {logging_mixin.py:115} INFO - [2023-03-30 12:06:04,523] {dag.py:2919} INFO - Setting next_dagrun for example_xcom_args to None, run_after=None
[2023-03-30 12:06:04,524] {logging_mixin.py:115} INFO - [2023-03-30 12:06:04,524] {dag.py:2919} INFO - Setting next_dagrun for example_xcom_args_with_operators to None, run_after=None
[2023-03-30 12:06:04,548] {processor.py:161} INFO - Processing /home/airflow/.local/lib/python3.7/site-packages/airflow/example_dags/example_xcomargs.py took 0.331 seconds
[2023-03-30 12:06:34,870] {processor.py:153} INFO - Started process (PID=3867) to work on /home/airflow/.local/lib/python3.7/site-packages/airflow/example_dags/example_xcomargs.py
[2023-03-30 12:06:34,872] {processor.py:641} INFO - Processing file /home/airflow/.local/lib/python3.7/site-packages/airflow/example_dags/example_xcomargs.py for tasks to queue
[2023-03-30 12:06:34,873] {logging_mixin.py:115} INFO - [2023-03-30 12:06:34,873] {dagbag.py:507} INFO - Filling up the DagBag from /home/airflow/.local/lib/python3.7/site-packages/airflow/example_dags/example_xcomargs.py
[2023-03-30 12:06:34,890] {processor.py:651} INFO - DAG(s) dict_keys(['example_xcom_args', 'example_xcom_args_with_operators']) retrieved from /home/airflow/.local/lib/python3.7/site-packages/airflow/example_dags/example_xcomargs.py
[2023-03-30 12:06:35,156] {logging_mixin.py:115} INFO - [2023-03-30 12:06:35,156] {dag.py:2371} INFO - Sync 2 DAGs
[2023-03-30 12:06:35,197] {logging_mixin.py:115} INFO - [2023-03-30 12:06:35,197] {dag.py:2919} INFO - Setting next_dagrun for example_xcom_args to None, run_after=None
[2023-03-30 12:06:35,198] {logging_mixin.py:115} INFO - [2023-03-30 12:06:35,198] {dag.py:2919} INFO - Setting next_dagrun for example_xcom_args_with_operators to None, run_after=None
[2023-03-30 12:06:35,226] {processor.py:161} INFO - Processing /home/airflow/.local/lib/python3.7/site-packages/airflow/example_dags/example_xcomargs.py took 0.359 seconds
[2023-03-30 12:07:05,400] {processor.py:153} INFO - Started process (PID=3930) to work on /home/airflow/.local/lib/python3.7/site-packages/airflow/example_dags/example_xcomargs.py
[2023-03-30 12:07:05,401] {processor.py:641} INFO - Processing file /home/airflow/.local/lib/python3.7/site-packages/airflow/example_dags/example_xcomargs.py for tasks to queue
[2023-03-30 12:07:05,402] {logging_mixin.py:115} INFO - [2023-03-30 12:07:05,402] {dagbag.py:507} INFO - Filling up the DagBag from /home/airflow/.local/lib/python3.7/site-packages/airflow/example_dags/example_xcomargs.py
[2023-03-30 12:07:05,415] {processor.py:651} INFO - DAG(s) dict_keys(['example_xcom_args', 'example_xcom_args_with_operators']) retrieved from /home/airflow/.local/lib/python3.7/site-packages/airflow/example_dags/example_xcomargs.py
[2023-03-30 12:07:05,611] {logging_mixin.py:115} INFO - [2023-03-30 12:07:05,611] {dag.py:2371} INFO - Sync 2 DAGs
[2023-03-30 12:07:05,662] {logging_mixin.py:115} INFO - [2023-03-30 12:07:05,662] {dag.py:2919} INFO - Setting next_dagrun for example_xcom_args to None, run_after=None
[2023-03-30 12:07:05,663] {logging_mixin.py:115} INFO - [2023-03-30 12:07:05,663] {dag.py:2919} INFO - Setting next_dagrun for example_xcom_args_with_operators to None, run_after=None
[2023-03-30 12:07:05,685] {processor.py:161} INFO - Processing /home/airflow/.local/lib/python3.7/site-packages/airflow/example_dags/example_xcomargs.py took 0.288 seconds
[2023-03-30 12:07:36,029] {processor.py:153} INFO - Started process (PID=3992) to work on /home/airflow/.local/lib/python3.7/site-packages/airflow/example_dags/example_xcomargs.py
[2023-03-30 12:07:36,029] {processor.py:641} INFO - Processing file /home/airflow/.local/lib/python3.7/site-packages/airflow/example_dags/example_xcomargs.py for tasks to queue
[2023-03-30 12:07:36,030] {logging_mixin.py:115} INFO - [2023-03-30 12:07:36,030] {dagbag.py:507} INFO - Filling up the DagBag from /home/airflow/.local/lib/python3.7/site-packages/airflow/example_dags/example_xcomargs.py
[2023-03-30 12:07:36,043] {processor.py:651} INFO - DAG(s) dict_keys(['example_xcom_args', 'example_xcom_args_with_operators']) retrieved from /home/airflow/.local/lib/python3.7/site-packages/airflow/example_dags/example_xcomargs.py
[2023-03-30 12:07:36,248] {logging_mixin.py:115} INFO - [2023-03-30 12:07:36,248] {dag.py:2371} INFO - Sync 2 DAGs
[2023-03-30 12:07:36,298] {logging_mixin.py:115} INFO - [2023-03-30 12:07:36,298] {dag.py:2919} INFO - Setting next_dagrun for example_xcom_args to None, run_after=None
[2023-03-30 12:07:36,299] {logging_mixin.py:115} INFO - [2023-03-30 12:07:36,299] {dag.py:2919} INFO - Setting next_dagrun for example_xcom_args_with_operators to None, run_after=None
[2023-03-30 12:07:36,322] {processor.py:161} INFO - Processing /home/airflow/.local/lib/python3.7/site-packages/airflow/example_dags/example_xcomargs.py took 0.297 seconds
