[2023-03-30 11:34:50,821] {processor.py:153} INFO - Started process (PID=67) to work on /home/airflow/.local/lib/python3.7/site-packages/airflow/example_dags/example_branch_python_dop_operator_3.py
[2023-03-30 11:34:50,822] {processor.py:641} INFO - Processing file /home/airflow/.local/lib/python3.7/site-packages/airflow/example_dags/example_branch_python_dop_operator_3.py for tasks to queue
[2023-03-30 11:34:50,823] {logging_mixin.py:115} INFO - [2023-03-30 11:34:50,823] {dagbag.py:507} INFO - Filling up the DagBag from /home/airflow/.local/lib/python3.7/site-packages/airflow/example_dags/example_branch_python_dop_operator_3.py
[2023-03-30 11:34:50,830] {processor.py:651} INFO - DAG(s) dict_keys(['example_branch_dop_operator_v3']) retrieved from /home/airflow/.local/lib/python3.7/site-packages/airflow/example_dags/example_branch_python_dop_operator_3.py
[2023-03-30 11:34:51,087] {logging_mixin.py:115} INFO - [2023-03-30 11:34:51,087] {manager.py:508} INFO - Created Permission View: can read on DAG:example_branch_dop_operator_v3
[2023-03-30 11:34:51,101] {logging_mixin.py:115} INFO - [2023-03-30 11:34:51,101] {manager.py:508} INFO - Created Permission View: can delete on DAG:example_branch_dop_operator_v3
[2023-03-30 11:34:51,113] {logging_mixin.py:115} INFO - [2023-03-30 11:34:51,113] {manager.py:508} INFO - Created Permission View: can edit on DAG:example_branch_dop_operator_v3
[2023-03-30 11:34:51,114] {logging_mixin.py:115} INFO - [2023-03-30 11:34:51,113] {dag.py:2371} INFO - Sync 1 DAGs
[2023-03-30 11:34:51,123] {logging_mixin.py:115} INFO - [2023-03-30 11:34:51,123] {dag.py:2390} INFO - Creating ORM DAG for example_branch_dop_operator_v3
[2023-03-30 11:34:51,158] {logging_mixin.py:115} INFO - [2023-03-30 11:34:51,158] {dag.py:2919} INFO - Setting next_dagrun for example_branch_dop_operator_v3 to 2023-03-30T11:33:00+00:00, run_after=2023-03-30T11:34:00+00:00
[2023-03-30 11:34:51,180] {processor.py:161} INFO - Processing /home/airflow/.local/lib/python3.7/site-packages/airflow/example_dags/example_branch_python_dop_operator_3.py took 0.361 seconds
[2023-03-30 11:35:21,681] {processor.py:153} INFO - Started process (PID=130) to work on /home/airflow/.local/lib/python3.7/site-packages/airflow/example_dags/example_branch_python_dop_operator_3.py
[2023-03-30 11:35:21,682] {processor.py:641} INFO - Processing file /home/airflow/.local/lib/python3.7/site-packages/airflow/example_dags/example_branch_python_dop_operator_3.py for tasks to queue
[2023-03-30 11:35:21,683] {logging_mixin.py:115} INFO - [2023-03-30 11:35:21,683] {dagbag.py:507} INFO - Filling up the DagBag from /home/airflow/.local/lib/python3.7/site-packages/airflow/example_dags/example_branch_python_dop_operator_3.py
[2023-03-30 11:35:21,689] {processor.py:651} INFO - DAG(s) dict_keys(['example_branch_dop_operator_v3']) retrieved from /home/airflow/.local/lib/python3.7/site-packages/airflow/example_dags/example_branch_python_dop_operator_3.py
[2023-03-30 11:35:21,787] {logging_mixin.py:115} INFO - [2023-03-30 11:35:21,786] {dag.py:2371} INFO - Sync 1 DAGs
[2023-03-30 11:35:21,836] {logging_mixin.py:115} INFO - [2023-03-30 11:35:21,836] {dag.py:2919} INFO - Setting next_dagrun for example_branch_dop_operator_v3 to 2023-03-30T11:34:00+00:00, run_after=2023-03-30T11:35:00+00:00
[2023-03-30 11:35:21,861] {processor.py:161} INFO - Processing /home/airflow/.local/lib/python3.7/site-packages/airflow/example_dags/example_branch_python_dop_operator_3.py took 0.182 seconds
[2023-03-30 11:35:52,700] {processor.py:153} INFO - Started process (PID=193) to work on /home/airflow/.local/lib/python3.7/site-packages/airflow/example_dags/example_branch_python_dop_operator_3.py
[2023-03-30 11:35:52,701] {processor.py:641} INFO - Processing file /home/airflow/.local/lib/python3.7/site-packages/airflow/example_dags/example_branch_python_dop_operator_3.py for tasks to queue
[2023-03-30 11:35:52,702] {logging_mixin.py:115} INFO - [2023-03-30 11:35:52,702] {dagbag.py:507} INFO - Filling up the DagBag from /home/airflow/.local/lib/python3.7/site-packages/airflow/example_dags/example_branch_python_dop_operator_3.py
[2023-03-30 11:35:52,718] {processor.py:651} INFO - DAG(s) dict_keys(['example_branch_dop_operator_v3']) retrieved from /home/airflow/.local/lib/python3.7/site-packages/airflow/example_dags/example_branch_python_dop_operator_3.py
[2023-03-30 11:35:52,840] {logging_mixin.py:115} INFO - [2023-03-30 11:35:52,840] {dag.py:2371} INFO - Sync 1 DAGs
[2023-03-30 11:35:52,896] {logging_mixin.py:115} INFO - [2023-03-30 11:35:52,896] {dag.py:2919} INFO - Setting next_dagrun for example_branch_dop_operator_v3 to 2023-03-30T11:34:00+00:00, run_after=2023-03-30T11:35:00+00:00
[2023-03-30 11:35:52,921] {processor.py:161} INFO - Processing /home/airflow/.local/lib/python3.7/site-packages/airflow/example_dags/example_branch_python_dop_operator_3.py took 0.231 seconds
[2023-03-30 11:36:23,702] {processor.py:153} INFO - Started process (PID=247) to work on /home/airflow/.local/lib/python3.7/site-packages/airflow/example_dags/example_branch_python_dop_operator_3.py
[2023-03-30 11:36:23,703] {processor.py:641} INFO - Processing file /home/airflow/.local/lib/python3.7/site-packages/airflow/example_dags/example_branch_python_dop_operator_3.py for tasks to queue
[2023-03-30 11:36:23,704] {logging_mixin.py:115} INFO - [2023-03-30 11:36:23,704] {dagbag.py:507} INFO - Filling up the DagBag from /home/airflow/.local/lib/python3.7/site-packages/airflow/example_dags/example_branch_python_dop_operator_3.py
[2023-03-30 11:36:23,711] {processor.py:651} INFO - DAG(s) dict_keys(['example_branch_dop_operator_v3']) retrieved from /home/airflow/.local/lib/python3.7/site-packages/airflow/example_dags/example_branch_python_dop_operator_3.py
[2023-03-30 11:36:23,807] {logging_mixin.py:115} INFO - [2023-03-30 11:36:23,807] {dag.py:2371} INFO - Sync 1 DAGs
[2023-03-30 11:36:23,856] {logging_mixin.py:115} INFO - [2023-03-30 11:36:23,856] {dag.py:2919} INFO - Setting next_dagrun for example_branch_dop_operator_v3 to 2023-03-30T11:35:00+00:00, run_after=2023-03-30T11:36:00+00:00
[2023-03-30 11:36:23,880] {processor.py:161} INFO - Processing /home/airflow/.local/lib/python3.7/site-packages/airflow/example_dags/example_branch_python_dop_operator_3.py took 0.180 seconds
[2023-03-30 11:36:54,540] {processor.py:153} INFO - Started process (PID=310) to work on /home/airflow/.local/lib/python3.7/site-packages/airflow/example_dags/example_branch_python_dop_operator_3.py
[2023-03-30 11:36:54,541] {processor.py:641} INFO - Processing file /home/airflow/.local/lib/python3.7/site-packages/airflow/example_dags/example_branch_python_dop_operator_3.py for tasks to queue
[2023-03-30 11:36:54,542] {logging_mixin.py:115} INFO - [2023-03-30 11:36:54,542] {dagbag.py:507} INFO - Filling up the DagBag from /home/airflow/.local/lib/python3.7/site-packages/airflow/example_dags/example_branch_python_dop_operator_3.py
[2023-03-30 11:36:54,551] {processor.py:651} INFO - DAG(s) dict_keys(['example_branch_dop_operator_v3']) retrieved from /home/airflow/.local/lib/python3.7/site-packages/airflow/example_dags/example_branch_python_dop_operator_3.py
[2023-03-30 11:36:54,669] {logging_mixin.py:115} INFO - [2023-03-30 11:36:54,669] {dag.py:2371} INFO - Sync 1 DAGs
[2023-03-30 11:36:54,727] {logging_mixin.py:115} INFO - [2023-03-30 11:36:54,727] {dag.py:2919} INFO - Setting next_dagrun for example_branch_dop_operator_v3 to 2023-03-30T11:35:00+00:00, run_after=2023-03-30T11:36:00+00:00
[2023-03-30 11:36:54,753] {processor.py:161} INFO - Processing /home/airflow/.local/lib/python3.7/site-packages/airflow/example_dags/example_branch_python_dop_operator_3.py took 0.216 seconds
[2023-03-30 11:37:25,433] {processor.py:153} INFO - Started process (PID=373) to work on /home/airflow/.local/lib/python3.7/site-packages/airflow/example_dags/example_branch_python_dop_operator_3.py
[2023-03-30 11:37:25,434] {processor.py:641} INFO - Processing file /home/airflow/.local/lib/python3.7/site-packages/airflow/example_dags/example_branch_python_dop_operator_3.py for tasks to queue
[2023-03-30 11:37:25,435] {logging_mixin.py:115} INFO - [2023-03-30 11:37:25,435] {dagbag.py:507} INFO - Filling up the DagBag from /home/airflow/.local/lib/python3.7/site-packages/airflow/example_dags/example_branch_python_dop_operator_3.py
[2023-03-30 11:37:25,444] {processor.py:651} INFO - DAG(s) dict_keys(['example_branch_dop_operator_v3']) retrieved from /home/airflow/.local/lib/python3.7/site-packages/airflow/example_dags/example_branch_python_dop_operator_3.py
[2023-03-30 11:37:25,545] {logging_mixin.py:115} INFO - [2023-03-30 11:37:25,545] {dag.py:2371} INFO - Sync 1 DAGs
[2023-03-30 11:37:25,595] {logging_mixin.py:115} INFO - [2023-03-30 11:37:25,595] {dag.py:2919} INFO - Setting next_dagrun for example_branch_dop_operator_v3 to 2023-03-30T11:36:00+00:00, run_after=2023-03-30T11:37:00+00:00
[2023-03-30 11:37:25,619] {processor.py:161} INFO - Processing /home/airflow/.local/lib/python3.7/site-packages/airflow/example_dags/example_branch_python_dop_operator_3.py took 0.188 seconds
[2023-03-30 11:37:56,036] {processor.py:153} INFO - Started process (PID=436) to work on /home/airflow/.local/lib/python3.7/site-packages/airflow/example_dags/example_branch_python_dop_operator_3.py
[2023-03-30 11:37:56,037] {processor.py:641} INFO - Processing file /home/airflow/.local/lib/python3.7/site-packages/airflow/example_dags/example_branch_python_dop_operator_3.py for tasks to queue
[2023-03-30 11:37:56,038] {logging_mixin.py:115} INFO - [2023-03-30 11:37:56,038] {dagbag.py:507} INFO - Filling up the DagBag from /home/airflow/.local/lib/python3.7/site-packages/airflow/example_dags/example_branch_python_dop_operator_3.py
[2023-03-30 11:37:56,044] {processor.py:651} INFO - DAG(s) dict_keys(['example_branch_dop_operator_v3']) retrieved from /home/airflow/.local/lib/python3.7/site-packages/airflow/example_dags/example_branch_python_dop_operator_3.py
[2023-03-30 11:37:56,149] {logging_mixin.py:115} INFO - [2023-03-30 11:37:56,149] {dag.py:2371} INFO - Sync 1 DAGs
[2023-03-30 11:37:56,202] {logging_mixin.py:115} INFO - [2023-03-30 11:37:56,201] {dag.py:2919} INFO - Setting next_dagrun for example_branch_dop_operator_v3 to 2023-03-30T11:36:00+00:00, run_after=2023-03-30T11:37:00+00:00
[2023-03-30 11:37:56,226] {processor.py:161} INFO - Processing /home/airflow/.local/lib/python3.7/site-packages/airflow/example_dags/example_branch_python_dop_operator_3.py took 0.193 seconds
[2023-03-30 11:38:26,594] {processor.py:153} INFO - Started process (PID=499) to work on /home/airflow/.local/lib/python3.7/site-packages/airflow/example_dags/example_branch_python_dop_operator_3.py
[2023-03-30 11:38:26,595] {processor.py:641} INFO - Processing file /home/airflow/.local/lib/python3.7/site-packages/airflow/example_dags/example_branch_python_dop_operator_3.py for tasks to queue
[2023-03-30 11:38:26,596] {logging_mixin.py:115} INFO - [2023-03-30 11:38:26,596] {dagbag.py:507} INFO - Filling up the DagBag from /home/airflow/.local/lib/python3.7/site-packages/airflow/example_dags/example_branch_python_dop_operator_3.py
[2023-03-30 11:38:26,604] {processor.py:651} INFO - DAG(s) dict_keys(['example_branch_dop_operator_v3']) retrieved from /home/airflow/.local/lib/python3.7/site-packages/airflow/example_dags/example_branch_python_dop_operator_3.py
[2023-03-30 11:38:26,702] {logging_mixin.py:115} INFO - [2023-03-30 11:38:26,702] {dag.py:2371} INFO - Sync 1 DAGs
[2023-03-30 11:38:26,752] {logging_mixin.py:115} INFO - [2023-03-30 11:38:26,752] {dag.py:2919} INFO - Setting next_dagrun for example_branch_dop_operator_v3 to 2023-03-30T11:37:00+00:00, run_after=2023-03-30T11:38:00+00:00
[2023-03-30 11:38:26,780] {processor.py:161} INFO - Processing /home/airflow/.local/lib/python3.7/site-packages/airflow/example_dags/example_branch_python_dop_operator_3.py took 0.188 seconds
[2023-03-30 11:38:57,452] {processor.py:153} INFO - Started process (PID=553) to work on /home/airflow/.local/lib/python3.7/site-packages/airflow/example_dags/example_branch_python_dop_operator_3.py
[2023-03-30 11:38:57,453] {processor.py:641} INFO - Processing file /home/airflow/.local/lib/python3.7/site-packages/airflow/example_dags/example_branch_python_dop_operator_3.py for tasks to queue
[2023-03-30 11:38:57,454] {logging_mixin.py:115} INFO - [2023-03-30 11:38:57,454] {dagbag.py:507} INFO - Filling up the DagBag from /home/airflow/.local/lib/python3.7/site-packages/airflow/example_dags/example_branch_python_dop_operator_3.py
[2023-03-30 11:38:57,462] {processor.py:651} INFO - DAG(s) dict_keys(['example_branch_dop_operator_v3']) retrieved from /home/airflow/.local/lib/python3.7/site-packages/airflow/example_dags/example_branch_python_dop_operator_3.py
[2023-03-30 11:38:57,563] {logging_mixin.py:115} INFO - [2023-03-30 11:38:57,563] {dag.py:2371} INFO - Sync 1 DAGs
[2023-03-30 11:38:57,612] {logging_mixin.py:115} INFO - [2023-03-30 11:38:57,612] {dag.py:2919} INFO - Setting next_dagrun for example_branch_dop_operator_v3 to 2023-03-30T11:37:00+00:00, run_after=2023-03-30T11:38:00+00:00
[2023-03-30 11:38:57,635] {processor.py:161} INFO - Processing /home/airflow/.local/lib/python3.7/site-packages/airflow/example_dags/example_branch_python_dop_operator_3.py took 0.185 seconds
[2023-03-30 11:39:27,907] {processor.py:153} INFO - Started process (PID=616) to work on /home/airflow/.local/lib/python3.7/site-packages/airflow/example_dags/example_branch_python_dop_operator_3.py
[2023-03-30 11:39:27,907] {processor.py:641} INFO - Processing file /home/airflow/.local/lib/python3.7/site-packages/airflow/example_dags/example_branch_python_dop_operator_3.py for tasks to queue
[2023-03-30 11:39:27,908] {logging_mixin.py:115} INFO - [2023-03-30 11:39:27,908] {dagbag.py:507} INFO - Filling up the DagBag from /home/airflow/.local/lib/python3.7/site-packages/airflow/example_dags/example_branch_python_dop_operator_3.py
[2023-03-30 11:39:27,914] {processor.py:651} INFO - DAG(s) dict_keys(['example_branch_dop_operator_v3']) retrieved from /home/airflow/.local/lib/python3.7/site-packages/airflow/example_dags/example_branch_python_dop_operator_3.py
[2023-03-30 11:39:28,015] {logging_mixin.py:115} INFO - [2023-03-30 11:39:28,015] {dag.py:2371} INFO - Sync 1 DAGs
[2023-03-30 11:39:28,066] {logging_mixin.py:115} INFO - [2023-03-30 11:39:28,066] {dag.py:2919} INFO - Setting next_dagrun for example_branch_dop_operator_v3 to 2023-03-30T11:38:00+00:00, run_after=2023-03-30T11:39:00+00:00
[2023-03-30 11:39:28,089] {processor.py:161} INFO - Processing /home/airflow/.local/lib/python3.7/site-packages/airflow/example_dags/example_branch_python_dop_operator_3.py took 0.185 seconds
[2023-03-30 11:39:58,388] {processor.py:153} INFO - Started process (PID=679) to work on /home/airflow/.local/lib/python3.7/site-packages/airflow/example_dags/example_branch_python_dop_operator_3.py
[2023-03-30 11:39:58,389] {processor.py:641} INFO - Processing file /home/airflow/.local/lib/python3.7/site-packages/airflow/example_dags/example_branch_python_dop_operator_3.py for tasks to queue
[2023-03-30 11:39:58,390] {logging_mixin.py:115} INFO - [2023-03-30 11:39:58,390] {dagbag.py:507} INFO - Filling up the DagBag from /home/airflow/.local/lib/python3.7/site-packages/airflow/example_dags/example_branch_python_dop_operator_3.py
[2023-03-30 11:39:58,397] {processor.py:651} INFO - DAG(s) dict_keys(['example_branch_dop_operator_v3']) retrieved from /home/airflow/.local/lib/python3.7/site-packages/airflow/example_dags/example_branch_python_dop_operator_3.py
[2023-03-30 11:39:58,498] {logging_mixin.py:115} INFO - [2023-03-30 11:39:58,498] {dag.py:2371} INFO - Sync 1 DAGs
[2023-03-30 11:39:58,547] {logging_mixin.py:115} INFO - [2023-03-30 11:39:58,547] {dag.py:2919} INFO - Setting next_dagrun for example_branch_dop_operator_v3 to 2023-03-30T11:38:00+00:00, run_after=2023-03-30T11:39:00+00:00
[2023-03-30 11:39:58,569] {processor.py:161} INFO - Processing /home/airflow/.local/lib/python3.7/site-packages/airflow/example_dags/example_branch_python_dop_operator_3.py took 0.183 seconds
[2023-03-30 11:40:28,966] {processor.py:153} INFO - Started process (PID=742) to work on /home/airflow/.local/lib/python3.7/site-packages/airflow/example_dags/example_branch_python_dop_operator_3.py
[2023-03-30 11:40:28,973] {processor.py:641} INFO - Processing file /home/airflow/.local/lib/python3.7/site-packages/airflow/example_dags/example_branch_python_dop_operator_3.py for tasks to queue
[2023-03-30 11:40:28,981] {logging_mixin.py:115} INFO - [2023-03-30 11:40:28,981] {dagbag.py:507} INFO - Filling up the DagBag from /home/airflow/.local/lib/python3.7/site-packages/airflow/example_dags/example_branch_python_dop_operator_3.py
[2023-03-30 11:40:29,007] {processor.py:651} INFO - DAG(s) dict_keys(['example_branch_dop_operator_v3']) retrieved from /home/airflow/.local/lib/python3.7/site-packages/airflow/example_dags/example_branch_python_dop_operator_3.py
[2023-03-30 11:40:29,105] {logging_mixin.py:115} INFO - [2023-03-30 11:40:29,105] {dag.py:2371} INFO - Sync 1 DAGs
[2023-03-30 11:40:29,153] {logging_mixin.py:115} INFO - [2023-03-30 11:40:29,153] {dag.py:2919} INFO - Setting next_dagrun for example_branch_dop_operator_v3 to 2023-03-30T11:39:00+00:00, run_after=2023-03-30T11:40:00+00:00
[2023-03-30 11:40:29,177] {processor.py:161} INFO - Processing /home/airflow/.local/lib/python3.7/site-packages/airflow/example_dags/example_branch_python_dop_operator_3.py took 0.213 seconds
[2023-03-30 11:40:59,235] {processor.py:153} INFO - Started process (PID=805) to work on /home/airflow/.local/lib/python3.7/site-packages/airflow/example_dags/example_branch_python_dop_operator_3.py
[2023-03-30 11:40:59,236] {processor.py:641} INFO - Processing file /home/airflow/.local/lib/python3.7/site-packages/airflow/example_dags/example_branch_python_dop_operator_3.py for tasks to queue
[2023-03-30 11:40:59,237] {logging_mixin.py:115} INFO - [2023-03-30 11:40:59,237] {dagbag.py:507} INFO - Filling up the DagBag from /home/airflow/.local/lib/python3.7/site-packages/airflow/example_dags/example_branch_python_dop_operator_3.py
[2023-03-30 11:40:59,244] {processor.py:651} INFO - DAG(s) dict_keys(['example_branch_dop_operator_v3']) retrieved from /home/airflow/.local/lib/python3.7/site-packages/airflow/example_dags/example_branch_python_dop_operator_3.py
[2023-03-30 11:40:59,341] {logging_mixin.py:115} INFO - [2023-03-30 11:40:59,341] {dag.py:2371} INFO - Sync 1 DAGs
[2023-03-30 11:40:59,389] {logging_mixin.py:115} INFO - [2023-03-30 11:40:59,389] {dag.py:2919} INFO - Setting next_dagrun for example_branch_dop_operator_v3 to 2023-03-30T11:39:00+00:00, run_after=2023-03-30T11:40:00+00:00
[2023-03-30 11:40:59,409] {processor.py:161} INFO - Processing /home/airflow/.local/lib/python3.7/site-packages/airflow/example_dags/example_branch_python_dop_operator_3.py took 0.177 seconds
[2023-03-30 11:41:29,460] {processor.py:153} INFO - Started process (PID=859) to work on /home/airflow/.local/lib/python3.7/site-packages/airflow/example_dags/example_branch_python_dop_operator_3.py
[2023-03-30 11:41:29,461] {processor.py:641} INFO - Processing file /home/airflow/.local/lib/python3.7/site-packages/airflow/example_dags/example_branch_python_dop_operator_3.py for tasks to queue
[2023-03-30 11:41:29,462] {logging_mixin.py:115} INFO - [2023-03-30 11:41:29,462] {dagbag.py:507} INFO - Filling up the DagBag from /home/airflow/.local/lib/python3.7/site-packages/airflow/example_dags/example_branch_python_dop_operator_3.py
[2023-03-30 11:41:29,468] {processor.py:651} INFO - DAG(s) dict_keys(['example_branch_dop_operator_v3']) retrieved from /home/airflow/.local/lib/python3.7/site-packages/airflow/example_dags/example_branch_python_dop_operator_3.py
[2023-03-30 11:41:29,563] {logging_mixin.py:115} INFO - [2023-03-30 11:41:29,563] {dag.py:2371} INFO - Sync 1 DAGs
[2023-03-30 11:41:29,612] {logging_mixin.py:115} INFO - [2023-03-30 11:41:29,612] {dag.py:2919} INFO - Setting next_dagrun for example_branch_dop_operator_v3 to 2023-03-30T11:40:00+00:00, run_after=2023-03-30T11:41:00+00:00
[2023-03-30 11:41:29,634] {processor.py:161} INFO - Processing /home/airflow/.local/lib/python3.7/site-packages/airflow/example_dags/example_branch_python_dop_operator_3.py took 0.177 seconds
[2023-03-30 11:41:59,966] {processor.py:153} INFO - Started process (PID=922) to work on /home/airflow/.local/lib/python3.7/site-packages/airflow/example_dags/example_branch_python_dop_operator_3.py
[2023-03-30 11:41:59,967] {processor.py:641} INFO - Processing file /home/airflow/.local/lib/python3.7/site-packages/airflow/example_dags/example_branch_python_dop_operator_3.py for tasks to queue
[2023-03-30 11:41:59,968] {logging_mixin.py:115} INFO - [2023-03-30 11:41:59,968] {dagbag.py:507} INFO - Filling up the DagBag from /home/airflow/.local/lib/python3.7/site-packages/airflow/example_dags/example_branch_python_dop_operator_3.py
[2023-03-30 11:41:59,975] {processor.py:651} INFO - DAG(s) dict_keys(['example_branch_dop_operator_v3']) retrieved from /home/airflow/.local/lib/python3.7/site-packages/airflow/example_dags/example_branch_python_dop_operator_3.py
[2023-03-30 11:42:00,072] {logging_mixin.py:115} INFO - [2023-03-30 11:42:00,072] {dag.py:2371} INFO - Sync 1 DAGs
[2023-03-30 11:42:00,125] {logging_mixin.py:115} INFO - [2023-03-30 11:42:00,125] {dag.py:2919} INFO - Setting next_dagrun for example_branch_dop_operator_v3 to 2023-03-30T11:41:00+00:00, run_after=2023-03-30T11:42:00+00:00
[2023-03-30 11:42:00,150] {processor.py:161} INFO - Processing /home/airflow/.local/lib/python3.7/site-packages/airflow/example_dags/example_branch_python_dop_operator_3.py took 0.186 seconds
[2023-03-30 11:42:30,526] {processor.py:153} INFO - Started process (PID=984) to work on /home/airflow/.local/lib/python3.7/site-packages/airflow/example_dags/example_branch_python_dop_operator_3.py
[2023-03-30 11:42:30,527] {processor.py:641} INFO - Processing file /home/airflow/.local/lib/python3.7/site-packages/airflow/example_dags/example_branch_python_dop_operator_3.py for tasks to queue
[2023-03-30 11:42:30,528] {logging_mixin.py:115} INFO - [2023-03-30 11:42:30,528] {dagbag.py:507} INFO - Filling up the DagBag from /home/airflow/.local/lib/python3.7/site-packages/airflow/example_dags/example_branch_python_dop_operator_3.py
[2023-03-30 11:42:30,535] {processor.py:651} INFO - DAG(s) dict_keys(['example_branch_dop_operator_v3']) retrieved from /home/airflow/.local/lib/python3.7/site-packages/airflow/example_dags/example_branch_python_dop_operator_3.py
[2023-03-30 11:42:30,630] {logging_mixin.py:115} INFO - [2023-03-30 11:42:30,630] {dag.py:2371} INFO - Sync 1 DAGs
[2023-03-30 11:42:30,681] {logging_mixin.py:115} INFO - [2023-03-30 11:42:30,681] {dag.py:2919} INFO - Setting next_dagrun for example_branch_dop_operator_v3 to 2023-03-30T11:41:00+00:00, run_after=2023-03-30T11:42:00+00:00
[2023-03-30 11:42:30,701] {processor.py:161} INFO - Processing /home/airflow/.local/lib/python3.7/site-packages/airflow/example_dags/example_branch_python_dop_operator_3.py took 0.177 seconds
[2023-03-30 11:43:01,182] {processor.py:153} INFO - Started process (PID=1047) to work on /home/airflow/.local/lib/python3.7/site-packages/airflow/example_dags/example_branch_python_dop_operator_3.py
[2023-03-30 11:43:01,183] {processor.py:641} INFO - Processing file /home/airflow/.local/lib/python3.7/site-packages/airflow/example_dags/example_branch_python_dop_operator_3.py for tasks to queue
[2023-03-30 11:43:01,184] {logging_mixin.py:115} INFO - [2023-03-30 11:43:01,184] {dagbag.py:507} INFO - Filling up the DagBag from /home/airflow/.local/lib/python3.7/site-packages/airflow/example_dags/example_branch_python_dop_operator_3.py
[2023-03-30 11:43:01,191] {processor.py:651} INFO - DAG(s) dict_keys(['example_branch_dop_operator_v3']) retrieved from /home/airflow/.local/lib/python3.7/site-packages/airflow/example_dags/example_branch_python_dop_operator_3.py
[2023-03-30 11:43:01,294] {logging_mixin.py:115} INFO - [2023-03-30 11:43:01,294] {dag.py:2371} INFO - Sync 1 DAGs
[2023-03-30 11:43:01,344] {logging_mixin.py:115} INFO - [2023-03-30 11:43:01,344] {dag.py:2919} INFO - Setting next_dagrun for example_branch_dop_operator_v3 to 2023-03-30T11:42:00+00:00, run_after=2023-03-30T11:43:00+00:00
[2023-03-30 11:43:01,367] {processor.py:161} INFO - Processing /home/airflow/.local/lib/python3.7/site-packages/airflow/example_dags/example_branch_python_dop_operator_3.py took 0.187 seconds
[2023-03-30 11:43:31,783] {processor.py:153} INFO - Started process (PID=1110) to work on /home/airflow/.local/lib/python3.7/site-packages/airflow/example_dags/example_branch_python_dop_operator_3.py
[2023-03-30 11:43:31,784] {processor.py:641} INFO - Processing file /home/airflow/.local/lib/python3.7/site-packages/airflow/example_dags/example_branch_python_dop_operator_3.py for tasks to queue
[2023-03-30 11:43:31,785] {logging_mixin.py:115} INFO - [2023-03-30 11:43:31,785] {dagbag.py:507} INFO - Filling up the DagBag from /home/airflow/.local/lib/python3.7/site-packages/airflow/example_dags/example_branch_python_dop_operator_3.py
[2023-03-30 11:43:31,792] {processor.py:651} INFO - DAG(s) dict_keys(['example_branch_dop_operator_v3']) retrieved from /home/airflow/.local/lib/python3.7/site-packages/airflow/example_dags/example_branch_python_dop_operator_3.py
[2023-03-30 11:43:31,893] {logging_mixin.py:115} INFO - [2023-03-30 11:43:31,893] {dag.py:2371} INFO - Sync 1 DAGs
[2023-03-30 11:43:31,942] {logging_mixin.py:115} INFO - [2023-03-30 11:43:31,942] {dag.py:2919} INFO - Setting next_dagrun for example_branch_dop_operator_v3 to 2023-03-30T11:42:00+00:00, run_after=2023-03-30T11:43:00+00:00
[2023-03-30 11:43:31,966] {processor.py:161} INFO - Processing /home/airflow/.local/lib/python3.7/site-packages/airflow/example_dags/example_branch_python_dop_operator_3.py took 0.186 seconds
[2023-03-30 11:44:02,492] {processor.py:153} INFO - Started process (PID=1164) to work on /home/airflow/.local/lib/python3.7/site-packages/airflow/example_dags/example_branch_python_dop_operator_3.py
[2023-03-30 11:44:02,493] {processor.py:641} INFO - Processing file /home/airflow/.local/lib/python3.7/site-packages/airflow/example_dags/example_branch_python_dop_operator_3.py for tasks to queue
[2023-03-30 11:44:02,493] {logging_mixin.py:115} INFO - [2023-03-30 11:44:02,493] {dagbag.py:507} INFO - Filling up the DagBag from /home/airflow/.local/lib/python3.7/site-packages/airflow/example_dags/example_branch_python_dop_operator_3.py
[2023-03-30 11:44:02,500] {processor.py:651} INFO - DAG(s) dict_keys(['example_branch_dop_operator_v3']) retrieved from /home/airflow/.local/lib/python3.7/site-packages/airflow/example_dags/example_branch_python_dop_operator_3.py
[2023-03-30 11:44:02,600] {logging_mixin.py:115} INFO - [2023-03-30 11:44:02,600] {dag.py:2371} INFO - Sync 1 DAGs
[2023-03-30 11:44:02,651] {logging_mixin.py:115} INFO - [2023-03-30 11:44:02,651] {dag.py:2919} INFO - Setting next_dagrun for example_branch_dop_operator_v3 to 2023-03-30T11:43:00+00:00, run_after=2023-03-30T11:44:00+00:00
[2023-03-30 11:44:02,675] {processor.py:161} INFO - Processing /home/airflow/.local/lib/python3.7/site-packages/airflow/example_dags/example_branch_python_dop_operator_3.py took 0.186 seconds
[2023-03-30 11:44:33,091] {processor.py:153} INFO - Started process (PID=1227) to work on /home/airflow/.local/lib/python3.7/site-packages/airflow/example_dags/example_branch_python_dop_operator_3.py
[2023-03-30 11:44:33,092] {processor.py:641} INFO - Processing file /home/airflow/.local/lib/python3.7/site-packages/airflow/example_dags/example_branch_python_dop_operator_3.py for tasks to queue
[2023-03-30 11:44:33,092] {logging_mixin.py:115} INFO - [2023-03-30 11:44:33,092] {dagbag.py:507} INFO - Filling up the DagBag from /home/airflow/.local/lib/python3.7/site-packages/airflow/example_dags/example_branch_python_dop_operator_3.py
[2023-03-30 11:44:33,099] {processor.py:651} INFO - DAG(s) dict_keys(['example_branch_dop_operator_v3']) retrieved from /home/airflow/.local/lib/python3.7/site-packages/airflow/example_dags/example_branch_python_dop_operator_3.py
[2023-03-30 11:44:33,198] {logging_mixin.py:115} INFO - [2023-03-30 11:44:33,198] {dag.py:2371} INFO - Sync 1 DAGs
[2023-03-30 11:44:33,247] {logging_mixin.py:115} INFO - [2023-03-30 11:44:33,247] {dag.py:2919} INFO - Setting next_dagrun for example_branch_dop_operator_v3 to 2023-03-30T11:43:00+00:00, run_after=2023-03-30T11:44:00+00:00
[2023-03-30 11:44:33,268] {processor.py:161} INFO - Processing /home/airflow/.local/lib/python3.7/site-packages/airflow/example_dags/example_branch_python_dop_operator_3.py took 0.180 seconds
[2023-03-30 11:45:03,989] {processor.py:153} INFO - Started process (PID=1290) to work on /home/airflow/.local/lib/python3.7/site-packages/airflow/example_dags/example_branch_python_dop_operator_3.py
[2023-03-30 11:45:03,990] {processor.py:641} INFO - Processing file /home/airflow/.local/lib/python3.7/site-packages/airflow/example_dags/example_branch_python_dop_operator_3.py for tasks to queue
[2023-03-30 11:45:03,991] {logging_mixin.py:115} INFO - [2023-03-30 11:45:03,990] {dagbag.py:507} INFO - Filling up the DagBag from /home/airflow/.local/lib/python3.7/site-packages/airflow/example_dags/example_branch_python_dop_operator_3.py
[2023-03-30 11:45:03,998] {processor.py:651} INFO - DAG(s) dict_keys(['example_branch_dop_operator_v3']) retrieved from /home/airflow/.local/lib/python3.7/site-packages/airflow/example_dags/example_branch_python_dop_operator_3.py
[2023-03-30 11:45:04,099] {logging_mixin.py:115} INFO - [2023-03-30 11:45:04,099] {dag.py:2371} INFO - Sync 1 DAGs
[2023-03-30 11:45:04,148] {logging_mixin.py:115} INFO - [2023-03-30 11:45:04,148] {dag.py:2919} INFO - Setting next_dagrun for example_branch_dop_operator_v3 to 2023-03-30T11:44:00+00:00, run_after=2023-03-30T11:45:00+00:00
[2023-03-30 11:45:04,272] {processor.py:161} INFO - Processing /home/airflow/.local/lib/python3.7/site-packages/airflow/example_dags/example_branch_python_dop_operator_3.py took 0.286 seconds
[2023-03-30 11:45:34,464] {processor.py:153} INFO - Started process (PID=1353) to work on /home/airflow/.local/lib/python3.7/site-packages/airflow/example_dags/example_branch_python_dop_operator_3.py
[2023-03-30 11:45:34,465] {processor.py:641} INFO - Processing file /home/airflow/.local/lib/python3.7/site-packages/airflow/example_dags/example_branch_python_dop_operator_3.py for tasks to queue
[2023-03-30 11:45:34,466] {logging_mixin.py:115} INFO - [2023-03-30 11:45:34,466] {dagbag.py:507} INFO - Filling up the DagBag from /home/airflow/.local/lib/python3.7/site-packages/airflow/example_dags/example_branch_python_dop_operator_3.py
[2023-03-30 11:45:34,473] {processor.py:651} INFO - DAG(s) dict_keys(['example_branch_dop_operator_v3']) retrieved from /home/airflow/.local/lib/python3.7/site-packages/airflow/example_dags/example_branch_python_dop_operator_3.py
[2023-03-30 11:45:34,570] {logging_mixin.py:115} INFO - [2023-03-30 11:45:34,570] {dag.py:2371} INFO - Sync 1 DAGs
[2023-03-30 11:45:34,620] {logging_mixin.py:115} INFO - [2023-03-30 11:45:34,620] {dag.py:2919} INFO - Setting next_dagrun for example_branch_dop_operator_v3 to 2023-03-30T11:44:00+00:00, run_after=2023-03-30T11:45:00+00:00
[2023-03-30 11:45:34,642] {processor.py:161} INFO - Processing /home/airflow/.local/lib/python3.7/site-packages/airflow/example_dags/example_branch_python_dop_operator_3.py took 0.180 seconds
[2023-03-30 11:46:05,529] {processor.py:153} INFO - Started process (PID=1416) to work on /home/airflow/.local/lib/python3.7/site-packages/airflow/example_dags/example_branch_python_dop_operator_3.py
[2023-03-30 11:46:05,530] {processor.py:641} INFO - Processing file /home/airflow/.local/lib/python3.7/site-packages/airflow/example_dags/example_branch_python_dop_operator_3.py for tasks to queue
[2023-03-30 11:46:05,531] {logging_mixin.py:115} INFO - [2023-03-30 11:46:05,531] {dagbag.py:507} INFO - Filling up the DagBag from /home/airflow/.local/lib/python3.7/site-packages/airflow/example_dags/example_branch_python_dop_operator_3.py
[2023-03-30 11:46:05,539] {processor.py:651} INFO - DAG(s) dict_keys(['example_branch_dop_operator_v3']) retrieved from /home/airflow/.local/lib/python3.7/site-packages/airflow/example_dags/example_branch_python_dop_operator_3.py
[2023-03-30 11:46:05,846] {logging_mixin.py:115} INFO - [2023-03-30 11:46:05,845] {dag.py:2371} INFO - Sync 1 DAGs
[2023-03-30 11:46:05,899] {logging_mixin.py:115} INFO - [2023-03-30 11:46:05,899] {dag.py:2919} INFO - Setting next_dagrun for example_branch_dop_operator_v3 to 2023-03-30T11:45:00+00:00, run_after=2023-03-30T11:46:00+00:00
[2023-03-30 11:46:06,033] {processor.py:161} INFO - Processing /home/airflow/.local/lib/python3.7/site-packages/airflow/example_dags/example_branch_python_dop_operator_3.py took 0.506 seconds
[2023-03-30 11:46:36,084] {processor.py:153} INFO - Started process (PID=1470) to work on /home/airflow/.local/lib/python3.7/site-packages/airflow/example_dags/example_branch_python_dop_operator_3.py
[2023-03-30 11:46:36,085] {processor.py:641} INFO - Processing file /home/airflow/.local/lib/python3.7/site-packages/airflow/example_dags/example_branch_python_dop_operator_3.py for tasks to queue
[2023-03-30 11:46:36,086] {logging_mixin.py:115} INFO - [2023-03-30 11:46:36,086] {dagbag.py:507} INFO - Filling up the DagBag from /home/airflow/.local/lib/python3.7/site-packages/airflow/example_dags/example_branch_python_dop_operator_3.py
[2023-03-30 11:46:36,092] {processor.py:651} INFO - DAG(s) dict_keys(['example_branch_dop_operator_v3']) retrieved from /home/airflow/.local/lib/python3.7/site-packages/airflow/example_dags/example_branch_python_dop_operator_3.py
[2023-03-30 11:46:36,194] {logging_mixin.py:115} INFO - [2023-03-30 11:46:36,194] {dag.py:2371} INFO - Sync 1 DAGs
[2023-03-30 11:46:36,244] {logging_mixin.py:115} INFO - [2023-03-30 11:46:36,243] {dag.py:2919} INFO - Setting next_dagrun for example_branch_dop_operator_v3 to 2023-03-30T11:45:00+00:00, run_after=2023-03-30T11:46:00+00:00
[2023-03-30 11:46:36,268] {processor.py:161} INFO - Processing /home/airflow/.local/lib/python3.7/site-packages/airflow/example_dags/example_branch_python_dop_operator_3.py took 0.186 seconds
[2023-03-30 11:47:06,478] {processor.py:153} INFO - Started process (PID=1532) to work on /home/airflow/.local/lib/python3.7/site-packages/airflow/example_dags/example_branch_python_dop_operator_3.py
[2023-03-30 11:47:06,479] {processor.py:641} INFO - Processing file /home/airflow/.local/lib/python3.7/site-packages/airflow/example_dags/example_branch_python_dop_operator_3.py for tasks to queue
[2023-03-30 11:47:06,480] {logging_mixin.py:115} INFO - [2023-03-30 11:47:06,480] {dagbag.py:507} INFO - Filling up the DagBag from /home/airflow/.local/lib/python3.7/site-packages/airflow/example_dags/example_branch_python_dop_operator_3.py
[2023-03-30 11:47:06,487] {processor.py:651} INFO - DAG(s) dict_keys(['example_branch_dop_operator_v3']) retrieved from /home/airflow/.local/lib/python3.7/site-packages/airflow/example_dags/example_branch_python_dop_operator_3.py
[2023-03-30 11:47:06,591] {logging_mixin.py:115} INFO - [2023-03-30 11:47:06,591] {dag.py:2371} INFO - Sync 1 DAGs
[2023-03-30 11:47:06,641] {logging_mixin.py:115} INFO - [2023-03-30 11:47:06,641] {dag.py:2919} INFO - Setting next_dagrun for example_branch_dop_operator_v3 to 2023-03-30T11:46:00+00:00, run_after=2023-03-30T11:47:00+00:00
[2023-03-30 11:47:06,757] {processor.py:161} INFO - Processing /home/airflow/.local/lib/python3.7/site-packages/airflow/example_dags/example_branch_python_dop_operator_3.py took 0.281 seconds
[2023-03-30 11:47:37,400] {processor.py:153} INFO - Started process (PID=1595) to work on /home/airflow/.local/lib/python3.7/site-packages/airflow/example_dags/example_branch_python_dop_operator_3.py
[2023-03-30 11:47:37,401] {processor.py:641} INFO - Processing file /home/airflow/.local/lib/python3.7/site-packages/airflow/example_dags/example_branch_python_dop_operator_3.py for tasks to queue
[2023-03-30 11:47:37,401] {logging_mixin.py:115} INFO - [2023-03-30 11:47:37,401] {dagbag.py:507} INFO - Filling up the DagBag from /home/airflow/.local/lib/python3.7/site-packages/airflow/example_dags/example_branch_python_dop_operator_3.py
[2023-03-30 11:47:37,408] {processor.py:651} INFO - DAG(s) dict_keys(['example_branch_dop_operator_v3']) retrieved from /home/airflow/.local/lib/python3.7/site-packages/airflow/example_dags/example_branch_python_dop_operator_3.py
[2023-03-30 11:47:37,507] {logging_mixin.py:115} INFO - [2023-03-30 11:47:37,507] {dag.py:2371} INFO - Sync 1 DAGs
[2023-03-30 11:47:37,559] {logging_mixin.py:115} INFO - [2023-03-30 11:47:37,559] {dag.py:2919} INFO - Setting next_dagrun for example_branch_dop_operator_v3 to 2023-03-30T11:46:00+00:00, run_after=2023-03-30T11:47:00+00:00
[2023-03-30 11:47:37,581] {processor.py:161} INFO - Processing /home/airflow/.local/lib/python3.7/site-packages/airflow/example_dags/example_branch_python_dop_operator_3.py took 0.184 seconds
[2023-03-30 11:48:08,099] {processor.py:153} INFO - Started process (PID=1658) to work on /home/airflow/.local/lib/python3.7/site-packages/airflow/example_dags/example_branch_python_dop_operator_3.py
[2023-03-30 11:48:08,100] {processor.py:641} INFO - Processing file /home/airflow/.local/lib/python3.7/site-packages/airflow/example_dags/example_branch_python_dop_operator_3.py for tasks to queue
[2023-03-30 11:48:08,101] {logging_mixin.py:115} INFO - [2023-03-30 11:48:08,101] {dagbag.py:507} INFO - Filling up the DagBag from /home/airflow/.local/lib/python3.7/site-packages/airflow/example_dags/example_branch_python_dop_operator_3.py
[2023-03-30 11:48:08,107] {processor.py:651} INFO - DAG(s) dict_keys(['example_branch_dop_operator_v3']) retrieved from /home/airflow/.local/lib/python3.7/site-packages/airflow/example_dags/example_branch_python_dop_operator_3.py
[2023-03-30 11:48:08,213] {logging_mixin.py:115} INFO - [2023-03-30 11:48:08,213] {dag.py:2371} INFO - Sync 1 DAGs
[2023-03-30 11:48:08,264] {logging_mixin.py:115} INFO - [2023-03-30 11:48:08,264] {dag.py:2919} INFO - Setting next_dagrun for example_branch_dop_operator_v3 to 2023-03-30T11:47:00+00:00, run_after=2023-03-30T11:48:00+00:00
[2023-03-30 11:48:08,383] {processor.py:161} INFO - Processing /home/airflow/.local/lib/python3.7/site-packages/airflow/example_dags/example_branch_python_dop_operator_3.py took 0.286 seconds
[2023-03-30 11:48:38,565] {processor.py:153} INFO - Started process (PID=1720) to work on /home/airflow/.local/lib/python3.7/site-packages/airflow/example_dags/example_branch_python_dop_operator_3.py
[2023-03-30 11:48:38,565] {processor.py:641} INFO - Processing file /home/airflow/.local/lib/python3.7/site-packages/airflow/example_dags/example_branch_python_dop_operator_3.py for tasks to queue
[2023-03-30 11:48:38,566] {logging_mixin.py:115} INFO - [2023-03-30 11:48:38,566] {dagbag.py:507} INFO - Filling up the DagBag from /home/airflow/.local/lib/python3.7/site-packages/airflow/example_dags/example_branch_python_dop_operator_3.py
[2023-03-30 11:48:38,573] {processor.py:651} INFO - DAG(s) dict_keys(['example_branch_dop_operator_v3']) retrieved from /home/airflow/.local/lib/python3.7/site-packages/airflow/example_dags/example_branch_python_dop_operator_3.py
[2023-03-30 11:48:38,673] {logging_mixin.py:115} INFO - [2023-03-30 11:48:38,673] {dag.py:2371} INFO - Sync 1 DAGs
[2023-03-30 11:48:38,726] {logging_mixin.py:115} INFO - [2023-03-30 11:48:38,726] {dag.py:2919} INFO - Setting next_dagrun for example_branch_dop_operator_v3 to 2023-03-30T11:47:00+00:00, run_after=2023-03-30T11:48:00+00:00
[2023-03-30 11:48:38,748] {processor.py:161} INFO - Processing /home/airflow/.local/lib/python3.7/site-packages/airflow/example_dags/example_branch_python_dop_operator_3.py took 0.186 seconds
[2023-03-30 11:49:09,304] {processor.py:153} INFO - Started process (PID=1773) to work on /home/airflow/.local/lib/python3.7/site-packages/airflow/example_dags/example_branch_python_dop_operator_3.py
[2023-03-30 11:49:09,305] {processor.py:641} INFO - Processing file /home/airflow/.local/lib/python3.7/site-packages/airflow/example_dags/example_branch_python_dop_operator_3.py for tasks to queue
[2023-03-30 11:49:09,306] {logging_mixin.py:115} INFO - [2023-03-30 11:49:09,305] {dagbag.py:507} INFO - Filling up the DagBag from /home/airflow/.local/lib/python3.7/site-packages/airflow/example_dags/example_branch_python_dop_operator_3.py
[2023-03-30 11:49:09,313] {processor.py:651} INFO - DAG(s) dict_keys(['example_branch_dop_operator_v3']) retrieved from /home/airflow/.local/lib/python3.7/site-packages/airflow/example_dags/example_branch_python_dop_operator_3.py
[2023-03-30 11:49:09,411] {logging_mixin.py:115} INFO - [2023-03-30 11:49:09,411] {dag.py:2371} INFO - Sync 1 DAGs
[2023-03-30 11:49:09,458] {logging_mixin.py:115} INFO - [2023-03-30 11:49:09,458] {dag.py:2919} INFO - Setting next_dagrun for example_branch_dop_operator_v3 to 2023-03-30T11:48:00+00:00, run_after=2023-03-30T11:49:00+00:00
[2023-03-30 11:49:09,574] {processor.py:161} INFO - Processing /home/airflow/.local/lib/python3.7/site-packages/airflow/example_dags/example_branch_python_dop_operator_3.py took 0.272 seconds
[2023-03-30 11:49:39,749] {processor.py:153} INFO - Started process (PID=1835) to work on /home/airflow/.local/lib/python3.7/site-packages/airflow/example_dags/example_branch_python_dop_operator_3.py
[2023-03-30 11:49:39,749] {processor.py:641} INFO - Processing file /home/airflow/.local/lib/python3.7/site-packages/airflow/example_dags/example_branch_python_dop_operator_3.py for tasks to queue
[2023-03-30 11:49:39,750] {logging_mixin.py:115} INFO - [2023-03-30 11:49:39,750] {dagbag.py:507} INFO - Filling up the DagBag from /home/airflow/.local/lib/python3.7/site-packages/airflow/example_dags/example_branch_python_dop_operator_3.py
[2023-03-30 11:49:39,756] {processor.py:651} INFO - DAG(s) dict_keys(['example_branch_dop_operator_v3']) retrieved from /home/airflow/.local/lib/python3.7/site-packages/airflow/example_dags/example_branch_python_dop_operator_3.py
[2023-03-30 11:49:39,857] {logging_mixin.py:115} INFO - [2023-03-30 11:49:39,857] {dag.py:2371} INFO - Sync 1 DAGs
[2023-03-30 11:49:39,909] {logging_mixin.py:115} INFO - [2023-03-30 11:49:39,909] {dag.py:2919} INFO - Setting next_dagrun for example_branch_dop_operator_v3 to 2023-03-30T11:48:00+00:00, run_after=2023-03-30T11:49:00+00:00
[2023-03-30 11:49:39,931] {processor.py:161} INFO - Processing /home/airflow/.local/lib/python3.7/site-packages/airflow/example_dags/example_branch_python_dop_operator_3.py took 0.185 seconds
[2023-03-30 11:50:10,693] {processor.py:153} INFO - Started process (PID=1898) to work on /home/airflow/.local/lib/python3.7/site-packages/airflow/example_dags/example_branch_python_dop_operator_3.py
[2023-03-30 11:50:10,693] {processor.py:641} INFO - Processing file /home/airflow/.local/lib/python3.7/site-packages/airflow/example_dags/example_branch_python_dop_operator_3.py for tasks to queue
[2023-03-30 11:50:10,694] {logging_mixin.py:115} INFO - [2023-03-30 11:50:10,694] {dagbag.py:507} INFO - Filling up the DagBag from /home/airflow/.local/lib/python3.7/site-packages/airflow/example_dags/example_branch_python_dop_operator_3.py
[2023-03-30 11:50:10,701] {processor.py:651} INFO - DAG(s) dict_keys(['example_branch_dop_operator_v3']) retrieved from /home/airflow/.local/lib/python3.7/site-packages/airflow/example_dags/example_branch_python_dop_operator_3.py
[2023-03-30 11:50:10,798] {logging_mixin.py:115} INFO - [2023-03-30 11:50:10,798] {dag.py:2371} INFO - Sync 1 DAGs
[2023-03-30 11:50:10,940] {logging_mixin.py:115} INFO - [2023-03-30 11:50:10,940] {dag.py:2919} INFO - Setting next_dagrun for example_branch_dop_operator_v3 to 2023-03-30T11:49:00+00:00, run_after=2023-03-30T11:50:00+00:00
[2023-03-30 11:50:10,962] {processor.py:161} INFO - Processing /home/airflow/.local/lib/python3.7/site-packages/airflow/example_dags/example_branch_python_dop_operator_3.py took 0.273 seconds
[2023-03-30 11:50:41,494] {processor.py:153} INFO - Started process (PID=1961) to work on /home/airflow/.local/lib/python3.7/site-packages/airflow/example_dags/example_branch_python_dop_operator_3.py
[2023-03-30 11:50:41,495] {processor.py:641} INFO - Processing file /home/airflow/.local/lib/python3.7/site-packages/airflow/example_dags/example_branch_python_dop_operator_3.py for tasks to queue
[2023-03-30 11:50:41,496] {logging_mixin.py:115} INFO - [2023-03-30 11:50:41,496] {dagbag.py:507} INFO - Filling up the DagBag from /home/airflow/.local/lib/python3.7/site-packages/airflow/example_dags/example_branch_python_dop_operator_3.py
[2023-03-30 11:50:41,503] {processor.py:651} INFO - DAG(s) dict_keys(['example_branch_dop_operator_v3']) retrieved from /home/airflow/.local/lib/python3.7/site-packages/airflow/example_dags/example_branch_python_dop_operator_3.py
[2023-03-30 11:50:41,607] {logging_mixin.py:115} INFO - [2023-03-30 11:50:41,607] {dag.py:2371} INFO - Sync 1 DAGs
[2023-03-30 11:50:41,753] {logging_mixin.py:115} INFO - [2023-03-30 11:50:41,752] {dag.py:2919} INFO - Setting next_dagrun for example_branch_dop_operator_v3 to 2023-03-30T11:49:00+00:00, run_after=2023-03-30T11:50:00+00:00
[2023-03-30 11:50:41,773] {processor.py:161} INFO - Processing /home/airflow/.local/lib/python3.7/site-packages/airflow/example_dags/example_branch_python_dop_operator_3.py took 0.281 seconds
[2023-03-30 11:51:12,119] {processor.py:153} INFO - Started process (PID=2024) to work on /home/airflow/.local/lib/python3.7/site-packages/airflow/example_dags/example_branch_python_dop_operator_3.py
[2023-03-30 11:51:12,120] {processor.py:641} INFO - Processing file /home/airflow/.local/lib/python3.7/site-packages/airflow/example_dags/example_branch_python_dop_operator_3.py for tasks to queue
[2023-03-30 11:51:12,121] {logging_mixin.py:115} INFO - [2023-03-30 11:51:12,121] {dagbag.py:507} INFO - Filling up the DagBag from /home/airflow/.local/lib/python3.7/site-packages/airflow/example_dags/example_branch_python_dop_operator_3.py
[2023-03-30 11:51:12,128] {processor.py:651} INFO - DAG(s) dict_keys(['example_branch_dop_operator_v3']) retrieved from /home/airflow/.local/lib/python3.7/site-packages/airflow/example_dags/example_branch_python_dop_operator_3.py
[2023-03-30 11:51:12,229] {logging_mixin.py:115} INFO - [2023-03-30 11:51:12,229] {dag.py:2371} INFO - Sync 1 DAGs
[2023-03-30 11:51:12,375] {logging_mixin.py:115} INFO - [2023-03-30 11:51:12,375] {dag.py:2919} INFO - Setting next_dagrun for example_branch_dop_operator_v3 to 2023-03-30T11:50:00+00:00, run_after=2023-03-30T11:51:00+00:00
[2023-03-30 11:51:12,398] {processor.py:161} INFO - Processing /home/airflow/.local/lib/python3.7/site-packages/airflow/example_dags/example_branch_python_dop_operator_3.py took 0.282 seconds
[2023-03-30 11:51:43,143] {processor.py:153} INFO - Started process (PID=2085) to work on /home/airflow/.local/lib/python3.7/site-packages/airflow/example_dags/example_branch_python_dop_operator_3.py
[2023-03-30 11:51:43,143] {processor.py:641} INFO - Processing file /home/airflow/.local/lib/python3.7/site-packages/airflow/example_dags/example_branch_python_dop_operator_3.py for tasks to queue
[2023-03-30 11:51:43,144] {logging_mixin.py:115} INFO - [2023-03-30 11:51:43,144] {dagbag.py:507} INFO - Filling up the DagBag from /home/airflow/.local/lib/python3.7/site-packages/airflow/example_dags/example_branch_python_dop_operator_3.py
[2023-03-30 11:51:43,151] {processor.py:651} INFO - DAG(s) dict_keys(['example_branch_dop_operator_v3']) retrieved from /home/airflow/.local/lib/python3.7/site-packages/airflow/example_dags/example_branch_python_dop_operator_3.py
[2023-03-30 11:51:43,250] {logging_mixin.py:115} INFO - [2023-03-30 11:51:43,250] {dag.py:2371} INFO - Sync 1 DAGs
[2023-03-30 11:51:43,397] {logging_mixin.py:115} INFO - [2023-03-30 11:51:43,397] {dag.py:2919} INFO - Setting next_dagrun for example_branch_dop_operator_v3 to 2023-03-30T11:50:00+00:00, run_after=2023-03-30T11:51:00+00:00
[2023-03-30 11:51:43,420] {processor.py:161} INFO - Processing /home/airflow/.local/lib/python3.7/site-packages/airflow/example_dags/example_branch_python_dop_operator_3.py took 0.279 seconds
[2023-03-30 11:52:13,708] {processor.py:153} INFO - Started process (PID=2142) to work on /home/airflow/.local/lib/python3.7/site-packages/airflow/example_dags/example_branch_python_dop_operator_3.py
[2023-03-30 11:52:13,709] {processor.py:641} INFO - Processing file /home/airflow/.local/lib/python3.7/site-packages/airflow/example_dags/example_branch_python_dop_operator_3.py for tasks to queue
[2023-03-30 11:52:13,710] {logging_mixin.py:115} INFO - [2023-03-30 11:52:13,710] {dagbag.py:507} INFO - Filling up the DagBag from /home/airflow/.local/lib/python3.7/site-packages/airflow/example_dags/example_branch_python_dop_operator_3.py
[2023-03-30 11:52:13,720] {processor.py:651} INFO - DAG(s) dict_keys(['example_branch_dop_operator_v3']) retrieved from /home/airflow/.local/lib/python3.7/site-packages/airflow/example_dags/example_branch_python_dop_operator_3.py
[2023-03-30 11:52:13,825] {logging_mixin.py:115} INFO - [2023-03-30 11:52:13,825] {dag.py:2371} INFO - Sync 1 DAGs
[2023-03-30 11:52:13,988] {logging_mixin.py:115} INFO - [2023-03-30 11:52:13,988] {dag.py:2919} INFO - Setting next_dagrun for example_branch_dop_operator_v3 to 2023-03-30T11:51:00+00:00, run_after=2023-03-30T11:52:00+00:00
[2023-03-30 11:52:14,017] {processor.py:161} INFO - Processing /home/airflow/.local/lib/python3.7/site-packages/airflow/example_dags/example_branch_python_dop_operator_3.py took 0.312 seconds
[2023-03-30 11:52:44,757] {processor.py:153} INFO - Started process (PID=2204) to work on /home/airflow/.local/lib/python3.7/site-packages/airflow/example_dags/example_branch_python_dop_operator_3.py
[2023-03-30 11:52:44,758] {processor.py:641} INFO - Processing file /home/airflow/.local/lib/python3.7/site-packages/airflow/example_dags/example_branch_python_dop_operator_3.py for tasks to queue
[2023-03-30 11:52:44,759] {logging_mixin.py:115} INFO - [2023-03-30 11:52:44,759] {dagbag.py:507} INFO - Filling up the DagBag from /home/airflow/.local/lib/python3.7/site-packages/airflow/example_dags/example_branch_python_dop_operator_3.py
[2023-03-30 11:52:44,766] {processor.py:651} INFO - DAG(s) dict_keys(['example_branch_dop_operator_v3']) retrieved from /home/airflow/.local/lib/python3.7/site-packages/airflow/example_dags/example_branch_python_dop_operator_3.py
[2023-03-30 11:52:44,865] {logging_mixin.py:115} INFO - [2023-03-30 11:52:44,865] {dag.py:2371} INFO - Sync 1 DAGs
[2023-03-30 11:52:45,013] {logging_mixin.py:115} INFO - [2023-03-30 11:52:45,013] {dag.py:2919} INFO - Setting next_dagrun for example_branch_dop_operator_v3 to 2023-03-30T11:51:00+00:00, run_after=2023-03-30T11:52:00+00:00
[2023-03-30 11:52:45,035] {processor.py:161} INFO - Processing /home/airflow/.local/lib/python3.7/site-packages/airflow/example_dags/example_branch_python_dop_operator_3.py took 0.281 seconds
[2023-03-30 11:53:15,384] {processor.py:153} INFO - Started process (PID=2266) to work on /home/airflow/.local/lib/python3.7/site-packages/airflow/example_dags/example_branch_python_dop_operator_3.py
[2023-03-30 11:53:15,385] {processor.py:641} INFO - Processing file /home/airflow/.local/lib/python3.7/site-packages/airflow/example_dags/example_branch_python_dop_operator_3.py for tasks to queue
[2023-03-30 11:53:15,386] {logging_mixin.py:115} INFO - [2023-03-30 11:53:15,386] {dagbag.py:507} INFO - Filling up the DagBag from /home/airflow/.local/lib/python3.7/site-packages/airflow/example_dags/example_branch_python_dop_operator_3.py
[2023-03-30 11:53:15,393] {processor.py:651} INFO - DAG(s) dict_keys(['example_branch_dop_operator_v3']) retrieved from /home/airflow/.local/lib/python3.7/site-packages/airflow/example_dags/example_branch_python_dop_operator_3.py
[2023-03-30 11:53:15,498] {logging_mixin.py:115} INFO - [2023-03-30 11:53:15,497] {dag.py:2371} INFO - Sync 1 DAGs
[2023-03-30 11:53:15,640] {logging_mixin.py:115} INFO - [2023-03-30 11:53:15,640] {dag.py:2919} INFO - Setting next_dagrun for example_branch_dop_operator_v3 to 2023-03-30T11:52:00+00:00, run_after=2023-03-30T11:53:00+00:00
[2023-03-30 11:53:15,663] {processor.py:161} INFO - Processing /home/airflow/.local/lib/python3.7/site-packages/airflow/example_dags/example_branch_python_dop_operator_3.py took 0.282 seconds
[2023-03-30 11:53:46,149] {processor.py:153} INFO - Started process (PID=2329) to work on /home/airflow/.local/lib/python3.7/site-packages/airflow/example_dags/example_branch_python_dop_operator_3.py
[2023-03-30 11:53:46,150] {processor.py:641} INFO - Processing file /home/airflow/.local/lib/python3.7/site-packages/airflow/example_dags/example_branch_python_dop_operator_3.py for tasks to queue
[2023-03-30 11:53:46,150] {logging_mixin.py:115} INFO - [2023-03-30 11:53:46,150] {dagbag.py:507} INFO - Filling up the DagBag from /home/airflow/.local/lib/python3.7/site-packages/airflow/example_dags/example_branch_python_dop_operator_3.py
[2023-03-30 11:53:46,158] {processor.py:651} INFO - DAG(s) dict_keys(['example_branch_dop_operator_v3']) retrieved from /home/airflow/.local/lib/python3.7/site-packages/airflow/example_dags/example_branch_python_dop_operator_3.py
[2023-03-30 11:53:46,257] {logging_mixin.py:115} INFO - [2023-03-30 11:53:46,257] {dag.py:2371} INFO - Sync 1 DAGs
[2023-03-30 11:53:46,399] {logging_mixin.py:115} INFO - [2023-03-30 11:53:46,399] {dag.py:2919} INFO - Setting next_dagrun for example_branch_dop_operator_v3 to 2023-03-30T11:52:00+00:00, run_after=2023-03-30T11:53:00+00:00
[2023-03-30 11:53:46,420] {processor.py:161} INFO - Processing /home/airflow/.local/lib/python3.7/site-packages/airflow/example_dags/example_branch_python_dop_operator_3.py took 0.274 seconds
[2023-03-30 11:54:17,098] {processor.py:153} INFO - Started process (PID=2392) to work on /home/airflow/.local/lib/python3.7/site-packages/airflow/example_dags/example_branch_python_dop_operator_3.py
[2023-03-30 11:54:17,099] {processor.py:641} INFO - Processing file /home/airflow/.local/lib/python3.7/site-packages/airflow/example_dags/example_branch_python_dop_operator_3.py for tasks to queue
[2023-03-30 11:54:17,101] {logging_mixin.py:115} INFO - [2023-03-30 11:54:17,101] {dagbag.py:507} INFO - Filling up the DagBag from /home/airflow/.local/lib/python3.7/site-packages/airflow/example_dags/example_branch_python_dop_operator_3.py
[2023-03-30 11:54:17,110] {processor.py:651} INFO - DAG(s) dict_keys(['example_branch_dop_operator_v3']) retrieved from /home/airflow/.local/lib/python3.7/site-packages/airflow/example_dags/example_branch_python_dop_operator_3.py
[2023-03-30 11:54:17,212] {logging_mixin.py:115} INFO - [2023-03-30 11:54:17,212] {dag.py:2371} INFO - Sync 1 DAGs
[2023-03-30 11:54:17,374] {logging_mixin.py:115} INFO - [2023-03-30 11:54:17,374] {dag.py:2919} INFO - Setting next_dagrun for example_branch_dop_operator_v3 to 2023-03-30T11:53:00+00:00, run_after=2023-03-30T11:54:00+00:00
[2023-03-30 11:54:17,398] {processor.py:161} INFO - Processing /home/airflow/.local/lib/python3.7/site-packages/airflow/example_dags/example_branch_python_dop_operator_3.py took 0.303 seconds
[2023-03-30 11:54:47,949] {processor.py:153} INFO - Started process (PID=2446) to work on /home/airflow/.local/lib/python3.7/site-packages/airflow/example_dags/example_branch_python_dop_operator_3.py
[2023-03-30 11:54:47,950] {processor.py:641} INFO - Processing file /home/airflow/.local/lib/python3.7/site-packages/airflow/example_dags/example_branch_python_dop_operator_3.py for tasks to queue
[2023-03-30 11:54:47,951] {logging_mixin.py:115} INFO - [2023-03-30 11:54:47,951] {dagbag.py:507} INFO - Filling up the DagBag from /home/airflow/.local/lib/python3.7/site-packages/airflow/example_dags/example_branch_python_dop_operator_3.py
[2023-03-30 11:54:47,958] {processor.py:651} INFO - DAG(s) dict_keys(['example_branch_dop_operator_v3']) retrieved from /home/airflow/.local/lib/python3.7/site-packages/airflow/example_dags/example_branch_python_dop_operator_3.py
[2023-03-30 11:54:48,058] {logging_mixin.py:115} INFO - [2023-03-30 11:54:48,058] {dag.py:2371} INFO - Sync 1 DAGs
[2023-03-30 11:54:48,198] {logging_mixin.py:115} INFO - [2023-03-30 11:54:48,198] {dag.py:2919} INFO - Setting next_dagrun for example_branch_dop_operator_v3 to 2023-03-30T11:53:00+00:00, run_after=2023-03-30T11:54:00+00:00
[2023-03-30 11:54:48,220] {processor.py:161} INFO - Processing /home/airflow/.local/lib/python3.7/site-packages/airflow/example_dags/example_branch_python_dop_operator_3.py took 0.274 seconds
[2023-03-30 11:55:18,531] {processor.py:153} INFO - Started process (PID=2509) to work on /home/airflow/.local/lib/python3.7/site-packages/airflow/example_dags/example_branch_python_dop_operator_3.py
[2023-03-30 11:55:18,532] {processor.py:641} INFO - Processing file /home/airflow/.local/lib/python3.7/site-packages/airflow/example_dags/example_branch_python_dop_operator_3.py for tasks to queue
[2023-03-30 11:55:18,534] {logging_mixin.py:115} INFO - [2023-03-30 11:55:18,534] {dagbag.py:507} INFO - Filling up the DagBag from /home/airflow/.local/lib/python3.7/site-packages/airflow/example_dags/example_branch_python_dop_operator_3.py
[2023-03-30 11:55:18,542] {processor.py:651} INFO - DAG(s) dict_keys(['example_branch_dop_operator_v3']) retrieved from /home/airflow/.local/lib/python3.7/site-packages/airflow/example_dags/example_branch_python_dop_operator_3.py
[2023-03-30 11:55:18,642] {logging_mixin.py:115} INFO - [2023-03-30 11:55:18,642] {dag.py:2371} INFO - Sync 1 DAGs
[2023-03-30 11:55:18,789] {logging_mixin.py:115} INFO - [2023-03-30 11:55:18,789] {dag.py:2919} INFO - Setting next_dagrun for example_branch_dop_operator_v3 to 2023-03-30T11:54:00+00:00, run_after=2023-03-30T11:55:00+00:00
[2023-03-30 11:55:18,813] {processor.py:161} INFO - Processing /home/airflow/.local/lib/python3.7/site-packages/airflow/example_dags/example_branch_python_dop_operator_3.py took 0.285 seconds
[2023-03-30 11:55:49,589] {processor.py:153} INFO - Started process (PID=2572) to work on /home/airflow/.local/lib/python3.7/site-packages/airflow/example_dags/example_branch_python_dop_operator_3.py
[2023-03-30 11:55:49,590] {processor.py:641} INFO - Processing file /home/airflow/.local/lib/python3.7/site-packages/airflow/example_dags/example_branch_python_dop_operator_3.py for tasks to queue
[2023-03-30 11:55:49,591] {logging_mixin.py:115} INFO - [2023-03-30 11:55:49,591] {dagbag.py:507} INFO - Filling up the DagBag from /home/airflow/.local/lib/python3.7/site-packages/airflow/example_dags/example_branch_python_dop_operator_3.py
[2023-03-30 11:55:49,599] {processor.py:651} INFO - DAG(s) dict_keys(['example_branch_dop_operator_v3']) retrieved from /home/airflow/.local/lib/python3.7/site-packages/airflow/example_dags/example_branch_python_dop_operator_3.py
[2023-03-30 11:55:49,700] {logging_mixin.py:115} INFO - [2023-03-30 11:55:49,700] {dag.py:2371} INFO - Sync 1 DAGs
[2023-03-30 11:55:49,844] {logging_mixin.py:115} INFO - [2023-03-30 11:55:49,844] {dag.py:2919} INFO - Setting next_dagrun for example_branch_dop_operator_v3 to 2023-03-30T11:54:00+00:00, run_after=2023-03-30T11:55:00+00:00
[2023-03-30 11:55:49,866] {processor.py:161} INFO - Processing /home/airflow/.local/lib/python3.7/site-packages/airflow/example_dags/example_branch_python_dop_operator_3.py took 0.280 seconds
[2023-03-30 11:56:20,142] {processor.py:153} INFO - Started process (PID=2635) to work on /home/airflow/.local/lib/python3.7/site-packages/airflow/example_dags/example_branch_python_dop_operator_3.py
[2023-03-30 11:56:20,143] {processor.py:641} INFO - Processing file /home/airflow/.local/lib/python3.7/site-packages/airflow/example_dags/example_branch_python_dop_operator_3.py for tasks to queue
[2023-03-30 11:56:20,143] {logging_mixin.py:115} INFO - [2023-03-30 11:56:20,143] {dagbag.py:507} INFO - Filling up the DagBag from /home/airflow/.local/lib/python3.7/site-packages/airflow/example_dags/example_branch_python_dop_operator_3.py
[2023-03-30 11:56:20,151] {processor.py:651} INFO - DAG(s) dict_keys(['example_branch_dop_operator_v3']) retrieved from /home/airflow/.local/lib/python3.7/site-packages/airflow/example_dags/example_branch_python_dop_operator_3.py
[2023-03-30 11:56:20,253] {logging_mixin.py:115} INFO - [2023-03-30 11:56:20,253] {dag.py:2371} INFO - Sync 1 DAGs
[2023-03-30 11:56:20,395] {logging_mixin.py:115} INFO - [2023-03-30 11:56:20,395] {dag.py:2919} INFO - Setting next_dagrun for example_branch_dop_operator_v3 to 2023-03-30T11:55:00+00:00, run_after=2023-03-30T11:56:00+00:00
[2023-03-30 11:56:20,417] {processor.py:161} INFO - Processing /home/airflow/.local/lib/python3.7/site-packages/airflow/example_dags/example_branch_python_dop_operator_3.py took 0.278 seconds
[2023-03-30 11:56:50,840] {processor.py:153} INFO - Started process (PID=2697) to work on /home/airflow/.local/lib/python3.7/site-packages/airflow/example_dags/example_branch_python_dop_operator_3.py
[2023-03-30 11:56:50,842] {processor.py:641} INFO - Processing file /home/airflow/.local/lib/python3.7/site-packages/airflow/example_dags/example_branch_python_dop_operator_3.py for tasks to queue
[2023-03-30 11:56:50,843] {logging_mixin.py:115} INFO - [2023-03-30 11:56:50,843] {dagbag.py:507} INFO - Filling up the DagBag from /home/airflow/.local/lib/python3.7/site-packages/airflow/example_dags/example_branch_python_dop_operator_3.py
[2023-03-30 11:56:50,851] {processor.py:651} INFO - DAG(s) dict_keys(['example_branch_dop_operator_v3']) retrieved from /home/airflow/.local/lib/python3.7/site-packages/airflow/example_dags/example_branch_python_dop_operator_3.py
[2023-03-30 11:56:50,948] {logging_mixin.py:115} INFO - [2023-03-30 11:56:50,948] {dag.py:2371} INFO - Sync 1 DAGs
[2023-03-30 11:56:51,099] {logging_mixin.py:115} INFO - [2023-03-30 11:56:51,098] {dag.py:2919} INFO - Setting next_dagrun for example_branch_dop_operator_v3 to 2023-03-30T11:55:00+00:00, run_after=2023-03-30T11:56:00+00:00
[2023-03-30 11:56:51,121] {processor.py:161} INFO - Processing /home/airflow/.local/lib/python3.7/site-packages/airflow/example_dags/example_branch_python_dop_operator_3.py took 0.283 seconds
[2023-03-30 11:57:21,337] {processor.py:153} INFO - Started process (PID=2751) to work on /home/airflow/.local/lib/python3.7/site-packages/airflow/example_dags/example_branch_python_dop_operator_3.py
[2023-03-30 11:57:21,338] {processor.py:641} INFO - Processing file /home/airflow/.local/lib/python3.7/site-packages/airflow/example_dags/example_branch_python_dop_operator_3.py for tasks to queue
[2023-03-30 11:57:21,339] {logging_mixin.py:115} INFO - [2023-03-30 11:57:21,339] {dagbag.py:507} INFO - Filling up the DagBag from /home/airflow/.local/lib/python3.7/site-packages/airflow/example_dags/example_branch_python_dop_operator_3.py
[2023-03-30 11:57:21,347] {processor.py:651} INFO - DAG(s) dict_keys(['example_branch_dop_operator_v3']) retrieved from /home/airflow/.local/lib/python3.7/site-packages/airflow/example_dags/example_branch_python_dop_operator_3.py
[2023-03-30 11:57:21,450] {logging_mixin.py:115} INFO - [2023-03-30 11:57:21,450] {dag.py:2371} INFO - Sync 1 DAGs
[2023-03-30 11:57:21,605] {logging_mixin.py:115} INFO - [2023-03-30 11:57:21,605] {dag.py:2919} INFO - Setting next_dagrun for example_branch_dop_operator_v3 to 2023-03-30T11:56:00+00:00, run_after=2023-03-30T11:57:00+00:00
[2023-03-30 11:57:21,629] {processor.py:161} INFO - Processing /home/airflow/.local/lib/python3.7/site-packages/airflow/example_dags/example_branch_python_dop_operator_3.py took 0.299 seconds
[2023-03-30 11:57:51,764] {processor.py:153} INFO - Started process (PID=2814) to work on /home/airflow/.local/lib/python3.7/site-packages/airflow/example_dags/example_branch_python_dop_operator_3.py
[2023-03-30 11:57:51,765] {processor.py:641} INFO - Processing file /home/airflow/.local/lib/python3.7/site-packages/airflow/example_dags/example_branch_python_dop_operator_3.py for tasks to queue
[2023-03-30 11:57:51,766] {logging_mixin.py:115} INFO - [2023-03-30 11:57:51,766] {dagbag.py:507} INFO - Filling up the DagBag from /home/airflow/.local/lib/python3.7/site-packages/airflow/example_dags/example_branch_python_dop_operator_3.py
[2023-03-30 11:57:51,774] {processor.py:651} INFO - DAG(s) dict_keys(['example_branch_dop_operator_v3']) retrieved from /home/airflow/.local/lib/python3.7/site-packages/airflow/example_dags/example_branch_python_dop_operator_3.py
[2023-03-30 11:57:51,875] {logging_mixin.py:115} INFO - [2023-03-30 11:57:51,875] {dag.py:2371} INFO - Sync 1 DAGs
[2023-03-30 11:57:52,018] {logging_mixin.py:115} INFO - [2023-03-30 11:57:52,018] {dag.py:2919} INFO - Setting next_dagrun for example_branch_dop_operator_v3 to 2023-03-30T11:56:00+00:00, run_after=2023-03-30T11:57:00+00:00
[2023-03-30 11:57:52,039] {processor.py:161} INFO - Processing /home/airflow/.local/lib/python3.7/site-packages/airflow/example_dags/example_branch_python_dop_operator_3.py took 0.277 seconds
[2023-03-30 11:58:22,286] {processor.py:153} INFO - Started process (PID=2877) to work on /home/airflow/.local/lib/python3.7/site-packages/airflow/example_dags/example_branch_python_dop_operator_3.py
[2023-03-30 11:58:22,287] {processor.py:641} INFO - Processing file /home/airflow/.local/lib/python3.7/site-packages/airflow/example_dags/example_branch_python_dop_operator_3.py for tasks to queue
[2023-03-30 11:58:22,288] {logging_mixin.py:115} INFO - [2023-03-30 11:58:22,288] {dagbag.py:507} INFO - Filling up the DagBag from /home/airflow/.local/lib/python3.7/site-packages/airflow/example_dags/example_branch_python_dop_operator_3.py
[2023-03-30 11:58:22,296] {processor.py:651} INFO - DAG(s) dict_keys(['example_branch_dop_operator_v3']) retrieved from /home/airflow/.local/lib/python3.7/site-packages/airflow/example_dags/example_branch_python_dop_operator_3.py
[2023-03-30 11:58:22,394] {logging_mixin.py:115} INFO - [2023-03-30 11:58:22,394] {dag.py:2371} INFO - Sync 1 DAGs
[2023-03-30 11:58:22,539] {logging_mixin.py:115} INFO - [2023-03-30 11:58:22,539] {dag.py:2919} INFO - Setting next_dagrun for example_branch_dop_operator_v3 to 2023-03-30T11:57:00+00:00, run_after=2023-03-30T11:58:00+00:00
[2023-03-30 11:58:22,563] {processor.py:161} INFO - Processing /home/airflow/.local/lib/python3.7/site-packages/airflow/example_dags/example_branch_python_dop_operator_3.py took 0.279 seconds
[2023-03-30 11:58:52,801] {processor.py:153} INFO - Started process (PID=2940) to work on /home/airflow/.local/lib/python3.7/site-packages/airflow/example_dags/example_branch_python_dop_operator_3.py
[2023-03-30 11:58:52,802] {processor.py:641} INFO - Processing file /home/airflow/.local/lib/python3.7/site-packages/airflow/example_dags/example_branch_python_dop_operator_3.py for tasks to queue
[2023-03-30 11:58:52,803] {logging_mixin.py:115} INFO - [2023-03-30 11:58:52,803] {dagbag.py:507} INFO - Filling up the DagBag from /home/airflow/.local/lib/python3.7/site-packages/airflow/example_dags/example_branch_python_dop_operator_3.py
[2023-03-30 11:58:52,810] {processor.py:651} INFO - DAG(s) dict_keys(['example_branch_dop_operator_v3']) retrieved from /home/airflow/.local/lib/python3.7/site-packages/airflow/example_dags/example_branch_python_dop_operator_3.py
[2023-03-30 11:58:52,908] {logging_mixin.py:115} INFO - [2023-03-30 11:58:52,908] {dag.py:2371} INFO - Sync 1 DAGs
[2023-03-30 11:58:53,056] {logging_mixin.py:115} INFO - [2023-03-30 11:58:53,056] {dag.py:2919} INFO - Setting next_dagrun for example_branch_dop_operator_v3 to 2023-03-30T11:57:00+00:00, run_after=2023-03-30T11:58:00+00:00
[2023-03-30 11:58:53,078] {processor.py:161} INFO - Processing /home/airflow/.local/lib/python3.7/site-packages/airflow/example_dags/example_branch_python_dop_operator_3.py took 0.279 seconds
[2023-03-30 11:59:23,322] {processor.py:153} INFO - Started process (PID=3002) to work on /home/airflow/.local/lib/python3.7/site-packages/airflow/example_dags/example_branch_python_dop_operator_3.py
[2023-03-30 11:59:23,323] {processor.py:641} INFO - Processing file /home/airflow/.local/lib/python3.7/site-packages/airflow/example_dags/example_branch_python_dop_operator_3.py for tasks to queue
[2023-03-30 11:59:23,324] {logging_mixin.py:115} INFO - [2023-03-30 11:59:23,324] {dagbag.py:507} INFO - Filling up the DagBag from /home/airflow/.local/lib/python3.7/site-packages/airflow/example_dags/example_branch_python_dop_operator_3.py
[2023-03-30 11:59:23,331] {processor.py:651} INFO - DAG(s) dict_keys(['example_branch_dop_operator_v3']) retrieved from /home/airflow/.local/lib/python3.7/site-packages/airflow/example_dags/example_branch_python_dop_operator_3.py
[2023-03-30 11:59:23,430] {logging_mixin.py:115} INFO - [2023-03-30 11:59:23,430] {dag.py:2371} INFO - Sync 1 DAGs
[2023-03-30 11:59:23,576] {logging_mixin.py:115} INFO - [2023-03-30 11:59:23,576] {dag.py:2919} INFO - Setting next_dagrun for example_branch_dop_operator_v3 to 2023-03-30T11:58:00+00:00, run_after=2023-03-30T11:59:00+00:00
[2023-03-30 11:59:23,600] {processor.py:161} INFO - Processing /home/airflow/.local/lib/python3.7/site-packages/airflow/example_dags/example_branch_python_dop_operator_3.py took 0.280 seconds
[2023-03-30 11:59:53,837] {processor.py:153} INFO - Started process (PID=3056) to work on /home/airflow/.local/lib/python3.7/site-packages/airflow/example_dags/example_branch_python_dop_operator_3.py
[2023-03-30 11:59:53,838] {processor.py:641} INFO - Processing file /home/airflow/.local/lib/python3.7/site-packages/airflow/example_dags/example_branch_python_dop_operator_3.py for tasks to queue
[2023-03-30 11:59:53,839] {logging_mixin.py:115} INFO - [2023-03-30 11:59:53,839] {dagbag.py:507} INFO - Filling up the DagBag from /home/airflow/.local/lib/python3.7/site-packages/airflow/example_dags/example_branch_python_dop_operator_3.py
[2023-03-30 11:59:53,846] {processor.py:651} INFO - DAG(s) dict_keys(['example_branch_dop_operator_v3']) retrieved from /home/airflow/.local/lib/python3.7/site-packages/airflow/example_dags/example_branch_python_dop_operator_3.py
[2023-03-30 11:59:53,947] {logging_mixin.py:115} INFO - [2023-03-30 11:59:53,947] {dag.py:2371} INFO - Sync 1 DAGs
[2023-03-30 11:59:54,088] {logging_mixin.py:115} INFO - [2023-03-30 11:59:54,088] {dag.py:2919} INFO - Setting next_dagrun for example_branch_dop_operator_v3 to 2023-03-30T11:58:00+00:00, run_after=2023-03-30T11:59:00+00:00
[2023-03-30 11:59:54,111] {processor.py:161} INFO - Processing /home/airflow/.local/lib/python3.7/site-packages/airflow/example_dags/example_branch_python_dop_operator_3.py took 0.276 seconds
[2023-03-30 12:00:24,355] {processor.py:153} INFO - Started process (PID=3119) to work on /home/airflow/.local/lib/python3.7/site-packages/airflow/example_dags/example_branch_python_dop_operator_3.py
[2023-03-30 12:00:24,356] {processor.py:641} INFO - Processing file /home/airflow/.local/lib/python3.7/site-packages/airflow/example_dags/example_branch_python_dop_operator_3.py for tasks to queue
[2023-03-30 12:00:24,357] {logging_mixin.py:115} INFO - [2023-03-30 12:00:24,357] {dagbag.py:507} INFO - Filling up the DagBag from /home/airflow/.local/lib/python3.7/site-packages/airflow/example_dags/example_branch_python_dop_operator_3.py
[2023-03-30 12:00:24,364] {processor.py:651} INFO - DAG(s) dict_keys(['example_branch_dop_operator_v3']) retrieved from /home/airflow/.local/lib/python3.7/site-packages/airflow/example_dags/example_branch_python_dop_operator_3.py
[2023-03-30 12:00:24,463] {logging_mixin.py:115} INFO - [2023-03-30 12:00:24,463] {dag.py:2371} INFO - Sync 1 DAGs
[2023-03-30 12:00:24,613] {logging_mixin.py:115} INFO - [2023-03-30 12:00:24,613] {dag.py:2919} INFO - Setting next_dagrun for example_branch_dop_operator_v3 to 2023-03-30T11:59:00+00:00, run_after=2023-03-30T12:00:00+00:00
[2023-03-30 12:00:24,638] {processor.py:161} INFO - Processing /home/airflow/.local/lib/python3.7/site-packages/airflow/example_dags/example_branch_python_dop_operator_3.py took 0.285 seconds
[2023-03-30 12:00:54,853] {processor.py:153} INFO - Started process (PID=3183) to work on /home/airflow/.local/lib/python3.7/site-packages/airflow/example_dags/example_branch_python_dop_operator_3.py
[2023-03-30 12:00:54,854] {processor.py:641} INFO - Processing file /home/airflow/.local/lib/python3.7/site-packages/airflow/example_dags/example_branch_python_dop_operator_3.py for tasks to queue
[2023-03-30 12:00:54,855] {logging_mixin.py:115} INFO - [2023-03-30 12:00:54,855] {dagbag.py:507} INFO - Filling up the DagBag from /home/airflow/.local/lib/python3.7/site-packages/airflow/example_dags/example_branch_python_dop_operator_3.py
[2023-03-30 12:00:54,861] {processor.py:651} INFO - DAG(s) dict_keys(['example_branch_dop_operator_v3']) retrieved from /home/airflow/.local/lib/python3.7/site-packages/airflow/example_dags/example_branch_python_dop_operator_3.py
[2023-03-30 12:00:54,960] {logging_mixin.py:115} INFO - [2023-03-30 12:00:54,959] {dag.py:2371} INFO - Sync 1 DAGs
[2023-03-30 12:00:55,103] {logging_mixin.py:115} INFO - [2023-03-30 12:00:55,103] {dag.py:2919} INFO - Setting next_dagrun for example_branch_dop_operator_v3 to 2023-03-30T11:59:00+00:00, run_after=2023-03-30T12:00:00+00:00
[2023-03-30 12:00:55,126] {processor.py:161} INFO - Processing /home/airflow/.local/lib/python3.7/site-packages/airflow/example_dags/example_branch_python_dop_operator_3.py took 0.275 seconds
[2023-03-30 12:01:26,022] {processor.py:153} INFO - Started process (PID=3245) to work on /home/airflow/.local/lib/python3.7/site-packages/airflow/example_dags/example_branch_python_dop_operator_3.py
[2023-03-30 12:01:26,023] {processor.py:641} INFO - Processing file /home/airflow/.local/lib/python3.7/site-packages/airflow/example_dags/example_branch_python_dop_operator_3.py for tasks to queue
[2023-03-30 12:01:26,025] {logging_mixin.py:115} INFO - [2023-03-30 12:01:26,025] {dagbag.py:507} INFO - Filling up the DagBag from /home/airflow/.local/lib/python3.7/site-packages/airflow/example_dags/example_branch_python_dop_operator_3.py
[2023-03-30 12:01:26,032] {processor.py:651} INFO - DAG(s) dict_keys(['example_branch_dop_operator_v3']) retrieved from /home/airflow/.local/lib/python3.7/site-packages/airflow/example_dags/example_branch_python_dop_operator_3.py
[2023-03-30 12:01:26,132] {logging_mixin.py:115} INFO - [2023-03-30 12:01:26,132] {dag.py:2371} INFO - Sync 1 DAGs
[2023-03-30 12:01:26,275] {logging_mixin.py:115} INFO - [2023-03-30 12:01:26,275] {dag.py:2919} INFO - Setting next_dagrun for example_branch_dop_operator_v3 to 2023-03-30T12:00:00+00:00, run_after=2023-03-30T12:01:00+00:00
[2023-03-30 12:01:26,299] {processor.py:161} INFO - Processing /home/airflow/.local/lib/python3.7/site-packages/airflow/example_dags/example_branch_python_dop_operator_3.py took 0.280 seconds
[2023-03-30 12:01:56,766] {processor.py:153} INFO - Started process (PID=3308) to work on /home/airflow/.local/lib/python3.7/site-packages/airflow/example_dags/example_branch_python_dop_operator_3.py
[2023-03-30 12:01:56,767] {processor.py:641} INFO - Processing file /home/airflow/.local/lib/python3.7/site-packages/airflow/example_dags/example_branch_python_dop_operator_3.py for tasks to queue
[2023-03-30 12:01:56,768] {logging_mixin.py:115} INFO - [2023-03-30 12:01:56,768] {dagbag.py:507} INFO - Filling up the DagBag from /home/airflow/.local/lib/python3.7/site-packages/airflow/example_dags/example_branch_python_dop_operator_3.py
[2023-03-30 12:01:56,775] {processor.py:651} INFO - DAG(s) dict_keys(['example_branch_dop_operator_v3']) retrieved from /home/airflow/.local/lib/python3.7/site-packages/airflow/example_dags/example_branch_python_dop_operator_3.py
[2023-03-30 12:01:56,874] {logging_mixin.py:115} INFO - [2023-03-30 12:01:56,874] {dag.py:2371} INFO - Sync 1 DAGs
[2023-03-30 12:01:57,022] {logging_mixin.py:115} INFO - [2023-03-30 12:01:57,022] {dag.py:2919} INFO - Setting next_dagrun for example_branch_dop_operator_v3 to 2023-03-30T12:00:00+00:00, run_after=2023-03-30T12:01:00+00:00
[2023-03-30 12:01:57,043] {processor.py:161} INFO - Processing /home/airflow/.local/lib/python3.7/site-packages/airflow/example_dags/example_branch_python_dop_operator_3.py took 0.280 seconds
[2023-03-30 12:02:27,585] {processor.py:153} INFO - Started process (PID=3370) to work on /home/airflow/.local/lib/python3.7/site-packages/airflow/example_dags/example_branch_python_dop_operator_3.py
[2023-03-30 12:02:27,586] {processor.py:641} INFO - Processing file /home/airflow/.local/lib/python3.7/site-packages/airflow/example_dags/example_branch_python_dop_operator_3.py for tasks to queue
[2023-03-30 12:02:27,587] {logging_mixin.py:115} INFO - [2023-03-30 12:02:27,587] {dagbag.py:507} INFO - Filling up the DagBag from /home/airflow/.local/lib/python3.7/site-packages/airflow/example_dags/example_branch_python_dop_operator_3.py
[2023-03-30 12:02:27,594] {processor.py:651} INFO - DAG(s) dict_keys(['example_branch_dop_operator_v3']) retrieved from /home/airflow/.local/lib/python3.7/site-packages/airflow/example_dags/example_branch_python_dop_operator_3.py
[2023-03-30 12:02:27,696] {logging_mixin.py:115} INFO - [2023-03-30 12:02:27,696] {dag.py:2371} INFO - Sync 1 DAGs
[2023-03-30 12:02:27,841] {logging_mixin.py:115} INFO - [2023-03-30 12:02:27,841] {dag.py:2919} INFO - Setting next_dagrun for example_branch_dop_operator_v3 to 2023-03-30T12:01:00+00:00, run_after=2023-03-30T12:02:00+00:00
[2023-03-30 12:02:27,866] {processor.py:161} INFO - Processing /home/airflow/.local/lib/python3.7/site-packages/airflow/example_dags/example_branch_python_dop_operator_3.py took 0.284 seconds
[2023-03-30 12:02:58,843] {processor.py:153} INFO - Started process (PID=3426) to work on /home/airflow/.local/lib/python3.7/site-packages/airflow/example_dags/example_branch_python_dop_operator_3.py
[2023-03-30 12:02:58,845] {processor.py:641} INFO - Processing file /home/airflow/.local/lib/python3.7/site-packages/airflow/example_dags/example_branch_python_dop_operator_3.py for tasks to queue
[2023-03-30 12:02:58,845] {logging_mixin.py:115} INFO - [2023-03-30 12:02:58,845] {dagbag.py:507} INFO - Filling up the DagBag from /home/airflow/.local/lib/python3.7/site-packages/airflow/example_dags/example_branch_python_dop_operator_3.py
[2023-03-30 12:02:58,853] {processor.py:651} INFO - DAG(s) dict_keys(['example_branch_dop_operator_v3']) retrieved from /home/airflow/.local/lib/python3.7/site-packages/airflow/example_dags/example_branch_python_dop_operator_3.py
[2023-03-30 12:02:58,953] {logging_mixin.py:115} INFO - [2023-03-30 12:02:58,953] {dag.py:2371} INFO - Sync 1 DAGs
[2023-03-30 12:02:59,099] {logging_mixin.py:115} INFO - [2023-03-30 12:02:59,099] {dag.py:2919} INFO - Setting next_dagrun for example_branch_dop_operator_v3 to 2023-03-30T12:01:00+00:00, run_after=2023-03-30T12:02:00+00:00
[2023-03-30 12:02:59,120] {processor.py:161} INFO - Processing /home/airflow/.local/lib/python3.7/site-packages/airflow/example_dags/example_branch_python_dop_operator_3.py took 0.279 seconds
[2023-03-30 12:03:29,197] {processor.py:153} INFO - Started process (PID=3489) to work on /home/airflow/.local/lib/python3.7/site-packages/airflow/example_dags/example_branch_python_dop_operator_3.py
[2023-03-30 12:03:29,198] {processor.py:641} INFO - Processing file /home/airflow/.local/lib/python3.7/site-packages/airflow/example_dags/example_branch_python_dop_operator_3.py for tasks to queue
[2023-03-30 12:03:29,199] {logging_mixin.py:115} INFO - [2023-03-30 12:03:29,199] {dagbag.py:507} INFO - Filling up the DagBag from /home/airflow/.local/lib/python3.7/site-packages/airflow/example_dags/example_branch_python_dop_operator_3.py
[2023-03-30 12:03:29,206] {processor.py:651} INFO - DAG(s) dict_keys(['example_branch_dop_operator_v3']) retrieved from /home/airflow/.local/lib/python3.7/site-packages/airflow/example_dags/example_branch_python_dop_operator_3.py
[2023-03-30 12:03:29,305] {logging_mixin.py:115} INFO - [2023-03-30 12:03:29,305] {dag.py:2371} INFO - Sync 1 DAGs
[2023-03-30 12:03:29,450] {logging_mixin.py:115} INFO - [2023-03-30 12:03:29,450] {dag.py:2919} INFO - Setting next_dagrun for example_branch_dop_operator_v3 to 2023-03-30T12:02:00+00:00, run_after=2023-03-30T12:03:00+00:00
[2023-03-30 12:03:29,472] {processor.py:161} INFO - Processing /home/airflow/.local/lib/python3.7/site-packages/airflow/example_dags/example_branch_python_dop_operator_3.py took 0.278 seconds
[2023-03-30 12:03:59,784] {processor.py:153} INFO - Started process (PID=3552) to work on /home/airflow/.local/lib/python3.7/site-packages/airflow/example_dags/example_branch_python_dop_operator_3.py
[2023-03-30 12:03:59,785] {processor.py:641} INFO - Processing file /home/airflow/.local/lib/python3.7/site-packages/airflow/example_dags/example_branch_python_dop_operator_3.py for tasks to queue
[2023-03-30 12:03:59,785] {logging_mixin.py:115} INFO - [2023-03-30 12:03:59,785] {dagbag.py:507} INFO - Filling up the DagBag from /home/airflow/.local/lib/python3.7/site-packages/airflow/example_dags/example_branch_python_dop_operator_3.py
[2023-03-30 12:03:59,792] {processor.py:651} INFO - DAG(s) dict_keys(['example_branch_dop_operator_v3']) retrieved from /home/airflow/.local/lib/python3.7/site-packages/airflow/example_dags/example_branch_python_dop_operator_3.py
[2023-03-30 12:03:59,892] {logging_mixin.py:115} INFO - [2023-03-30 12:03:59,892] {dag.py:2371} INFO - Sync 1 DAGs
[2023-03-30 12:04:00,038] {logging_mixin.py:115} INFO - [2023-03-30 12:04:00,038] {dag.py:2919} INFO - Setting next_dagrun for example_branch_dop_operator_v3 to 2023-03-30T12:03:00+00:00, run_after=2023-03-30T12:04:00+00:00
[2023-03-30 12:04:00,062] {processor.py:161} INFO - Processing /home/airflow/.local/lib/python3.7/site-packages/airflow/example_dags/example_branch_python_dop_operator_3.py took 0.281 seconds
[2023-03-30 12:04:30,503] {processor.py:153} INFO - Started process (PID=3615) to work on /home/airflow/.local/lib/python3.7/site-packages/airflow/example_dags/example_branch_python_dop_operator_3.py
[2023-03-30 12:04:30,513] {processor.py:641} INFO - Processing file /home/airflow/.local/lib/python3.7/site-packages/airflow/example_dags/example_branch_python_dop_operator_3.py for tasks to queue
[2023-03-30 12:04:30,515] {logging_mixin.py:115} INFO - [2023-03-30 12:04:30,515] {dagbag.py:507} INFO - Filling up the DagBag from /home/airflow/.local/lib/python3.7/site-packages/airflow/example_dags/example_branch_python_dop_operator_3.py
[2023-03-30 12:04:30,525] {processor.py:651} INFO - DAG(s) dict_keys(['example_branch_dop_operator_v3']) retrieved from /home/airflow/.local/lib/python3.7/site-packages/airflow/example_dags/example_branch_python_dop_operator_3.py
[2023-03-30 12:04:30,692] {logging_mixin.py:115} INFO - [2023-03-30 12:04:30,692] {dag.py:2371} INFO - Sync 1 DAGs
[2023-03-30 12:04:30,836] {logging_mixin.py:115} INFO - [2023-03-30 12:04:30,836] {dag.py:2919} INFO - Setting next_dagrun for example_branch_dop_operator_v3 to 2023-03-30T12:03:00+00:00, run_after=2023-03-30T12:04:00+00:00
[2023-03-30 12:04:30,857] {processor.py:161} INFO - Processing /home/airflow/.local/lib/python3.7/site-packages/airflow/example_dags/example_branch_python_dop_operator_3.py took 0.357 seconds
[2023-03-30 12:05:01,077] {processor.py:153} INFO - Started process (PID=3678) to work on /home/airflow/.local/lib/python3.7/site-packages/airflow/example_dags/example_branch_python_dop_operator_3.py
[2023-03-30 12:05:01,078] {processor.py:641} INFO - Processing file /home/airflow/.local/lib/python3.7/site-packages/airflow/example_dags/example_branch_python_dop_operator_3.py for tasks to queue
[2023-03-30 12:05:01,079] {logging_mixin.py:115} INFO - [2023-03-30 12:05:01,079] {dagbag.py:507} INFO - Filling up the DagBag from /home/airflow/.local/lib/python3.7/site-packages/airflow/example_dags/example_branch_python_dop_operator_3.py
[2023-03-30 12:05:01,087] {processor.py:651} INFO - DAG(s) dict_keys(['example_branch_dop_operator_v3']) retrieved from /home/airflow/.local/lib/python3.7/site-packages/airflow/example_dags/example_branch_python_dop_operator_3.py
[2023-03-30 12:05:01,192] {logging_mixin.py:115} INFO - [2023-03-30 12:05:01,192] {dag.py:2371} INFO - Sync 1 DAGs
[2023-03-30 12:05:01,331] {logging_mixin.py:115} INFO - [2023-03-30 12:05:01,331] {dag.py:2919} INFO - Setting next_dagrun for example_branch_dop_operator_v3 to 2023-03-30T12:04:00+00:00, run_after=2023-03-30T12:05:00+00:00
[2023-03-30 12:05:01,354] {processor.py:161} INFO - Processing /home/airflow/.local/lib/python3.7/site-packages/airflow/example_dags/example_branch_python_dop_operator_3.py took 0.279 seconds
[2023-03-30 12:05:31,561] {processor.py:153} INFO - Started process (PID=3732) to work on /home/airflow/.local/lib/python3.7/site-packages/airflow/example_dags/example_branch_python_dop_operator_3.py
[2023-03-30 12:05:31,562] {processor.py:641} INFO - Processing file /home/airflow/.local/lib/python3.7/site-packages/airflow/example_dags/example_branch_python_dop_operator_3.py for tasks to queue
[2023-03-30 12:05:31,563] {logging_mixin.py:115} INFO - [2023-03-30 12:05:31,563] {dagbag.py:507} INFO - Filling up the DagBag from /home/airflow/.local/lib/python3.7/site-packages/airflow/example_dags/example_branch_python_dop_operator_3.py
[2023-03-30 12:05:31,569] {processor.py:651} INFO - DAG(s) dict_keys(['example_branch_dop_operator_v3']) retrieved from /home/airflow/.local/lib/python3.7/site-packages/airflow/example_dags/example_branch_python_dop_operator_3.py
[2023-03-30 12:05:31,669] {logging_mixin.py:115} INFO - [2023-03-30 12:05:31,669] {dag.py:2371} INFO - Sync 1 DAGs
[2023-03-30 12:05:31,811] {logging_mixin.py:115} INFO - [2023-03-30 12:05:31,811] {dag.py:2919} INFO - Setting next_dagrun for example_branch_dop_operator_v3 to 2023-03-30T12:04:00+00:00, run_after=2023-03-30T12:05:00+00:00
[2023-03-30 12:05:31,832] {processor.py:161} INFO - Processing /home/airflow/.local/lib/python3.7/site-packages/airflow/example_dags/example_branch_python_dop_operator_3.py took 0.274 seconds
[2023-03-30 12:06:02,595] {processor.py:153} INFO - Started process (PID=3795) to work on /home/airflow/.local/lib/python3.7/site-packages/airflow/example_dags/example_branch_python_dop_operator_3.py
[2023-03-30 12:06:02,596] {processor.py:641} INFO - Processing file /home/airflow/.local/lib/python3.7/site-packages/airflow/example_dags/example_branch_python_dop_operator_3.py for tasks to queue
[2023-03-30 12:06:02,596] {logging_mixin.py:115} INFO - [2023-03-30 12:06:02,596] {dagbag.py:507} INFO - Filling up the DagBag from /home/airflow/.local/lib/python3.7/site-packages/airflow/example_dags/example_branch_python_dop_operator_3.py
[2023-03-30 12:06:02,604] {processor.py:651} INFO - DAG(s) dict_keys(['example_branch_dop_operator_v3']) retrieved from /home/airflow/.local/lib/python3.7/site-packages/airflow/example_dags/example_branch_python_dop_operator_3.py
[2023-03-30 12:06:02,708] {logging_mixin.py:115} INFO - [2023-03-30 12:06:02,708] {dag.py:2371} INFO - Sync 1 DAGs
[2023-03-30 12:06:02,860] {logging_mixin.py:115} INFO - [2023-03-30 12:06:02,860] {dag.py:2919} INFO - Setting next_dagrun for example_branch_dop_operator_v3 to 2023-03-30T12:05:00+00:00, run_after=2023-03-30T12:06:00+00:00
[2023-03-30 12:06:02,885] {processor.py:161} INFO - Processing /home/airflow/.local/lib/python3.7/site-packages/airflow/example_dags/example_branch_python_dop_operator_3.py took 0.293 seconds
[2023-03-30 12:06:33,164] {processor.py:153} INFO - Started process (PID=3858) to work on /home/airflow/.local/lib/python3.7/site-packages/airflow/example_dags/example_branch_python_dop_operator_3.py
[2023-03-30 12:06:33,166] {processor.py:641} INFO - Processing file /home/airflow/.local/lib/python3.7/site-packages/airflow/example_dags/example_branch_python_dop_operator_3.py for tasks to queue
[2023-03-30 12:06:33,166] {logging_mixin.py:115} INFO - [2023-03-30 12:06:33,166] {dagbag.py:507} INFO - Filling up the DagBag from /home/airflow/.local/lib/python3.7/site-packages/airflow/example_dags/example_branch_python_dop_operator_3.py
[2023-03-30 12:06:33,173] {processor.py:651} INFO - DAG(s) dict_keys(['example_branch_dop_operator_v3']) retrieved from /home/airflow/.local/lib/python3.7/site-packages/airflow/example_dags/example_branch_python_dop_operator_3.py
[2023-03-30 12:06:33,273] {logging_mixin.py:115} INFO - [2023-03-30 12:06:33,273] {dag.py:2371} INFO - Sync 1 DAGs
[2023-03-30 12:06:33,425] {logging_mixin.py:115} INFO - [2023-03-30 12:06:33,425] {dag.py:2919} INFO - Setting next_dagrun for example_branch_dop_operator_v3 to 2023-03-30T12:05:00+00:00, run_after=2023-03-30T12:06:00+00:00
[2023-03-30 12:06:33,447] {processor.py:161} INFO - Processing /home/airflow/.local/lib/python3.7/site-packages/airflow/example_dags/example_branch_python_dop_operator_3.py took 0.285 seconds
[2023-03-30 12:07:03,772] {processor.py:153} INFO - Started process (PID=3921) to work on /home/airflow/.local/lib/python3.7/site-packages/airflow/example_dags/example_branch_python_dop_operator_3.py
[2023-03-30 12:07:03,773] {processor.py:641} INFO - Processing file /home/airflow/.local/lib/python3.7/site-packages/airflow/example_dags/example_branch_python_dop_operator_3.py for tasks to queue
[2023-03-30 12:07:03,774] {logging_mixin.py:115} INFO - [2023-03-30 12:07:03,774] {dagbag.py:507} INFO - Filling up the DagBag from /home/airflow/.local/lib/python3.7/site-packages/airflow/example_dags/example_branch_python_dop_operator_3.py
[2023-03-30 12:07:03,781] {processor.py:651} INFO - DAG(s) dict_keys(['example_branch_dop_operator_v3']) retrieved from /home/airflow/.local/lib/python3.7/site-packages/airflow/example_dags/example_branch_python_dop_operator_3.py
[2023-03-30 12:07:03,882] {logging_mixin.py:115} INFO - [2023-03-30 12:07:03,882] {dag.py:2371} INFO - Sync 1 DAGs
[2023-03-30 12:07:04,026] {logging_mixin.py:115} INFO - [2023-03-30 12:07:04,026] {dag.py:2919} INFO - Setting next_dagrun for example_branch_dop_operator_v3 to 2023-03-30T12:06:00+00:00, run_after=2023-03-30T12:07:00+00:00
[2023-03-30 12:07:04,050] {processor.py:161} INFO - Processing /home/airflow/.local/lib/python3.7/site-packages/airflow/example_dags/example_branch_python_dop_operator_3.py took 0.281 seconds
[2023-03-30 12:07:34,121] {processor.py:153} INFO - Started process (PID=3983) to work on /home/airflow/.local/lib/python3.7/site-packages/airflow/example_dags/example_branch_python_dop_operator_3.py
[2023-03-30 12:07:34,122] {processor.py:641} INFO - Processing file /home/airflow/.local/lib/python3.7/site-packages/airflow/example_dags/example_branch_python_dop_operator_3.py for tasks to queue
[2023-03-30 12:07:34,122] {logging_mixin.py:115} INFO - [2023-03-30 12:07:34,122] {dagbag.py:507} INFO - Filling up the DagBag from /home/airflow/.local/lib/python3.7/site-packages/airflow/example_dags/example_branch_python_dop_operator_3.py
[2023-03-30 12:07:34,130] {processor.py:651} INFO - DAG(s) dict_keys(['example_branch_dop_operator_v3']) retrieved from /home/airflow/.local/lib/python3.7/site-packages/airflow/example_dags/example_branch_python_dop_operator_3.py
[2023-03-30 12:07:34,232] {logging_mixin.py:115} INFO - [2023-03-30 12:07:34,232] {dag.py:2371} INFO - Sync 1 DAGs
[2023-03-30 12:07:34,500] {logging_mixin.py:115} INFO - [2023-03-30 12:07:34,500] {dag.py:2919} INFO - Setting next_dagrun for example_branch_dop_operator_v3 to 2023-03-30T12:06:00+00:00, run_after=2023-03-30T12:07:00+00:00
[2023-03-30 12:07:34,577] {processor.py:161} INFO - Processing /home/airflow/.local/lib/python3.7/site-packages/airflow/example_dags/example_branch_python_dop_operator_3.py took 0.459 seconds
