[2023-03-30 11:34:52,073] {processor.py:153} INFO - Started process (PID=72) to work on /home/airflow/.local/lib/python3.7/site-packages/airflow/example_dags/example_complex.py
[2023-03-30 11:34:52,074] {processor.py:641} INFO - Processing file /home/airflow/.local/lib/python3.7/site-packages/airflow/example_dags/example_complex.py for tasks to queue
[2023-03-30 11:34:52,075] {logging_mixin.py:115} INFO - [2023-03-30 11:34:52,075] {dagbag.py:507} INFO - Filling up the DagBag from /home/airflow/.local/lib/python3.7/site-packages/airflow/example_dags/example_complex.py
[2023-03-30 11:34:52,086] {processor.py:651} INFO - DAG(s) dict_keys(['example_complex']) retrieved from /home/airflow/.local/lib/python3.7/site-packages/airflow/example_dags/example_complex.py
[2023-03-30 11:34:52,352] {logging_mixin.py:115} INFO - [2023-03-30 11:34:52,352] {manager.py:508} INFO - Created Permission View: can read on DAG:example_complex
[2023-03-30 11:34:52,366] {logging_mixin.py:115} INFO - [2023-03-30 11:34:52,366] {manager.py:508} INFO - Created Permission View: can delete on DAG:example_complex
[2023-03-30 11:34:52,377] {logging_mixin.py:115} INFO - [2023-03-30 11:34:52,377] {manager.py:508} INFO - Created Permission View: can edit on DAG:example_complex
[2023-03-30 11:34:52,378] {logging_mixin.py:115} INFO - [2023-03-30 11:34:52,378] {dag.py:2371} INFO - Sync 1 DAGs
[2023-03-30 11:34:52,389] {logging_mixin.py:115} INFO - [2023-03-30 11:34:52,389] {dag.py:2390} INFO - Creating ORM DAG for example_complex
[2023-03-30 11:34:52,420] {logging_mixin.py:115} INFO - [2023-03-30 11:34:52,420] {dag.py:2919} INFO - Setting next_dagrun for example_complex to None, run_after=None
[2023-03-30 11:34:52,443] {processor.py:161} INFO - Processing /home/airflow/.local/lib/python3.7/site-packages/airflow/example_dags/example_complex.py took 0.372 seconds
[2023-03-30 11:35:23,125] {processor.py:153} INFO - Started process (PID=135) to work on /home/airflow/.local/lib/python3.7/site-packages/airflow/example_dags/example_complex.py
[2023-03-30 11:35:23,126] {processor.py:641} INFO - Processing file /home/airflow/.local/lib/python3.7/site-packages/airflow/example_dags/example_complex.py for tasks to queue
[2023-03-30 11:35:23,126] {logging_mixin.py:115} INFO - [2023-03-30 11:35:23,126] {dagbag.py:507} INFO - Filling up the DagBag from /home/airflow/.local/lib/python3.7/site-packages/airflow/example_dags/example_complex.py
[2023-03-30 11:35:23,135] {processor.py:651} INFO - DAG(s) dict_keys(['example_complex']) retrieved from /home/airflow/.local/lib/python3.7/site-packages/airflow/example_dags/example_complex.py
[2023-03-30 11:35:23,245] {logging_mixin.py:115} INFO - [2023-03-30 11:35:23,245] {dag.py:2371} INFO - Sync 1 DAGs
[2023-03-30 11:35:23,294] {logging_mixin.py:115} INFO - [2023-03-30 11:35:23,294] {dag.py:2919} INFO - Setting next_dagrun for example_complex to None, run_after=None
[2023-03-30 11:35:23,320] {processor.py:161} INFO - Processing /home/airflow/.local/lib/python3.7/site-packages/airflow/example_dags/example_complex.py took 0.199 seconds
[2023-03-30 11:35:53,371] {processor.py:153} INFO - Started process (PID=197) to work on /home/airflow/.local/lib/python3.7/site-packages/airflow/example_dags/example_complex.py
[2023-03-30 11:35:53,372] {processor.py:641} INFO - Processing file /home/airflow/.local/lib/python3.7/site-packages/airflow/example_dags/example_complex.py for tasks to queue
[2023-03-30 11:35:53,373] {logging_mixin.py:115} INFO - [2023-03-30 11:35:53,373] {dagbag.py:507} INFO - Filling up the DagBag from /home/airflow/.local/lib/python3.7/site-packages/airflow/example_dags/example_complex.py
[2023-03-30 11:35:53,381] {processor.py:651} INFO - DAG(s) dict_keys(['example_complex']) retrieved from /home/airflow/.local/lib/python3.7/site-packages/airflow/example_dags/example_complex.py
[2023-03-30 11:35:53,485] {logging_mixin.py:115} INFO - [2023-03-30 11:35:53,485] {dag.py:2371} INFO - Sync 1 DAGs
[2023-03-30 11:35:53,540] {logging_mixin.py:115} INFO - [2023-03-30 11:35:53,540] {dag.py:2919} INFO - Setting next_dagrun for example_complex to None, run_after=None
[2023-03-30 11:35:53,566] {processor.py:161} INFO - Processing /home/airflow/.local/lib/python3.7/site-packages/airflow/example_dags/example_complex.py took 0.198 seconds
[2023-03-30 11:36:24,479] {processor.py:153} INFO - Started process (PID=252) to work on /home/airflow/.local/lib/python3.7/site-packages/airflow/example_dags/example_complex.py
[2023-03-30 11:36:24,480] {processor.py:641} INFO - Processing file /home/airflow/.local/lib/python3.7/site-packages/airflow/example_dags/example_complex.py for tasks to queue
[2023-03-30 11:36:24,480] {logging_mixin.py:115} INFO - [2023-03-30 11:36:24,480] {dagbag.py:507} INFO - Filling up the DagBag from /home/airflow/.local/lib/python3.7/site-packages/airflow/example_dags/example_complex.py
[2023-03-30 11:36:24,488] {processor.py:651} INFO - DAG(s) dict_keys(['example_complex']) retrieved from /home/airflow/.local/lib/python3.7/site-packages/airflow/example_dags/example_complex.py
[2023-03-30 11:36:24,587] {logging_mixin.py:115} INFO - [2023-03-30 11:36:24,587] {dag.py:2371} INFO - Sync 1 DAGs
[2023-03-30 11:36:24,635] {logging_mixin.py:115} INFO - [2023-03-30 11:36:24,635] {dag.py:2919} INFO - Setting next_dagrun for example_complex to None, run_after=None
[2023-03-30 11:36:24,658] {processor.py:161} INFO - Processing /home/airflow/.local/lib/python3.7/site-packages/airflow/example_dags/example_complex.py took 0.182 seconds
[2023-03-30 11:36:55,417] {processor.py:153} INFO - Started process (PID=315) to work on /home/airflow/.local/lib/python3.7/site-packages/airflow/example_dags/example_complex.py
[2023-03-30 11:36:55,418] {processor.py:641} INFO - Processing file /home/airflow/.local/lib/python3.7/site-packages/airflow/example_dags/example_complex.py for tasks to queue
[2023-03-30 11:36:55,419] {logging_mixin.py:115} INFO - [2023-03-30 11:36:55,419] {dagbag.py:507} INFO - Filling up the DagBag from /home/airflow/.local/lib/python3.7/site-packages/airflow/example_dags/example_complex.py
[2023-03-30 11:36:55,427] {processor.py:651} INFO - DAG(s) dict_keys(['example_complex']) retrieved from /home/airflow/.local/lib/python3.7/site-packages/airflow/example_dags/example_complex.py
[2023-03-30 11:36:55,529] {logging_mixin.py:115} INFO - [2023-03-30 11:36:55,528] {dag.py:2371} INFO - Sync 1 DAGs
[2023-03-30 11:36:55,576] {logging_mixin.py:115} INFO - [2023-03-30 11:36:55,576] {dag.py:2919} INFO - Setting next_dagrun for example_complex to None, run_after=None
[2023-03-30 11:36:55,599] {processor.py:161} INFO - Processing /home/airflow/.local/lib/python3.7/site-packages/airflow/example_dags/example_complex.py took 0.185 seconds
[2023-03-30 11:37:26,070] {processor.py:153} INFO - Started process (PID=378) to work on /home/airflow/.local/lib/python3.7/site-packages/airflow/example_dags/example_complex.py
[2023-03-30 11:37:26,071] {processor.py:641} INFO - Processing file /home/airflow/.local/lib/python3.7/site-packages/airflow/example_dags/example_complex.py for tasks to queue
[2023-03-30 11:37:26,072] {logging_mixin.py:115} INFO - [2023-03-30 11:37:26,072] {dagbag.py:507} INFO - Filling up the DagBag from /home/airflow/.local/lib/python3.7/site-packages/airflow/example_dags/example_complex.py
[2023-03-30 11:37:26,084] {processor.py:651} INFO - DAG(s) dict_keys(['example_complex']) retrieved from /home/airflow/.local/lib/python3.7/site-packages/airflow/example_dags/example_complex.py
[2023-03-30 11:37:26,186] {logging_mixin.py:115} INFO - [2023-03-30 11:37:26,186] {dag.py:2371} INFO - Sync 1 DAGs
[2023-03-30 11:37:26,235] {logging_mixin.py:115} INFO - [2023-03-30 11:37:26,235] {dag.py:2919} INFO - Setting next_dagrun for example_complex to None, run_after=None
[2023-03-30 11:37:26,257] {processor.py:161} INFO - Processing /home/airflow/.local/lib/python3.7/site-packages/airflow/example_dags/example_complex.py took 0.189 seconds
[2023-03-30 11:37:56,846] {processor.py:153} INFO - Started process (PID=441) to work on /home/airflow/.local/lib/python3.7/site-packages/airflow/example_dags/example_complex.py
[2023-03-30 11:37:56,847] {processor.py:641} INFO - Processing file /home/airflow/.local/lib/python3.7/site-packages/airflow/example_dags/example_complex.py for tasks to queue
[2023-03-30 11:37:56,848] {logging_mixin.py:115} INFO - [2023-03-30 11:37:56,848] {dagbag.py:507} INFO - Filling up the DagBag from /home/airflow/.local/lib/python3.7/site-packages/airflow/example_dags/example_complex.py
[2023-03-30 11:37:56,857] {processor.py:651} INFO - DAG(s) dict_keys(['example_complex']) retrieved from /home/airflow/.local/lib/python3.7/site-packages/airflow/example_dags/example_complex.py
[2023-03-30 11:37:56,961] {logging_mixin.py:115} INFO - [2023-03-30 11:37:56,961] {dag.py:2371} INFO - Sync 1 DAGs
[2023-03-30 11:37:57,006] {logging_mixin.py:115} INFO - [2023-03-30 11:37:57,005] {dag.py:2919} INFO - Setting next_dagrun for example_complex to None, run_after=None
[2023-03-30 11:37:57,028] {processor.py:161} INFO - Processing /home/airflow/.local/lib/python3.7/site-packages/airflow/example_dags/example_complex.py took 0.184 seconds
[2023-03-30 11:38:27,548] {processor.py:153} INFO - Started process (PID=504) to work on /home/airflow/.local/lib/python3.7/site-packages/airflow/example_dags/example_complex.py
[2023-03-30 11:38:27,549] {processor.py:641} INFO - Processing file /home/airflow/.local/lib/python3.7/site-packages/airflow/example_dags/example_complex.py for tasks to queue
[2023-03-30 11:38:27,550] {logging_mixin.py:115} INFO - [2023-03-30 11:38:27,550] {dagbag.py:507} INFO - Filling up the DagBag from /home/airflow/.local/lib/python3.7/site-packages/airflow/example_dags/example_complex.py
[2023-03-30 11:38:27,560] {processor.py:651} INFO - DAG(s) dict_keys(['example_complex']) retrieved from /home/airflow/.local/lib/python3.7/site-packages/airflow/example_dags/example_complex.py
[2023-03-30 11:38:27,665] {logging_mixin.py:115} INFO - [2023-03-30 11:38:27,665] {dag.py:2371} INFO - Sync 1 DAGs
[2023-03-30 11:38:27,712] {logging_mixin.py:115} INFO - [2023-03-30 11:38:27,712] {dag.py:2919} INFO - Setting next_dagrun for example_complex to None, run_after=None
[2023-03-30 11:38:27,734] {processor.py:161} INFO - Processing /home/airflow/.local/lib/python3.7/site-packages/airflow/example_dags/example_complex.py took 0.188 seconds
[2023-03-30 11:38:58,133] {processor.py:153} INFO - Started process (PID=567) to work on /home/airflow/.local/lib/python3.7/site-packages/airflow/example_dags/example_complex.py
[2023-03-30 11:38:58,134] {processor.py:641} INFO - Processing file /home/airflow/.local/lib/python3.7/site-packages/airflow/example_dags/example_complex.py for tasks to queue
[2023-03-30 11:38:58,135] {logging_mixin.py:115} INFO - [2023-03-30 11:38:58,135] {dagbag.py:507} INFO - Filling up the DagBag from /home/airflow/.local/lib/python3.7/site-packages/airflow/example_dags/example_complex.py
[2023-03-30 11:38:58,146] {processor.py:651} INFO - DAG(s) dict_keys(['example_complex']) retrieved from /home/airflow/.local/lib/python3.7/site-packages/airflow/example_dags/example_complex.py
[2023-03-30 11:38:58,252] {logging_mixin.py:115} INFO - [2023-03-30 11:38:58,252] {dag.py:2371} INFO - Sync 1 DAGs
[2023-03-30 11:38:58,311] {logging_mixin.py:115} INFO - [2023-03-30 11:38:58,311] {dag.py:2919} INFO - Setting next_dagrun for example_complex to None, run_after=None
[2023-03-30 11:38:58,336] {processor.py:161} INFO - Processing /home/airflow/.local/lib/python3.7/site-packages/airflow/example_dags/example_complex.py took 0.206 seconds
[2023-03-30 11:39:28,898] {processor.py:153} INFO - Started process (PID=621) to work on /home/airflow/.local/lib/python3.7/site-packages/airflow/example_dags/example_complex.py
[2023-03-30 11:39:28,899] {processor.py:641} INFO - Processing file /home/airflow/.local/lib/python3.7/site-packages/airflow/example_dags/example_complex.py for tasks to queue
[2023-03-30 11:39:28,900] {logging_mixin.py:115} INFO - [2023-03-30 11:39:28,900] {dagbag.py:507} INFO - Filling up the DagBag from /home/airflow/.local/lib/python3.7/site-packages/airflow/example_dags/example_complex.py
[2023-03-30 11:39:28,909] {processor.py:651} INFO - DAG(s) dict_keys(['example_complex']) retrieved from /home/airflow/.local/lib/python3.7/site-packages/airflow/example_dags/example_complex.py
[2023-03-30 11:39:29,016] {logging_mixin.py:115} INFO - [2023-03-30 11:39:29,015] {dag.py:2371} INFO - Sync 1 DAGs
[2023-03-30 11:39:29,062] {logging_mixin.py:115} INFO - [2023-03-30 11:39:29,062] {dag.py:2919} INFO - Setting next_dagrun for example_complex to None, run_after=None
[2023-03-30 11:39:29,089] {processor.py:161} INFO - Processing /home/airflow/.local/lib/python3.7/site-packages/airflow/example_dags/example_complex.py took 0.194 seconds
[2023-03-30 11:39:59,171] {processor.py:153} INFO - Started process (PID=684) to work on /home/airflow/.local/lib/python3.7/site-packages/airflow/example_dags/example_complex.py
[2023-03-30 11:39:59,171] {processor.py:641} INFO - Processing file /home/airflow/.local/lib/python3.7/site-packages/airflow/example_dags/example_complex.py for tasks to queue
[2023-03-30 11:39:59,172] {logging_mixin.py:115} INFO - [2023-03-30 11:39:59,172] {dagbag.py:507} INFO - Filling up the DagBag from /home/airflow/.local/lib/python3.7/site-packages/airflow/example_dags/example_complex.py
[2023-03-30 11:39:59,180] {processor.py:651} INFO - DAG(s) dict_keys(['example_complex']) retrieved from /home/airflow/.local/lib/python3.7/site-packages/airflow/example_dags/example_complex.py
[2023-03-30 11:39:59,277] {logging_mixin.py:115} INFO - [2023-03-30 11:39:59,277] {dag.py:2371} INFO - Sync 1 DAGs
[2023-03-30 11:39:59,325] {logging_mixin.py:115} INFO - [2023-03-30 11:39:59,325] {dag.py:2919} INFO - Setting next_dagrun for example_complex to None, run_after=None
[2023-03-30 11:39:59,349] {processor.py:161} INFO - Processing /home/airflow/.local/lib/python3.7/site-packages/airflow/example_dags/example_complex.py took 0.181 seconds
[2023-03-30 11:40:29,551] {processor.py:153} INFO - Started process (PID=747) to work on /home/airflow/.local/lib/python3.7/site-packages/airflow/example_dags/example_complex.py
[2023-03-30 11:40:29,552] {processor.py:641} INFO - Processing file /home/airflow/.local/lib/python3.7/site-packages/airflow/example_dags/example_complex.py for tasks to queue
[2023-03-30 11:40:29,553] {logging_mixin.py:115} INFO - [2023-03-30 11:40:29,553] {dagbag.py:507} INFO - Filling up the DagBag from /home/airflow/.local/lib/python3.7/site-packages/airflow/example_dags/example_complex.py
[2023-03-30 11:40:29,561] {processor.py:651} INFO - DAG(s) dict_keys(['example_complex']) retrieved from /home/airflow/.local/lib/python3.7/site-packages/airflow/example_dags/example_complex.py
[2023-03-30 11:40:29,656] {logging_mixin.py:115} INFO - [2023-03-30 11:40:29,656] {dag.py:2371} INFO - Sync 1 DAGs
[2023-03-30 11:40:29,700] {logging_mixin.py:115} INFO - [2023-03-30 11:40:29,700] {dag.py:2919} INFO - Setting next_dagrun for example_complex to None, run_after=None
[2023-03-30 11:40:29,724] {processor.py:161} INFO - Processing /home/airflow/.local/lib/python3.7/site-packages/airflow/example_dags/example_complex.py took 0.176 seconds
[2023-03-30 11:40:59,847] {processor.py:153} INFO - Started process (PID=810) to work on /home/airflow/.local/lib/python3.7/site-packages/airflow/example_dags/example_complex.py
[2023-03-30 11:40:59,848] {processor.py:641} INFO - Processing file /home/airflow/.local/lib/python3.7/site-packages/airflow/example_dags/example_complex.py for tasks to queue
[2023-03-30 11:40:59,849] {logging_mixin.py:115} INFO - [2023-03-30 11:40:59,849] {dagbag.py:507} INFO - Filling up the DagBag from /home/airflow/.local/lib/python3.7/site-packages/airflow/example_dags/example_complex.py
[2023-03-30 11:40:59,857] {processor.py:651} INFO - DAG(s) dict_keys(['example_complex']) retrieved from /home/airflow/.local/lib/python3.7/site-packages/airflow/example_dags/example_complex.py
[2023-03-30 11:40:59,962] {logging_mixin.py:115} INFO - [2023-03-30 11:40:59,962] {dag.py:2371} INFO - Sync 1 DAGs
[2023-03-30 11:41:00,012] {logging_mixin.py:115} INFO - [2023-03-30 11:41:00,012] {dag.py:2919} INFO - Setting next_dagrun for example_complex to None, run_after=None
[2023-03-30 11:41:00,038] {processor.py:161} INFO - Processing /home/airflow/.local/lib/python3.7/site-packages/airflow/example_dags/example_complex.py took 0.193 seconds
[2023-03-30 11:41:30,366] {processor.py:153} INFO - Started process (PID=864) to work on /home/airflow/.local/lib/python3.7/site-packages/airflow/example_dags/example_complex.py
[2023-03-30 11:41:30,366] {processor.py:641} INFO - Processing file /home/airflow/.local/lib/python3.7/site-packages/airflow/example_dags/example_complex.py for tasks to queue
[2023-03-30 11:41:30,367] {logging_mixin.py:115} INFO - [2023-03-30 11:41:30,367] {dagbag.py:507} INFO - Filling up the DagBag from /home/airflow/.local/lib/python3.7/site-packages/airflow/example_dags/example_complex.py
[2023-03-30 11:41:30,375] {processor.py:651} INFO - DAG(s) dict_keys(['example_complex']) retrieved from /home/airflow/.local/lib/python3.7/site-packages/airflow/example_dags/example_complex.py
[2023-03-30 11:41:30,476] {logging_mixin.py:115} INFO - [2023-03-30 11:41:30,476] {dag.py:2371} INFO - Sync 1 DAGs
[2023-03-30 11:41:30,525] {logging_mixin.py:115} INFO - [2023-03-30 11:41:30,525] {dag.py:2919} INFO - Setting next_dagrun for example_complex to None, run_after=None
[2023-03-30 11:41:30,549] {processor.py:161} INFO - Processing /home/airflow/.local/lib/python3.7/site-packages/airflow/example_dags/example_complex.py took 0.186 seconds
[2023-03-30 11:42:00,956] {processor.py:153} INFO - Started process (PID=927) to work on /home/airflow/.local/lib/python3.7/site-packages/airflow/example_dags/example_complex.py
[2023-03-30 11:42:00,957] {processor.py:641} INFO - Processing file /home/airflow/.local/lib/python3.7/site-packages/airflow/example_dags/example_complex.py for tasks to queue
[2023-03-30 11:42:00,958] {logging_mixin.py:115} INFO - [2023-03-30 11:42:00,958] {dagbag.py:507} INFO - Filling up the DagBag from /home/airflow/.local/lib/python3.7/site-packages/airflow/example_dags/example_complex.py
[2023-03-30 11:42:00,967] {processor.py:651} INFO - DAG(s) dict_keys(['example_complex']) retrieved from /home/airflow/.local/lib/python3.7/site-packages/airflow/example_dags/example_complex.py
[2023-03-30 11:42:01,070] {logging_mixin.py:115} INFO - [2023-03-30 11:42:01,070] {dag.py:2371} INFO - Sync 1 DAGs
[2023-03-30 11:42:01,118] {logging_mixin.py:115} INFO - [2023-03-30 11:42:01,118] {dag.py:2919} INFO - Setting next_dagrun for example_complex to None, run_after=None
[2023-03-30 11:42:01,142] {processor.py:161} INFO - Processing /home/airflow/.local/lib/python3.7/site-packages/airflow/example_dags/example_complex.py took 0.190 seconds
[2023-03-30 11:42:31,294] {processor.py:153} INFO - Started process (PID=989) to work on /home/airflow/.local/lib/python3.7/site-packages/airflow/example_dags/example_complex.py
[2023-03-30 11:42:31,295] {processor.py:641} INFO - Processing file /home/airflow/.local/lib/python3.7/site-packages/airflow/example_dags/example_complex.py for tasks to queue
[2023-03-30 11:42:31,296] {logging_mixin.py:115} INFO - [2023-03-30 11:42:31,296] {dagbag.py:507} INFO - Filling up the DagBag from /home/airflow/.local/lib/python3.7/site-packages/airflow/example_dags/example_complex.py
[2023-03-30 11:42:31,304] {processor.py:651} INFO - DAG(s) dict_keys(['example_complex']) retrieved from /home/airflow/.local/lib/python3.7/site-packages/airflow/example_dags/example_complex.py
[2023-03-30 11:42:31,399] {logging_mixin.py:115} INFO - [2023-03-30 11:42:31,399] {dag.py:2371} INFO - Sync 1 DAGs
[2023-03-30 11:42:31,446] {logging_mixin.py:115} INFO - [2023-03-30 11:42:31,446] {dag.py:2919} INFO - Setting next_dagrun for example_complex to None, run_after=None
[2023-03-30 11:42:31,466] {processor.py:161} INFO - Processing /home/airflow/.local/lib/python3.7/site-packages/airflow/example_dags/example_complex.py took 0.177 seconds
[2023-03-30 11:43:01,599] {processor.py:153} INFO - Started process (PID=1052) to work on /home/airflow/.local/lib/python3.7/site-packages/airflow/example_dags/example_complex.py
[2023-03-30 11:43:01,600] {processor.py:641} INFO - Processing file /home/airflow/.local/lib/python3.7/site-packages/airflow/example_dags/example_complex.py for tasks to queue
[2023-03-30 11:43:01,601] {logging_mixin.py:115} INFO - [2023-03-30 11:43:01,601] {dagbag.py:507} INFO - Filling up the DagBag from /home/airflow/.local/lib/python3.7/site-packages/airflow/example_dags/example_complex.py
[2023-03-30 11:43:01,609] {processor.py:651} INFO - DAG(s) dict_keys(['example_complex']) retrieved from /home/airflow/.local/lib/python3.7/site-packages/airflow/example_dags/example_complex.py
[2023-03-30 11:43:01,708] {logging_mixin.py:115} INFO - [2023-03-30 11:43:01,708] {dag.py:2371} INFO - Sync 1 DAGs
[2023-03-30 11:43:01,757] {logging_mixin.py:115} INFO - [2023-03-30 11:43:01,757] {dag.py:2919} INFO - Setting next_dagrun for example_complex to None, run_after=None
[2023-03-30 11:43:01,781] {processor.py:161} INFO - Processing /home/airflow/.local/lib/python3.7/site-packages/airflow/example_dags/example_complex.py took 0.185 seconds
[2023-03-30 11:43:32,534] {processor.py:153} INFO - Started process (PID=1115) to work on /home/airflow/.local/lib/python3.7/site-packages/airflow/example_dags/example_complex.py
[2023-03-30 11:43:32,536] {processor.py:641} INFO - Processing file /home/airflow/.local/lib/python3.7/site-packages/airflow/example_dags/example_complex.py for tasks to queue
[2023-03-30 11:43:32,537] {logging_mixin.py:115} INFO - [2023-03-30 11:43:32,537] {dagbag.py:507} INFO - Filling up the DagBag from /home/airflow/.local/lib/python3.7/site-packages/airflow/example_dags/example_complex.py
[2023-03-30 11:43:32,545] {processor.py:651} INFO - DAG(s) dict_keys(['example_complex']) retrieved from /home/airflow/.local/lib/python3.7/site-packages/airflow/example_dags/example_complex.py
[2023-03-30 11:43:32,648] {logging_mixin.py:115} INFO - [2023-03-30 11:43:32,648] {dag.py:2371} INFO - Sync 1 DAGs
[2023-03-30 11:43:32,694] {logging_mixin.py:115} INFO - [2023-03-30 11:43:32,694] {dag.py:2919} INFO - Setting next_dagrun for example_complex to None, run_after=None
[2023-03-30 11:43:32,718] {processor.py:161} INFO - Processing /home/airflow/.local/lib/python3.7/site-packages/airflow/example_dags/example_complex.py took 0.187 seconds
[2023-03-30 11:44:03,149] {processor.py:153} INFO - Started process (PID=1169) to work on /home/airflow/.local/lib/python3.7/site-packages/airflow/example_dags/example_complex.py
[2023-03-30 11:44:03,152] {processor.py:641} INFO - Processing file /home/airflow/.local/lib/python3.7/site-packages/airflow/example_dags/example_complex.py for tasks to queue
[2023-03-30 11:44:03,154] {logging_mixin.py:115} INFO - [2023-03-30 11:44:03,154] {dagbag.py:507} INFO - Filling up the DagBag from /home/airflow/.local/lib/python3.7/site-packages/airflow/example_dags/example_complex.py
[2023-03-30 11:44:03,166] {processor.py:651} INFO - DAG(s) dict_keys(['example_complex']) retrieved from /home/airflow/.local/lib/python3.7/site-packages/airflow/example_dags/example_complex.py
[2023-03-30 11:44:03,290] {logging_mixin.py:115} INFO - [2023-03-30 11:44:03,290] {dag.py:2371} INFO - Sync 1 DAGs
[2023-03-30 11:44:03,339] {logging_mixin.py:115} INFO - [2023-03-30 11:44:03,339] {dag.py:2919} INFO - Setting next_dagrun for example_complex to None, run_after=None
[2023-03-30 11:44:03,365] {processor.py:161} INFO - Processing /home/airflow/.local/lib/python3.7/site-packages/airflow/example_dags/example_complex.py took 0.221 seconds
[2023-03-30 11:44:33,712] {processor.py:153} INFO - Started process (PID=1232) to work on /home/airflow/.local/lib/python3.7/site-packages/airflow/example_dags/example_complex.py
[2023-03-30 11:44:33,712] {processor.py:641} INFO - Processing file /home/airflow/.local/lib/python3.7/site-packages/airflow/example_dags/example_complex.py for tasks to queue
[2023-03-30 11:44:33,713] {logging_mixin.py:115} INFO - [2023-03-30 11:44:33,713] {dagbag.py:507} INFO - Filling up the DagBag from /home/airflow/.local/lib/python3.7/site-packages/airflow/example_dags/example_complex.py
[2023-03-30 11:44:33,721] {processor.py:651} INFO - DAG(s) dict_keys(['example_complex']) retrieved from /home/airflow/.local/lib/python3.7/site-packages/airflow/example_dags/example_complex.py
[2023-03-30 11:44:33,822] {logging_mixin.py:115} INFO - [2023-03-30 11:44:33,822] {dag.py:2371} INFO - Sync 1 DAGs
[2023-03-30 11:44:33,869] {logging_mixin.py:115} INFO - [2023-03-30 11:44:33,869] {dag.py:2919} INFO - Setting next_dagrun for example_complex to None, run_after=None
[2023-03-30 11:44:33,896] {processor.py:161} INFO - Processing /home/airflow/.local/lib/python3.7/site-packages/airflow/example_dags/example_complex.py took 0.187 seconds
[2023-03-30 11:45:04,871] {processor.py:153} INFO - Started process (PID=1295) to work on /home/airflow/.local/lib/python3.7/site-packages/airflow/example_dags/example_complex.py
[2023-03-30 11:45:04,872] {processor.py:641} INFO - Processing file /home/airflow/.local/lib/python3.7/site-packages/airflow/example_dags/example_complex.py for tasks to queue
[2023-03-30 11:45:04,873] {logging_mixin.py:115} INFO - [2023-03-30 11:45:04,873] {dagbag.py:507} INFO - Filling up the DagBag from /home/airflow/.local/lib/python3.7/site-packages/airflow/example_dags/example_complex.py
[2023-03-30 11:45:04,881] {processor.py:651} INFO - DAG(s) dict_keys(['example_complex']) retrieved from /home/airflow/.local/lib/python3.7/site-packages/airflow/example_dags/example_complex.py
[2023-03-30 11:45:04,981] {logging_mixin.py:115} INFO - [2023-03-30 11:45:04,981] {dag.py:2371} INFO - Sync 1 DAGs
[2023-03-30 11:45:05,029] {logging_mixin.py:115} INFO - [2023-03-30 11:45:05,028] {dag.py:2919} INFO - Setting next_dagrun for example_complex to None, run_after=None
[2023-03-30 11:45:05,141] {processor.py:161} INFO - Processing /home/airflow/.local/lib/python3.7/site-packages/airflow/example_dags/example_complex.py took 0.273 seconds
[2023-03-30 11:45:35,912] {processor.py:153} INFO - Started process (PID=1358) to work on /home/airflow/.local/lib/python3.7/site-packages/airflow/example_dags/example_complex.py
[2023-03-30 11:45:35,913] {processor.py:641} INFO - Processing file /home/airflow/.local/lib/python3.7/site-packages/airflow/example_dags/example_complex.py for tasks to queue
[2023-03-30 11:45:35,914] {logging_mixin.py:115} INFO - [2023-03-30 11:45:35,914] {dagbag.py:507} INFO - Filling up the DagBag from /home/airflow/.local/lib/python3.7/site-packages/airflow/example_dags/example_complex.py
[2023-03-30 11:45:35,922] {processor.py:651} INFO - DAG(s) dict_keys(['example_complex']) retrieved from /home/airflow/.local/lib/python3.7/site-packages/airflow/example_dags/example_complex.py
[2023-03-30 11:45:36,024] {logging_mixin.py:115} INFO - [2023-03-30 11:45:36,024] {dag.py:2371} INFO - Sync 1 DAGs
[2023-03-30 11:45:36,074] {logging_mixin.py:115} INFO - [2023-03-30 11:45:36,074] {dag.py:2919} INFO - Setting next_dagrun for example_complex to None, run_after=None
[2023-03-30 11:45:36,197] {processor.py:161} INFO - Processing /home/airflow/.local/lib/python3.7/site-packages/airflow/example_dags/example_complex.py took 0.290 seconds
[2023-03-30 11:46:06,449] {processor.py:153} INFO - Started process (PID=1421) to work on /home/airflow/.local/lib/python3.7/site-packages/airflow/example_dags/example_complex.py
[2023-03-30 11:46:06,450] {processor.py:641} INFO - Processing file /home/airflow/.local/lib/python3.7/site-packages/airflow/example_dags/example_complex.py for tasks to queue
[2023-03-30 11:46:06,451] {logging_mixin.py:115} INFO - [2023-03-30 11:46:06,451] {dagbag.py:507} INFO - Filling up the DagBag from /home/airflow/.local/lib/python3.7/site-packages/airflow/example_dags/example_complex.py
[2023-03-30 11:46:06,460] {processor.py:651} INFO - DAG(s) dict_keys(['example_complex']) retrieved from /home/airflow/.local/lib/python3.7/site-packages/airflow/example_dags/example_complex.py
[2023-03-30 11:46:06,566] {logging_mixin.py:115} INFO - [2023-03-30 11:46:06,566] {dag.py:2371} INFO - Sync 1 DAGs
[2023-03-30 11:46:06,617] {logging_mixin.py:115} INFO - [2023-03-30 11:46:06,617] {dag.py:2919} INFO - Setting next_dagrun for example_complex to None, run_after=None
[2023-03-30 11:46:06,742] {processor.py:161} INFO - Processing /home/airflow/.local/lib/python3.7/site-packages/airflow/example_dags/example_complex.py took 0.297 seconds
[2023-03-30 11:46:37,082] {processor.py:153} INFO - Started process (PID=1483) to work on /home/airflow/.local/lib/python3.7/site-packages/airflow/example_dags/example_complex.py
[2023-03-30 11:46:37,083] {processor.py:641} INFO - Processing file /home/airflow/.local/lib/python3.7/site-packages/airflow/example_dags/example_complex.py for tasks to queue
[2023-03-30 11:46:37,084] {logging_mixin.py:115} INFO - [2023-03-30 11:46:37,084] {dagbag.py:507} INFO - Filling up the DagBag from /home/airflow/.local/lib/python3.7/site-packages/airflow/example_dags/example_complex.py
[2023-03-30 11:46:37,092] {processor.py:651} INFO - DAG(s) dict_keys(['example_complex']) retrieved from /home/airflow/.local/lib/python3.7/site-packages/airflow/example_dags/example_complex.py
[2023-03-30 11:46:37,198] {logging_mixin.py:115} INFO - [2023-03-30 11:46:37,197] {dag.py:2371} INFO - Sync 1 DAGs
[2023-03-30 11:46:37,250] {logging_mixin.py:115} INFO - [2023-03-30 11:46:37,250] {dag.py:2919} INFO - Setting next_dagrun for example_complex to None, run_after=None
[2023-03-30 11:46:37,396] {processor.py:161} INFO - Processing /home/airflow/.local/lib/python3.7/site-packages/airflow/example_dags/example_complex.py took 0.317 seconds
[2023-03-30 11:47:07,574] {processor.py:153} INFO - Started process (PID=1537) to work on /home/airflow/.local/lib/python3.7/site-packages/airflow/example_dags/example_complex.py
[2023-03-30 11:47:07,575] {processor.py:641} INFO - Processing file /home/airflow/.local/lib/python3.7/site-packages/airflow/example_dags/example_complex.py for tasks to queue
[2023-03-30 11:47:07,575] {logging_mixin.py:115} INFO - [2023-03-30 11:47:07,575] {dagbag.py:507} INFO - Filling up the DagBag from /home/airflow/.local/lib/python3.7/site-packages/airflow/example_dags/example_complex.py
[2023-03-30 11:47:07,584] {processor.py:651} INFO - DAG(s) dict_keys(['example_complex']) retrieved from /home/airflow/.local/lib/python3.7/site-packages/airflow/example_dags/example_complex.py
[2023-03-30 11:47:07,689] {logging_mixin.py:115} INFO - [2023-03-30 11:47:07,689] {dag.py:2371} INFO - Sync 1 DAGs
[2023-03-30 11:47:07,740] {logging_mixin.py:115} INFO - [2023-03-30 11:47:07,740] {dag.py:2919} INFO - Setting next_dagrun for example_complex to None, run_after=None
[2023-03-30 11:47:07,863] {processor.py:161} INFO - Processing /home/airflow/.local/lib/python3.7/site-packages/airflow/example_dags/example_complex.py took 0.292 seconds
[2023-03-30 11:47:38,175] {processor.py:153} INFO - Started process (PID=1600) to work on /home/airflow/.local/lib/python3.7/site-packages/airflow/example_dags/example_complex.py
[2023-03-30 11:47:38,176] {processor.py:641} INFO - Processing file /home/airflow/.local/lib/python3.7/site-packages/airflow/example_dags/example_complex.py for tasks to queue
[2023-03-30 11:47:38,177] {logging_mixin.py:115} INFO - [2023-03-30 11:47:38,177] {dagbag.py:507} INFO - Filling up the DagBag from /home/airflow/.local/lib/python3.7/site-packages/airflow/example_dags/example_complex.py
[2023-03-30 11:47:38,185] {processor.py:651} INFO - DAG(s) dict_keys(['example_complex']) retrieved from /home/airflow/.local/lib/python3.7/site-packages/airflow/example_dags/example_complex.py
[2023-03-30 11:47:38,365] {logging_mixin.py:115} INFO - [2023-03-30 11:47:38,362] {dag.py:2371} INFO - Sync 1 DAGs
[2023-03-30 11:47:38,440] {logging_mixin.py:115} INFO - [2023-03-30 11:47:38,440] {dag.py:2919} INFO - Setting next_dagrun for example_complex to None, run_after=None
[2023-03-30 11:47:38,573] {processor.py:161} INFO - Processing /home/airflow/.local/lib/python3.7/site-packages/airflow/example_dags/example_complex.py took 0.401 seconds
[2023-03-30 11:48:09,224] {processor.py:153} INFO - Started process (PID=1663) to work on /home/airflow/.local/lib/python3.7/site-packages/airflow/example_dags/example_complex.py
[2023-03-30 11:48:09,225] {processor.py:641} INFO - Processing file /home/airflow/.local/lib/python3.7/site-packages/airflow/example_dags/example_complex.py for tasks to queue
[2023-03-30 11:48:09,225] {logging_mixin.py:115} INFO - [2023-03-30 11:48:09,225] {dagbag.py:507} INFO - Filling up the DagBag from /home/airflow/.local/lib/python3.7/site-packages/airflow/example_dags/example_complex.py
[2023-03-30 11:48:09,234] {processor.py:651} INFO - DAG(s) dict_keys(['example_complex']) retrieved from /home/airflow/.local/lib/python3.7/site-packages/airflow/example_dags/example_complex.py
[2023-03-30 11:48:09,335] {logging_mixin.py:115} INFO - [2023-03-30 11:48:09,335] {dag.py:2371} INFO - Sync 1 DAGs
[2023-03-30 11:48:09,387] {logging_mixin.py:115} INFO - [2023-03-30 11:48:09,387] {dag.py:2919} INFO - Setting next_dagrun for example_complex to None, run_after=None
[2023-03-30 11:48:09,508] {processor.py:161} INFO - Processing /home/airflow/.local/lib/python3.7/site-packages/airflow/example_dags/example_complex.py took 0.287 seconds
[2023-03-30 11:48:39,547] {processor.py:153} INFO - Started process (PID=1725) to work on /home/airflow/.local/lib/python3.7/site-packages/airflow/example_dags/example_complex.py
[2023-03-30 11:48:39,548] {processor.py:641} INFO - Processing file /home/airflow/.local/lib/python3.7/site-packages/airflow/example_dags/example_complex.py for tasks to queue
[2023-03-30 11:48:39,549] {logging_mixin.py:115} INFO - [2023-03-30 11:48:39,549] {dagbag.py:507} INFO - Filling up the DagBag from /home/airflow/.local/lib/python3.7/site-packages/airflow/example_dags/example_complex.py
[2023-03-30 11:48:39,557] {processor.py:651} INFO - DAG(s) dict_keys(['example_complex']) retrieved from /home/airflow/.local/lib/python3.7/site-packages/airflow/example_dags/example_complex.py
[2023-03-30 11:48:39,658] {logging_mixin.py:115} INFO - [2023-03-30 11:48:39,658] {dag.py:2371} INFO - Sync 1 DAGs
[2023-03-30 11:48:39,705] {logging_mixin.py:115} INFO - [2023-03-30 11:48:39,705] {dag.py:2919} INFO - Setting next_dagrun for example_complex to None, run_after=None
[2023-03-30 11:48:39,821] {processor.py:161} INFO - Processing /home/airflow/.local/lib/python3.7/site-packages/airflow/example_dags/example_complex.py took 0.276 seconds
[2023-03-30 11:49:10,178] {processor.py:153} INFO - Started process (PID=1778) to work on /home/airflow/.local/lib/python3.7/site-packages/airflow/example_dags/example_complex.py
[2023-03-30 11:49:10,178] {processor.py:641} INFO - Processing file /home/airflow/.local/lib/python3.7/site-packages/airflow/example_dags/example_complex.py for tasks to queue
[2023-03-30 11:49:10,179] {logging_mixin.py:115} INFO - [2023-03-30 11:49:10,179] {dagbag.py:507} INFO - Filling up the DagBag from /home/airflow/.local/lib/python3.7/site-packages/airflow/example_dags/example_complex.py
[2023-03-30 11:49:10,189] {processor.py:651} INFO - DAG(s) dict_keys(['example_complex']) retrieved from /home/airflow/.local/lib/python3.7/site-packages/airflow/example_dags/example_complex.py
[2023-03-30 11:49:10,294] {logging_mixin.py:115} INFO - [2023-03-30 11:49:10,294] {dag.py:2371} INFO - Sync 1 DAGs
[2023-03-30 11:49:10,345] {logging_mixin.py:115} INFO - [2023-03-30 11:49:10,345] {dag.py:2919} INFO - Setting next_dagrun for example_complex to None, run_after=None
[2023-03-30 11:49:10,465] {processor.py:161} INFO - Processing /home/airflow/.local/lib/python3.7/site-packages/airflow/example_dags/example_complex.py took 0.290 seconds
[2023-03-30 11:49:40,651] {processor.py:153} INFO - Started process (PID=1840) to work on /home/airflow/.local/lib/python3.7/site-packages/airflow/example_dags/example_complex.py
[2023-03-30 11:49:40,652] {processor.py:641} INFO - Processing file /home/airflow/.local/lib/python3.7/site-packages/airflow/example_dags/example_complex.py for tasks to queue
[2023-03-30 11:49:40,653] {logging_mixin.py:115} INFO - [2023-03-30 11:49:40,653] {dagbag.py:507} INFO - Filling up the DagBag from /home/airflow/.local/lib/python3.7/site-packages/airflow/example_dags/example_complex.py
[2023-03-30 11:49:40,661] {processor.py:651} INFO - DAG(s) dict_keys(['example_complex']) retrieved from /home/airflow/.local/lib/python3.7/site-packages/airflow/example_dags/example_complex.py
[2023-03-30 11:49:40,764] {logging_mixin.py:115} INFO - [2023-03-30 11:49:40,763] {dag.py:2371} INFO - Sync 1 DAGs
[2023-03-30 11:49:40,814] {logging_mixin.py:115} INFO - [2023-03-30 11:49:40,814] {dag.py:2919} INFO - Setting next_dagrun for example_complex to None, run_after=None
[2023-03-30 11:49:40,948] {processor.py:161} INFO - Processing /home/airflow/.local/lib/python3.7/site-packages/airflow/example_dags/example_complex.py took 0.299 seconds
[2023-03-30 11:50:11,638] {processor.py:153} INFO - Started process (PID=1903) to work on /home/airflow/.local/lib/python3.7/site-packages/airflow/example_dags/example_complex.py
[2023-03-30 11:50:11,639] {processor.py:641} INFO - Processing file /home/airflow/.local/lib/python3.7/site-packages/airflow/example_dags/example_complex.py for tasks to queue
[2023-03-30 11:50:11,640] {logging_mixin.py:115} INFO - [2023-03-30 11:50:11,640] {dagbag.py:507} INFO - Filling up the DagBag from /home/airflow/.local/lib/python3.7/site-packages/airflow/example_dags/example_complex.py
[2023-03-30 11:50:11,649] {processor.py:651} INFO - DAG(s) dict_keys(['example_complex']) retrieved from /home/airflow/.local/lib/python3.7/site-packages/airflow/example_dags/example_complex.py
[2023-03-30 11:50:11,752] {logging_mixin.py:115} INFO - [2023-03-30 11:50:11,752] {dag.py:2371} INFO - Sync 1 DAGs
[2023-03-30 11:50:11,900] {logging_mixin.py:115} INFO - [2023-03-30 11:50:11,900] {dag.py:2919} INFO - Setting next_dagrun for example_complex to None, run_after=None
[2023-03-30 11:50:11,922] {processor.py:161} INFO - Processing /home/airflow/.local/lib/python3.7/site-packages/airflow/example_dags/example_complex.py took 0.286 seconds
[2023-03-30 11:50:42,798] {processor.py:153} INFO - Started process (PID=1966) to work on /home/airflow/.local/lib/python3.7/site-packages/airflow/example_dags/example_complex.py
[2023-03-30 11:50:42,799] {processor.py:641} INFO - Processing file /home/airflow/.local/lib/python3.7/site-packages/airflow/example_dags/example_complex.py for tasks to queue
[2023-03-30 11:50:42,799] {logging_mixin.py:115} INFO - [2023-03-30 11:50:42,799] {dagbag.py:507} INFO - Filling up the DagBag from /home/airflow/.local/lib/python3.7/site-packages/airflow/example_dags/example_complex.py
[2023-03-30 11:50:42,808] {processor.py:651} INFO - DAG(s) dict_keys(['example_complex']) retrieved from /home/airflow/.local/lib/python3.7/site-packages/airflow/example_dags/example_complex.py
[2023-03-30 11:50:42,912] {logging_mixin.py:115} INFO - [2023-03-30 11:50:42,912] {dag.py:2371} INFO - Sync 1 DAGs
[2023-03-30 11:50:43,055] {logging_mixin.py:115} INFO - [2023-03-30 11:50:43,055] {dag.py:2919} INFO - Setting next_dagrun for example_complex to None, run_after=None
[2023-03-30 11:50:43,079] {processor.py:161} INFO - Processing /home/airflow/.local/lib/python3.7/site-packages/airflow/example_dags/example_complex.py took 0.284 seconds
[2023-03-30 11:51:13,447] {processor.py:153} INFO - Started process (PID=2029) to work on /home/airflow/.local/lib/python3.7/site-packages/airflow/example_dags/example_complex.py
[2023-03-30 11:51:13,448] {processor.py:641} INFO - Processing file /home/airflow/.local/lib/python3.7/site-packages/airflow/example_dags/example_complex.py for tasks to queue
[2023-03-30 11:51:13,449] {logging_mixin.py:115} INFO - [2023-03-30 11:51:13,449] {dagbag.py:507} INFO - Filling up the DagBag from /home/airflow/.local/lib/python3.7/site-packages/airflow/example_dags/example_complex.py
[2023-03-30 11:51:13,457] {processor.py:651} INFO - DAG(s) dict_keys(['example_complex']) retrieved from /home/airflow/.local/lib/python3.7/site-packages/airflow/example_dags/example_complex.py
[2023-03-30 11:51:13,558] {logging_mixin.py:115} INFO - [2023-03-30 11:51:13,558] {dag.py:2371} INFO - Sync 1 DAGs
[2023-03-30 11:51:13,701] {logging_mixin.py:115} INFO - [2023-03-30 11:51:13,701] {dag.py:2919} INFO - Setting next_dagrun for example_complex to None, run_after=None
[2023-03-30 11:51:13,726] {processor.py:161} INFO - Processing /home/airflow/.local/lib/python3.7/site-packages/airflow/example_dags/example_complex.py took 0.282 seconds
[2023-03-30 11:51:43,804] {processor.py:153} INFO - Started process (PID=2092) to work on /home/airflow/.local/lib/python3.7/site-packages/airflow/example_dags/example_complex.py
[2023-03-30 11:51:43,805] {processor.py:641} INFO - Processing file /home/airflow/.local/lib/python3.7/site-packages/airflow/example_dags/example_complex.py for tasks to queue
[2023-03-30 11:51:43,806] {logging_mixin.py:115} INFO - [2023-03-30 11:51:43,806] {dagbag.py:507} INFO - Filling up the DagBag from /home/airflow/.local/lib/python3.7/site-packages/airflow/example_dags/example_complex.py
[2023-03-30 11:51:43,814] {processor.py:651} INFO - DAG(s) dict_keys(['example_complex']) retrieved from /home/airflow/.local/lib/python3.7/site-packages/airflow/example_dags/example_complex.py
[2023-03-30 11:51:43,925] {logging_mixin.py:115} INFO - [2023-03-30 11:51:43,925] {dag.py:2371} INFO - Sync 1 DAGs
[2023-03-30 11:51:44,076] {logging_mixin.py:115} INFO - [2023-03-30 11:51:44,076] {dag.py:2919} INFO - Setting next_dagrun for example_complex to None, run_after=None
[2023-03-30 11:51:44,099] {processor.py:161} INFO - Processing /home/airflow/.local/lib/python3.7/site-packages/airflow/example_dags/example_complex.py took 0.297 seconds
[2023-03-30 11:52:14,816] {processor.py:153} INFO - Started process (PID=2147) to work on /home/airflow/.local/lib/python3.7/site-packages/airflow/example_dags/example_complex.py
[2023-03-30 11:52:14,817] {processor.py:641} INFO - Processing file /home/airflow/.local/lib/python3.7/site-packages/airflow/example_dags/example_complex.py for tasks to queue
[2023-03-30 11:52:14,817] {logging_mixin.py:115} INFO - [2023-03-30 11:52:14,817] {dagbag.py:507} INFO - Filling up the DagBag from /home/airflow/.local/lib/python3.7/site-packages/airflow/example_dags/example_complex.py
[2023-03-30 11:52:14,826] {processor.py:651} INFO - DAG(s) dict_keys(['example_complex']) retrieved from /home/airflow/.local/lib/python3.7/site-packages/airflow/example_dags/example_complex.py
[2023-03-30 11:52:14,932] {logging_mixin.py:115} INFO - [2023-03-30 11:52:14,932] {dag.py:2371} INFO - Sync 1 DAGs
[2023-03-30 11:52:15,077] {logging_mixin.py:115} INFO - [2023-03-30 11:52:15,077] {dag.py:2919} INFO - Setting next_dagrun for example_complex to None, run_after=None
[2023-03-30 11:52:15,099] {processor.py:161} INFO - Processing /home/airflow/.local/lib/python3.7/site-packages/airflow/example_dags/example_complex.py took 0.286 seconds
[2023-03-30 11:52:45,445] {processor.py:153} INFO - Started process (PID=2209) to work on /home/airflow/.local/lib/python3.7/site-packages/airflow/example_dags/example_complex.py
[2023-03-30 11:52:45,446] {processor.py:641} INFO - Processing file /home/airflow/.local/lib/python3.7/site-packages/airflow/example_dags/example_complex.py for tasks to queue
[2023-03-30 11:52:45,447] {logging_mixin.py:115} INFO - [2023-03-30 11:52:45,446] {dagbag.py:507} INFO - Filling up the DagBag from /home/airflow/.local/lib/python3.7/site-packages/airflow/example_dags/example_complex.py
[2023-03-30 11:52:45,455] {processor.py:651} INFO - DAG(s) dict_keys(['example_complex']) retrieved from /home/airflow/.local/lib/python3.7/site-packages/airflow/example_dags/example_complex.py
[2023-03-30 11:52:45,558] {logging_mixin.py:115} INFO - [2023-03-30 11:52:45,558] {dag.py:2371} INFO - Sync 1 DAGs
[2023-03-30 11:52:45,711] {logging_mixin.py:115} INFO - [2023-03-30 11:52:45,711] {dag.py:2919} INFO - Setting next_dagrun for example_complex to None, run_after=None
[2023-03-30 11:52:45,735] {processor.py:161} INFO - Processing /home/airflow/.local/lib/python3.7/site-packages/airflow/example_dags/example_complex.py took 0.292 seconds
[2023-03-30 11:53:16,026] {processor.py:153} INFO - Started process (PID=2271) to work on /home/airflow/.local/lib/python3.7/site-packages/airflow/example_dags/example_complex.py
[2023-03-30 11:53:16,028] {processor.py:641} INFO - Processing file /home/airflow/.local/lib/python3.7/site-packages/airflow/example_dags/example_complex.py for tasks to queue
[2023-03-30 11:53:16,029] {logging_mixin.py:115} INFO - [2023-03-30 11:53:16,029] {dagbag.py:507} INFO - Filling up the DagBag from /home/airflow/.local/lib/python3.7/site-packages/airflow/example_dags/example_complex.py
[2023-03-30 11:53:16,037] {processor.py:651} INFO - DAG(s) dict_keys(['example_complex']) retrieved from /home/airflow/.local/lib/python3.7/site-packages/airflow/example_dags/example_complex.py
[2023-03-30 11:53:16,140] {logging_mixin.py:115} INFO - [2023-03-30 11:53:16,140] {dag.py:2371} INFO - Sync 1 DAGs
[2023-03-30 11:53:16,279] {logging_mixin.py:115} INFO - [2023-03-30 11:53:16,279] {dag.py:2919} INFO - Setting next_dagrun for example_complex to None, run_after=None
[2023-03-30 11:53:16,303] {processor.py:161} INFO - Processing /home/airflow/.local/lib/python3.7/site-packages/airflow/example_dags/example_complex.py took 0.280 seconds
[2023-03-30 11:53:47,132] {processor.py:153} INFO - Started process (PID=2334) to work on /home/airflow/.local/lib/python3.7/site-packages/airflow/example_dags/example_complex.py
[2023-03-30 11:53:47,133] {processor.py:641} INFO - Processing file /home/airflow/.local/lib/python3.7/site-packages/airflow/example_dags/example_complex.py for tasks to queue
[2023-03-30 11:53:47,134] {logging_mixin.py:115} INFO - [2023-03-30 11:53:47,134] {dagbag.py:507} INFO - Filling up the DagBag from /home/airflow/.local/lib/python3.7/site-packages/airflow/example_dags/example_complex.py
[2023-03-30 11:53:47,143] {processor.py:651} INFO - DAG(s) dict_keys(['example_complex']) retrieved from /home/airflow/.local/lib/python3.7/site-packages/airflow/example_dags/example_complex.py
[2023-03-30 11:53:47,244] {logging_mixin.py:115} INFO - [2023-03-30 11:53:47,244] {dag.py:2371} INFO - Sync 1 DAGs
[2023-03-30 11:53:47,397] {logging_mixin.py:115} INFO - [2023-03-30 11:53:47,397] {dag.py:2919} INFO - Setting next_dagrun for example_complex to None, run_after=None
[2023-03-30 11:53:47,421] {processor.py:161} INFO - Processing /home/airflow/.local/lib/python3.7/site-packages/airflow/example_dags/example_complex.py took 0.291 seconds
[2023-03-30 11:54:18,087] {processor.py:153} INFO - Started process (PID=2397) to work on /home/airflow/.local/lib/python3.7/site-packages/airflow/example_dags/example_complex.py
[2023-03-30 11:54:18,088] {processor.py:641} INFO - Processing file /home/airflow/.local/lib/python3.7/site-packages/airflow/example_dags/example_complex.py for tasks to queue
[2023-03-30 11:54:18,089] {logging_mixin.py:115} INFO - [2023-03-30 11:54:18,089] {dagbag.py:507} INFO - Filling up the DagBag from /home/airflow/.local/lib/python3.7/site-packages/airflow/example_dags/example_complex.py
[2023-03-30 11:54:18,097] {processor.py:651} INFO - DAG(s) dict_keys(['example_complex']) retrieved from /home/airflow/.local/lib/python3.7/site-packages/airflow/example_dags/example_complex.py
[2023-03-30 11:54:18,201] {logging_mixin.py:115} INFO - [2023-03-30 11:54:18,201] {dag.py:2371} INFO - Sync 1 DAGs
[2023-03-30 11:54:18,342] {logging_mixin.py:115} INFO - [2023-03-30 11:54:18,342] {dag.py:2919} INFO - Setting next_dagrun for example_complex to None, run_after=None
[2023-03-30 11:54:18,364] {processor.py:161} INFO - Processing /home/airflow/.local/lib/python3.7/site-packages/airflow/example_dags/example_complex.py took 0.280 seconds
[2023-03-30 11:54:48,959] {processor.py:153} INFO - Started process (PID=2451) to work on /home/airflow/.local/lib/python3.7/site-packages/airflow/example_dags/example_complex.py
[2023-03-30 11:54:48,960] {processor.py:641} INFO - Processing file /home/airflow/.local/lib/python3.7/site-packages/airflow/example_dags/example_complex.py for tasks to queue
[2023-03-30 11:54:48,960] {logging_mixin.py:115} INFO - [2023-03-30 11:54:48,960] {dagbag.py:507} INFO - Filling up the DagBag from /home/airflow/.local/lib/python3.7/site-packages/airflow/example_dags/example_complex.py
[2023-03-30 11:54:48,968] {processor.py:651} INFO - DAG(s) dict_keys(['example_complex']) retrieved from /home/airflow/.local/lib/python3.7/site-packages/airflow/example_dags/example_complex.py
[2023-03-30 11:54:49,072] {logging_mixin.py:115} INFO - [2023-03-30 11:54:49,072] {dag.py:2371} INFO - Sync 1 DAGs
[2023-03-30 11:54:49,229] {logging_mixin.py:115} INFO - [2023-03-30 11:54:49,229] {dag.py:2919} INFO - Setting next_dagrun for example_complex to None, run_after=None
[2023-03-30 11:54:49,252] {processor.py:161} INFO - Processing /home/airflow/.local/lib/python3.7/site-packages/airflow/example_dags/example_complex.py took 0.296 seconds
[2023-03-30 11:55:19,482] {processor.py:153} INFO - Started process (PID=2514) to work on /home/airflow/.local/lib/python3.7/site-packages/airflow/example_dags/example_complex.py
[2023-03-30 11:55:19,483] {processor.py:641} INFO - Processing file /home/airflow/.local/lib/python3.7/site-packages/airflow/example_dags/example_complex.py for tasks to queue
[2023-03-30 11:55:19,484] {logging_mixin.py:115} INFO - [2023-03-30 11:55:19,484] {dagbag.py:507} INFO - Filling up the DagBag from /home/airflow/.local/lib/python3.7/site-packages/airflow/example_dags/example_complex.py
[2023-03-30 11:55:19,492] {processor.py:651} INFO - DAG(s) dict_keys(['example_complex']) retrieved from /home/airflow/.local/lib/python3.7/site-packages/airflow/example_dags/example_complex.py
[2023-03-30 11:55:19,597] {logging_mixin.py:115} INFO - [2023-03-30 11:55:19,597] {dag.py:2371} INFO - Sync 1 DAGs
[2023-03-30 11:55:19,746] {logging_mixin.py:115} INFO - [2023-03-30 11:55:19,746] {dag.py:2919} INFO - Setting next_dagrun for example_complex to None, run_after=None
[2023-03-30 11:55:19,768] {processor.py:161} INFO - Processing /home/airflow/.local/lib/python3.7/site-packages/airflow/example_dags/example_complex.py took 0.289 seconds
[2023-03-30 11:55:50,556] {processor.py:153} INFO - Started process (PID=2577) to work on /home/airflow/.local/lib/python3.7/site-packages/airflow/example_dags/example_complex.py
[2023-03-30 11:55:50,557] {processor.py:641} INFO - Processing file /home/airflow/.local/lib/python3.7/site-packages/airflow/example_dags/example_complex.py for tasks to queue
[2023-03-30 11:55:50,558] {logging_mixin.py:115} INFO - [2023-03-30 11:55:50,558] {dagbag.py:507} INFO - Filling up the DagBag from /home/airflow/.local/lib/python3.7/site-packages/airflow/example_dags/example_complex.py
[2023-03-30 11:55:50,566] {processor.py:651} INFO - DAG(s) dict_keys(['example_complex']) retrieved from /home/airflow/.local/lib/python3.7/site-packages/airflow/example_dags/example_complex.py
[2023-03-30 11:55:50,671] {logging_mixin.py:115} INFO - [2023-03-30 11:55:50,670] {dag.py:2371} INFO - Sync 1 DAGs
[2023-03-30 11:55:50,817] {logging_mixin.py:115} INFO - [2023-03-30 11:55:50,816] {dag.py:2919} INFO - Setting next_dagrun for example_complex to None, run_after=None
[2023-03-30 11:55:50,838] {processor.py:161} INFO - Processing /home/airflow/.local/lib/python3.7/site-packages/airflow/example_dags/example_complex.py took 0.285 seconds
[2023-03-30 11:56:21,084] {processor.py:153} INFO - Started process (PID=2640) to work on /home/airflow/.local/lib/python3.7/site-packages/airflow/example_dags/example_complex.py
[2023-03-30 11:56:21,085] {processor.py:641} INFO - Processing file /home/airflow/.local/lib/python3.7/site-packages/airflow/example_dags/example_complex.py for tasks to queue
[2023-03-30 11:56:21,086] {logging_mixin.py:115} INFO - [2023-03-30 11:56:21,086] {dagbag.py:507} INFO - Filling up the DagBag from /home/airflow/.local/lib/python3.7/site-packages/airflow/example_dags/example_complex.py
[2023-03-30 11:56:21,094] {processor.py:651} INFO - DAG(s) dict_keys(['example_complex']) retrieved from /home/airflow/.local/lib/python3.7/site-packages/airflow/example_dags/example_complex.py
[2023-03-30 11:56:21,196] {logging_mixin.py:115} INFO - [2023-03-30 11:56:21,196] {dag.py:2371} INFO - Sync 1 DAGs
[2023-03-30 11:56:21,338] {logging_mixin.py:115} INFO - [2023-03-30 11:56:21,338] {dag.py:2919} INFO - Setting next_dagrun for example_complex to None, run_after=None
[2023-03-30 11:56:21,360] {processor.py:161} INFO - Processing /home/airflow/.local/lib/python3.7/site-packages/airflow/example_dags/example_complex.py took 0.278 seconds
[2023-03-30 11:56:51,833] {processor.py:153} INFO - Started process (PID=2702) to work on /home/airflow/.local/lib/python3.7/site-packages/airflow/example_dags/example_complex.py
[2023-03-30 11:56:51,834] {processor.py:641} INFO - Processing file /home/airflow/.local/lib/python3.7/site-packages/airflow/example_dags/example_complex.py for tasks to queue
[2023-03-30 11:56:51,835] {logging_mixin.py:115} INFO - [2023-03-30 11:56:51,835] {dagbag.py:507} INFO - Filling up the DagBag from /home/airflow/.local/lib/python3.7/site-packages/airflow/example_dags/example_complex.py
[2023-03-30 11:56:51,844] {processor.py:651} INFO - DAG(s) dict_keys(['example_complex']) retrieved from /home/airflow/.local/lib/python3.7/site-packages/airflow/example_dags/example_complex.py
[2023-03-30 11:56:51,951] {logging_mixin.py:115} INFO - [2023-03-30 11:56:51,950] {dag.py:2371} INFO - Sync 1 DAGs
[2023-03-30 11:56:52,100] {logging_mixin.py:115} INFO - [2023-03-30 11:56:52,100] {dag.py:2919} INFO - Setting next_dagrun for example_complex to None, run_after=None
[2023-03-30 11:56:52,121] {processor.py:161} INFO - Processing /home/airflow/.local/lib/python3.7/site-packages/airflow/example_dags/example_complex.py took 0.291 seconds
[2023-03-30 11:57:22,393] {processor.py:153} INFO - Started process (PID=2765) to work on /home/airflow/.local/lib/python3.7/site-packages/airflow/example_dags/example_complex.py
[2023-03-30 11:57:22,393] {processor.py:641} INFO - Processing file /home/airflow/.local/lib/python3.7/site-packages/airflow/example_dags/example_complex.py for tasks to queue
[2023-03-30 11:57:22,394] {logging_mixin.py:115} INFO - [2023-03-30 11:57:22,394] {dagbag.py:507} INFO - Filling up the DagBag from /home/airflow/.local/lib/python3.7/site-packages/airflow/example_dags/example_complex.py
[2023-03-30 11:57:22,402] {processor.py:651} INFO - DAG(s) dict_keys(['example_complex']) retrieved from /home/airflow/.local/lib/python3.7/site-packages/airflow/example_dags/example_complex.py
[2023-03-30 11:57:22,504] {logging_mixin.py:115} INFO - [2023-03-30 11:57:22,504] {dag.py:2371} INFO - Sync 1 DAGs
[2023-03-30 11:57:22,657] {logging_mixin.py:115} INFO - [2023-03-30 11:57:22,657] {dag.py:2919} INFO - Setting next_dagrun for example_complex to None, run_after=None
[2023-03-30 11:57:22,680] {processor.py:161} INFO - Processing /home/airflow/.local/lib/python3.7/site-packages/airflow/example_dags/example_complex.py took 0.290 seconds
[2023-03-30 11:57:52,866] {processor.py:153} INFO - Started process (PID=2819) to work on /home/airflow/.local/lib/python3.7/site-packages/airflow/example_dags/example_complex.py
[2023-03-30 11:57:52,867] {processor.py:641} INFO - Processing file /home/airflow/.local/lib/python3.7/site-packages/airflow/example_dags/example_complex.py for tasks to queue
[2023-03-30 11:57:52,868] {logging_mixin.py:115} INFO - [2023-03-30 11:57:52,868] {dagbag.py:507} INFO - Filling up the DagBag from /home/airflow/.local/lib/python3.7/site-packages/airflow/example_dags/example_complex.py
[2023-03-30 11:57:52,877] {processor.py:651} INFO - DAG(s) dict_keys(['example_complex']) retrieved from /home/airflow/.local/lib/python3.7/site-packages/airflow/example_dags/example_complex.py
[2023-03-30 11:57:52,978] {logging_mixin.py:115} INFO - [2023-03-30 11:57:52,978] {dag.py:2371} INFO - Sync 1 DAGs
[2023-03-30 11:57:53,118] {logging_mixin.py:115} INFO - [2023-03-30 11:57:53,118] {dag.py:2919} INFO - Setting next_dagrun for example_complex to None, run_after=None
[2023-03-30 11:57:53,139] {processor.py:161} INFO - Processing /home/airflow/.local/lib/python3.7/site-packages/airflow/example_dags/example_complex.py took 0.275 seconds
[2023-03-30 11:58:23,476] {processor.py:153} INFO - Started process (PID=2882) to work on /home/airflow/.local/lib/python3.7/site-packages/airflow/example_dags/example_complex.py
[2023-03-30 11:58:23,477] {processor.py:641} INFO - Processing file /home/airflow/.local/lib/python3.7/site-packages/airflow/example_dags/example_complex.py for tasks to queue
[2023-03-30 11:58:23,478] {logging_mixin.py:115} INFO - [2023-03-30 11:58:23,478] {dagbag.py:507} INFO - Filling up the DagBag from /home/airflow/.local/lib/python3.7/site-packages/airflow/example_dags/example_complex.py
[2023-03-30 11:58:23,487] {processor.py:651} INFO - DAG(s) dict_keys(['example_complex']) retrieved from /home/airflow/.local/lib/python3.7/site-packages/airflow/example_dags/example_complex.py
[2023-03-30 11:58:23,591] {logging_mixin.py:115} INFO - [2023-03-30 11:58:23,591] {dag.py:2371} INFO - Sync 1 DAGs
[2023-03-30 11:58:23,737] {logging_mixin.py:115} INFO - [2023-03-30 11:58:23,737] {dag.py:2919} INFO - Setting next_dagrun for example_complex to None, run_after=None
[2023-03-30 11:58:23,758] {processor.py:161} INFO - Processing /home/airflow/.local/lib/python3.7/site-packages/airflow/example_dags/example_complex.py took 0.285 seconds
[2023-03-30 11:58:54,605] {processor.py:153} INFO - Started process (PID=2945) to work on /home/airflow/.local/lib/python3.7/site-packages/airflow/example_dags/example_complex.py
[2023-03-30 11:58:54,606] {processor.py:641} INFO - Processing file /home/airflow/.local/lib/python3.7/site-packages/airflow/example_dags/example_complex.py for tasks to queue
[2023-03-30 11:58:54,607] {logging_mixin.py:115} INFO - [2023-03-30 11:58:54,607] {dagbag.py:507} INFO - Filling up the DagBag from /home/airflow/.local/lib/python3.7/site-packages/airflow/example_dags/example_complex.py
[2023-03-30 11:58:54,615] {processor.py:651} INFO - DAG(s) dict_keys(['example_complex']) retrieved from /home/airflow/.local/lib/python3.7/site-packages/airflow/example_dags/example_complex.py
[2023-03-30 11:58:54,718] {logging_mixin.py:115} INFO - [2023-03-30 11:58:54,718] {dag.py:2371} INFO - Sync 1 DAGs
[2023-03-30 11:58:54,862] {logging_mixin.py:115} INFO - [2023-03-30 11:58:54,862] {dag.py:2919} INFO - Setting next_dagrun for example_complex to None, run_after=None
[2023-03-30 11:58:54,883] {processor.py:161} INFO - Processing /home/airflow/.local/lib/python3.7/site-packages/airflow/example_dags/example_complex.py took 0.281 seconds
[2023-03-30 11:59:25,036] {processor.py:153} INFO - Started process (PID=3007) to work on /home/airflow/.local/lib/python3.7/site-packages/airflow/example_dags/example_complex.py
[2023-03-30 11:59:25,037] {processor.py:641} INFO - Processing file /home/airflow/.local/lib/python3.7/site-packages/airflow/example_dags/example_complex.py for tasks to queue
[2023-03-30 11:59:25,038] {logging_mixin.py:115} INFO - [2023-03-30 11:59:25,037] {dagbag.py:507} INFO - Filling up the DagBag from /home/airflow/.local/lib/python3.7/site-packages/airflow/example_dags/example_complex.py
[2023-03-30 11:59:25,049] {processor.py:651} INFO - DAG(s) dict_keys(['example_complex']) retrieved from /home/airflow/.local/lib/python3.7/site-packages/airflow/example_dags/example_complex.py
[2023-03-30 11:59:25,160] {logging_mixin.py:115} INFO - [2023-03-30 11:59:25,160] {dag.py:2371} INFO - Sync 1 DAGs
[2023-03-30 11:59:25,309] {logging_mixin.py:115} INFO - [2023-03-30 11:59:25,309] {dag.py:2919} INFO - Setting next_dagrun for example_complex to None, run_after=None
[2023-03-30 11:59:25,331] {processor.py:161} INFO - Processing /home/airflow/.local/lib/python3.7/site-packages/airflow/example_dags/example_complex.py took 0.299 seconds
[2023-03-30 11:59:55,820] {processor.py:153} INFO - Started process (PID=3070) to work on /home/airflow/.local/lib/python3.7/site-packages/airflow/example_dags/example_complex.py
[2023-03-30 11:59:55,821] {processor.py:641} INFO - Processing file /home/airflow/.local/lib/python3.7/site-packages/airflow/example_dags/example_complex.py for tasks to queue
[2023-03-30 11:59:55,821] {logging_mixin.py:115} INFO - [2023-03-30 11:59:55,821] {dagbag.py:507} INFO - Filling up the DagBag from /home/airflow/.local/lib/python3.7/site-packages/airflow/example_dags/example_complex.py
[2023-03-30 11:59:55,829] {processor.py:651} INFO - DAG(s) dict_keys(['example_complex']) retrieved from /home/airflow/.local/lib/python3.7/site-packages/airflow/example_dags/example_complex.py
[2023-03-30 11:59:55,933] {logging_mixin.py:115} INFO - [2023-03-30 11:59:55,933] {dag.py:2371} INFO - Sync 1 DAGs
[2023-03-30 11:59:56,081] {logging_mixin.py:115} INFO - [2023-03-30 11:59:56,081] {dag.py:2919} INFO - Setting next_dagrun for example_complex to None, run_after=None
[2023-03-30 11:59:56,103] {processor.py:161} INFO - Processing /home/airflow/.local/lib/python3.7/site-packages/airflow/example_dags/example_complex.py took 0.286 seconds
[2023-03-30 12:00:26,325] {processor.py:153} INFO - Started process (PID=3124) to work on /home/airflow/.local/lib/python3.7/site-packages/airflow/example_dags/example_complex.py
[2023-03-30 12:00:26,326] {processor.py:641} INFO - Processing file /home/airflow/.local/lib/python3.7/site-packages/airflow/example_dags/example_complex.py for tasks to queue
[2023-03-30 12:00:26,327] {logging_mixin.py:115} INFO - [2023-03-30 12:00:26,327] {dagbag.py:507} INFO - Filling up the DagBag from /home/airflow/.local/lib/python3.7/site-packages/airflow/example_dags/example_complex.py
[2023-03-30 12:00:26,334] {processor.py:651} INFO - DAG(s) dict_keys(['example_complex']) retrieved from /home/airflow/.local/lib/python3.7/site-packages/airflow/example_dags/example_complex.py
[2023-03-30 12:00:26,438] {logging_mixin.py:115} INFO - [2023-03-30 12:00:26,438] {dag.py:2371} INFO - Sync 1 DAGs
[2023-03-30 12:00:26,582] {logging_mixin.py:115} INFO - [2023-03-30 12:00:26,582] {dag.py:2919} INFO - Setting next_dagrun for example_complex to None, run_after=None
[2023-03-30 12:00:26,603] {processor.py:161} INFO - Processing /home/airflow/.local/lib/python3.7/site-packages/airflow/example_dags/example_complex.py took 0.280 seconds
[2023-03-30 12:00:56,981] {processor.py:153} INFO - Started process (PID=3188) to work on /home/airflow/.local/lib/python3.7/site-packages/airflow/example_dags/example_complex.py
[2023-03-30 12:00:56,982] {processor.py:641} INFO - Processing file /home/airflow/.local/lib/python3.7/site-packages/airflow/example_dags/example_complex.py for tasks to queue
[2023-03-30 12:00:56,983] {logging_mixin.py:115} INFO - [2023-03-30 12:00:56,983] {dagbag.py:507} INFO - Filling up the DagBag from /home/airflow/.local/lib/python3.7/site-packages/airflow/example_dags/example_complex.py
[2023-03-30 12:00:56,990] {processor.py:651} INFO - DAG(s) dict_keys(['example_complex']) retrieved from /home/airflow/.local/lib/python3.7/site-packages/airflow/example_dags/example_complex.py
[2023-03-30 12:00:57,093] {logging_mixin.py:115} INFO - [2023-03-30 12:00:57,093] {dag.py:2371} INFO - Sync 1 DAGs
[2023-03-30 12:00:57,241] {logging_mixin.py:115} INFO - [2023-03-30 12:00:57,241] {dag.py:2919} INFO - Setting next_dagrun for example_complex to None, run_after=None
[2023-03-30 12:00:57,262] {processor.py:161} INFO - Processing /home/airflow/.local/lib/python3.7/site-packages/airflow/example_dags/example_complex.py took 0.283 seconds
[2023-03-30 12:01:27,668] {processor.py:153} INFO - Started process (PID=3250) to work on /home/airflow/.local/lib/python3.7/site-packages/airflow/example_dags/example_complex.py
[2023-03-30 12:01:27,669] {processor.py:641} INFO - Processing file /home/airflow/.local/lib/python3.7/site-packages/airflow/example_dags/example_complex.py for tasks to queue
[2023-03-30 12:01:27,670] {logging_mixin.py:115} INFO - [2023-03-30 12:01:27,670] {dagbag.py:507} INFO - Filling up the DagBag from /home/airflow/.local/lib/python3.7/site-packages/airflow/example_dags/example_complex.py
[2023-03-30 12:01:27,679] {processor.py:651} INFO - DAG(s) dict_keys(['example_complex']) retrieved from /home/airflow/.local/lib/python3.7/site-packages/airflow/example_dags/example_complex.py
[2023-03-30 12:01:27,782] {logging_mixin.py:115} INFO - [2023-03-30 12:01:27,782] {dag.py:2371} INFO - Sync 1 DAGs
[2023-03-30 12:01:27,928] {logging_mixin.py:115} INFO - [2023-03-30 12:01:27,928] {dag.py:2919} INFO - Setting next_dagrun for example_complex to None, run_after=None
[2023-03-30 12:01:27,949] {processor.py:161} INFO - Processing /home/airflow/.local/lib/python3.7/site-packages/airflow/example_dags/example_complex.py took 0.283 seconds
[2023-03-30 12:01:58,017] {processor.py:153} INFO - Started process (PID=3313) to work on /home/airflow/.local/lib/python3.7/site-packages/airflow/example_dags/example_complex.py
[2023-03-30 12:01:58,018] {processor.py:641} INFO - Processing file /home/airflow/.local/lib/python3.7/site-packages/airflow/example_dags/example_complex.py for tasks to queue
[2023-03-30 12:01:58,019] {logging_mixin.py:115} INFO - [2023-03-30 12:01:58,019] {dagbag.py:507} INFO - Filling up the DagBag from /home/airflow/.local/lib/python3.7/site-packages/airflow/example_dags/example_complex.py
[2023-03-30 12:01:58,027] {processor.py:651} INFO - DAG(s) dict_keys(['example_complex']) retrieved from /home/airflow/.local/lib/python3.7/site-packages/airflow/example_dags/example_complex.py
[2023-03-30 12:01:58,133] {logging_mixin.py:115} INFO - [2023-03-30 12:01:58,132] {dag.py:2371} INFO - Sync 1 DAGs
[2023-03-30 12:01:58,269] {logging_mixin.py:115} INFO - [2023-03-30 12:01:58,269] {dag.py:2919} INFO - Setting next_dagrun for example_complex to None, run_after=None
[2023-03-30 12:01:58,291] {processor.py:161} INFO - Processing /home/airflow/.local/lib/python3.7/site-packages/airflow/example_dags/example_complex.py took 0.277 seconds
[2023-03-30 12:02:28,604] {processor.py:153} INFO - Started process (PID=3377) to work on /home/airflow/.local/lib/python3.7/site-packages/airflow/example_dags/example_complex.py
[2023-03-30 12:02:28,605] {processor.py:641} INFO - Processing file /home/airflow/.local/lib/python3.7/site-packages/airflow/example_dags/example_complex.py for tasks to queue
[2023-03-30 12:02:28,606] {logging_mixin.py:115} INFO - [2023-03-30 12:02:28,606] {dagbag.py:507} INFO - Filling up the DagBag from /home/airflow/.local/lib/python3.7/site-packages/airflow/example_dags/example_complex.py
[2023-03-30 12:02:28,614] {processor.py:651} INFO - DAG(s) dict_keys(['example_complex']) retrieved from /home/airflow/.local/lib/python3.7/site-packages/airflow/example_dags/example_complex.py
[2023-03-30 12:02:28,715] {logging_mixin.py:115} INFO - [2023-03-30 12:02:28,715] {dag.py:2371} INFO - Sync 1 DAGs
[2023-03-30 12:02:28,853] {logging_mixin.py:115} INFO - [2023-03-30 12:02:28,853] {dag.py:2919} INFO - Setting next_dagrun for example_complex to None, run_after=None
[2023-03-30 12:02:28,875] {processor.py:161} INFO - Processing /home/airflow/.local/lib/python3.7/site-packages/airflow/example_dags/example_complex.py took 0.274 seconds
[2023-03-30 12:02:59,875] {processor.py:153} INFO - Started process (PID=3431) to work on /home/airflow/.local/lib/python3.7/site-packages/airflow/example_dags/example_complex.py
[2023-03-30 12:02:59,876] {processor.py:641} INFO - Processing file /home/airflow/.local/lib/python3.7/site-packages/airflow/example_dags/example_complex.py for tasks to queue
[2023-03-30 12:02:59,877] {logging_mixin.py:115} INFO - [2023-03-30 12:02:59,877] {dagbag.py:507} INFO - Filling up the DagBag from /home/airflow/.local/lib/python3.7/site-packages/airflow/example_dags/example_complex.py
[2023-03-30 12:02:59,886] {processor.py:651} INFO - DAG(s) dict_keys(['example_complex']) retrieved from /home/airflow/.local/lib/python3.7/site-packages/airflow/example_dags/example_complex.py
[2023-03-30 12:02:59,986] {logging_mixin.py:115} INFO - [2023-03-30 12:02:59,986] {dag.py:2371} INFO - Sync 1 DAGs
[2023-03-30 12:03:00,146] {logging_mixin.py:115} INFO - [2023-03-30 12:03:00,146] {dag.py:2919} INFO - Setting next_dagrun for example_complex to None, run_after=None
[2023-03-30 12:03:00,174] {processor.py:161} INFO - Processing /home/airflow/.local/lib/python3.7/site-packages/airflow/example_dags/example_complex.py took 0.301 seconds
[2023-03-30 12:03:30,251] {processor.py:153} INFO - Started process (PID=3494) to work on /home/airflow/.local/lib/python3.7/site-packages/airflow/example_dags/example_complex.py
[2023-03-30 12:03:30,252] {processor.py:641} INFO - Processing file /home/airflow/.local/lib/python3.7/site-packages/airflow/example_dags/example_complex.py for tasks to queue
[2023-03-30 12:03:30,253] {logging_mixin.py:115} INFO - [2023-03-30 12:03:30,252] {dagbag.py:507} INFO - Filling up the DagBag from /home/airflow/.local/lib/python3.7/site-packages/airflow/example_dags/example_complex.py
[2023-03-30 12:03:30,261] {processor.py:651} INFO - DAG(s) dict_keys(['example_complex']) retrieved from /home/airflow/.local/lib/python3.7/site-packages/airflow/example_dags/example_complex.py
[2023-03-30 12:03:30,362] {logging_mixin.py:115} INFO - [2023-03-30 12:03:30,362] {dag.py:2371} INFO - Sync 1 DAGs
[2023-03-30 12:03:30,505] {logging_mixin.py:115} INFO - [2023-03-30 12:03:30,505] {dag.py:2919} INFO - Setting next_dagrun for example_complex to None, run_after=None
[2023-03-30 12:03:30,527] {processor.py:161} INFO - Processing /home/airflow/.local/lib/python3.7/site-packages/airflow/example_dags/example_complex.py took 0.279 seconds
[2023-03-30 12:04:00,933] {processor.py:153} INFO - Started process (PID=3557) to work on /home/airflow/.local/lib/python3.7/site-packages/airflow/example_dags/example_complex.py
[2023-03-30 12:04:00,934] {processor.py:641} INFO - Processing file /home/airflow/.local/lib/python3.7/site-packages/airflow/example_dags/example_complex.py for tasks to queue
[2023-03-30 12:04:00,935] {logging_mixin.py:115} INFO - [2023-03-30 12:04:00,935] {dagbag.py:507} INFO - Filling up the DagBag from /home/airflow/.local/lib/python3.7/site-packages/airflow/example_dags/example_complex.py
[2023-03-30 12:04:00,944] {processor.py:651} INFO - DAG(s) dict_keys(['example_complex']) retrieved from /home/airflow/.local/lib/python3.7/site-packages/airflow/example_dags/example_complex.py
[2023-03-30 12:04:01,061] {logging_mixin.py:115} INFO - [2023-03-30 12:04:01,061] {dag.py:2371} INFO - Sync 1 DAGs
[2023-03-30 12:04:01,227] {logging_mixin.py:115} INFO - [2023-03-30 12:04:01,227] {dag.py:2919} INFO - Setting next_dagrun for example_complex to None, run_after=None
[2023-03-30 12:04:01,260] {processor.py:161} INFO - Processing /home/airflow/.local/lib/python3.7/site-packages/airflow/example_dags/example_complex.py took 0.330 seconds
[2023-03-30 12:04:31,937] {processor.py:153} INFO - Started process (PID=3620) to work on /home/airflow/.local/lib/python3.7/site-packages/airflow/example_dags/example_complex.py
[2023-03-30 12:04:31,937] {processor.py:641} INFO - Processing file /home/airflow/.local/lib/python3.7/site-packages/airflow/example_dags/example_complex.py for tasks to queue
[2023-03-30 12:04:31,938] {logging_mixin.py:115} INFO - [2023-03-30 12:04:31,938] {dagbag.py:507} INFO - Filling up the DagBag from /home/airflow/.local/lib/python3.7/site-packages/airflow/example_dags/example_complex.py
[2023-03-30 12:04:31,947] {processor.py:651} INFO - DAG(s) dict_keys(['example_complex']) retrieved from /home/airflow/.local/lib/python3.7/site-packages/airflow/example_dags/example_complex.py
[2023-03-30 12:04:32,055] {logging_mixin.py:115} INFO - [2023-03-30 12:04:32,055] {dag.py:2371} INFO - Sync 1 DAGs
[2023-03-30 12:04:32,200] {logging_mixin.py:115} INFO - [2023-03-30 12:04:32,200] {dag.py:2919} INFO - Setting next_dagrun for example_complex to None, run_after=None
[2023-03-30 12:04:32,222] {processor.py:161} INFO - Processing /home/airflow/.local/lib/python3.7/site-packages/airflow/example_dags/example_complex.py took 0.289 seconds
[2023-03-30 12:05:02,462] {processor.py:153} INFO - Started process (PID=3683) to work on /home/airflow/.local/lib/python3.7/site-packages/airflow/example_dags/example_complex.py
[2023-03-30 12:05:02,463] {processor.py:641} INFO - Processing file /home/airflow/.local/lib/python3.7/site-packages/airflow/example_dags/example_complex.py for tasks to queue
[2023-03-30 12:05:02,463] {logging_mixin.py:115} INFO - [2023-03-30 12:05:02,463] {dagbag.py:507} INFO - Filling up the DagBag from /home/airflow/.local/lib/python3.7/site-packages/airflow/example_dags/example_complex.py
[2023-03-30 12:05:02,472] {processor.py:651} INFO - DAG(s) dict_keys(['example_complex']) retrieved from /home/airflow/.local/lib/python3.7/site-packages/airflow/example_dags/example_complex.py
[2023-03-30 12:05:02,669] {logging_mixin.py:115} INFO - [2023-03-30 12:05:02,669] {dag.py:2371} INFO - Sync 1 DAGs
[2023-03-30 12:05:02,715] {logging_mixin.py:115} INFO - [2023-03-30 12:05:02,715] {dag.py:2919} INFO - Setting next_dagrun for example_complex to None, run_after=None
[2023-03-30 12:05:02,739] {processor.py:161} INFO - Processing /home/airflow/.local/lib/python3.7/site-packages/airflow/example_dags/example_complex.py took 0.280 seconds
[2023-03-30 12:05:33,076] {processor.py:153} INFO - Started process (PID=3737) to work on /home/airflow/.local/lib/python3.7/site-packages/airflow/example_dags/example_complex.py
[2023-03-30 12:05:33,077] {processor.py:641} INFO - Processing file /home/airflow/.local/lib/python3.7/site-packages/airflow/example_dags/example_complex.py for tasks to queue
[2023-03-30 12:05:33,078] {logging_mixin.py:115} INFO - [2023-03-30 12:05:33,078] {dagbag.py:507} INFO - Filling up the DagBag from /home/airflow/.local/lib/python3.7/site-packages/airflow/example_dags/example_complex.py
[2023-03-30 12:05:33,096] {processor.py:651} INFO - DAG(s) dict_keys(['example_complex']) retrieved from /home/airflow/.local/lib/python3.7/site-packages/airflow/example_dags/example_complex.py
[2023-03-30 12:05:33,302] {logging_mixin.py:115} INFO - [2023-03-30 12:05:33,301] {dag.py:2371} INFO - Sync 1 DAGs
[2023-03-30 12:05:33,351] {logging_mixin.py:115} INFO - [2023-03-30 12:05:33,351] {dag.py:2919} INFO - Setting next_dagrun for example_complex to None, run_after=None
[2023-03-30 12:05:33,375] {processor.py:161} INFO - Processing /home/airflow/.local/lib/python3.7/site-packages/airflow/example_dags/example_complex.py took 0.302 seconds
[2023-03-30 12:06:03,583] {processor.py:153} INFO - Started process (PID=3800) to work on /home/airflow/.local/lib/python3.7/site-packages/airflow/example_dags/example_complex.py
[2023-03-30 12:06:03,584] {processor.py:641} INFO - Processing file /home/airflow/.local/lib/python3.7/site-packages/airflow/example_dags/example_complex.py for tasks to queue
[2023-03-30 12:06:03,585] {logging_mixin.py:115} INFO - [2023-03-30 12:06:03,584] {dagbag.py:507} INFO - Filling up the DagBag from /home/airflow/.local/lib/python3.7/site-packages/airflow/example_dags/example_complex.py
[2023-03-30 12:06:03,593] {processor.py:651} INFO - DAG(s) dict_keys(['example_complex']) retrieved from /home/airflow/.local/lib/python3.7/site-packages/airflow/example_dags/example_complex.py
[2023-03-30 12:06:03,793] {logging_mixin.py:115} INFO - [2023-03-30 12:06:03,793] {dag.py:2371} INFO - Sync 1 DAGs
[2023-03-30 12:06:03,837] {logging_mixin.py:115} INFO - [2023-03-30 12:06:03,837] {dag.py:2919} INFO - Setting next_dagrun for example_complex to None, run_after=None
[2023-03-30 12:06:03,858] {processor.py:161} INFO - Processing /home/airflow/.local/lib/python3.7/site-packages/airflow/example_dags/example_complex.py took 0.278 seconds
[2023-03-30 12:06:34,165] {processor.py:153} INFO - Started process (PID=3863) to work on /home/airflow/.local/lib/python3.7/site-packages/airflow/example_dags/example_complex.py
[2023-03-30 12:06:34,166] {processor.py:641} INFO - Processing file /home/airflow/.local/lib/python3.7/site-packages/airflow/example_dags/example_complex.py for tasks to queue
[2023-03-30 12:06:34,167] {logging_mixin.py:115} INFO - [2023-03-30 12:06:34,167] {dagbag.py:507} INFO - Filling up the DagBag from /home/airflow/.local/lib/python3.7/site-packages/airflow/example_dags/example_complex.py
[2023-03-30 12:06:34,175] {processor.py:651} INFO - DAG(s) dict_keys(['example_complex']) retrieved from /home/airflow/.local/lib/python3.7/site-packages/airflow/example_dags/example_complex.py
[2023-03-30 12:06:34,391] {logging_mixin.py:115} INFO - [2023-03-30 12:06:34,391] {dag.py:2371} INFO - Sync 1 DAGs
[2023-03-30 12:06:34,439] {logging_mixin.py:115} INFO - [2023-03-30 12:06:34,439] {dag.py:2919} INFO - Setting next_dagrun for example_complex to None, run_after=None
[2023-03-30 12:06:34,466] {processor.py:161} INFO - Processing /home/airflow/.local/lib/python3.7/site-packages/airflow/example_dags/example_complex.py took 0.304 seconds
[2023-03-30 12:07:04,962] {processor.py:153} INFO - Started process (PID=3926) to work on /home/airflow/.local/lib/python3.7/site-packages/airflow/example_dags/example_complex.py
[2023-03-30 12:07:04,964] {processor.py:641} INFO - Processing file /home/airflow/.local/lib/python3.7/site-packages/airflow/example_dags/example_complex.py for tasks to queue
[2023-03-30 12:07:04,965] {logging_mixin.py:115} INFO - [2023-03-30 12:07:04,964] {dagbag.py:507} INFO - Filling up the DagBag from /home/airflow/.local/lib/python3.7/site-packages/airflow/example_dags/example_complex.py
[2023-03-30 12:07:04,974] {processor.py:651} INFO - DAG(s) dict_keys(['example_complex']) retrieved from /home/airflow/.local/lib/python3.7/site-packages/airflow/example_dags/example_complex.py
[2023-03-30 12:07:05,179] {logging_mixin.py:115} INFO - [2023-03-30 12:07:05,179] {dag.py:2371} INFO - Sync 1 DAGs
[2023-03-30 12:07:05,226] {logging_mixin.py:115} INFO - [2023-03-30 12:07:05,226] {dag.py:2919} INFO - Setting next_dagrun for example_complex to None, run_after=None
[2023-03-30 12:07:05,249] {processor.py:161} INFO - Processing /home/airflow/.local/lib/python3.7/site-packages/airflow/example_dags/example_complex.py took 0.290 seconds
[2023-03-30 12:07:35,564] {processor.py:153} INFO - Started process (PID=3988) to work on /home/airflow/.local/lib/python3.7/site-packages/airflow/example_dags/example_complex.py
[2023-03-30 12:07:35,565] {processor.py:641} INFO - Processing file /home/airflow/.local/lib/python3.7/site-packages/airflow/example_dags/example_complex.py for tasks to queue
[2023-03-30 12:07:35,566] {logging_mixin.py:115} INFO - [2023-03-30 12:07:35,566] {dagbag.py:507} INFO - Filling up the DagBag from /home/airflow/.local/lib/python3.7/site-packages/airflow/example_dags/example_complex.py
[2023-03-30 12:07:35,575] {processor.py:651} INFO - DAG(s) dict_keys(['example_complex']) retrieved from /home/airflow/.local/lib/python3.7/site-packages/airflow/example_dags/example_complex.py
[2023-03-30 12:07:35,806] {logging_mixin.py:115} INFO - [2023-03-30 12:07:35,806] {dag.py:2371} INFO - Sync 1 DAGs
[2023-03-30 12:07:35,857] {logging_mixin.py:115} INFO - [2023-03-30 12:07:35,857] {dag.py:2919} INFO - Setting next_dagrun for example_complex to None, run_after=None
[2023-03-30 12:07:35,880] {processor.py:161} INFO - Processing /home/airflow/.local/lib/python3.7/site-packages/airflow/example_dags/example_complex.py took 0.319 seconds
