[2023-03-30 11:34:49,193] {processor.py:153} INFO - Started process (PID=60) to work on /home/airflow/.local/lib/python3.7/site-packages/airflow/example_dags/tutorial_taskflow_api_etl.py
[2023-03-30 11:34:49,194] {processor.py:641} INFO - Processing file /home/airflow/.local/lib/python3.7/site-packages/airflow/example_dags/tutorial_taskflow_api_etl.py for tasks to queue
[2023-03-30 11:34:49,194] {logging_mixin.py:115} INFO - [2023-03-30 11:34:49,194] {dagbag.py:507} INFO - Filling up the DagBag from /home/airflow/.local/lib/python3.7/site-packages/airflow/example_dags/tutorial_taskflow_api_etl.py
[2023-03-30 11:34:49,213] {processor.py:651} INFO - DAG(s) dict_keys(['tutorial_taskflow_api_etl']) retrieved from /home/airflow/.local/lib/python3.7/site-packages/airflow/example_dags/tutorial_taskflow_api_etl.py
[2023-03-30 11:34:49,518] {logging_mixin.py:115} INFO - [2023-03-30 11:34:49,518] {manager.py:508} INFO - Created Permission View: can read on DAG:tutorial_taskflow_api_etl
[2023-03-30 11:34:49,531] {logging_mixin.py:115} INFO - [2023-03-30 11:34:49,531] {manager.py:508} INFO - Created Permission View: can delete on DAG:tutorial_taskflow_api_etl
[2023-03-30 11:34:49,540] {logging_mixin.py:115} INFO - [2023-03-30 11:34:49,540] {manager.py:508} INFO - Created Permission View: can edit on DAG:tutorial_taskflow_api_etl
[2023-03-30 11:34:49,541] {logging_mixin.py:115} INFO - [2023-03-30 11:34:49,541] {dag.py:2371} INFO - Sync 1 DAGs
[2023-03-30 11:34:49,550] {logging_mixin.py:115} INFO - [2023-03-30 11:34:49,550] {dag.py:2390} INFO - Creating ORM DAG for tutorial_taskflow_api_etl
[2023-03-30 11:34:49,580] {logging_mixin.py:115} INFO - [2023-03-30 11:34:49,580] {dag.py:2919} INFO - Setting next_dagrun for tutorial_taskflow_api_etl to None, run_after=None
[2023-03-30 11:34:49,599] {processor.py:161} INFO - Processing /home/airflow/.local/lib/python3.7/site-packages/airflow/example_dags/tutorial_taskflow_api_etl.py took 0.409 seconds
[2023-03-30 11:35:19,725] {processor.py:153} INFO - Started process (PID=123) to work on /home/airflow/.local/lib/python3.7/site-packages/airflow/example_dags/tutorial_taskflow_api_etl.py
[2023-03-30 11:35:19,726] {processor.py:641} INFO - Processing file /home/airflow/.local/lib/python3.7/site-packages/airflow/example_dags/tutorial_taskflow_api_etl.py for tasks to queue
[2023-03-30 11:35:19,727] {logging_mixin.py:115} INFO - [2023-03-30 11:35:19,727] {dagbag.py:507} INFO - Filling up the DagBag from /home/airflow/.local/lib/python3.7/site-packages/airflow/example_dags/tutorial_taskflow_api_etl.py
[2023-03-30 11:35:19,738] {processor.py:651} INFO - DAG(s) dict_keys(['tutorial_taskflow_api_etl']) retrieved from /home/airflow/.local/lib/python3.7/site-packages/airflow/example_dags/tutorial_taskflow_api_etl.py
[2023-03-30 11:35:20,005] {logging_mixin.py:115} INFO - [2023-03-30 11:35:20,004] {dag.py:2371} INFO - Sync 1 DAGs
[2023-03-30 11:35:20,043] {logging_mixin.py:115} INFO - [2023-03-30 11:35:20,043] {dag.py:2919} INFO - Setting next_dagrun for tutorial_taskflow_api_etl to None, run_after=None
[2023-03-30 11:35:20,068] {processor.py:161} INFO - Processing /home/airflow/.local/lib/python3.7/site-packages/airflow/example_dags/tutorial_taskflow_api_etl.py took 0.345 seconds
[2023-03-30 11:35:50,809] {processor.py:153} INFO - Started process (PID=177) to work on /home/airflow/.local/lib/python3.7/site-packages/airflow/example_dags/tutorial_taskflow_api_etl.py
[2023-03-30 11:35:50,811] {processor.py:641} INFO - Processing file /home/airflow/.local/lib/python3.7/site-packages/airflow/example_dags/tutorial_taskflow_api_etl.py for tasks to queue
[2023-03-30 11:35:50,812] {logging_mixin.py:115} INFO - [2023-03-30 11:35:50,812] {dagbag.py:507} INFO - Filling up the DagBag from /home/airflow/.local/lib/python3.7/site-packages/airflow/example_dags/tutorial_taskflow_api_etl.py
[2023-03-30 11:35:50,823] {processor.py:651} INFO - DAG(s) dict_keys(['tutorial_taskflow_api_etl']) retrieved from /home/airflow/.local/lib/python3.7/site-packages/airflow/example_dags/tutorial_taskflow_api_etl.py
[2023-03-30 11:35:51,076] {logging_mixin.py:115} INFO - [2023-03-30 11:35:51,076] {dag.py:2371} INFO - Sync 1 DAGs
[2023-03-30 11:35:51,114] {logging_mixin.py:115} INFO - [2023-03-30 11:35:51,114] {dag.py:2919} INFO - Setting next_dagrun for tutorial_taskflow_api_etl to None, run_after=None
[2023-03-30 11:35:51,143] {processor.py:161} INFO - Processing /home/airflow/.local/lib/python3.7/site-packages/airflow/example_dags/tutorial_taskflow_api_etl.py took 0.336 seconds
[2023-03-30 11:36:21,710] {processor.py:153} INFO - Started process (PID=240) to work on /home/airflow/.local/lib/python3.7/site-packages/airflow/example_dags/tutorial_taskflow_api_etl.py
[2023-03-30 11:36:21,711] {processor.py:641} INFO - Processing file /home/airflow/.local/lib/python3.7/site-packages/airflow/example_dags/tutorial_taskflow_api_etl.py for tasks to queue
[2023-03-30 11:36:21,712] {logging_mixin.py:115} INFO - [2023-03-30 11:36:21,712] {dagbag.py:507} INFO - Filling up the DagBag from /home/airflow/.local/lib/python3.7/site-packages/airflow/example_dags/tutorial_taskflow_api_etl.py
[2023-03-30 11:36:21,724] {processor.py:651} INFO - DAG(s) dict_keys(['tutorial_taskflow_api_etl']) retrieved from /home/airflow/.local/lib/python3.7/site-packages/airflow/example_dags/tutorial_taskflow_api_etl.py
[2023-03-30 11:36:21,823] {logging_mixin.py:115} INFO - [2023-03-30 11:36:21,823] {dag.py:2371} INFO - Sync 1 DAGs
[2023-03-30 11:36:21,872] {logging_mixin.py:115} INFO - [2023-03-30 11:36:21,872] {dag.py:2919} INFO - Setting next_dagrun for tutorial_taskflow_api_etl to None, run_after=None
[2023-03-30 11:36:21,896] {processor.py:161} INFO - Processing /home/airflow/.local/lib/python3.7/site-packages/airflow/example_dags/tutorial_taskflow_api_etl.py took 0.189 seconds
[2023-03-30 11:36:52,501] {processor.py:153} INFO - Started process (PID=303) to work on /home/airflow/.local/lib/python3.7/site-packages/airflow/example_dags/tutorial_taskflow_api_etl.py
[2023-03-30 11:36:52,502] {processor.py:641} INFO - Processing file /home/airflow/.local/lib/python3.7/site-packages/airflow/example_dags/tutorial_taskflow_api_etl.py for tasks to queue
[2023-03-30 11:36:52,503] {logging_mixin.py:115} INFO - [2023-03-30 11:36:52,503] {dagbag.py:507} INFO - Filling up the DagBag from /home/airflow/.local/lib/python3.7/site-packages/airflow/example_dags/tutorial_taskflow_api_etl.py
[2023-03-30 11:36:52,514] {processor.py:651} INFO - DAG(s) dict_keys(['tutorial_taskflow_api_etl']) retrieved from /home/airflow/.local/lib/python3.7/site-packages/airflow/example_dags/tutorial_taskflow_api_etl.py
[2023-03-30 11:36:52,847] {logging_mixin.py:115} INFO - [2023-03-30 11:36:52,847] {dag.py:2371} INFO - Sync 1 DAGs
[2023-03-30 11:36:52,891] {logging_mixin.py:115} INFO - [2023-03-30 11:36:52,891] {dag.py:2919} INFO - Setting next_dagrun for tutorial_taskflow_api_etl to None, run_after=None
[2023-03-30 11:36:52,916] {processor.py:161} INFO - Processing /home/airflow/.local/lib/python3.7/site-packages/airflow/example_dags/tutorial_taskflow_api_etl.py took 0.418 seconds
[2023-03-30 11:37:23,464] {processor.py:153} INFO - Started process (PID=366) to work on /home/airflow/.local/lib/python3.7/site-packages/airflow/example_dags/tutorial_taskflow_api_etl.py
[2023-03-30 11:37:23,465] {processor.py:641} INFO - Processing file /home/airflow/.local/lib/python3.7/site-packages/airflow/example_dags/tutorial_taskflow_api_etl.py for tasks to queue
[2023-03-30 11:37:23,466] {logging_mixin.py:115} INFO - [2023-03-30 11:37:23,466] {dagbag.py:507} INFO - Filling up the DagBag from /home/airflow/.local/lib/python3.7/site-packages/airflow/example_dags/tutorial_taskflow_api_etl.py
[2023-03-30 11:37:23,476] {processor.py:651} INFO - DAG(s) dict_keys(['tutorial_taskflow_api_etl']) retrieved from /home/airflow/.local/lib/python3.7/site-packages/airflow/example_dags/tutorial_taskflow_api_etl.py
[2023-03-30 11:37:23,725] {logging_mixin.py:115} INFO - [2023-03-30 11:37:23,725] {dag.py:2371} INFO - Sync 1 DAGs
[2023-03-30 11:37:23,761] {logging_mixin.py:115} INFO - [2023-03-30 11:37:23,761] {dag.py:2919} INFO - Setting next_dagrun for tutorial_taskflow_api_etl to None, run_after=None
[2023-03-30 11:37:23,787] {processor.py:161} INFO - Processing /home/airflow/.local/lib/python3.7/site-packages/airflow/example_dags/tutorial_taskflow_api_etl.py took 0.326 seconds
[2023-03-30 11:37:54,205] {processor.py:153} INFO - Started process (PID=429) to work on /home/airflow/.local/lib/python3.7/site-packages/airflow/example_dags/tutorial_taskflow_api_etl.py
[2023-03-30 11:37:54,206] {processor.py:641} INFO - Processing file /home/airflow/.local/lib/python3.7/site-packages/airflow/example_dags/tutorial_taskflow_api_etl.py for tasks to queue
[2023-03-30 11:37:54,207] {logging_mixin.py:115} INFO - [2023-03-30 11:37:54,207] {dagbag.py:507} INFO - Filling up the DagBag from /home/airflow/.local/lib/python3.7/site-packages/airflow/example_dags/tutorial_taskflow_api_etl.py
[2023-03-30 11:37:54,219] {processor.py:651} INFO - DAG(s) dict_keys(['tutorial_taskflow_api_etl']) retrieved from /home/airflow/.local/lib/python3.7/site-packages/airflow/example_dags/tutorial_taskflow_api_etl.py
[2023-03-30 11:37:54,466] {logging_mixin.py:115} INFO - [2023-03-30 11:37:54,466] {dag.py:2371} INFO - Sync 1 DAGs
[2023-03-30 11:37:54,501] {logging_mixin.py:115} INFO - [2023-03-30 11:37:54,501] {dag.py:2919} INFO - Setting next_dagrun for tutorial_taskflow_api_etl to None, run_after=None
[2023-03-30 11:37:54,526] {processor.py:161} INFO - Processing /home/airflow/.local/lib/python3.7/site-packages/airflow/example_dags/tutorial_taskflow_api_etl.py took 0.324 seconds
[2023-03-30 11:38:24,738] {processor.py:153} INFO - Started process (PID=483) to work on /home/airflow/.local/lib/python3.7/site-packages/airflow/example_dags/tutorial_taskflow_api_etl.py
[2023-03-30 11:38:24,739] {processor.py:641} INFO - Processing file /home/airflow/.local/lib/python3.7/site-packages/airflow/example_dags/tutorial_taskflow_api_etl.py for tasks to queue
[2023-03-30 11:38:24,740] {logging_mixin.py:115} INFO - [2023-03-30 11:38:24,740] {dagbag.py:507} INFO - Filling up the DagBag from /home/airflow/.local/lib/python3.7/site-packages/airflow/example_dags/tutorial_taskflow_api_etl.py
[2023-03-30 11:38:24,751] {processor.py:651} INFO - DAG(s) dict_keys(['tutorial_taskflow_api_etl']) retrieved from /home/airflow/.local/lib/python3.7/site-packages/airflow/example_dags/tutorial_taskflow_api_etl.py
[2023-03-30 11:38:25,002] {logging_mixin.py:115} INFO - [2023-03-30 11:38:25,002] {dag.py:2371} INFO - Sync 1 DAGs
[2023-03-30 11:38:25,038] {logging_mixin.py:115} INFO - [2023-03-30 11:38:25,038] {dag.py:2919} INFO - Setting next_dagrun for tutorial_taskflow_api_etl to None, run_after=None
[2023-03-30 11:38:25,065] {processor.py:161} INFO - Processing /home/airflow/.local/lib/python3.7/site-packages/airflow/example_dags/tutorial_taskflow_api_etl.py took 0.330 seconds
[2023-03-30 11:38:55,465] {processor.py:153} INFO - Started process (PID=546) to work on /home/airflow/.local/lib/python3.7/site-packages/airflow/example_dags/tutorial_taskflow_api_etl.py
[2023-03-30 11:38:55,466] {processor.py:641} INFO - Processing file /home/airflow/.local/lib/python3.7/site-packages/airflow/example_dags/tutorial_taskflow_api_etl.py for tasks to queue
[2023-03-30 11:38:55,467] {logging_mixin.py:115} INFO - [2023-03-30 11:38:55,467] {dagbag.py:507} INFO - Filling up the DagBag from /home/airflow/.local/lib/python3.7/site-packages/airflow/example_dags/tutorial_taskflow_api_etl.py
[2023-03-30 11:38:55,479] {processor.py:651} INFO - DAG(s) dict_keys(['tutorial_taskflow_api_etl']) retrieved from /home/airflow/.local/lib/python3.7/site-packages/airflow/example_dags/tutorial_taskflow_api_etl.py
[2023-03-30 11:38:55,578] {logging_mixin.py:115} INFO - [2023-03-30 11:38:55,578] {dag.py:2371} INFO - Sync 1 DAGs
[2023-03-30 11:38:55,628] {logging_mixin.py:115} INFO - [2023-03-30 11:38:55,628] {dag.py:2919} INFO - Setting next_dagrun for tutorial_taskflow_api_etl to None, run_after=None
[2023-03-30 11:38:55,651] {processor.py:161} INFO - Processing /home/airflow/.local/lib/python3.7/site-packages/airflow/example_dags/tutorial_taskflow_api_etl.py took 0.188 seconds
[2023-03-30 11:39:26,056] {processor.py:153} INFO - Started process (PID=609) to work on /home/airflow/.local/lib/python3.7/site-packages/airflow/example_dags/tutorial_taskflow_api_etl.py
[2023-03-30 11:39:26,057] {processor.py:641} INFO - Processing file /home/airflow/.local/lib/python3.7/site-packages/airflow/example_dags/tutorial_taskflow_api_etl.py for tasks to queue
[2023-03-30 11:39:26,058] {logging_mixin.py:115} INFO - [2023-03-30 11:39:26,058] {dagbag.py:507} INFO - Filling up the DagBag from /home/airflow/.local/lib/python3.7/site-packages/airflow/example_dags/tutorial_taskflow_api_etl.py
[2023-03-30 11:39:26,070] {processor.py:651} INFO - DAG(s) dict_keys(['tutorial_taskflow_api_etl']) retrieved from /home/airflow/.local/lib/python3.7/site-packages/airflow/example_dags/tutorial_taskflow_api_etl.py
[2023-03-30 11:39:26,354] {logging_mixin.py:115} INFO - [2023-03-30 11:39:26,353] {dag.py:2371} INFO - Sync 1 DAGs
[2023-03-30 11:39:26,394] {logging_mixin.py:115} INFO - [2023-03-30 11:39:26,394] {dag.py:2919} INFO - Setting next_dagrun for tutorial_taskflow_api_etl to None, run_after=None
[2023-03-30 11:39:26,420] {processor.py:161} INFO - Processing /home/airflow/.local/lib/python3.7/site-packages/airflow/example_dags/tutorial_taskflow_api_etl.py took 0.367 seconds
[2023-03-30 11:39:56,531] {processor.py:153} INFO - Started process (PID=673) to work on /home/airflow/.local/lib/python3.7/site-packages/airflow/example_dags/tutorial_taskflow_api_etl.py
[2023-03-30 11:39:56,532] {processor.py:641} INFO - Processing file /home/airflow/.local/lib/python3.7/site-packages/airflow/example_dags/tutorial_taskflow_api_etl.py for tasks to queue
[2023-03-30 11:39:56,533] {logging_mixin.py:115} INFO - [2023-03-30 11:39:56,533] {dagbag.py:507} INFO - Filling up the DagBag from /home/airflow/.local/lib/python3.7/site-packages/airflow/example_dags/tutorial_taskflow_api_etl.py
[2023-03-30 11:39:56,544] {processor.py:651} INFO - DAG(s) dict_keys(['tutorial_taskflow_api_etl']) retrieved from /home/airflow/.local/lib/python3.7/site-packages/airflow/example_dags/tutorial_taskflow_api_etl.py
[2023-03-30 11:39:56,796] {logging_mixin.py:115} INFO - [2023-03-30 11:39:56,796] {dag.py:2371} INFO - Sync 1 DAGs
[2023-03-30 11:39:56,833] {logging_mixin.py:115} INFO - [2023-03-30 11:39:56,833] {dag.py:2919} INFO - Setting next_dagrun for tutorial_taskflow_api_etl to None, run_after=None
[2023-03-30 11:39:56,858] {processor.py:161} INFO - Processing /home/airflow/.local/lib/python3.7/site-packages/airflow/example_dags/tutorial_taskflow_api_etl.py took 0.330 seconds
[2023-03-30 11:40:26,901] {processor.py:153} INFO - Started process (PID=735) to work on /home/airflow/.local/lib/python3.7/site-packages/airflow/example_dags/tutorial_taskflow_api_etl.py
[2023-03-30 11:40:26,902] {processor.py:641} INFO - Processing file /home/airflow/.local/lib/python3.7/site-packages/airflow/example_dags/tutorial_taskflow_api_etl.py for tasks to queue
[2023-03-30 11:40:26,903] {logging_mixin.py:115} INFO - [2023-03-30 11:40:26,903] {dagbag.py:507} INFO - Filling up the DagBag from /home/airflow/.local/lib/python3.7/site-packages/airflow/example_dags/tutorial_taskflow_api_etl.py
[2023-03-30 11:40:26,914] {processor.py:651} INFO - DAG(s) dict_keys(['tutorial_taskflow_api_etl']) retrieved from /home/airflow/.local/lib/python3.7/site-packages/airflow/example_dags/tutorial_taskflow_api_etl.py
[2023-03-30 11:40:27,162] {logging_mixin.py:115} INFO - [2023-03-30 11:40:27,162] {dag.py:2371} INFO - Sync 1 DAGs
[2023-03-30 11:40:27,199] {logging_mixin.py:115} INFO - [2023-03-30 11:40:27,199] {dag.py:2919} INFO - Setting next_dagrun for tutorial_taskflow_api_etl to None, run_after=None
[2023-03-30 11:40:27,225] {processor.py:161} INFO - Processing /home/airflow/.local/lib/python3.7/site-packages/airflow/example_dags/tutorial_taskflow_api_etl.py took 0.326 seconds
[2023-03-30 11:40:57,268] {processor.py:153} INFO - Started process (PID=790) to work on /home/airflow/.local/lib/python3.7/site-packages/airflow/example_dags/tutorial_taskflow_api_etl.py
[2023-03-30 11:40:57,268] {processor.py:641} INFO - Processing file /home/airflow/.local/lib/python3.7/site-packages/airflow/example_dags/tutorial_taskflow_api_etl.py for tasks to queue
[2023-03-30 11:40:57,270] {logging_mixin.py:115} INFO - [2023-03-30 11:40:57,270] {dagbag.py:507} INFO - Filling up the DagBag from /home/airflow/.local/lib/python3.7/site-packages/airflow/example_dags/tutorial_taskflow_api_etl.py
[2023-03-30 11:40:57,280] {processor.py:651} INFO - DAG(s) dict_keys(['tutorial_taskflow_api_etl']) retrieved from /home/airflow/.local/lib/python3.7/site-packages/airflow/example_dags/tutorial_taskflow_api_etl.py
[2023-03-30 11:40:57,529] {logging_mixin.py:115} INFO - [2023-03-30 11:40:57,529] {dag.py:2371} INFO - Sync 1 DAGs
[2023-03-30 11:40:57,565] {logging_mixin.py:115} INFO - [2023-03-30 11:40:57,565] {dag.py:2919} INFO - Setting next_dagrun for tutorial_taskflow_api_etl to None, run_after=None
[2023-03-30 11:40:57,589] {processor.py:161} INFO - Processing /home/airflow/.local/lib/python3.7/site-packages/airflow/example_dags/tutorial_taskflow_api_etl.py took 0.324 seconds
[2023-03-30 11:41:27,648] {processor.py:153} INFO - Started process (PID=852) to work on /home/airflow/.local/lib/python3.7/site-packages/airflow/example_dags/tutorial_taskflow_api_etl.py
[2023-03-30 11:41:27,650] {processor.py:641} INFO - Processing file /home/airflow/.local/lib/python3.7/site-packages/airflow/example_dags/tutorial_taskflow_api_etl.py for tasks to queue
[2023-03-30 11:41:27,652] {logging_mixin.py:115} INFO - [2023-03-30 11:41:27,652] {dagbag.py:507} INFO - Filling up the DagBag from /home/airflow/.local/lib/python3.7/site-packages/airflow/example_dags/tutorial_taskflow_api_etl.py
[2023-03-30 11:41:27,664] {processor.py:651} INFO - DAG(s) dict_keys(['tutorial_taskflow_api_etl']) retrieved from /home/airflow/.local/lib/python3.7/site-packages/airflow/example_dags/tutorial_taskflow_api_etl.py
[2023-03-30 11:41:27,921] {logging_mixin.py:115} INFO - [2023-03-30 11:41:27,921] {dag.py:2371} INFO - Sync 1 DAGs
[2023-03-30 11:41:27,957] {logging_mixin.py:115} INFO - [2023-03-30 11:41:27,957] {dag.py:2919} INFO - Setting next_dagrun for tutorial_taskflow_api_etl to None, run_after=None
[2023-03-30 11:41:27,982] {processor.py:161} INFO - Processing /home/airflow/.local/lib/python3.7/site-packages/airflow/example_dags/tutorial_taskflow_api_etl.py took 0.337 seconds
[2023-03-30 11:41:58,236] {processor.py:153} INFO - Started process (PID=915) to work on /home/airflow/.local/lib/python3.7/site-packages/airflow/example_dags/tutorial_taskflow_api_etl.py
[2023-03-30 11:41:58,237] {processor.py:641} INFO - Processing file /home/airflow/.local/lib/python3.7/site-packages/airflow/example_dags/tutorial_taskflow_api_etl.py for tasks to queue
[2023-03-30 11:41:58,238] {logging_mixin.py:115} INFO - [2023-03-30 11:41:58,238] {dagbag.py:507} INFO - Filling up the DagBag from /home/airflow/.local/lib/python3.7/site-packages/airflow/example_dags/tutorial_taskflow_api_etl.py
[2023-03-30 11:41:58,248] {processor.py:651} INFO - DAG(s) dict_keys(['tutorial_taskflow_api_etl']) retrieved from /home/airflow/.local/lib/python3.7/site-packages/airflow/example_dags/tutorial_taskflow_api_etl.py
[2023-03-30 11:41:58,343] {logging_mixin.py:115} INFO - [2023-03-30 11:41:58,343] {dag.py:2371} INFO - Sync 1 DAGs
[2023-03-30 11:41:58,392] {logging_mixin.py:115} INFO - [2023-03-30 11:41:58,392] {dag.py:2919} INFO - Setting next_dagrun for tutorial_taskflow_api_etl to None, run_after=None
[2023-03-30 11:41:58,509] {processor.py:161} INFO - Processing /home/airflow/.local/lib/python3.7/site-packages/airflow/example_dags/tutorial_taskflow_api_etl.py took 0.275 seconds
[2023-03-30 11:42:28,704] {processor.py:153} INFO - Started process (PID=977) to work on /home/airflow/.local/lib/python3.7/site-packages/airflow/example_dags/tutorial_taskflow_api_etl.py
[2023-03-30 11:42:28,710] {processor.py:641} INFO - Processing file /home/airflow/.local/lib/python3.7/site-packages/airflow/example_dags/tutorial_taskflow_api_etl.py for tasks to queue
[2023-03-30 11:42:28,711] {logging_mixin.py:115} INFO - [2023-03-30 11:42:28,710] {dagbag.py:507} INFO - Filling up the DagBag from /home/airflow/.local/lib/python3.7/site-packages/airflow/example_dags/tutorial_taskflow_api_etl.py
[2023-03-30 11:42:28,723] {processor.py:651} INFO - DAG(s) dict_keys(['tutorial_taskflow_api_etl']) retrieved from /home/airflow/.local/lib/python3.7/site-packages/airflow/example_dags/tutorial_taskflow_api_etl.py
[2023-03-30 11:42:28,970] {logging_mixin.py:115} INFO - [2023-03-30 11:42:28,970] {dag.py:2371} INFO - Sync 1 DAGs
[2023-03-30 11:42:29,004] {logging_mixin.py:115} INFO - [2023-03-30 11:42:29,004] {dag.py:2919} INFO - Setting next_dagrun for tutorial_taskflow_api_etl to None, run_after=None
[2023-03-30 11:42:29,028] {processor.py:161} INFO - Processing /home/airflow/.local/lib/python3.7/site-packages/airflow/example_dags/tutorial_taskflow_api_etl.py took 0.326 seconds
[2023-03-30 11:42:59,364] {processor.py:153} INFO - Started process (PID=1040) to work on /home/airflow/.local/lib/python3.7/site-packages/airflow/example_dags/tutorial_taskflow_api_etl.py
[2023-03-30 11:42:59,365] {processor.py:641} INFO - Processing file /home/airflow/.local/lib/python3.7/site-packages/airflow/example_dags/tutorial_taskflow_api_etl.py for tasks to queue
[2023-03-30 11:42:59,366] {logging_mixin.py:115} INFO - [2023-03-30 11:42:59,366] {dagbag.py:507} INFO - Filling up the DagBag from /home/airflow/.local/lib/python3.7/site-packages/airflow/example_dags/tutorial_taskflow_api_etl.py
[2023-03-30 11:42:59,378] {processor.py:651} INFO - DAG(s) dict_keys(['tutorial_taskflow_api_etl']) retrieved from /home/airflow/.local/lib/python3.7/site-packages/airflow/example_dags/tutorial_taskflow_api_etl.py
[2023-03-30 11:42:59,627] {logging_mixin.py:115} INFO - [2023-03-30 11:42:59,627] {dag.py:2371} INFO - Sync 1 DAGs
[2023-03-30 11:42:59,667] {logging_mixin.py:115} INFO - [2023-03-30 11:42:59,667] {dag.py:2919} INFO - Setting next_dagrun for tutorial_taskflow_api_etl to None, run_after=None
[2023-03-30 11:42:59,693] {processor.py:161} INFO - Processing /home/airflow/.local/lib/python3.7/site-packages/airflow/example_dags/tutorial_taskflow_api_etl.py took 0.333 seconds
[2023-03-30 11:43:29,982] {processor.py:153} INFO - Started process (PID=1094) to work on /home/airflow/.local/lib/python3.7/site-packages/airflow/example_dags/tutorial_taskflow_api_etl.py
[2023-03-30 11:43:29,983] {processor.py:641} INFO - Processing file /home/airflow/.local/lib/python3.7/site-packages/airflow/example_dags/tutorial_taskflow_api_etl.py for tasks to queue
[2023-03-30 11:43:29,984] {logging_mixin.py:115} INFO - [2023-03-30 11:43:29,983] {dagbag.py:507} INFO - Filling up the DagBag from /home/airflow/.local/lib/python3.7/site-packages/airflow/example_dags/tutorial_taskflow_api_etl.py
[2023-03-30 11:43:29,995] {processor.py:651} INFO - DAG(s) dict_keys(['tutorial_taskflow_api_etl']) retrieved from /home/airflow/.local/lib/python3.7/site-packages/airflow/example_dags/tutorial_taskflow_api_etl.py
[2023-03-30 11:43:30,245] {logging_mixin.py:115} INFO - [2023-03-30 11:43:30,245] {dag.py:2371} INFO - Sync 1 DAGs
[2023-03-30 11:43:30,281] {logging_mixin.py:115} INFO - [2023-03-30 11:43:30,281] {dag.py:2919} INFO - Setting next_dagrun for tutorial_taskflow_api_etl to None, run_after=None
[2023-03-30 11:43:30,307] {processor.py:161} INFO - Processing /home/airflow/.local/lib/python3.7/site-packages/airflow/example_dags/tutorial_taskflow_api_etl.py took 0.327 seconds
[2023-03-30 11:44:00,618] {processor.py:153} INFO - Started process (PID=1157) to work on /home/airflow/.local/lib/python3.7/site-packages/airflow/example_dags/tutorial_taskflow_api_etl.py
[2023-03-30 11:44:00,619] {processor.py:641} INFO - Processing file /home/airflow/.local/lib/python3.7/site-packages/airflow/example_dags/tutorial_taskflow_api_etl.py for tasks to queue
[2023-03-30 11:44:00,620] {logging_mixin.py:115} INFO - [2023-03-30 11:44:00,620] {dagbag.py:507} INFO - Filling up the DagBag from /home/airflow/.local/lib/python3.7/site-packages/airflow/example_dags/tutorial_taskflow_api_etl.py
[2023-03-30 11:44:00,632] {processor.py:651} INFO - DAG(s) dict_keys(['tutorial_taskflow_api_etl']) retrieved from /home/airflow/.local/lib/python3.7/site-packages/airflow/example_dags/tutorial_taskflow_api_etl.py
[2023-03-30 11:44:00,731] {logging_mixin.py:115} INFO - [2023-03-30 11:44:00,731] {dag.py:2371} INFO - Sync 1 DAGs
[2023-03-30 11:44:00,779] {logging_mixin.py:115} INFO - [2023-03-30 11:44:00,779] {dag.py:2919} INFO - Setting next_dagrun for tutorial_taskflow_api_etl to None, run_after=None
[2023-03-30 11:44:00,894] {processor.py:161} INFO - Processing /home/airflow/.local/lib/python3.7/site-packages/airflow/example_dags/tutorial_taskflow_api_etl.py took 0.279 seconds
[2023-03-30 11:44:31,293] {processor.py:153} INFO - Started process (PID=1220) to work on /home/airflow/.local/lib/python3.7/site-packages/airflow/example_dags/tutorial_taskflow_api_etl.py
[2023-03-30 11:44:31,294] {processor.py:641} INFO - Processing file /home/airflow/.local/lib/python3.7/site-packages/airflow/example_dags/tutorial_taskflow_api_etl.py for tasks to queue
[2023-03-30 11:44:31,295] {logging_mixin.py:115} INFO - [2023-03-30 11:44:31,295] {dagbag.py:507} INFO - Filling up the DagBag from /home/airflow/.local/lib/python3.7/site-packages/airflow/example_dags/tutorial_taskflow_api_etl.py
[2023-03-30 11:44:31,307] {processor.py:651} INFO - DAG(s) dict_keys(['tutorial_taskflow_api_etl']) retrieved from /home/airflow/.local/lib/python3.7/site-packages/airflow/example_dags/tutorial_taskflow_api_etl.py
[2023-03-30 11:44:31,559] {logging_mixin.py:115} INFO - [2023-03-30 11:44:31,559] {dag.py:2371} INFO - Sync 1 DAGs
[2023-03-30 11:44:31,596] {logging_mixin.py:115} INFO - [2023-03-30 11:44:31,596] {dag.py:2919} INFO - Setting next_dagrun for tutorial_taskflow_api_etl to None, run_after=None
[2023-03-30 11:44:31,622] {processor.py:161} INFO - Processing /home/airflow/.local/lib/python3.7/site-packages/airflow/example_dags/tutorial_taskflow_api_etl.py took 0.332 seconds
[2023-03-30 11:45:02,077] {processor.py:153} INFO - Started process (PID=1283) to work on /home/airflow/.local/lib/python3.7/site-packages/airflow/example_dags/tutorial_taskflow_api_etl.py
[2023-03-30 11:45:02,077] {processor.py:641} INFO - Processing file /home/airflow/.local/lib/python3.7/site-packages/airflow/example_dags/tutorial_taskflow_api_etl.py for tasks to queue
[2023-03-30 11:45:02,078] {logging_mixin.py:115} INFO - [2023-03-30 11:45:02,078] {dagbag.py:507} INFO - Filling up the DagBag from /home/airflow/.local/lib/python3.7/site-packages/airflow/example_dags/tutorial_taskflow_api_etl.py
[2023-03-30 11:45:02,089] {processor.py:651} INFO - DAG(s) dict_keys(['tutorial_taskflow_api_etl']) retrieved from /home/airflow/.local/lib/python3.7/site-packages/airflow/example_dags/tutorial_taskflow_api_etl.py
[2023-03-30 11:45:02,341] {logging_mixin.py:115} INFO - [2023-03-30 11:45:02,341] {dag.py:2371} INFO - Sync 1 DAGs
[2023-03-30 11:45:02,377] {logging_mixin.py:115} INFO - [2023-03-30 11:45:02,377] {dag.py:2919} INFO - Setting next_dagrun for tutorial_taskflow_api_etl to None, run_after=None
[2023-03-30 11:45:02,403] {processor.py:161} INFO - Processing /home/airflow/.local/lib/python3.7/site-packages/airflow/example_dags/tutorial_taskflow_api_etl.py took 0.329 seconds
[2023-03-30 11:45:32,527] {processor.py:153} INFO - Started process (PID=1346) to work on /home/airflow/.local/lib/python3.7/site-packages/airflow/example_dags/tutorial_taskflow_api_etl.py
[2023-03-30 11:45:32,528] {processor.py:641} INFO - Processing file /home/airflow/.local/lib/python3.7/site-packages/airflow/example_dags/tutorial_taskflow_api_etl.py for tasks to queue
[2023-03-30 11:45:32,529] {logging_mixin.py:115} INFO - [2023-03-30 11:45:32,529] {dagbag.py:507} INFO - Filling up the DagBag from /home/airflow/.local/lib/python3.7/site-packages/airflow/example_dags/tutorial_taskflow_api_etl.py
[2023-03-30 11:45:32,540] {processor.py:651} INFO - DAG(s) dict_keys(['tutorial_taskflow_api_etl']) retrieved from /home/airflow/.local/lib/python3.7/site-packages/airflow/example_dags/tutorial_taskflow_api_etl.py
[2023-03-30 11:45:32,786] {logging_mixin.py:115} INFO - [2023-03-30 11:45:32,786] {dag.py:2371} INFO - Sync 1 DAGs
[2023-03-30 11:45:32,826] {logging_mixin.py:115} INFO - [2023-03-30 11:45:32,826] {dag.py:2919} INFO - Setting next_dagrun for tutorial_taskflow_api_etl to None, run_after=None
[2023-03-30 11:45:32,851] {processor.py:161} INFO - Processing /home/airflow/.local/lib/python3.7/site-packages/airflow/example_dags/tutorial_taskflow_api_etl.py took 0.327 seconds
[2023-03-30 11:46:03,528] {processor.py:153} INFO - Started process (PID=1400) to work on /home/airflow/.local/lib/python3.7/site-packages/airflow/example_dags/tutorial_taskflow_api_etl.py
[2023-03-30 11:46:03,530] {processor.py:641} INFO - Processing file /home/airflow/.local/lib/python3.7/site-packages/airflow/example_dags/tutorial_taskflow_api_etl.py for tasks to queue
[2023-03-30 11:46:03,531] {logging_mixin.py:115} INFO - [2023-03-30 11:46:03,530] {dagbag.py:507} INFO - Filling up the DagBag from /home/airflow/.local/lib/python3.7/site-packages/airflow/example_dags/tutorial_taskflow_api_etl.py
[2023-03-30 11:46:03,542] {processor.py:651} INFO - DAG(s) dict_keys(['tutorial_taskflow_api_etl']) retrieved from /home/airflow/.local/lib/python3.7/site-packages/airflow/example_dags/tutorial_taskflow_api_etl.py
[2023-03-30 11:46:03,787] {logging_mixin.py:115} INFO - [2023-03-30 11:46:03,787] {dag.py:2371} INFO - Sync 1 DAGs
[2023-03-30 11:46:03,824] {logging_mixin.py:115} INFO - [2023-03-30 11:46:03,823] {dag.py:2919} INFO - Setting next_dagrun for tutorial_taskflow_api_etl to None, run_after=None
[2023-03-30 11:46:03,853] {processor.py:161} INFO - Processing /home/airflow/.local/lib/python3.7/site-packages/airflow/example_dags/tutorial_taskflow_api_etl.py took 0.327 seconds
[2023-03-30 11:46:34,071] {processor.py:153} INFO - Started process (PID=1462) to work on /home/airflow/.local/lib/python3.7/site-packages/airflow/example_dags/tutorial_taskflow_api_etl.py
[2023-03-30 11:46:34,072] {processor.py:641} INFO - Processing file /home/airflow/.local/lib/python3.7/site-packages/airflow/example_dags/tutorial_taskflow_api_etl.py for tasks to queue
[2023-03-30 11:46:34,073] {logging_mixin.py:115} INFO - [2023-03-30 11:46:34,073] {dagbag.py:507} INFO - Filling up the DagBag from /home/airflow/.local/lib/python3.7/site-packages/airflow/example_dags/tutorial_taskflow_api_etl.py
[2023-03-30 11:46:34,084] {processor.py:651} INFO - DAG(s) dict_keys(['tutorial_taskflow_api_etl']) retrieved from /home/airflow/.local/lib/python3.7/site-packages/airflow/example_dags/tutorial_taskflow_api_etl.py
[2023-03-30 11:46:34,193] {logging_mixin.py:115} INFO - [2023-03-30 11:46:34,193] {dag.py:2371} INFO - Sync 1 DAGs
[2023-03-30 11:46:34,371] {logging_mixin.py:115} INFO - [2023-03-30 11:46:34,371] {dag.py:2919} INFO - Setting next_dagrun for tutorial_taskflow_api_etl to None, run_after=None
[2023-03-30 11:46:34,395] {processor.py:161} INFO - Processing /home/airflow/.local/lib/python3.7/site-packages/airflow/example_dags/tutorial_taskflow_api_etl.py took 0.327 seconds
[2023-03-30 11:47:04,579] {processor.py:153} INFO - Started process (PID=1525) to work on /home/airflow/.local/lib/python3.7/site-packages/airflow/example_dags/tutorial_taskflow_api_etl.py
[2023-03-30 11:47:04,580] {processor.py:641} INFO - Processing file /home/airflow/.local/lib/python3.7/site-packages/airflow/example_dags/tutorial_taskflow_api_etl.py for tasks to queue
[2023-03-30 11:47:04,581] {logging_mixin.py:115} INFO - [2023-03-30 11:47:04,581] {dagbag.py:507} INFO - Filling up the DagBag from /home/airflow/.local/lib/python3.7/site-packages/airflow/example_dags/tutorial_taskflow_api_etl.py
[2023-03-30 11:47:04,592] {processor.py:651} INFO - DAG(s) dict_keys(['tutorial_taskflow_api_etl']) retrieved from /home/airflow/.local/lib/python3.7/site-packages/airflow/example_dags/tutorial_taskflow_api_etl.py
[2023-03-30 11:47:04,691] {logging_mixin.py:115} INFO - [2023-03-30 11:47:04,691] {dag.py:2371} INFO - Sync 1 DAGs
[2023-03-30 11:47:04,834] {logging_mixin.py:115} INFO - [2023-03-30 11:47:04,834] {dag.py:2919} INFO - Setting next_dagrun for tutorial_taskflow_api_etl to None, run_after=None
[2023-03-30 11:47:04,856] {processor.py:161} INFO - Processing /home/airflow/.local/lib/python3.7/site-packages/airflow/example_dags/tutorial_taskflow_api_etl.py took 0.280 seconds
[2023-03-30 11:47:35,505] {processor.py:153} INFO - Started process (PID=1588) to work on /home/airflow/.local/lib/python3.7/site-packages/airflow/example_dags/tutorial_taskflow_api_etl.py
[2023-03-30 11:47:35,506] {processor.py:641} INFO - Processing file /home/airflow/.local/lib/python3.7/site-packages/airflow/example_dags/tutorial_taskflow_api_etl.py for tasks to queue
[2023-03-30 11:47:35,507] {logging_mixin.py:115} INFO - [2023-03-30 11:47:35,507] {dagbag.py:507} INFO - Filling up the DagBag from /home/airflow/.local/lib/python3.7/site-packages/airflow/example_dags/tutorial_taskflow_api_etl.py
[2023-03-30 11:47:35,518] {processor.py:651} INFO - DAG(s) dict_keys(['tutorial_taskflow_api_etl']) retrieved from /home/airflow/.local/lib/python3.7/site-packages/airflow/example_dags/tutorial_taskflow_api_etl.py
[2023-03-30 11:47:35,618] {logging_mixin.py:115} INFO - [2023-03-30 11:47:35,618] {dag.py:2371} INFO - Sync 1 DAGs
[2023-03-30 11:47:35,772] {logging_mixin.py:115} INFO - [2023-03-30 11:47:35,772] {dag.py:2919} INFO - Setting next_dagrun for tutorial_taskflow_api_etl to None, run_after=None
[2023-03-30 11:47:35,796] {processor.py:161} INFO - Processing /home/airflow/.local/lib/python3.7/site-packages/airflow/example_dags/tutorial_taskflow_api_etl.py took 0.293 seconds
[2023-03-30 11:48:06,096] {processor.py:153} INFO - Started process (PID=1651) to work on /home/airflow/.local/lib/python3.7/site-packages/airflow/example_dags/tutorial_taskflow_api_etl.py
[2023-03-30 11:48:06,098] {processor.py:641} INFO - Processing file /home/airflow/.local/lib/python3.7/site-packages/airflow/example_dags/tutorial_taskflow_api_etl.py for tasks to queue
[2023-03-30 11:48:06,099] {logging_mixin.py:115} INFO - [2023-03-30 11:48:06,099] {dagbag.py:507} INFO - Filling up the DagBag from /home/airflow/.local/lib/python3.7/site-packages/airflow/example_dags/tutorial_taskflow_api_etl.py
[2023-03-30 11:48:06,111] {processor.py:651} INFO - DAG(s) dict_keys(['tutorial_taskflow_api_etl']) retrieved from /home/airflow/.local/lib/python3.7/site-packages/airflow/example_dags/tutorial_taskflow_api_etl.py
[2023-03-30 11:48:06,364] {logging_mixin.py:115} INFO - [2023-03-30 11:48:06,364] {dag.py:2371} INFO - Sync 1 DAGs
[2023-03-30 11:48:06,400] {logging_mixin.py:115} INFO - [2023-03-30 11:48:06,400] {dag.py:2919} INFO - Setting next_dagrun for tutorial_taskflow_api_etl to None, run_after=None
[2023-03-30 11:48:06,426] {processor.py:161} INFO - Processing /home/airflow/.local/lib/python3.7/site-packages/airflow/example_dags/tutorial_taskflow_api_etl.py took 0.333 seconds
[2023-03-30 11:48:36,655] {processor.py:153} INFO - Started process (PID=1704) to work on /home/airflow/.local/lib/python3.7/site-packages/airflow/example_dags/tutorial_taskflow_api_etl.py
[2023-03-30 11:48:36,656] {processor.py:641} INFO - Processing file /home/airflow/.local/lib/python3.7/site-packages/airflow/example_dags/tutorial_taskflow_api_etl.py for tasks to queue
[2023-03-30 11:48:36,657] {logging_mixin.py:115} INFO - [2023-03-30 11:48:36,657] {dagbag.py:507} INFO - Filling up the DagBag from /home/airflow/.local/lib/python3.7/site-packages/airflow/example_dags/tutorial_taskflow_api_etl.py
[2023-03-30 11:48:36,669] {processor.py:651} INFO - DAG(s) dict_keys(['tutorial_taskflow_api_etl']) retrieved from /home/airflow/.local/lib/python3.7/site-packages/airflow/example_dags/tutorial_taskflow_api_etl.py
[2023-03-30 11:48:36,768] {logging_mixin.py:115} INFO - [2023-03-30 11:48:36,768] {dag.py:2371} INFO - Sync 1 DAGs
[2023-03-30 11:48:36,923] {logging_mixin.py:115} INFO - [2023-03-30 11:48:36,923] {dag.py:2919} INFO - Setting next_dagrun for tutorial_taskflow_api_etl to None, run_after=None
[2023-03-30 11:48:36,945] {processor.py:161} INFO - Processing /home/airflow/.local/lib/python3.7/site-packages/airflow/example_dags/tutorial_taskflow_api_etl.py took 0.293 seconds
[2023-03-30 11:49:07,201] {processor.py:153} INFO - Started process (PID=1766) to work on /home/airflow/.local/lib/python3.7/site-packages/airflow/example_dags/tutorial_taskflow_api_etl.py
[2023-03-30 11:49:07,203] {processor.py:641} INFO - Processing file /home/airflow/.local/lib/python3.7/site-packages/airflow/example_dags/tutorial_taskflow_api_etl.py for tasks to queue
[2023-03-30 11:49:07,204] {logging_mixin.py:115} INFO - [2023-03-30 11:49:07,203] {dagbag.py:507} INFO - Filling up the DagBag from /home/airflow/.local/lib/python3.7/site-packages/airflow/example_dags/tutorial_taskflow_api_etl.py
[2023-03-30 11:49:07,215] {processor.py:651} INFO - DAG(s) dict_keys(['tutorial_taskflow_api_etl']) retrieved from /home/airflow/.local/lib/python3.7/site-packages/airflow/example_dags/tutorial_taskflow_api_etl.py
[2023-03-30 11:49:07,311] {logging_mixin.py:115} INFO - [2023-03-30 11:49:07,311] {dag.py:2371} INFO - Sync 1 DAGs
[2023-03-30 11:49:07,504] {logging_mixin.py:115} INFO - [2023-03-30 11:49:07,504] {dag.py:2919} INFO - Setting next_dagrun for tutorial_taskflow_api_etl to None, run_after=None
[2023-03-30 11:49:07,565] {processor.py:161} INFO - Processing /home/airflow/.local/lib/python3.7/site-packages/airflow/example_dags/tutorial_taskflow_api_etl.py took 0.366 seconds
[2023-03-30 11:49:37,745] {processor.py:153} INFO - Started process (PID=1828) to work on /home/airflow/.local/lib/python3.7/site-packages/airflow/example_dags/tutorial_taskflow_api_etl.py
[2023-03-30 11:49:37,746] {processor.py:641} INFO - Processing file /home/airflow/.local/lib/python3.7/site-packages/airflow/example_dags/tutorial_taskflow_api_etl.py for tasks to queue
[2023-03-30 11:49:37,747] {logging_mixin.py:115} INFO - [2023-03-30 11:49:37,747] {dagbag.py:507} INFO - Filling up the DagBag from /home/airflow/.local/lib/python3.7/site-packages/airflow/example_dags/tutorial_taskflow_api_etl.py
[2023-03-30 11:49:37,758] {processor.py:651} INFO - DAG(s) dict_keys(['tutorial_taskflow_api_etl']) retrieved from /home/airflow/.local/lib/python3.7/site-packages/airflow/example_dags/tutorial_taskflow_api_etl.py
[2023-03-30 11:49:37,855] {logging_mixin.py:115} INFO - [2023-03-30 11:49:37,855] {dag.py:2371} INFO - Sync 1 DAGs
[2023-03-30 11:49:38,017] {logging_mixin.py:115} INFO - [2023-03-30 11:49:38,017] {dag.py:2919} INFO - Setting next_dagrun for tutorial_taskflow_api_etl to None, run_after=None
[2023-03-30 11:49:38,041] {processor.py:161} INFO - Processing /home/airflow/.local/lib/python3.7/site-packages/airflow/example_dags/tutorial_taskflow_api_etl.py took 0.299 seconds
[2023-03-30 11:50:08,546] {processor.py:153} INFO - Started process (PID=1891) to work on /home/airflow/.local/lib/python3.7/site-packages/airflow/example_dags/tutorial_taskflow_api_etl.py
[2023-03-30 11:50:08,547] {processor.py:641} INFO - Processing file /home/airflow/.local/lib/python3.7/site-packages/airflow/example_dags/tutorial_taskflow_api_etl.py for tasks to queue
[2023-03-30 11:50:08,547] {logging_mixin.py:115} INFO - [2023-03-30 11:50:08,547] {dagbag.py:507} INFO - Filling up the DagBag from /home/airflow/.local/lib/python3.7/site-packages/airflow/example_dags/tutorial_taskflow_api_etl.py
[2023-03-30 11:50:08,558] {processor.py:651} INFO - DAG(s) dict_keys(['tutorial_taskflow_api_etl']) retrieved from /home/airflow/.local/lib/python3.7/site-packages/airflow/example_dags/tutorial_taskflow_api_etl.py
[2023-03-30 11:50:08,804] {logging_mixin.py:115} INFO - [2023-03-30 11:50:08,804] {dag.py:2371} INFO - Sync 1 DAGs
[2023-03-30 11:50:08,842] {logging_mixin.py:115} INFO - [2023-03-30 11:50:08,842] {dag.py:2919} INFO - Setting next_dagrun for tutorial_taskflow_api_etl to None, run_after=None
[2023-03-30 11:50:08,869] {processor.py:161} INFO - Processing /home/airflow/.local/lib/python3.7/site-packages/airflow/example_dags/tutorial_taskflow_api_etl.py took 0.326 seconds
[2023-03-30 11:50:39,486] {processor.py:153} INFO - Started process (PID=1954) to work on /home/airflow/.local/lib/python3.7/site-packages/airflow/example_dags/tutorial_taskflow_api_etl.py
[2023-03-30 11:50:39,487] {processor.py:641} INFO - Processing file /home/airflow/.local/lib/python3.7/site-packages/airflow/example_dags/tutorial_taskflow_api_etl.py for tasks to queue
[2023-03-30 11:50:39,488] {logging_mixin.py:115} INFO - [2023-03-30 11:50:39,488] {dagbag.py:507} INFO - Filling up the DagBag from /home/airflow/.local/lib/python3.7/site-packages/airflow/example_dags/tutorial_taskflow_api_etl.py
[2023-03-30 11:50:39,498] {processor.py:651} INFO - DAG(s) dict_keys(['tutorial_taskflow_api_etl']) retrieved from /home/airflow/.local/lib/python3.7/site-packages/airflow/example_dags/tutorial_taskflow_api_etl.py
[2023-03-30 11:50:39,743] {logging_mixin.py:115} INFO - [2023-03-30 11:50:39,743] {dag.py:2371} INFO - Sync 1 DAGs
[2023-03-30 11:50:39,780] {logging_mixin.py:115} INFO - [2023-03-30 11:50:39,780] {dag.py:2919} INFO - Setting next_dagrun for tutorial_taskflow_api_etl to None, run_after=None
[2023-03-30 11:50:39,808] {processor.py:161} INFO - Processing /home/airflow/.local/lib/python3.7/site-packages/airflow/example_dags/tutorial_taskflow_api_etl.py took 0.324 seconds
[2023-03-30 11:51:10,141] {processor.py:153} INFO - Started process (PID=2008) to work on /home/airflow/.local/lib/python3.7/site-packages/airflow/example_dags/tutorial_taskflow_api_etl.py
[2023-03-30 11:51:10,141] {processor.py:641} INFO - Processing file /home/airflow/.local/lib/python3.7/site-packages/airflow/example_dags/tutorial_taskflow_api_etl.py for tasks to queue
[2023-03-30 11:51:10,142] {logging_mixin.py:115} INFO - [2023-03-30 11:51:10,142] {dagbag.py:507} INFO - Filling up the DagBag from /home/airflow/.local/lib/python3.7/site-packages/airflow/example_dags/tutorial_taskflow_api_etl.py
[2023-03-30 11:51:10,154] {processor.py:651} INFO - DAG(s) dict_keys(['tutorial_taskflow_api_etl']) retrieved from /home/airflow/.local/lib/python3.7/site-packages/airflow/example_dags/tutorial_taskflow_api_etl.py
[2023-03-30 11:51:10,255] {logging_mixin.py:115} INFO - [2023-03-30 11:51:10,255] {dag.py:2371} INFO - Sync 1 DAGs
[2023-03-30 11:51:10,404] {logging_mixin.py:115} INFO - [2023-03-30 11:51:10,404] {dag.py:2919} INFO - Setting next_dagrun for tutorial_taskflow_api_etl to None, run_after=None
[2023-03-30 11:51:10,426] {processor.py:161} INFO - Processing /home/airflow/.local/lib/python3.7/site-packages/airflow/example_dags/tutorial_taskflow_api_etl.py took 0.288 seconds
[2023-03-30 11:51:40,948] {processor.py:153} INFO - Started process (PID=2071) to work on /home/airflow/.local/lib/python3.7/site-packages/airflow/example_dags/tutorial_taskflow_api_etl.py
[2023-03-30 11:51:40,949] {processor.py:641} INFO - Processing file /home/airflow/.local/lib/python3.7/site-packages/airflow/example_dags/tutorial_taskflow_api_etl.py for tasks to queue
[2023-03-30 11:51:40,950] {logging_mixin.py:115} INFO - [2023-03-30 11:51:40,950] {dagbag.py:507} INFO - Filling up the DagBag from /home/airflow/.local/lib/python3.7/site-packages/airflow/example_dags/tutorial_taskflow_api_etl.py
[2023-03-30 11:51:40,961] {processor.py:651} INFO - DAG(s) dict_keys(['tutorial_taskflow_api_etl']) retrieved from /home/airflow/.local/lib/python3.7/site-packages/airflow/example_dags/tutorial_taskflow_api_etl.py
[2023-03-30 11:51:41,281] {logging_mixin.py:115} INFO - [2023-03-30 11:51:41,281] {dag.py:2371} INFO - Sync 1 DAGs
[2023-03-30 11:51:41,332] {logging_mixin.py:115} INFO - [2023-03-30 11:51:41,331] {dag.py:2919} INFO - Setting next_dagrun for tutorial_taskflow_api_etl to None, run_after=None
[2023-03-30 11:51:41,385] {processor.py:161} INFO - Processing /home/airflow/.local/lib/python3.7/site-packages/airflow/example_dags/tutorial_taskflow_api_etl.py took 0.440 seconds
[2023-03-30 11:52:11,850] {processor.py:153} INFO - Started process (PID=2135) to work on /home/airflow/.local/lib/python3.7/site-packages/airflow/example_dags/tutorial_taskflow_api_etl.py
[2023-03-30 11:52:11,851] {processor.py:641} INFO - Processing file /home/airflow/.local/lib/python3.7/site-packages/airflow/example_dags/tutorial_taskflow_api_etl.py for tasks to queue
[2023-03-30 11:52:11,852] {logging_mixin.py:115} INFO - [2023-03-30 11:52:11,852] {dagbag.py:507} INFO - Filling up the DagBag from /home/airflow/.local/lib/python3.7/site-packages/airflow/example_dags/tutorial_taskflow_api_etl.py
[2023-03-30 11:52:11,864] {processor.py:651} INFO - DAG(s) dict_keys(['tutorial_taskflow_api_etl']) retrieved from /home/airflow/.local/lib/python3.7/site-packages/airflow/example_dags/tutorial_taskflow_api_etl.py
[2023-03-30 11:52:11,967] {logging_mixin.py:115} INFO - [2023-03-30 11:52:11,967] {dag.py:2371} INFO - Sync 1 DAGs
[2023-03-30 11:52:12,137] {logging_mixin.py:115} INFO - [2023-03-30 11:52:12,137] {dag.py:2919} INFO - Setting next_dagrun for tutorial_taskflow_api_etl to None, run_after=None
[2023-03-30 11:52:12,162] {processor.py:161} INFO - Processing /home/airflow/.local/lib/python3.7/site-packages/airflow/example_dags/tutorial_taskflow_api_etl.py took 0.314 seconds
[2023-03-30 11:52:42,412] {processor.py:153} INFO - Started process (PID=2197) to work on /home/airflow/.local/lib/python3.7/site-packages/airflow/example_dags/tutorial_taskflow_api_etl.py
[2023-03-30 11:52:42,414] {processor.py:641} INFO - Processing file /home/airflow/.local/lib/python3.7/site-packages/airflow/example_dags/tutorial_taskflow_api_etl.py for tasks to queue
[2023-03-30 11:52:42,415] {logging_mixin.py:115} INFO - [2023-03-30 11:52:42,415] {dagbag.py:507} INFO - Filling up the DagBag from /home/airflow/.local/lib/python3.7/site-packages/airflow/example_dags/tutorial_taskflow_api_etl.py
[2023-03-30 11:52:42,426] {processor.py:651} INFO - DAG(s) dict_keys(['tutorial_taskflow_api_etl']) retrieved from /home/airflow/.local/lib/python3.7/site-packages/airflow/example_dags/tutorial_taskflow_api_etl.py
[2023-03-30 11:52:42,525] {logging_mixin.py:115} INFO - [2023-03-30 11:52:42,525] {dag.py:2371} INFO - Sync 1 DAGs
[2023-03-30 11:52:42,694] {logging_mixin.py:115} INFO - [2023-03-30 11:52:42,694] {dag.py:2919} INFO - Setting next_dagrun for tutorial_taskflow_api_etl to None, run_after=None
[2023-03-30 11:52:42,717] {processor.py:161} INFO - Processing /home/airflow/.local/lib/python3.7/site-packages/airflow/example_dags/tutorial_taskflow_api_etl.py took 0.307 seconds
[2023-03-30 11:53:13,365] {processor.py:153} INFO - Started process (PID=2259) to work on /home/airflow/.local/lib/python3.7/site-packages/airflow/example_dags/tutorial_taskflow_api_etl.py
[2023-03-30 11:53:13,366] {processor.py:641} INFO - Processing file /home/airflow/.local/lib/python3.7/site-packages/airflow/example_dags/tutorial_taskflow_api_etl.py for tasks to queue
[2023-03-30 11:53:13,367] {logging_mixin.py:115} INFO - [2023-03-30 11:53:13,367] {dagbag.py:507} INFO - Filling up the DagBag from /home/airflow/.local/lib/python3.7/site-packages/airflow/example_dags/tutorial_taskflow_api_etl.py
[2023-03-30 11:53:13,379] {processor.py:651} INFO - DAG(s) dict_keys(['tutorial_taskflow_api_etl']) retrieved from /home/airflow/.local/lib/python3.7/site-packages/airflow/example_dags/tutorial_taskflow_api_etl.py
[2023-03-30 11:53:13,476] {logging_mixin.py:115} INFO - [2023-03-30 11:53:13,476] {dag.py:2371} INFO - Sync 1 DAGs
[2023-03-30 11:53:13,624] {logging_mixin.py:115} INFO - [2023-03-30 11:53:13,624] {dag.py:2919} INFO - Setting next_dagrun for tutorial_taskflow_api_etl to None, run_after=None
[2023-03-30 11:53:13,645] {processor.py:161} INFO - Processing /home/airflow/.local/lib/python3.7/site-packages/airflow/example_dags/tutorial_taskflow_api_etl.py took 0.282 seconds
[2023-03-30 11:53:44,063] {processor.py:153} INFO - Started process (PID=2322) to work on /home/airflow/.local/lib/python3.7/site-packages/airflow/example_dags/tutorial_taskflow_api_etl.py
[2023-03-30 11:53:44,064] {processor.py:641} INFO - Processing file /home/airflow/.local/lib/python3.7/site-packages/airflow/example_dags/tutorial_taskflow_api_etl.py for tasks to queue
[2023-03-30 11:53:44,065] {logging_mixin.py:115} INFO - [2023-03-30 11:53:44,065] {dagbag.py:507} INFO - Filling up the DagBag from /home/airflow/.local/lib/python3.7/site-packages/airflow/example_dags/tutorial_taskflow_api_etl.py
[2023-03-30 11:53:44,080] {processor.py:651} INFO - DAG(s) dict_keys(['tutorial_taskflow_api_etl']) retrieved from /home/airflow/.local/lib/python3.7/site-packages/airflow/example_dags/tutorial_taskflow_api_etl.py
[2023-03-30 11:53:44,344] {logging_mixin.py:115} INFO - [2023-03-30 11:53:44,344] {dag.py:2371} INFO - Sync 1 DAGs
[2023-03-30 11:53:44,403] {logging_mixin.py:115} INFO - [2023-03-30 11:53:44,403] {dag.py:2919} INFO - Setting next_dagrun for tutorial_taskflow_api_etl to None, run_after=None
[2023-03-30 11:53:44,432] {processor.py:161} INFO - Processing /home/airflow/.local/lib/python3.7/site-packages/airflow/example_dags/tutorial_taskflow_api_etl.py took 0.371 seconds
[2023-03-30 11:54:15,061] {processor.py:153} INFO - Started process (PID=2376) to work on /home/airflow/.local/lib/python3.7/site-packages/airflow/example_dags/tutorial_taskflow_api_etl.py
[2023-03-30 11:54:15,061] {processor.py:641} INFO - Processing file /home/airflow/.local/lib/python3.7/site-packages/airflow/example_dags/tutorial_taskflow_api_etl.py for tasks to queue
[2023-03-30 11:54:15,062] {logging_mixin.py:115} INFO - [2023-03-30 11:54:15,062] {dagbag.py:507} INFO - Filling up the DagBag from /home/airflow/.local/lib/python3.7/site-packages/airflow/example_dags/tutorial_taskflow_api_etl.py
[2023-03-30 11:54:15,074] {processor.py:651} INFO - DAG(s) dict_keys(['tutorial_taskflow_api_etl']) retrieved from /home/airflow/.local/lib/python3.7/site-packages/airflow/example_dags/tutorial_taskflow_api_etl.py
[2023-03-30 11:54:15,335] {logging_mixin.py:115} INFO - [2023-03-30 11:54:15,335] {dag.py:2371} INFO - Sync 1 DAGs
[2023-03-30 11:54:15,372] {logging_mixin.py:115} INFO - [2023-03-30 11:54:15,372] {dag.py:2919} INFO - Setting next_dagrun for tutorial_taskflow_api_etl to None, run_after=None
[2023-03-30 11:54:15,402] {processor.py:161} INFO - Processing /home/airflow/.local/lib/python3.7/site-packages/airflow/example_dags/tutorial_taskflow_api_etl.py took 0.344 seconds
[2023-03-30 11:54:45,933] {processor.py:153} INFO - Started process (PID=2439) to work on /home/airflow/.local/lib/python3.7/site-packages/airflow/example_dags/tutorial_taskflow_api_etl.py
[2023-03-30 11:54:45,934] {processor.py:641} INFO - Processing file /home/airflow/.local/lib/python3.7/site-packages/airflow/example_dags/tutorial_taskflow_api_etl.py for tasks to queue
[2023-03-30 11:54:45,935] {logging_mixin.py:115} INFO - [2023-03-30 11:54:45,934] {dagbag.py:507} INFO - Filling up the DagBag from /home/airflow/.local/lib/python3.7/site-packages/airflow/example_dags/tutorial_taskflow_api_etl.py
[2023-03-30 11:54:45,947] {processor.py:651} INFO - DAG(s) dict_keys(['tutorial_taskflow_api_etl']) retrieved from /home/airflow/.local/lib/python3.7/site-packages/airflow/example_dags/tutorial_taskflow_api_etl.py
[2023-03-30 11:54:46,213] {logging_mixin.py:115} INFO - [2023-03-30 11:54:46,213] {dag.py:2371} INFO - Sync 1 DAGs
[2023-03-30 11:54:46,252] {logging_mixin.py:115} INFO - [2023-03-30 11:54:46,252] {dag.py:2919} INFO - Setting next_dagrun for tutorial_taskflow_api_etl to None, run_after=None
[2023-03-30 11:54:46,279] {processor.py:161} INFO - Processing /home/airflow/.local/lib/python3.7/site-packages/airflow/example_dags/tutorial_taskflow_api_etl.py took 0.350 seconds
[2023-03-30 11:55:16,522] {processor.py:153} INFO - Started process (PID=2502) to work on /home/airflow/.local/lib/python3.7/site-packages/airflow/example_dags/tutorial_taskflow_api_etl.py
[2023-03-30 11:55:16,523] {processor.py:641} INFO - Processing file /home/airflow/.local/lib/python3.7/site-packages/airflow/example_dags/tutorial_taskflow_api_etl.py for tasks to queue
[2023-03-30 11:55:16,523] {logging_mixin.py:115} INFO - [2023-03-30 11:55:16,523] {dagbag.py:507} INFO - Filling up the DagBag from /home/airflow/.local/lib/python3.7/site-packages/airflow/example_dags/tutorial_taskflow_api_etl.py
[2023-03-30 11:55:16,535] {processor.py:651} INFO - DAG(s) dict_keys(['tutorial_taskflow_api_etl']) retrieved from /home/airflow/.local/lib/python3.7/site-packages/airflow/example_dags/tutorial_taskflow_api_etl.py
[2023-03-30 11:55:16,782] {logging_mixin.py:115} INFO - [2023-03-30 11:55:16,782] {dag.py:2371} INFO - Sync 1 DAGs
[2023-03-30 11:55:16,820] {logging_mixin.py:115} INFO - [2023-03-30 11:55:16,820] {dag.py:2919} INFO - Setting next_dagrun for tutorial_taskflow_api_etl to None, run_after=None
[2023-03-30 11:55:16,846] {processor.py:161} INFO - Processing /home/airflow/.local/lib/python3.7/site-packages/airflow/example_dags/tutorial_taskflow_api_etl.py took 0.327 seconds
[2023-03-30 11:55:47,326] {processor.py:153} INFO - Started process (PID=2565) to work on /home/airflow/.local/lib/python3.7/site-packages/airflow/example_dags/tutorial_taskflow_api_etl.py
[2023-03-30 11:55:47,327] {processor.py:641} INFO - Processing file /home/airflow/.local/lib/python3.7/site-packages/airflow/example_dags/tutorial_taskflow_api_etl.py for tasks to queue
[2023-03-30 11:55:47,328] {logging_mixin.py:115} INFO - [2023-03-30 11:55:47,328] {dagbag.py:507} INFO - Filling up the DagBag from /home/airflow/.local/lib/python3.7/site-packages/airflow/example_dags/tutorial_taskflow_api_etl.py
[2023-03-30 11:55:47,339] {processor.py:651} INFO - DAG(s) dict_keys(['tutorial_taskflow_api_etl']) retrieved from /home/airflow/.local/lib/python3.7/site-packages/airflow/example_dags/tutorial_taskflow_api_etl.py
[2023-03-30 11:55:47,437] {logging_mixin.py:115} INFO - [2023-03-30 11:55:47,437] {dag.py:2371} INFO - Sync 1 DAGs
[2023-03-30 11:55:47,582] {logging_mixin.py:115} INFO - [2023-03-30 11:55:47,581] {dag.py:2919} INFO - Setting next_dagrun for tutorial_taskflow_api_etl to None, run_after=None
[2023-03-30 11:55:47,603] {processor.py:161} INFO - Processing /home/airflow/.local/lib/python3.7/site-packages/airflow/example_dags/tutorial_taskflow_api_etl.py took 0.280 seconds
[2023-03-30 11:56:17,740] {processor.py:153} INFO - Started process (PID=2628) to work on /home/airflow/.local/lib/python3.7/site-packages/airflow/example_dags/tutorial_taskflow_api_etl.py
[2023-03-30 11:56:17,740] {processor.py:641} INFO - Processing file /home/airflow/.local/lib/python3.7/site-packages/airflow/example_dags/tutorial_taskflow_api_etl.py for tasks to queue
[2023-03-30 11:56:17,741] {logging_mixin.py:115} INFO - [2023-03-30 11:56:17,741] {dagbag.py:507} INFO - Filling up the DagBag from /home/airflow/.local/lib/python3.7/site-packages/airflow/example_dags/tutorial_taskflow_api_etl.py
[2023-03-30 11:56:17,752] {processor.py:651} INFO - DAG(s) dict_keys(['tutorial_taskflow_api_etl']) retrieved from /home/airflow/.local/lib/python3.7/site-packages/airflow/example_dags/tutorial_taskflow_api_etl.py
[2023-03-30 11:56:18,001] {logging_mixin.py:115} INFO - [2023-03-30 11:56:18,001] {dag.py:2371} INFO - Sync 1 DAGs
[2023-03-30 11:56:18,036] {logging_mixin.py:115} INFO - [2023-03-30 11:56:18,036] {dag.py:2919} INFO - Setting next_dagrun for tutorial_taskflow_api_etl to None, run_after=None
[2023-03-30 11:56:18,062] {processor.py:161} INFO - Processing /home/airflow/.local/lib/python3.7/site-packages/airflow/example_dags/tutorial_taskflow_api_etl.py took 0.325 seconds
[2023-03-30 11:56:48,446] {processor.py:153} INFO - Started process (PID=2681) to work on /home/airflow/.local/lib/python3.7/site-packages/airflow/example_dags/tutorial_taskflow_api_etl.py
[2023-03-30 11:56:48,447] {processor.py:641} INFO - Processing file /home/airflow/.local/lib/python3.7/site-packages/airflow/example_dags/tutorial_taskflow_api_etl.py for tasks to queue
[2023-03-30 11:56:48,448] {logging_mixin.py:115} INFO - [2023-03-30 11:56:48,448] {dagbag.py:507} INFO - Filling up the DagBag from /home/airflow/.local/lib/python3.7/site-packages/airflow/example_dags/tutorial_taskflow_api_etl.py
[2023-03-30 11:56:48,463] {processor.py:651} INFO - DAG(s) dict_keys(['tutorial_taskflow_api_etl']) retrieved from /home/airflow/.local/lib/python3.7/site-packages/airflow/example_dags/tutorial_taskflow_api_etl.py
[2023-03-30 11:56:48,728] {logging_mixin.py:115} INFO - [2023-03-30 11:56:48,728] {dag.py:2371} INFO - Sync 1 DAGs
[2023-03-30 11:56:48,764] {logging_mixin.py:115} INFO - [2023-03-30 11:56:48,764] {dag.py:2919} INFO - Setting next_dagrun for tutorial_taskflow_api_etl to None, run_after=None
[2023-03-30 11:56:48,791] {processor.py:161} INFO - Processing /home/airflow/.local/lib/python3.7/site-packages/airflow/example_dags/tutorial_taskflow_api_etl.py took 0.348 seconds
[2023-03-30 11:57:19,234] {processor.py:153} INFO - Started process (PID=2744) to work on /home/airflow/.local/lib/python3.7/site-packages/airflow/example_dags/tutorial_taskflow_api_etl.py
[2023-03-30 11:57:19,235] {processor.py:641} INFO - Processing file /home/airflow/.local/lib/python3.7/site-packages/airflow/example_dags/tutorial_taskflow_api_etl.py for tasks to queue
[2023-03-30 11:57:19,236] {logging_mixin.py:115} INFO - [2023-03-30 11:57:19,236] {dagbag.py:507} INFO - Filling up the DagBag from /home/airflow/.local/lib/python3.7/site-packages/airflow/example_dags/tutorial_taskflow_api_etl.py
[2023-03-30 11:57:19,248] {processor.py:651} INFO - DAG(s) dict_keys(['tutorial_taskflow_api_etl']) retrieved from /home/airflow/.local/lib/python3.7/site-packages/airflow/example_dags/tutorial_taskflow_api_etl.py
[2023-03-30 11:57:19,497] {logging_mixin.py:115} INFO - [2023-03-30 11:57:19,497] {dag.py:2371} INFO - Sync 1 DAGs
[2023-03-30 11:57:19,533] {logging_mixin.py:115} INFO - [2023-03-30 11:57:19,533] {dag.py:2919} INFO - Setting next_dagrun for tutorial_taskflow_api_etl to None, run_after=None
[2023-03-30 11:57:19,559] {processor.py:161} INFO - Processing /home/airflow/.local/lib/python3.7/site-packages/airflow/example_dags/tutorial_taskflow_api_etl.py took 0.327 seconds
[2023-03-30 11:57:50,205] {processor.py:153} INFO - Started process (PID=2807) to work on /home/airflow/.local/lib/python3.7/site-packages/airflow/example_dags/tutorial_taskflow_api_etl.py
[2023-03-30 11:57:50,206] {processor.py:641} INFO - Processing file /home/airflow/.local/lib/python3.7/site-packages/airflow/example_dags/tutorial_taskflow_api_etl.py for tasks to queue
[2023-03-30 11:57:50,206] {logging_mixin.py:115} INFO - [2023-03-30 11:57:50,206] {dagbag.py:507} INFO - Filling up the DagBag from /home/airflow/.local/lib/python3.7/site-packages/airflow/example_dags/tutorial_taskflow_api_etl.py
[2023-03-30 11:57:50,218] {processor.py:651} INFO - DAG(s) dict_keys(['tutorial_taskflow_api_etl']) retrieved from /home/airflow/.local/lib/python3.7/site-packages/airflow/example_dags/tutorial_taskflow_api_etl.py
[2023-03-30 11:57:50,318] {logging_mixin.py:115} INFO - [2023-03-30 11:57:50,318] {dag.py:2371} INFO - Sync 1 DAGs
[2023-03-30 11:57:50,457] {logging_mixin.py:115} INFO - [2023-03-30 11:57:50,457] {dag.py:2919} INFO - Setting next_dagrun for tutorial_taskflow_api_etl to None, run_after=None
[2023-03-30 11:57:50,478] {processor.py:161} INFO - Processing /home/airflow/.local/lib/python3.7/site-packages/airflow/example_dags/tutorial_taskflow_api_etl.py took 0.276 seconds
[2023-03-30 11:58:20,693] {processor.py:153} INFO - Started process (PID=2870) to work on /home/airflow/.local/lib/python3.7/site-packages/airflow/example_dags/tutorial_taskflow_api_etl.py
[2023-03-30 11:58:20,694] {processor.py:641} INFO - Processing file /home/airflow/.local/lib/python3.7/site-packages/airflow/example_dags/tutorial_taskflow_api_etl.py for tasks to queue
[2023-03-30 11:58:20,695] {logging_mixin.py:115} INFO - [2023-03-30 11:58:20,695] {dagbag.py:507} INFO - Filling up the DagBag from /home/airflow/.local/lib/python3.7/site-packages/airflow/example_dags/tutorial_taskflow_api_etl.py
[2023-03-30 11:58:20,707] {processor.py:651} INFO - DAG(s) dict_keys(['tutorial_taskflow_api_etl']) retrieved from /home/airflow/.local/lib/python3.7/site-packages/airflow/example_dags/tutorial_taskflow_api_etl.py
[2023-03-30 11:58:20,810] {logging_mixin.py:115} INFO - [2023-03-30 11:58:20,810] {dag.py:2371} INFO - Sync 1 DAGs
[2023-03-30 11:58:20,983] {logging_mixin.py:115} INFO - [2023-03-30 11:58:20,983] {dag.py:2919} INFO - Setting next_dagrun for tutorial_taskflow_api_etl to None, run_after=None
[2023-03-30 11:58:21,008] {processor.py:161} INFO - Processing /home/airflow/.local/lib/python3.7/site-packages/airflow/example_dags/tutorial_taskflow_api_etl.py took 0.318 seconds
[2023-03-30 11:58:51,218] {processor.py:153} INFO - Started process (PID=2933) to work on /home/airflow/.local/lib/python3.7/site-packages/airflow/example_dags/tutorial_taskflow_api_etl.py
[2023-03-30 11:58:51,221] {processor.py:641} INFO - Processing file /home/airflow/.local/lib/python3.7/site-packages/airflow/example_dags/tutorial_taskflow_api_etl.py for tasks to queue
[2023-03-30 11:58:51,222] {logging_mixin.py:115} INFO - [2023-03-30 11:58:51,222] {dagbag.py:507} INFO - Filling up the DagBag from /home/airflow/.local/lib/python3.7/site-packages/airflow/example_dags/tutorial_taskflow_api_etl.py
[2023-03-30 11:58:51,236] {processor.py:651} INFO - DAG(s) dict_keys(['tutorial_taskflow_api_etl']) retrieved from /home/airflow/.local/lib/python3.7/site-packages/airflow/example_dags/tutorial_taskflow_api_etl.py
[2023-03-30 11:58:51,334] {logging_mixin.py:115} INFO - [2023-03-30 11:58:51,334] {dag.py:2371} INFO - Sync 1 DAGs
[2023-03-30 11:58:51,480] {logging_mixin.py:115} INFO - [2023-03-30 11:58:51,480] {dag.py:2919} INFO - Setting next_dagrun for tutorial_taskflow_api_etl to None, run_after=None
[2023-03-30 11:58:51,501] {processor.py:161} INFO - Processing /home/airflow/.local/lib/python3.7/site-packages/airflow/example_dags/tutorial_taskflow_api_etl.py took 0.285 seconds
[2023-03-30 11:59:22,012] {processor.py:153} INFO - Started process (PID=2993) to work on /home/airflow/.local/lib/python3.7/site-packages/airflow/example_dags/tutorial_taskflow_api_etl.py
[2023-03-30 11:59:22,013] {processor.py:641} INFO - Processing file /home/airflow/.local/lib/python3.7/site-packages/airflow/example_dags/tutorial_taskflow_api_etl.py for tasks to queue
[2023-03-30 11:59:22,014] {logging_mixin.py:115} INFO - [2023-03-30 11:59:22,014] {dagbag.py:507} INFO - Filling up the DagBag from /home/airflow/.local/lib/python3.7/site-packages/airflow/example_dags/tutorial_taskflow_api_etl.py
[2023-03-30 11:59:22,026] {processor.py:651} INFO - DAG(s) dict_keys(['tutorial_taskflow_api_etl']) retrieved from /home/airflow/.local/lib/python3.7/site-packages/airflow/example_dags/tutorial_taskflow_api_etl.py
[2023-03-30 11:59:22,135] {logging_mixin.py:115} INFO - [2023-03-30 11:59:22,135] {dag.py:2371} INFO - Sync 1 DAGs
[2023-03-30 11:59:22,283] {logging_mixin.py:115} INFO - [2023-03-30 11:59:22,282] {dag.py:2919} INFO - Setting next_dagrun for tutorial_taskflow_api_etl to None, run_after=None
[2023-03-30 11:59:22,305] {processor.py:161} INFO - Processing /home/airflow/.local/lib/python3.7/site-packages/airflow/example_dags/tutorial_taskflow_api_etl.py took 0.296 seconds
[2023-03-30 11:59:52,521] {processor.py:153} INFO - Started process (PID=3049) to work on /home/airflow/.local/lib/python3.7/site-packages/airflow/example_dags/tutorial_taskflow_api_etl.py
[2023-03-30 11:59:52,530] {processor.py:641} INFO - Processing file /home/airflow/.local/lib/python3.7/site-packages/airflow/example_dags/tutorial_taskflow_api_etl.py for tasks to queue
[2023-03-30 11:59:52,531] {logging_mixin.py:115} INFO - [2023-03-30 11:59:52,531] {dagbag.py:507} INFO - Filling up the DagBag from /home/airflow/.local/lib/python3.7/site-packages/airflow/example_dags/tutorial_taskflow_api_etl.py
[2023-03-30 11:59:52,543] {processor.py:651} INFO - DAG(s) dict_keys(['tutorial_taskflow_api_etl']) retrieved from /home/airflow/.local/lib/python3.7/site-packages/airflow/example_dags/tutorial_taskflow_api_etl.py
[2023-03-30 11:59:52,806] {logging_mixin.py:115} INFO - [2023-03-30 11:59:52,806] {dag.py:2371} INFO - Sync 1 DAGs
[2023-03-30 11:59:52,842] {logging_mixin.py:115} INFO - [2023-03-30 11:59:52,842] {dag.py:2919} INFO - Setting next_dagrun for tutorial_taskflow_api_etl to None, run_after=None
[2023-03-30 11:59:52,869] {processor.py:161} INFO - Processing /home/airflow/.local/lib/python3.7/site-packages/airflow/example_dags/tutorial_taskflow_api_etl.py took 0.350 seconds
[2023-03-30 12:00:22,956] {processor.py:153} INFO - Started process (PID=3112) to work on /home/airflow/.local/lib/python3.7/site-packages/airflow/example_dags/tutorial_taskflow_api_etl.py
[2023-03-30 12:00:22,957] {processor.py:641} INFO - Processing file /home/airflow/.local/lib/python3.7/site-packages/airflow/example_dags/tutorial_taskflow_api_etl.py for tasks to queue
[2023-03-30 12:00:22,958] {logging_mixin.py:115} INFO - [2023-03-30 12:00:22,958] {dagbag.py:507} INFO - Filling up the DagBag from /home/airflow/.local/lib/python3.7/site-packages/airflow/example_dags/tutorial_taskflow_api_etl.py
[2023-03-30 12:00:22,969] {processor.py:651} INFO - DAG(s) dict_keys(['tutorial_taskflow_api_etl']) retrieved from /home/airflow/.local/lib/python3.7/site-packages/airflow/example_dags/tutorial_taskflow_api_etl.py
[2023-03-30 12:00:23,214] {logging_mixin.py:115} INFO - [2023-03-30 12:00:23,214] {dag.py:2371} INFO - Sync 1 DAGs
[2023-03-30 12:00:23,249] {logging_mixin.py:115} INFO - [2023-03-30 12:00:23,249] {dag.py:2919} INFO - Setting next_dagrun for tutorial_taskflow_api_etl to None, run_after=None
[2023-03-30 12:00:23,277] {processor.py:161} INFO - Processing /home/airflow/.local/lib/python3.7/site-packages/airflow/example_dags/tutorial_taskflow_api_etl.py took 0.323 seconds
[2023-03-30 12:00:53,574] {processor.py:153} INFO - Started process (PID=3176) to work on /home/airflow/.local/lib/python3.7/site-packages/airflow/example_dags/tutorial_taskflow_api_etl.py
[2023-03-30 12:00:53,575] {processor.py:641} INFO - Processing file /home/airflow/.local/lib/python3.7/site-packages/airflow/example_dags/tutorial_taskflow_api_etl.py for tasks to queue
[2023-03-30 12:00:53,576] {logging_mixin.py:115} INFO - [2023-03-30 12:00:53,576] {dagbag.py:507} INFO - Filling up the DagBag from /home/airflow/.local/lib/python3.7/site-packages/airflow/example_dags/tutorial_taskflow_api_etl.py
[2023-03-30 12:00:53,588] {processor.py:651} INFO - DAG(s) dict_keys(['tutorial_taskflow_api_etl']) retrieved from /home/airflow/.local/lib/python3.7/site-packages/airflow/example_dags/tutorial_taskflow_api_etl.py
[2023-03-30 12:00:53,794] {logging_mixin.py:115} INFO - [2023-03-30 12:00:53,794] {dag.py:2371} INFO - Sync 1 DAGs
[2023-03-30 12:00:53,838] {logging_mixin.py:115} INFO - [2023-03-30 12:00:53,838] {dag.py:2919} INFO - Setting next_dagrun for tutorial_taskflow_api_etl to None, run_after=None
[2023-03-30 12:00:53,864] {processor.py:161} INFO - Processing /home/airflow/.local/lib/python3.7/site-packages/airflow/example_dags/tutorial_taskflow_api_etl.py took 0.293 seconds
[2023-03-30 12:01:24,129] {processor.py:153} INFO - Started process (PID=3238) to work on /home/airflow/.local/lib/python3.7/site-packages/airflow/example_dags/tutorial_taskflow_api_etl.py
[2023-03-30 12:01:24,131] {processor.py:641} INFO - Processing file /home/airflow/.local/lib/python3.7/site-packages/airflow/example_dags/tutorial_taskflow_api_etl.py for tasks to queue
[2023-03-30 12:01:24,131] {logging_mixin.py:115} INFO - [2023-03-30 12:01:24,131] {dagbag.py:507} INFO - Filling up the DagBag from /home/airflow/.local/lib/python3.7/site-packages/airflow/example_dags/tutorial_taskflow_api_etl.py
[2023-03-30 12:01:24,142] {processor.py:651} INFO - DAG(s) dict_keys(['tutorial_taskflow_api_etl']) retrieved from /home/airflow/.local/lib/python3.7/site-packages/airflow/example_dags/tutorial_taskflow_api_etl.py
[2023-03-30 12:01:24,341] {logging_mixin.py:115} INFO - [2023-03-30 12:01:24,341] {dag.py:2371} INFO - Sync 1 DAGs
[2023-03-30 12:01:24,386] {logging_mixin.py:115} INFO - [2023-03-30 12:01:24,385] {dag.py:2919} INFO - Setting next_dagrun for tutorial_taskflow_api_etl to None, run_after=None
[2023-03-30 12:01:24,406] {processor.py:161} INFO - Processing /home/airflow/.local/lib/python3.7/site-packages/airflow/example_dags/tutorial_taskflow_api_etl.py took 0.280 seconds
[2023-03-30 12:01:55,289] {processor.py:153} INFO - Started process (PID=3301) to work on /home/airflow/.local/lib/python3.7/site-packages/airflow/example_dags/tutorial_taskflow_api_etl.py
[2023-03-30 12:01:55,290] {processor.py:641} INFO - Processing file /home/airflow/.local/lib/python3.7/site-packages/airflow/example_dags/tutorial_taskflow_api_etl.py for tasks to queue
[2023-03-30 12:01:55,291] {logging_mixin.py:115} INFO - [2023-03-30 12:01:55,291] {dagbag.py:507} INFO - Filling up the DagBag from /home/airflow/.local/lib/python3.7/site-packages/airflow/example_dags/tutorial_taskflow_api_etl.py
[2023-03-30 12:01:55,305] {processor.py:651} INFO - DAG(s) dict_keys(['tutorial_taskflow_api_etl']) retrieved from /home/airflow/.local/lib/python3.7/site-packages/airflow/example_dags/tutorial_taskflow_api_etl.py
[2023-03-30 12:01:55,525] {logging_mixin.py:115} INFO - [2023-03-30 12:01:55,525] {dag.py:2371} INFO - Sync 1 DAGs
[2023-03-30 12:01:55,576] {logging_mixin.py:115} INFO - [2023-03-30 12:01:55,576] {dag.py:2919} INFO - Setting next_dagrun for tutorial_taskflow_api_etl to None, run_after=None
[2023-03-30 12:01:55,600] {processor.py:161} INFO - Processing /home/airflow/.local/lib/python3.7/site-packages/airflow/example_dags/tutorial_taskflow_api_etl.py took 0.315 seconds
[2023-03-30 12:02:25,862] {processor.py:153} INFO - Started process (PID=3355) to work on /home/airflow/.local/lib/python3.7/site-packages/airflow/example_dags/tutorial_taskflow_api_etl.py
[2023-03-30 12:02:25,864] {processor.py:641} INFO - Processing file /home/airflow/.local/lib/python3.7/site-packages/airflow/example_dags/tutorial_taskflow_api_etl.py for tasks to queue
[2023-03-30 12:02:25,864] {logging_mixin.py:115} INFO - [2023-03-30 12:02:25,864] {dagbag.py:507} INFO - Filling up the DagBag from /home/airflow/.local/lib/python3.7/site-packages/airflow/example_dags/tutorial_taskflow_api_etl.py
[2023-03-30 12:02:25,875] {processor.py:651} INFO - DAG(s) dict_keys(['tutorial_taskflow_api_etl']) retrieved from /home/airflow/.local/lib/python3.7/site-packages/airflow/example_dags/tutorial_taskflow_api_etl.py
[2023-03-30 12:02:26,073] {logging_mixin.py:115} INFO - [2023-03-30 12:02:26,073] {dag.py:2371} INFO - Sync 1 DAGs
[2023-03-30 12:02:26,117] {logging_mixin.py:115} INFO - [2023-03-30 12:02:26,117] {dag.py:2919} INFO - Setting next_dagrun for tutorial_taskflow_api_etl to None, run_after=None
[2023-03-30 12:02:26,138] {processor.py:161} INFO - Processing /home/airflow/.local/lib/python3.7/site-packages/airflow/example_dags/tutorial_taskflow_api_etl.py took 0.279 seconds
[2023-03-30 12:02:56,444] {processor.py:153} INFO - Started process (PID=3419) to work on /home/airflow/.local/lib/python3.7/site-packages/airflow/example_dags/tutorial_taskflow_api_etl.py
[2023-03-30 12:02:56,445] {processor.py:641} INFO - Processing file /home/airflow/.local/lib/python3.7/site-packages/airflow/example_dags/tutorial_taskflow_api_etl.py for tasks to queue
[2023-03-30 12:02:56,445] {logging_mixin.py:115} INFO - [2023-03-30 12:02:56,445] {dagbag.py:507} INFO - Filling up the DagBag from /home/airflow/.local/lib/python3.7/site-packages/airflow/example_dags/tutorial_taskflow_api_etl.py
[2023-03-30 12:02:56,457] {processor.py:651} INFO - DAG(s) dict_keys(['tutorial_taskflow_api_etl']) retrieved from /home/airflow/.local/lib/python3.7/site-packages/airflow/example_dags/tutorial_taskflow_api_etl.py
[2023-03-30 12:02:56,701] {logging_mixin.py:115} INFO - [2023-03-30 12:02:56,701] {dag.py:2371} INFO - Sync 1 DAGs
[2023-03-30 12:02:56,736] {logging_mixin.py:115} INFO - [2023-03-30 12:02:56,736] {dag.py:2919} INFO - Setting next_dagrun for tutorial_taskflow_api_etl to None, run_after=None
[2023-03-30 12:02:56,762] {processor.py:161} INFO - Processing /home/airflow/.local/lib/python3.7/site-packages/airflow/example_dags/tutorial_taskflow_api_etl.py took 0.322 seconds
[2023-03-30 12:03:26,933] {processor.py:153} INFO - Started process (PID=3482) to work on /home/airflow/.local/lib/python3.7/site-packages/airflow/example_dags/tutorial_taskflow_api_etl.py
[2023-03-30 12:03:26,935] {processor.py:641} INFO - Processing file /home/airflow/.local/lib/python3.7/site-packages/airflow/example_dags/tutorial_taskflow_api_etl.py for tasks to queue
[2023-03-30 12:03:26,936] {logging_mixin.py:115} INFO - [2023-03-30 12:03:26,936] {dagbag.py:507} INFO - Filling up the DagBag from /home/airflow/.local/lib/python3.7/site-packages/airflow/example_dags/tutorial_taskflow_api_etl.py
[2023-03-30 12:03:26,947] {processor.py:651} INFO - DAG(s) dict_keys(['tutorial_taskflow_api_etl']) retrieved from /home/airflow/.local/lib/python3.7/site-packages/airflow/example_dags/tutorial_taskflow_api_etl.py
[2023-03-30 12:03:27,148] {logging_mixin.py:115} INFO - [2023-03-30 12:03:27,148] {dag.py:2371} INFO - Sync 1 DAGs
[2023-03-30 12:03:27,196] {logging_mixin.py:115} INFO - [2023-03-30 12:03:27,196] {dag.py:2919} INFO - Setting next_dagrun for tutorial_taskflow_api_etl to None, run_after=None
[2023-03-30 12:03:27,219] {processor.py:161} INFO - Processing /home/airflow/.local/lib/python3.7/site-packages/airflow/example_dags/tutorial_taskflow_api_etl.py took 0.288 seconds
[2023-03-30 12:03:57,457] {processor.py:153} INFO - Started process (PID=3545) to work on /home/airflow/.local/lib/python3.7/site-packages/airflow/example_dags/tutorial_taskflow_api_etl.py
[2023-03-30 12:03:57,458] {processor.py:641} INFO - Processing file /home/airflow/.local/lib/python3.7/site-packages/airflow/example_dags/tutorial_taskflow_api_etl.py for tasks to queue
[2023-03-30 12:03:57,459] {logging_mixin.py:115} INFO - [2023-03-30 12:03:57,459] {dagbag.py:507} INFO - Filling up the DagBag from /home/airflow/.local/lib/python3.7/site-packages/airflow/example_dags/tutorial_taskflow_api_etl.py
[2023-03-30 12:03:57,470] {processor.py:651} INFO - DAG(s) dict_keys(['tutorial_taskflow_api_etl']) retrieved from /home/airflow/.local/lib/python3.7/site-packages/airflow/example_dags/tutorial_taskflow_api_etl.py
[2023-03-30 12:03:57,672] {logging_mixin.py:115} INFO - [2023-03-30 12:03:57,672] {dag.py:2371} INFO - Sync 1 DAGs
[2023-03-30 12:03:57,717] {logging_mixin.py:115} INFO - [2023-03-30 12:03:57,717] {dag.py:2919} INFO - Setting next_dagrun for tutorial_taskflow_api_etl to None, run_after=None
[2023-03-30 12:03:57,739] {processor.py:161} INFO - Processing /home/airflow/.local/lib/python3.7/site-packages/airflow/example_dags/tutorial_taskflow_api_etl.py took 0.285 seconds
[2023-03-30 12:04:28,097] {processor.py:153} INFO - Started process (PID=3608) to work on /home/airflow/.local/lib/python3.7/site-packages/airflow/example_dags/tutorial_taskflow_api_etl.py
[2023-03-30 12:04:28,099] {processor.py:641} INFO - Processing file /home/airflow/.local/lib/python3.7/site-packages/airflow/example_dags/tutorial_taskflow_api_etl.py for tasks to queue
[2023-03-30 12:04:28,100] {logging_mixin.py:115} INFO - [2023-03-30 12:04:28,099] {dagbag.py:507} INFO - Filling up the DagBag from /home/airflow/.local/lib/python3.7/site-packages/airflow/example_dags/tutorial_taskflow_api_etl.py
[2023-03-30 12:04:28,111] {processor.py:651} INFO - DAG(s) dict_keys(['tutorial_taskflow_api_etl']) retrieved from /home/airflow/.local/lib/python3.7/site-packages/airflow/example_dags/tutorial_taskflow_api_etl.py
[2023-03-30 12:04:28,318] {logging_mixin.py:115} INFO - [2023-03-30 12:04:28,318] {dag.py:2371} INFO - Sync 1 DAGs
[2023-03-30 12:04:28,367] {logging_mixin.py:115} INFO - [2023-03-30 12:04:28,367] {dag.py:2919} INFO - Setting next_dagrun for tutorial_taskflow_api_etl to None, run_after=None
[2023-03-30 12:04:28,393] {processor.py:161} INFO - Processing /home/airflow/.local/lib/python3.7/site-packages/airflow/example_dags/tutorial_taskflow_api_etl.py took 0.298 seconds
[2023-03-30 12:04:58,735] {processor.py:153} INFO - Started process (PID=3662) to work on /home/airflow/.local/lib/python3.7/site-packages/airflow/example_dags/tutorial_taskflow_api_etl.py
[2023-03-30 12:04:58,736] {processor.py:641} INFO - Processing file /home/airflow/.local/lib/python3.7/site-packages/airflow/example_dags/tutorial_taskflow_api_etl.py for tasks to queue
[2023-03-30 12:04:58,737] {logging_mixin.py:115} INFO - [2023-03-30 12:04:58,737] {dagbag.py:507} INFO - Filling up the DagBag from /home/airflow/.local/lib/python3.7/site-packages/airflow/example_dags/tutorial_taskflow_api_etl.py
[2023-03-30 12:04:58,749] {processor.py:651} INFO - DAG(s) dict_keys(['tutorial_taskflow_api_etl']) retrieved from /home/airflow/.local/lib/python3.7/site-packages/airflow/example_dags/tutorial_taskflow_api_etl.py
[2023-03-30 12:04:58,989] {logging_mixin.py:115} INFO - [2023-03-30 12:04:58,989] {dag.py:2371} INFO - Sync 1 DAGs
[2023-03-30 12:04:59,027] {logging_mixin.py:115} INFO - [2023-03-30 12:04:59,027] {dag.py:2919} INFO - Setting next_dagrun for tutorial_taskflow_api_etl to None, run_after=None
[2023-03-30 12:04:59,053] {processor.py:161} INFO - Processing /home/airflow/.local/lib/python3.7/site-packages/airflow/example_dags/tutorial_taskflow_api_etl.py took 0.322 seconds
[2023-03-30 12:05:29,293] {processor.py:153} INFO - Started process (PID=3725) to work on /home/airflow/.local/lib/python3.7/site-packages/airflow/example_dags/tutorial_taskflow_api_etl.py
[2023-03-30 12:05:29,294] {processor.py:641} INFO - Processing file /home/airflow/.local/lib/python3.7/site-packages/airflow/example_dags/tutorial_taskflow_api_etl.py for tasks to queue
[2023-03-30 12:05:29,295] {logging_mixin.py:115} INFO - [2023-03-30 12:05:29,295] {dagbag.py:507} INFO - Filling up the DagBag from /home/airflow/.local/lib/python3.7/site-packages/airflow/example_dags/tutorial_taskflow_api_etl.py
[2023-03-30 12:05:29,307] {processor.py:651} INFO - DAG(s) dict_keys(['tutorial_taskflow_api_etl']) retrieved from /home/airflow/.local/lib/python3.7/site-packages/airflow/example_dags/tutorial_taskflow_api_etl.py
[2023-03-30 12:05:29,504] {logging_mixin.py:115} INFO - [2023-03-30 12:05:29,504] {dag.py:2371} INFO - Sync 1 DAGs
[2023-03-30 12:05:29,547] {logging_mixin.py:115} INFO - [2023-03-30 12:05:29,547] {dag.py:2919} INFO - Setting next_dagrun for tutorial_taskflow_api_etl to None, run_after=None
[2023-03-30 12:05:29,569] {processor.py:161} INFO - Processing /home/airflow/.local/lib/python3.7/site-packages/airflow/example_dags/tutorial_taskflow_api_etl.py took 0.279 seconds
[2023-03-30 12:06:00,284] {processor.py:153} INFO - Started process (PID=3788) to work on /home/airflow/.local/lib/python3.7/site-packages/airflow/example_dags/tutorial_taskflow_api_etl.py
[2023-03-30 12:06:00,285] {processor.py:641} INFO - Processing file /home/airflow/.local/lib/python3.7/site-packages/airflow/example_dags/tutorial_taskflow_api_etl.py for tasks to queue
[2023-03-30 12:06:00,286] {logging_mixin.py:115} INFO - [2023-03-30 12:06:00,286] {dagbag.py:507} INFO - Filling up the DagBag from /home/airflow/.local/lib/python3.7/site-packages/airflow/example_dags/tutorial_taskflow_api_etl.py
[2023-03-30 12:06:00,299] {processor.py:651} INFO - DAG(s) dict_keys(['tutorial_taskflow_api_etl']) retrieved from /home/airflow/.local/lib/python3.7/site-packages/airflow/example_dags/tutorial_taskflow_api_etl.py
[2023-03-30 12:06:00,503] {logging_mixin.py:115} INFO - [2023-03-30 12:06:00,503] {dag.py:2371} INFO - Sync 1 DAGs
[2023-03-30 12:06:00,552] {logging_mixin.py:115} INFO - [2023-03-30 12:06:00,551] {dag.py:2919} INFO - Setting next_dagrun for tutorial_taskflow_api_etl to None, run_after=None
[2023-03-30 12:06:00,572] {processor.py:161} INFO - Processing /home/airflow/.local/lib/python3.7/site-packages/airflow/example_dags/tutorial_taskflow_api_etl.py took 0.291 seconds
[2023-03-30 12:06:31,447] {processor.py:153} INFO - Started process (PID=3851) to work on /home/airflow/.local/lib/python3.7/site-packages/airflow/example_dags/tutorial_taskflow_api_etl.py
[2023-03-30 12:06:31,449] {processor.py:641} INFO - Processing file /home/airflow/.local/lib/python3.7/site-packages/airflow/example_dags/tutorial_taskflow_api_etl.py for tasks to queue
[2023-03-30 12:06:31,450] {logging_mixin.py:115} INFO - [2023-03-30 12:06:31,450] {dagbag.py:507} INFO - Filling up the DagBag from /home/airflow/.local/lib/python3.7/site-packages/airflow/example_dags/tutorial_taskflow_api_etl.py
[2023-03-30 12:06:31,462] {processor.py:651} INFO - DAG(s) dict_keys(['tutorial_taskflow_api_etl']) retrieved from /home/airflow/.local/lib/python3.7/site-packages/airflow/example_dags/tutorial_taskflow_api_etl.py
[2023-03-30 12:06:31,659] {logging_mixin.py:115} INFO - [2023-03-30 12:06:31,659] {dag.py:2371} INFO - Sync 1 DAGs
[2023-03-30 12:06:31,700] {logging_mixin.py:115} INFO - [2023-03-30 12:06:31,700] {dag.py:2919} INFO - Setting next_dagrun for tutorial_taskflow_api_etl to None, run_after=None
[2023-03-30 12:06:31,719] {processor.py:161} INFO - Processing /home/airflow/.local/lib/python3.7/site-packages/airflow/example_dags/tutorial_taskflow_api_etl.py took 0.275 seconds
[2023-03-30 12:07:02,199] {processor.py:153} INFO - Started process (PID=3914) to work on /home/airflow/.local/lib/python3.7/site-packages/airflow/example_dags/tutorial_taskflow_api_etl.py
[2023-03-30 12:07:02,201] {processor.py:641} INFO - Processing file /home/airflow/.local/lib/python3.7/site-packages/airflow/example_dags/tutorial_taskflow_api_etl.py for tasks to queue
[2023-03-30 12:07:02,201] {logging_mixin.py:115} INFO - [2023-03-30 12:07:02,201] {dagbag.py:507} INFO - Filling up the DagBag from /home/airflow/.local/lib/python3.7/site-packages/airflow/example_dags/tutorial_taskflow_api_etl.py
[2023-03-30 12:07:02,216] {processor.py:651} INFO - DAG(s) dict_keys(['tutorial_taskflow_api_etl']) retrieved from /home/airflow/.local/lib/python3.7/site-packages/airflow/example_dags/tutorial_taskflow_api_etl.py
[2023-03-30 12:07:02,417] {logging_mixin.py:115} INFO - [2023-03-30 12:07:02,417] {dag.py:2371} INFO - Sync 1 DAGs
[2023-03-30 12:07:02,460] {logging_mixin.py:115} INFO - [2023-03-30 12:07:02,460] {dag.py:2919} INFO - Setting next_dagrun for tutorial_taskflow_api_etl to None, run_after=None
[2023-03-30 12:07:02,481] {processor.py:161} INFO - Processing /home/airflow/.local/lib/python3.7/site-packages/airflow/example_dags/tutorial_taskflow_api_etl.py took 0.284 seconds
[2023-03-30 12:07:32,790] {processor.py:153} INFO - Started process (PID=3968) to work on /home/airflow/.local/lib/python3.7/site-packages/airflow/example_dags/tutorial_taskflow_api_etl.py
[2023-03-30 12:07:32,791] {processor.py:641} INFO - Processing file /home/airflow/.local/lib/python3.7/site-packages/airflow/example_dags/tutorial_taskflow_api_etl.py for tasks to queue
[2023-03-30 12:07:32,792] {logging_mixin.py:115} INFO - [2023-03-30 12:07:32,792] {dagbag.py:507} INFO - Filling up the DagBag from /home/airflow/.local/lib/python3.7/site-packages/airflow/example_dags/tutorial_taskflow_api_etl.py
[2023-03-30 12:07:32,805] {processor.py:651} INFO - DAG(s) dict_keys(['tutorial_taskflow_api_etl']) retrieved from /home/airflow/.local/lib/python3.7/site-packages/airflow/example_dags/tutorial_taskflow_api_etl.py
[2023-03-30 12:07:33,009] {logging_mixin.py:115} INFO - [2023-03-30 12:07:33,009] {dag.py:2371} INFO - Sync 1 DAGs
[2023-03-30 12:07:33,056] {logging_mixin.py:115} INFO - [2023-03-30 12:07:33,055] {dag.py:2919} INFO - Setting next_dagrun for tutorial_taskflow_api_etl to None, run_after=None
[2023-03-30 12:07:33,077] {processor.py:161} INFO - Processing /home/airflow/.local/lib/python3.7/site-packages/airflow/example_dags/tutorial_taskflow_api_etl.py took 0.290 seconds
