[2023-03-30 11:34:49,214] {processor.py:153} INFO - Started process (PID=61) to work on /home/airflow/.local/lib/python3.7/site-packages/airflow/example_dags/tutorial.py
[2023-03-30 11:34:49,217] {processor.py:641} INFO - Processing file /home/airflow/.local/lib/python3.7/site-packages/airflow/example_dags/tutorial.py for tasks to queue
[2023-03-30 11:34:49,218] {logging_mixin.py:115} INFO - [2023-03-30 11:34:49,218] {dagbag.py:507} INFO - Filling up the DagBag from /home/airflow/.local/lib/python3.7/site-packages/airflow/example_dags/tutorial.py
[2023-03-30 11:34:49,228] {processor.py:651} INFO - DAG(s) dict_keys(['tutorial']) retrieved from /home/airflow/.local/lib/python3.7/site-packages/airflow/example_dags/tutorial.py
[2023-03-30 11:34:49,505] {logging_mixin.py:115} INFO - [2023-03-30 11:34:49,505] {manager.py:508} INFO - Created Permission View: can read on DAG:tutorial
[2023-03-30 11:34:49,518] {logging_mixin.py:115} INFO - [2023-03-30 11:34:49,518] {manager.py:508} INFO - Created Permission View: can delete on DAG:tutorial
[2023-03-30 11:34:49,529] {logging_mixin.py:115} INFO - [2023-03-30 11:34:49,529] {manager.py:508} INFO - Created Permission View: can edit on DAG:tutorial
[2023-03-30 11:34:49,530] {logging_mixin.py:115} INFO - [2023-03-30 11:34:49,530] {dag.py:2371} INFO - Sync 1 DAGs
[2023-03-30 11:34:49,539] {logging_mixin.py:115} INFO - [2023-03-30 11:34:49,539] {dag.py:2390} INFO - Creating ORM DAG for tutorial
[2023-03-30 11:34:49,567] {logging_mixin.py:115} INFO - [2023-03-30 11:34:49,567] {dag.py:2919} INFO - Setting next_dagrun for tutorial to 2023-03-29T11:34:49.567039+00:00, run_after=2023-03-30T11:34:49.567039+00:00
[2023-03-30 11:34:49,588] {processor.py:161} INFO - Processing /home/airflow/.local/lib/python3.7/site-packages/airflow/example_dags/tutorial.py took 0.377 seconds
[2023-03-30 11:35:19,725] {processor.py:153} INFO - Started process (PID=124) to work on /home/airflow/.local/lib/python3.7/site-packages/airflow/example_dags/tutorial.py
[2023-03-30 11:35:19,726] {processor.py:641} INFO - Processing file /home/airflow/.local/lib/python3.7/site-packages/airflow/example_dags/tutorial.py for tasks to queue
[2023-03-30 11:35:19,727] {logging_mixin.py:115} INFO - [2023-03-30 11:35:19,727] {dagbag.py:507} INFO - Filling up the DagBag from /home/airflow/.local/lib/python3.7/site-packages/airflow/example_dags/tutorial.py
[2023-03-30 11:35:19,732] {processor.py:651} INFO - DAG(s) dict_keys(['tutorial']) retrieved from /home/airflow/.local/lib/python3.7/site-packages/airflow/example_dags/tutorial.py
[2023-03-30 11:35:19,861] {logging_mixin.py:115} INFO - [2023-03-30 11:35:19,861] {dag.py:2371} INFO - Sync 1 DAGs
[2023-03-30 11:35:19,915] {logging_mixin.py:115} INFO - [2023-03-30 11:35:19,915] {dag.py:2919} INFO - Setting next_dagrun for tutorial to 2023-03-29T11:35:19.915615+00:00, run_after=2023-03-30T11:35:19.915615+00:00
[2023-03-30 11:35:19,944] {processor.py:161} INFO - Processing /home/airflow/.local/lib/python3.7/site-packages/airflow/example_dags/tutorial.py took 0.222 seconds
[2023-03-30 11:35:50,810] {processor.py:153} INFO - Started process (PID=178) to work on /home/airflow/.local/lib/python3.7/site-packages/airflow/example_dags/tutorial.py
[2023-03-30 11:35:50,811] {processor.py:641} INFO - Processing file /home/airflow/.local/lib/python3.7/site-packages/airflow/example_dags/tutorial.py for tasks to queue
[2023-03-30 11:35:50,812] {logging_mixin.py:115} INFO - [2023-03-30 11:35:50,812] {dagbag.py:507} INFO - Filling up the DagBag from /home/airflow/.local/lib/python3.7/site-packages/airflow/example_dags/tutorial.py
[2023-03-30 11:35:50,817] {processor.py:651} INFO - DAG(s) dict_keys(['tutorial']) retrieved from /home/airflow/.local/lib/python3.7/site-packages/airflow/example_dags/tutorial.py
[2023-03-30 11:35:50,916] {logging_mixin.py:115} INFO - [2023-03-30 11:35:50,916] {dag.py:2371} INFO - Sync 1 DAGs
[2023-03-30 11:35:50,965] {logging_mixin.py:115} INFO - [2023-03-30 11:35:50,965] {dag.py:2919} INFO - Setting next_dagrun for tutorial to 2023-03-29T11:35:50.964773+00:00, run_after=2023-03-30T11:35:50.964773+00:00
[2023-03-30 11:35:50,992] {processor.py:161} INFO - Processing /home/airflow/.local/lib/python3.7/site-packages/airflow/example_dags/tutorial.py took 0.185 seconds
[2023-03-30 11:36:21,715] {processor.py:153} INFO - Started process (PID=241) to work on /home/airflow/.local/lib/python3.7/site-packages/airflow/example_dags/tutorial.py
[2023-03-30 11:36:21,716] {processor.py:641} INFO - Processing file /home/airflow/.local/lib/python3.7/site-packages/airflow/example_dags/tutorial.py for tasks to queue
[2023-03-30 11:36:21,716] {logging_mixin.py:115} INFO - [2023-03-30 11:36:21,716] {dagbag.py:507} INFO - Filling up the DagBag from /home/airflow/.local/lib/python3.7/site-packages/airflow/example_dags/tutorial.py
[2023-03-30 11:36:21,721] {processor.py:651} INFO - DAG(s) dict_keys(['tutorial']) retrieved from /home/airflow/.local/lib/python3.7/site-packages/airflow/example_dags/tutorial.py
[2023-03-30 11:36:21,823] {logging_mixin.py:115} INFO - [2023-03-30 11:36:21,823] {dag.py:2371} INFO - Sync 1 DAGs
[2023-03-30 11:36:21,872] {logging_mixin.py:115} INFO - [2023-03-30 11:36:21,872] {dag.py:2919} INFO - Setting next_dagrun for tutorial to 2023-03-29T11:36:21.872531+00:00, run_after=2023-03-30T11:36:21.872531+00:00
[2023-03-30 11:36:21,897] {processor.py:161} INFO - Processing /home/airflow/.local/lib/python3.7/site-packages/airflow/example_dags/tutorial.py took 0.185 seconds
[2023-03-30 11:36:52,502] {processor.py:153} INFO - Started process (PID=304) to work on /home/airflow/.local/lib/python3.7/site-packages/airflow/example_dags/tutorial.py
[2023-03-30 11:36:52,503] {processor.py:641} INFO - Processing file /home/airflow/.local/lib/python3.7/site-packages/airflow/example_dags/tutorial.py for tasks to queue
[2023-03-30 11:36:52,504] {logging_mixin.py:115} INFO - [2023-03-30 11:36:52,504] {dagbag.py:507} INFO - Filling up the DagBag from /home/airflow/.local/lib/python3.7/site-packages/airflow/example_dags/tutorial.py
[2023-03-30 11:36:52,508] {processor.py:651} INFO - DAG(s) dict_keys(['tutorial']) retrieved from /home/airflow/.local/lib/python3.7/site-packages/airflow/example_dags/tutorial.py
[2023-03-30 11:36:52,658] {logging_mixin.py:115} INFO - [2023-03-30 11:36:52,658] {dag.py:2371} INFO - Sync 1 DAGs
[2023-03-30 11:36:52,740] {logging_mixin.py:115} INFO - [2023-03-30 11:36:52,740] {dag.py:2919} INFO - Setting next_dagrun for tutorial to 2023-03-29T11:36:52.739764+00:00, run_after=2023-03-30T11:36:52.739764+00:00
[2023-03-30 11:36:52,848] {processor.py:161} INFO - Processing /home/airflow/.local/lib/python3.7/site-packages/airflow/example_dags/tutorial.py took 0.349 seconds
[2023-03-30 11:37:23,464] {processor.py:153} INFO - Started process (PID=367) to work on /home/airflow/.local/lib/python3.7/site-packages/airflow/example_dags/tutorial.py
[2023-03-30 11:37:23,465] {processor.py:641} INFO - Processing file /home/airflow/.local/lib/python3.7/site-packages/airflow/example_dags/tutorial.py for tasks to queue
[2023-03-30 11:37:23,466] {logging_mixin.py:115} INFO - [2023-03-30 11:37:23,466] {dagbag.py:507} INFO - Filling up the DagBag from /home/airflow/.local/lib/python3.7/site-packages/airflow/example_dags/tutorial.py
[2023-03-30 11:37:23,471] {processor.py:651} INFO - DAG(s) dict_keys(['tutorial']) retrieved from /home/airflow/.local/lib/python3.7/site-packages/airflow/example_dags/tutorial.py
[2023-03-30 11:37:23,573] {logging_mixin.py:115} INFO - [2023-03-30 11:37:23,573] {dag.py:2371} INFO - Sync 1 DAGs
[2023-03-30 11:37:23,620] {logging_mixin.py:115} INFO - [2023-03-30 11:37:23,620] {dag.py:2919} INFO - Setting next_dagrun for tutorial to 2023-03-29T11:37:23.620551+00:00, run_after=2023-03-30T11:37:23.620551+00:00
[2023-03-30 11:37:23,646] {processor.py:161} INFO - Processing /home/airflow/.local/lib/python3.7/site-packages/airflow/example_dags/tutorial.py took 0.185 seconds
[2023-03-30 11:37:54,208] {processor.py:153} INFO - Started process (PID=430) to work on /home/airflow/.local/lib/python3.7/site-packages/airflow/example_dags/tutorial.py
[2023-03-30 11:37:54,209] {processor.py:641} INFO - Processing file /home/airflow/.local/lib/python3.7/site-packages/airflow/example_dags/tutorial.py for tasks to queue
[2023-03-30 11:37:54,210] {logging_mixin.py:115} INFO - [2023-03-30 11:37:54,210] {dagbag.py:507} INFO - Filling up the DagBag from /home/airflow/.local/lib/python3.7/site-packages/airflow/example_dags/tutorial.py
[2023-03-30 11:37:54,215] {processor.py:651} INFO - DAG(s) dict_keys(['tutorial']) retrieved from /home/airflow/.local/lib/python3.7/site-packages/airflow/example_dags/tutorial.py
[2023-03-30 11:37:54,314] {logging_mixin.py:115} INFO - [2023-03-30 11:37:54,314] {dag.py:2371} INFO - Sync 1 DAGs
[2023-03-30 11:37:54,363] {logging_mixin.py:115} INFO - [2023-03-30 11:37:54,363] {dag.py:2919} INFO - Setting next_dagrun for tutorial to 2023-03-29T11:37:54.363624+00:00, run_after=2023-03-30T11:37:54.363624+00:00
[2023-03-30 11:37:54,391] {processor.py:161} INFO - Processing /home/airflow/.local/lib/python3.7/site-packages/airflow/example_dags/tutorial.py took 0.186 seconds
[2023-03-30 11:38:24,740] {processor.py:153} INFO - Started process (PID=484) to work on /home/airflow/.local/lib/python3.7/site-packages/airflow/example_dags/tutorial.py
[2023-03-30 11:38:24,741] {processor.py:641} INFO - Processing file /home/airflow/.local/lib/python3.7/site-packages/airflow/example_dags/tutorial.py for tasks to queue
[2023-03-30 11:38:24,742] {logging_mixin.py:115} INFO - [2023-03-30 11:38:24,741] {dagbag.py:507} INFO - Filling up the DagBag from /home/airflow/.local/lib/python3.7/site-packages/airflow/example_dags/tutorial.py
[2023-03-30 11:38:24,746] {processor.py:651} INFO - DAG(s) dict_keys(['tutorial']) retrieved from /home/airflow/.local/lib/python3.7/site-packages/airflow/example_dags/tutorial.py
[2023-03-30 11:38:24,848] {logging_mixin.py:115} INFO - [2023-03-30 11:38:24,848] {dag.py:2371} INFO - Sync 1 DAGs
[2023-03-30 11:38:24,896] {logging_mixin.py:115} INFO - [2023-03-30 11:38:24,896] {dag.py:2919} INFO - Setting next_dagrun for tutorial to 2023-03-29T11:38:24.895938+00:00, run_after=2023-03-30T11:38:24.895938+00:00
[2023-03-30 11:38:24,923] {processor.py:161} INFO - Processing /home/airflow/.local/lib/python3.7/site-packages/airflow/example_dags/tutorial.py took 0.186 seconds
[2023-03-30 11:38:55,469] {processor.py:153} INFO - Started process (PID=547) to work on /home/airflow/.local/lib/python3.7/site-packages/airflow/example_dags/tutorial.py
[2023-03-30 11:38:55,470] {processor.py:641} INFO - Processing file /home/airflow/.local/lib/python3.7/site-packages/airflow/example_dags/tutorial.py for tasks to queue
[2023-03-30 11:38:55,471] {logging_mixin.py:115} INFO - [2023-03-30 11:38:55,471] {dagbag.py:507} INFO - Filling up the DagBag from /home/airflow/.local/lib/python3.7/site-packages/airflow/example_dags/tutorial.py
[2023-03-30 11:38:55,476] {processor.py:651} INFO - DAG(s) dict_keys(['tutorial']) retrieved from /home/airflow/.local/lib/python3.7/site-packages/airflow/example_dags/tutorial.py
[2023-03-30 11:38:55,578] {logging_mixin.py:115} INFO - [2023-03-30 11:38:55,578] {dag.py:2371} INFO - Sync 1 DAGs
[2023-03-30 11:38:55,625] {logging_mixin.py:115} INFO - [2023-03-30 11:38:55,625] {dag.py:2919} INFO - Setting next_dagrun for tutorial to 2023-03-29T11:38:55.625643+00:00, run_after=2023-03-30T11:38:55.625643+00:00
[2023-03-30 11:38:55,651] {processor.py:161} INFO - Processing /home/airflow/.local/lib/python3.7/site-packages/airflow/example_dags/tutorial.py took 0.185 seconds
[2023-03-30 11:39:26,060] {processor.py:153} INFO - Started process (PID=610) to work on /home/airflow/.local/lib/python3.7/site-packages/airflow/example_dags/tutorial.py
[2023-03-30 11:39:26,061] {processor.py:641} INFO - Processing file /home/airflow/.local/lib/python3.7/site-packages/airflow/example_dags/tutorial.py for tasks to queue
[2023-03-30 11:39:26,062] {logging_mixin.py:115} INFO - [2023-03-30 11:39:26,062] {dagbag.py:507} INFO - Filling up the DagBag from /home/airflow/.local/lib/python3.7/site-packages/airflow/example_dags/tutorial.py
[2023-03-30 11:39:26,067] {processor.py:651} INFO - DAG(s) dict_keys(['tutorial']) retrieved from /home/airflow/.local/lib/python3.7/site-packages/airflow/example_dags/tutorial.py
[2023-03-30 11:39:26,191] {logging_mixin.py:115} INFO - [2023-03-30 11:39:26,190] {dag.py:2371} INFO - Sync 1 DAGs
[2023-03-30 11:39:26,242] {logging_mixin.py:115} INFO - [2023-03-30 11:39:26,242] {dag.py:2919} INFO - Setting next_dagrun for tutorial to 2023-03-29T11:39:26.242557+00:00, run_after=2023-03-30T11:39:26.242557+00:00
[2023-03-30 11:39:26,271] {processor.py:161} INFO - Processing /home/airflow/.local/lib/python3.7/site-packages/airflow/example_dags/tutorial.py took 0.215 seconds
[2023-03-30 11:39:56,382] {processor.py:153} INFO - Started process (PID=672) to work on /home/airflow/.local/lib/python3.7/site-packages/airflow/example_dags/tutorial.py
[2023-03-30 11:39:56,382] {processor.py:641} INFO - Processing file /home/airflow/.local/lib/python3.7/site-packages/airflow/example_dags/tutorial.py for tasks to queue
[2023-03-30 11:39:56,383] {logging_mixin.py:115} INFO - [2023-03-30 11:39:56,383] {dagbag.py:507} INFO - Filling up the DagBag from /home/airflow/.local/lib/python3.7/site-packages/airflow/example_dags/tutorial.py
[2023-03-30 11:39:56,388] {processor.py:651} INFO - DAG(s) dict_keys(['tutorial']) retrieved from /home/airflow/.local/lib/python3.7/site-packages/airflow/example_dags/tutorial.py
[2023-03-30 11:39:56,492] {logging_mixin.py:115} INFO - [2023-03-30 11:39:56,492] {dag.py:2371} INFO - Sync 1 DAGs
[2023-03-30 11:39:56,540] {logging_mixin.py:115} INFO - [2023-03-30 11:39:56,540] {dag.py:2919} INFO - Setting next_dagrun for tutorial to 2023-03-29T11:39:56.539864+00:00, run_after=2023-03-30T11:39:56.539864+00:00
[2023-03-30 11:39:56,565] {processor.py:161} INFO - Processing /home/airflow/.local/lib/python3.7/site-packages/airflow/example_dags/tutorial.py took 0.186 seconds
[2023-03-30 11:40:26,901] {processor.py:153} INFO - Started process (PID=736) to work on /home/airflow/.local/lib/python3.7/site-packages/airflow/example_dags/tutorial.py
[2023-03-30 11:40:26,902] {processor.py:641} INFO - Processing file /home/airflow/.local/lib/python3.7/site-packages/airflow/example_dags/tutorial.py for tasks to queue
[2023-03-30 11:40:26,903] {logging_mixin.py:115} INFO - [2023-03-30 11:40:26,903] {dagbag.py:507} INFO - Filling up the DagBag from /home/airflow/.local/lib/python3.7/site-packages/airflow/example_dags/tutorial.py
[2023-03-30 11:40:26,908] {processor.py:651} INFO - DAG(s) dict_keys(['tutorial']) retrieved from /home/airflow/.local/lib/python3.7/site-packages/airflow/example_dags/tutorial.py
[2023-03-30 11:40:27,010] {logging_mixin.py:115} INFO - [2023-03-30 11:40:27,010] {dag.py:2371} INFO - Sync 1 DAGs
[2023-03-30 11:40:27,058] {logging_mixin.py:115} INFO - [2023-03-30 11:40:27,058] {dag.py:2919} INFO - Setting next_dagrun for tutorial to 2023-03-29T11:40:27.057801+00:00, run_after=2023-03-30T11:40:27.057801+00:00
[2023-03-30 11:40:27,083] {processor.py:161} INFO - Processing /home/airflow/.local/lib/python3.7/site-packages/airflow/example_dags/tutorial.py took 0.185 seconds
[2023-03-30 11:40:57,238] {processor.py:153} INFO - Started process (PID=789) to work on /home/airflow/.local/lib/python3.7/site-packages/airflow/example_dags/tutorial.py
[2023-03-30 11:40:57,239] {processor.py:641} INFO - Processing file /home/airflow/.local/lib/python3.7/site-packages/airflow/example_dags/tutorial.py for tasks to queue
[2023-03-30 11:40:57,240] {logging_mixin.py:115} INFO - [2023-03-30 11:40:57,240] {dagbag.py:507} INFO - Filling up the DagBag from /home/airflow/.local/lib/python3.7/site-packages/airflow/example_dags/tutorial.py
[2023-03-30 11:40:57,245] {processor.py:651} INFO - DAG(s) dict_keys(['tutorial']) retrieved from /home/airflow/.local/lib/python3.7/site-packages/airflow/example_dags/tutorial.py
[2023-03-30 11:40:57,346] {logging_mixin.py:115} INFO - [2023-03-30 11:40:57,346] {dag.py:2371} INFO - Sync 1 DAGs
[2023-03-30 11:40:57,394] {logging_mixin.py:115} INFO - [2023-03-30 11:40:57,394] {dag.py:2919} INFO - Setting next_dagrun for tutorial to 2023-03-29T11:40:57.393912+00:00, run_after=2023-03-30T11:40:57.393912+00:00
[2023-03-30 11:40:57,420] {processor.py:161} INFO - Processing /home/airflow/.local/lib/python3.7/site-packages/airflow/example_dags/tutorial.py took 0.185 seconds
[2023-03-30 11:41:27,653] {processor.py:153} INFO - Started process (PID=853) to work on /home/airflow/.local/lib/python3.7/site-packages/airflow/example_dags/tutorial.py
[2023-03-30 11:41:27,654] {processor.py:641} INFO - Processing file /home/airflow/.local/lib/python3.7/site-packages/airflow/example_dags/tutorial.py for tasks to queue
[2023-03-30 11:41:27,655] {logging_mixin.py:115} INFO - [2023-03-30 11:41:27,655] {dagbag.py:507} INFO - Filling up the DagBag from /home/airflow/.local/lib/python3.7/site-packages/airflow/example_dags/tutorial.py
[2023-03-30 11:41:27,660] {processor.py:651} INFO - DAG(s) dict_keys(['tutorial']) retrieved from /home/airflow/.local/lib/python3.7/site-packages/airflow/example_dags/tutorial.py
[2023-03-30 11:41:27,767] {logging_mixin.py:115} INFO - [2023-03-30 11:41:27,767] {dag.py:2371} INFO - Sync 1 DAGs
[2023-03-30 11:41:27,817] {logging_mixin.py:115} INFO - [2023-03-30 11:41:27,817] {dag.py:2919} INFO - Setting next_dagrun for tutorial to 2023-03-29T11:41:27.817598+00:00, run_after=2023-03-30T11:41:27.817598+00:00
[2023-03-30 11:41:27,843] {processor.py:161} INFO - Processing /home/airflow/.local/lib/python3.7/site-packages/airflow/example_dags/tutorial.py took 0.195 seconds
[2023-03-30 11:41:58,239] {processor.py:153} INFO - Started process (PID=916) to work on /home/airflow/.local/lib/python3.7/site-packages/airflow/example_dags/tutorial.py
[2023-03-30 11:41:58,240] {processor.py:641} INFO - Processing file /home/airflow/.local/lib/python3.7/site-packages/airflow/example_dags/tutorial.py for tasks to queue
[2023-03-30 11:41:58,240] {logging_mixin.py:115} INFO - [2023-03-30 11:41:58,240] {dagbag.py:507} INFO - Filling up the DagBag from /home/airflow/.local/lib/python3.7/site-packages/airflow/example_dags/tutorial.py
[2023-03-30 11:41:58,245] {processor.py:651} INFO - DAG(s) dict_keys(['tutorial']) retrieved from /home/airflow/.local/lib/python3.7/site-packages/airflow/example_dags/tutorial.py
[2023-03-30 11:41:58,344] {logging_mixin.py:115} INFO - [2023-03-30 11:41:58,344] {dag.py:2371} INFO - Sync 1 DAGs
[2023-03-30 11:41:58,392] {logging_mixin.py:115} INFO - [2023-03-30 11:41:58,392] {dag.py:2919} INFO - Setting next_dagrun for tutorial to 2023-03-29T11:41:58.391995+00:00, run_after=2023-03-30T11:41:58.391995+00:00
[2023-03-30 11:41:58,417] {processor.py:161} INFO - Processing /home/airflow/.local/lib/python3.7/site-packages/airflow/example_dags/tutorial.py took 0.181 seconds
[2023-03-30 11:42:28,712] {processor.py:153} INFO - Started process (PID=978) to work on /home/airflow/.local/lib/python3.7/site-packages/airflow/example_dags/tutorial.py
[2023-03-30 11:42:28,713] {processor.py:641} INFO - Processing file /home/airflow/.local/lib/python3.7/site-packages/airflow/example_dags/tutorial.py for tasks to queue
[2023-03-30 11:42:28,714] {logging_mixin.py:115} INFO - [2023-03-30 11:42:28,714] {dagbag.py:507} INFO - Filling up the DagBag from /home/airflow/.local/lib/python3.7/site-packages/airflow/example_dags/tutorial.py
[2023-03-30 11:42:28,718] {processor.py:651} INFO - DAG(s) dict_keys(['tutorial']) retrieved from /home/airflow/.local/lib/python3.7/site-packages/airflow/example_dags/tutorial.py
[2023-03-30 11:42:28,815] {logging_mixin.py:115} INFO - [2023-03-30 11:42:28,815] {dag.py:2371} INFO - Sync 1 DAGs
[2023-03-30 11:42:28,865] {logging_mixin.py:115} INFO - [2023-03-30 11:42:28,865] {dag.py:2919} INFO - Setting next_dagrun for tutorial to 2023-03-29T11:42:28.865280+00:00, run_after=2023-03-30T11:42:28.865280+00:00
[2023-03-30 11:42:28,892] {processor.py:161} INFO - Processing /home/airflow/.local/lib/python3.7/site-packages/airflow/example_dags/tutorial.py took 0.183 seconds
[2023-03-30 11:42:59,367] {processor.py:153} INFO - Started process (PID=1041) to work on /home/airflow/.local/lib/python3.7/site-packages/airflow/example_dags/tutorial.py
[2023-03-30 11:42:59,368] {processor.py:641} INFO - Processing file /home/airflow/.local/lib/python3.7/site-packages/airflow/example_dags/tutorial.py for tasks to queue
[2023-03-30 11:42:59,369] {logging_mixin.py:115} INFO - [2023-03-30 11:42:59,369] {dagbag.py:507} INFO - Filling up the DagBag from /home/airflow/.local/lib/python3.7/site-packages/airflow/example_dags/tutorial.py
[2023-03-30 11:42:59,373] {processor.py:651} INFO - DAG(s) dict_keys(['tutorial']) retrieved from /home/airflow/.local/lib/python3.7/site-packages/airflow/example_dags/tutorial.py
[2023-03-30 11:42:59,474] {logging_mixin.py:115} INFO - [2023-03-30 11:42:59,474] {dag.py:2371} INFO - Sync 1 DAGs
[2023-03-30 11:42:59,525] {logging_mixin.py:115} INFO - [2023-03-30 11:42:59,525] {dag.py:2919} INFO - Setting next_dagrun for tutorial to 2023-03-29T11:42:59.524738+00:00, run_after=2023-03-30T11:42:59.524738+00:00
[2023-03-30 11:42:59,549] {processor.py:161} INFO - Processing /home/airflow/.local/lib/python3.7/site-packages/airflow/example_dags/tutorial.py took 0.185 seconds
[2023-03-30 11:43:29,985] {processor.py:153} INFO - Started process (PID=1095) to work on /home/airflow/.local/lib/python3.7/site-packages/airflow/example_dags/tutorial.py
[2023-03-30 11:43:29,986] {processor.py:641} INFO - Processing file /home/airflow/.local/lib/python3.7/site-packages/airflow/example_dags/tutorial.py for tasks to queue
[2023-03-30 11:43:29,987] {logging_mixin.py:115} INFO - [2023-03-30 11:43:29,987] {dagbag.py:507} INFO - Filling up the DagBag from /home/airflow/.local/lib/python3.7/site-packages/airflow/example_dags/tutorial.py
[2023-03-30 11:43:29,991] {processor.py:651} INFO - DAG(s) dict_keys(['tutorial']) retrieved from /home/airflow/.local/lib/python3.7/site-packages/airflow/example_dags/tutorial.py
[2023-03-30 11:43:30,093] {logging_mixin.py:115} INFO - [2023-03-30 11:43:30,093] {dag.py:2371} INFO - Sync 1 DAGs
[2023-03-30 11:43:30,141] {logging_mixin.py:115} INFO - [2023-03-30 11:43:30,140] {dag.py:2919} INFO - Setting next_dagrun for tutorial to 2023-03-29T11:43:30.140733+00:00, run_after=2023-03-30T11:43:30.140733+00:00
[2023-03-30 11:43:30,167] {processor.py:161} INFO - Processing /home/airflow/.local/lib/python3.7/site-packages/airflow/example_dags/tutorial.py took 0.185 seconds
[2023-03-30 11:44:00,618] {processor.py:153} INFO - Started process (PID=1158) to work on /home/airflow/.local/lib/python3.7/site-packages/airflow/example_dags/tutorial.py
[2023-03-30 11:44:00,619] {processor.py:641} INFO - Processing file /home/airflow/.local/lib/python3.7/site-packages/airflow/example_dags/tutorial.py for tasks to queue
[2023-03-30 11:44:00,620] {logging_mixin.py:115} INFO - [2023-03-30 11:44:00,620] {dagbag.py:507} INFO - Filling up the DagBag from /home/airflow/.local/lib/python3.7/site-packages/airflow/example_dags/tutorial.py
[2023-03-30 11:44:00,625] {processor.py:651} INFO - DAG(s) dict_keys(['tutorial']) retrieved from /home/airflow/.local/lib/python3.7/site-packages/airflow/example_dags/tutorial.py
[2023-03-30 11:44:00,728] {logging_mixin.py:115} INFO - [2023-03-30 11:44:00,728] {dag.py:2371} INFO - Sync 1 DAGs
[2023-03-30 11:44:00,775] {logging_mixin.py:115} INFO - [2023-03-30 11:44:00,775] {dag.py:2919} INFO - Setting next_dagrun for tutorial to 2023-03-29T11:44:00.774953+00:00, run_after=2023-03-30T11:44:00.774953+00:00
[2023-03-30 11:44:00,800] {processor.py:161} INFO - Processing /home/airflow/.local/lib/python3.7/site-packages/airflow/example_dags/tutorial.py took 0.184 seconds
[2023-03-30 11:44:31,296] {processor.py:153} INFO - Started process (PID=1221) to work on /home/airflow/.local/lib/python3.7/site-packages/airflow/example_dags/tutorial.py
[2023-03-30 11:44:31,297] {processor.py:641} INFO - Processing file /home/airflow/.local/lib/python3.7/site-packages/airflow/example_dags/tutorial.py for tasks to queue
[2023-03-30 11:44:31,298] {logging_mixin.py:115} INFO - [2023-03-30 11:44:31,298] {dagbag.py:507} INFO - Filling up the DagBag from /home/airflow/.local/lib/python3.7/site-packages/airflow/example_dags/tutorial.py
[2023-03-30 11:44:31,303] {processor.py:651} INFO - DAG(s) dict_keys(['tutorial']) retrieved from /home/airflow/.local/lib/python3.7/site-packages/airflow/example_dags/tutorial.py
[2023-03-30 11:44:31,407] {logging_mixin.py:115} INFO - [2023-03-30 11:44:31,407] {dag.py:2371} INFO - Sync 1 DAGs
[2023-03-30 11:44:31,458] {logging_mixin.py:115} INFO - [2023-03-30 11:44:31,457] {dag.py:2919} INFO - Setting next_dagrun for tutorial to 2023-03-29T11:44:31.457678+00:00, run_after=2023-03-30T11:44:31.457678+00:00
[2023-03-30 11:44:31,483] {processor.py:161} INFO - Processing /home/airflow/.local/lib/python3.7/site-packages/airflow/example_dags/tutorial.py took 0.190 seconds
[2023-03-30 11:45:02,082] {processor.py:153} INFO - Started process (PID=1284) to work on /home/airflow/.local/lib/python3.7/site-packages/airflow/example_dags/tutorial.py
[2023-03-30 11:45:02,083] {processor.py:641} INFO - Processing file /home/airflow/.local/lib/python3.7/site-packages/airflow/example_dags/tutorial.py for tasks to queue
[2023-03-30 11:45:02,084] {logging_mixin.py:115} INFO - [2023-03-30 11:45:02,084] {dagbag.py:507} INFO - Filling up the DagBag from /home/airflow/.local/lib/python3.7/site-packages/airflow/example_dags/tutorial.py
[2023-03-30 11:45:02,088] {processor.py:651} INFO - DAG(s) dict_keys(['tutorial']) retrieved from /home/airflow/.local/lib/python3.7/site-packages/airflow/example_dags/tutorial.py
[2023-03-30 11:45:02,189] {logging_mixin.py:115} INFO - [2023-03-30 11:45:02,189] {dag.py:2371} INFO - Sync 1 DAGs
[2023-03-30 11:45:02,237] {logging_mixin.py:115} INFO - [2023-03-30 11:45:02,236] {dag.py:2919} INFO - Setting next_dagrun for tutorial to 2023-03-29T11:45:02.236738+00:00, run_after=2023-03-30T11:45:02.236738+00:00
[2023-03-30 11:45:02,263] {processor.py:161} INFO - Processing /home/airflow/.local/lib/python3.7/site-packages/airflow/example_dags/tutorial.py took 0.184 seconds
[2023-03-30 11:45:32,530] {processor.py:153} INFO - Started process (PID=1347) to work on /home/airflow/.local/lib/python3.7/site-packages/airflow/example_dags/tutorial.py
[2023-03-30 11:45:32,531] {processor.py:641} INFO - Processing file /home/airflow/.local/lib/python3.7/site-packages/airflow/example_dags/tutorial.py for tasks to queue
[2023-03-30 11:45:32,532] {logging_mixin.py:115} INFO - [2023-03-30 11:45:32,532] {dagbag.py:507} INFO - Filling up the DagBag from /home/airflow/.local/lib/python3.7/site-packages/airflow/example_dags/tutorial.py
[2023-03-30 11:45:32,537] {processor.py:651} INFO - DAG(s) dict_keys(['tutorial']) retrieved from /home/airflow/.local/lib/python3.7/site-packages/airflow/example_dags/tutorial.py
[2023-03-30 11:45:32,637] {logging_mixin.py:115} INFO - [2023-03-30 11:45:32,637] {dag.py:2371} INFO - Sync 1 DAGs
[2023-03-30 11:45:32,687] {logging_mixin.py:115} INFO - [2023-03-30 11:45:32,687] {dag.py:2919} INFO - Setting next_dagrun for tutorial to 2023-03-29T11:45:32.687449+00:00, run_after=2023-03-30T11:45:32.687449+00:00
[2023-03-30 11:45:32,714] {processor.py:161} INFO - Processing /home/airflow/.local/lib/python3.7/site-packages/airflow/example_dags/tutorial.py took 0.186 seconds
[2023-03-30 11:46:03,530] {processor.py:153} INFO - Started process (PID=1401) to work on /home/airflow/.local/lib/python3.7/site-packages/airflow/example_dags/tutorial.py
[2023-03-30 11:46:03,534] {processor.py:641} INFO - Processing file /home/airflow/.local/lib/python3.7/site-packages/airflow/example_dags/tutorial.py for tasks to queue
[2023-03-30 11:46:03,535] {logging_mixin.py:115} INFO - [2023-03-30 11:46:03,535] {dagbag.py:507} INFO - Filling up the DagBag from /home/airflow/.local/lib/python3.7/site-packages/airflow/example_dags/tutorial.py
[2023-03-30 11:46:03,539] {processor.py:651} INFO - DAG(s) dict_keys(['tutorial']) retrieved from /home/airflow/.local/lib/python3.7/site-packages/airflow/example_dags/tutorial.py
[2023-03-30 11:46:03,639] {logging_mixin.py:115} INFO - [2023-03-30 11:46:03,639] {dag.py:2371} INFO - Sync 1 DAGs
[2023-03-30 11:46:03,687] {logging_mixin.py:115} INFO - [2023-03-30 11:46:03,687] {dag.py:2919} INFO - Setting next_dagrun for tutorial to 2023-03-29T11:46:03.687180+00:00, run_after=2023-03-30T11:46:03.687180+00:00
[2023-03-30 11:46:03,714] {processor.py:161} INFO - Processing /home/airflow/.local/lib/python3.7/site-packages/airflow/example_dags/tutorial.py took 0.186 seconds
[2023-03-30 11:46:34,071] {processor.py:153} INFO - Started process (PID=1463) to work on /home/airflow/.local/lib/python3.7/site-packages/airflow/example_dags/tutorial.py
[2023-03-30 11:46:34,072] {processor.py:641} INFO - Processing file /home/airflow/.local/lib/python3.7/site-packages/airflow/example_dags/tutorial.py for tasks to queue
[2023-03-30 11:46:34,073] {logging_mixin.py:115} INFO - [2023-03-30 11:46:34,072] {dagbag.py:507} INFO - Filling up the DagBag from /home/airflow/.local/lib/python3.7/site-packages/airflow/example_dags/tutorial.py
[2023-03-30 11:46:34,077] {processor.py:651} INFO - DAG(s) dict_keys(['tutorial']) retrieved from /home/airflow/.local/lib/python3.7/site-packages/airflow/example_dags/tutorial.py
[2023-03-30 11:46:34,188] {logging_mixin.py:115} INFO - [2023-03-30 11:46:34,187] {dag.py:2371} INFO - Sync 1 DAGs
[2023-03-30 11:46:34,249] {logging_mixin.py:115} INFO - [2023-03-30 11:46:34,249] {dag.py:2919} INFO - Setting next_dagrun for tutorial to 2023-03-29T11:46:34.248790+00:00, run_after=2023-03-30T11:46:34.248790+00:00
[2023-03-30 11:46:34,282] {processor.py:161} INFO - Processing /home/airflow/.local/lib/python3.7/site-packages/airflow/example_dags/tutorial.py took 0.214 seconds
[2023-03-30 11:47:04,583] {processor.py:153} INFO - Started process (PID=1526) to work on /home/airflow/.local/lib/python3.7/site-packages/airflow/example_dags/tutorial.py
[2023-03-30 11:47:04,584] {processor.py:641} INFO - Processing file /home/airflow/.local/lib/python3.7/site-packages/airflow/example_dags/tutorial.py for tasks to queue
[2023-03-30 11:47:04,585] {logging_mixin.py:115} INFO - [2023-03-30 11:47:04,585] {dagbag.py:507} INFO - Filling up the DagBag from /home/airflow/.local/lib/python3.7/site-packages/airflow/example_dags/tutorial.py
[2023-03-30 11:47:04,590] {processor.py:651} INFO - DAG(s) dict_keys(['tutorial']) retrieved from /home/airflow/.local/lib/python3.7/site-packages/airflow/example_dags/tutorial.py
[2023-03-30 11:47:04,691] {logging_mixin.py:115} INFO - [2023-03-30 11:47:04,691] {dag.py:2371} INFO - Sync 1 DAGs
[2023-03-30 11:47:04,742] {logging_mixin.py:115} INFO - [2023-03-30 11:47:04,741] {dag.py:2919} INFO - Setting next_dagrun for tutorial to 2023-03-29T11:47:04.741584+00:00, run_after=2023-03-30T11:47:04.741584+00:00
[2023-03-30 11:47:04,769] {processor.py:161} INFO - Processing /home/airflow/.local/lib/python3.7/site-packages/airflow/example_dags/tutorial.py took 0.188 seconds
[2023-03-30 11:47:35,508] {processor.py:153} INFO - Started process (PID=1589) to work on /home/airflow/.local/lib/python3.7/site-packages/airflow/example_dags/tutorial.py
[2023-03-30 11:47:35,509] {processor.py:641} INFO - Processing file /home/airflow/.local/lib/python3.7/site-packages/airflow/example_dags/tutorial.py for tasks to queue
[2023-03-30 11:47:35,510] {logging_mixin.py:115} INFO - [2023-03-30 11:47:35,510] {dagbag.py:507} INFO - Filling up the DagBag from /home/airflow/.local/lib/python3.7/site-packages/airflow/example_dags/tutorial.py
[2023-03-30 11:47:35,514] {processor.py:651} INFO - DAG(s) dict_keys(['tutorial']) retrieved from /home/airflow/.local/lib/python3.7/site-packages/airflow/example_dags/tutorial.py
[2023-03-30 11:47:35,619] {logging_mixin.py:115} INFO - [2023-03-30 11:47:35,619] {dag.py:2371} INFO - Sync 1 DAGs
[2023-03-30 11:47:35,667] {logging_mixin.py:115} INFO - [2023-03-30 11:47:35,667] {dag.py:2919} INFO - Setting next_dagrun for tutorial to 2023-03-29T11:47:35.667550+00:00, run_after=2023-03-30T11:47:35.667550+00:00
[2023-03-30 11:47:35,695] {processor.py:161} INFO - Processing /home/airflow/.local/lib/python3.7/site-packages/airflow/example_dags/tutorial.py took 0.190 seconds
[2023-03-30 11:48:06,096] {processor.py:153} INFO - Started process (PID=1652) to work on /home/airflow/.local/lib/python3.7/site-packages/airflow/example_dags/tutorial.py
[2023-03-30 11:48:06,098] {processor.py:641} INFO - Processing file /home/airflow/.local/lib/python3.7/site-packages/airflow/example_dags/tutorial.py for tasks to queue
[2023-03-30 11:48:06,100] {logging_mixin.py:115} INFO - [2023-03-30 11:48:06,099] {dagbag.py:507} INFO - Filling up the DagBag from /home/airflow/.local/lib/python3.7/site-packages/airflow/example_dags/tutorial.py
[2023-03-30 11:48:06,105] {processor.py:651} INFO - DAG(s) dict_keys(['tutorial']) retrieved from /home/airflow/.local/lib/python3.7/site-packages/airflow/example_dags/tutorial.py
[2023-03-30 11:48:06,212] {logging_mixin.py:115} INFO - [2023-03-30 11:48:06,212] {dag.py:2371} INFO - Sync 1 DAGs
[2023-03-30 11:48:06,263] {logging_mixin.py:115} INFO - [2023-03-30 11:48:06,263] {dag.py:2919} INFO - Setting next_dagrun for tutorial to 2023-03-29T11:48:06.262864+00:00, run_after=2023-03-30T11:48:06.262864+00:00
[2023-03-30 11:48:06,290] {processor.py:161} INFO - Processing /home/airflow/.local/lib/python3.7/site-packages/airflow/example_dags/tutorial.py took 0.196 seconds
[2023-03-30 11:48:36,658] {processor.py:153} INFO - Started process (PID=1705) to work on /home/airflow/.local/lib/python3.7/site-packages/airflow/example_dags/tutorial.py
[2023-03-30 11:48:36,659] {processor.py:641} INFO - Processing file /home/airflow/.local/lib/python3.7/site-packages/airflow/example_dags/tutorial.py for tasks to queue
[2023-03-30 11:48:36,660] {logging_mixin.py:115} INFO - [2023-03-30 11:48:36,660] {dagbag.py:507} INFO - Filling up the DagBag from /home/airflow/.local/lib/python3.7/site-packages/airflow/example_dags/tutorial.py
[2023-03-30 11:48:36,665] {processor.py:651} INFO - DAG(s) dict_keys(['tutorial']) retrieved from /home/airflow/.local/lib/python3.7/site-packages/airflow/example_dags/tutorial.py
[2023-03-30 11:48:36,767] {logging_mixin.py:115} INFO - [2023-03-30 11:48:36,767] {dag.py:2371} INFO - Sync 1 DAGs
[2023-03-30 11:48:36,818] {logging_mixin.py:115} INFO - [2023-03-30 11:48:36,818] {dag.py:2919} INFO - Setting next_dagrun for tutorial to 2023-03-29T11:48:36.818004+00:00, run_after=2023-03-30T11:48:36.818004+00:00
[2023-03-30 11:48:36,846] {processor.py:161} INFO - Processing /home/airflow/.local/lib/python3.7/site-packages/airflow/example_dags/tutorial.py took 0.191 seconds
[2023-03-30 11:49:07,204] {processor.py:153} INFO - Started process (PID=1767) to work on /home/airflow/.local/lib/python3.7/site-packages/airflow/example_dags/tutorial.py
[2023-03-30 11:49:07,205] {processor.py:641} INFO - Processing file /home/airflow/.local/lib/python3.7/site-packages/airflow/example_dags/tutorial.py for tasks to queue
[2023-03-30 11:49:07,206] {logging_mixin.py:115} INFO - [2023-03-30 11:49:07,206] {dagbag.py:507} INFO - Filling up the DagBag from /home/airflow/.local/lib/python3.7/site-packages/airflow/example_dags/tutorial.py
[2023-03-30 11:49:07,210] {processor.py:651} INFO - DAG(s) dict_keys(['tutorial']) retrieved from /home/airflow/.local/lib/python3.7/site-packages/airflow/example_dags/tutorial.py
[2023-03-30 11:49:07,309] {logging_mixin.py:115} INFO - [2023-03-30 11:49:07,309] {dag.py:2371} INFO - Sync 1 DAGs
[2023-03-30 11:49:07,389] {logging_mixin.py:115} INFO - [2023-03-30 11:49:07,389] {dag.py:2919} INFO - Setting next_dagrun for tutorial to 2023-03-29T11:49:07.388105+00:00, run_after=2023-03-30T11:49:07.388105+00:00
[2023-03-30 11:49:07,483] {processor.py:161} INFO - Processing /home/airflow/.local/lib/python3.7/site-packages/airflow/example_dags/tutorial.py took 0.282 seconds
[2023-03-30 11:49:37,748] {processor.py:153} INFO - Started process (PID=1829) to work on /home/airflow/.local/lib/python3.7/site-packages/airflow/example_dags/tutorial.py
[2023-03-30 11:49:37,749] {processor.py:641} INFO - Processing file /home/airflow/.local/lib/python3.7/site-packages/airflow/example_dags/tutorial.py for tasks to queue
[2023-03-30 11:49:37,750] {logging_mixin.py:115} INFO - [2023-03-30 11:49:37,750] {dagbag.py:507} INFO - Filling up the DagBag from /home/airflow/.local/lib/python3.7/site-packages/airflow/example_dags/tutorial.py
[2023-03-30 11:49:37,754] {processor.py:651} INFO - DAG(s) dict_keys(['tutorial']) retrieved from /home/airflow/.local/lib/python3.7/site-packages/airflow/example_dags/tutorial.py
[2023-03-30 11:49:37,854] {logging_mixin.py:115} INFO - [2023-03-30 11:49:37,854] {dag.py:2371} INFO - Sync 1 DAGs
[2023-03-30 11:49:37,905] {logging_mixin.py:115} INFO - [2023-03-30 11:49:37,905] {dag.py:2919} INFO - Setting next_dagrun for tutorial to 2023-03-29T11:49:37.905344+00:00, run_after=2023-03-30T11:49:37.905344+00:00
[2023-03-30 11:49:37,936] {processor.py:161} INFO - Processing /home/airflow/.local/lib/python3.7/site-packages/airflow/example_dags/tutorial.py took 0.191 seconds
[2023-03-30 11:50:08,548] {processor.py:153} INFO - Started process (PID=1892) to work on /home/airflow/.local/lib/python3.7/site-packages/airflow/example_dags/tutorial.py
[2023-03-30 11:50:08,549] {processor.py:641} INFO - Processing file /home/airflow/.local/lib/python3.7/site-packages/airflow/example_dags/tutorial.py for tasks to queue
[2023-03-30 11:50:08,550] {logging_mixin.py:115} INFO - [2023-03-30 11:50:08,550] {dagbag.py:507} INFO - Filling up the DagBag from /home/airflow/.local/lib/python3.7/site-packages/airflow/example_dags/tutorial.py
[2023-03-30 11:50:08,554] {processor.py:651} INFO - DAG(s) dict_keys(['tutorial']) retrieved from /home/airflow/.local/lib/python3.7/site-packages/airflow/example_dags/tutorial.py
[2023-03-30 11:50:08,653] {logging_mixin.py:115} INFO - [2023-03-30 11:50:08,653] {dag.py:2371} INFO - Sync 1 DAGs
[2023-03-30 11:50:08,702] {logging_mixin.py:115} INFO - [2023-03-30 11:50:08,702] {dag.py:2919} INFO - Setting next_dagrun for tutorial to 2023-03-29T11:50:08.701984+00:00, run_after=2023-03-30T11:50:08.701984+00:00
[2023-03-30 11:50:08,820] {processor.py:161} INFO - Processing /home/airflow/.local/lib/python3.7/site-packages/airflow/example_dags/tutorial.py took 0.274 seconds
[2023-03-30 11:50:39,489] {processor.py:153} INFO - Started process (PID=1955) to work on /home/airflow/.local/lib/python3.7/site-packages/airflow/example_dags/tutorial.py
[2023-03-30 11:50:39,490] {processor.py:641} INFO - Processing file /home/airflow/.local/lib/python3.7/site-packages/airflow/example_dags/tutorial.py for tasks to queue
[2023-03-30 11:50:39,490] {logging_mixin.py:115} INFO - [2023-03-30 11:50:39,490] {dagbag.py:507} INFO - Filling up the DagBag from /home/airflow/.local/lib/python3.7/site-packages/airflow/example_dags/tutorial.py
[2023-03-30 11:50:39,495] {processor.py:651} INFO - DAG(s) dict_keys(['tutorial']) retrieved from /home/airflow/.local/lib/python3.7/site-packages/airflow/example_dags/tutorial.py
[2023-03-30 11:50:39,593] {logging_mixin.py:115} INFO - [2023-03-30 11:50:39,593] {dag.py:2371} INFO - Sync 1 DAGs
[2023-03-30 11:50:39,642] {logging_mixin.py:115} INFO - [2023-03-30 11:50:39,642] {dag.py:2919} INFO - Setting next_dagrun for tutorial to 2023-03-29T11:50:39.642223+00:00, run_after=2023-03-30T11:50:39.642223+00:00
[2023-03-30 11:50:39,759] {processor.py:161} INFO - Processing /home/airflow/.local/lib/python3.7/site-packages/airflow/example_dags/tutorial.py took 0.273 seconds
[2023-03-30 11:51:10,143] {processor.py:153} INFO - Started process (PID=2009) to work on /home/airflow/.local/lib/python3.7/site-packages/airflow/example_dags/tutorial.py
[2023-03-30 11:51:10,144] {processor.py:641} INFO - Processing file /home/airflow/.local/lib/python3.7/site-packages/airflow/example_dags/tutorial.py for tasks to queue
[2023-03-30 11:51:10,145] {logging_mixin.py:115} INFO - [2023-03-30 11:51:10,145] {dagbag.py:507} INFO - Filling up the DagBag from /home/airflow/.local/lib/python3.7/site-packages/airflow/example_dags/tutorial.py
[2023-03-30 11:51:10,149] {processor.py:651} INFO - DAG(s) dict_keys(['tutorial']) retrieved from /home/airflow/.local/lib/python3.7/site-packages/airflow/example_dags/tutorial.py
[2023-03-30 11:51:10,251] {logging_mixin.py:115} INFO - [2023-03-30 11:51:10,251] {dag.py:2371} INFO - Sync 1 DAGs
[2023-03-30 11:51:10,302] {logging_mixin.py:115} INFO - [2023-03-30 11:51:10,302] {dag.py:2919} INFO - Setting next_dagrun for tutorial to 2023-03-29T11:51:10.302479+00:00, run_after=2023-03-30T11:51:10.302479+00:00
[2023-03-30 11:51:10,420] {processor.py:161} INFO - Processing /home/airflow/.local/lib/python3.7/site-packages/airflow/example_dags/tutorial.py took 0.280 seconds
[2023-03-30 11:51:40,950] {processor.py:153} INFO - Started process (PID=2072) to work on /home/airflow/.local/lib/python3.7/site-packages/airflow/example_dags/tutorial.py
[2023-03-30 11:51:40,951] {processor.py:641} INFO - Processing file /home/airflow/.local/lib/python3.7/site-packages/airflow/example_dags/tutorial.py for tasks to queue
[2023-03-30 11:51:40,952] {logging_mixin.py:115} INFO - [2023-03-30 11:51:40,952] {dagbag.py:507} INFO - Filling up the DagBag from /home/airflow/.local/lib/python3.7/site-packages/airflow/example_dags/tutorial.py
[2023-03-30 11:51:40,957] {processor.py:651} INFO - DAG(s) dict_keys(['tutorial']) retrieved from /home/airflow/.local/lib/python3.7/site-packages/airflow/example_dags/tutorial.py
[2023-03-30 11:51:41,059] {logging_mixin.py:115} INFO - [2023-03-30 11:51:41,059] {dag.py:2371} INFO - Sync 1 DAGs
[2023-03-30 11:51:41,110] {logging_mixin.py:115} INFO - [2023-03-30 11:51:41,110] {dag.py:2919} INFO - Setting next_dagrun for tutorial to 2023-03-29T11:51:41.110621+00:00, run_after=2023-03-30T11:51:41.110621+00:00
[2023-03-30 11:51:41,281] {processor.py:161} INFO - Processing /home/airflow/.local/lib/python3.7/site-packages/airflow/example_dags/tutorial.py took 0.334 seconds
[2023-03-30 11:52:11,853] {processor.py:153} INFO - Started process (PID=2136) to work on /home/airflow/.local/lib/python3.7/site-packages/airflow/example_dags/tutorial.py
[2023-03-30 11:52:11,854] {processor.py:641} INFO - Processing file /home/airflow/.local/lib/python3.7/site-packages/airflow/example_dags/tutorial.py for tasks to queue
[2023-03-30 11:52:11,855] {logging_mixin.py:115} INFO - [2023-03-30 11:52:11,854] {dagbag.py:507} INFO - Filling up the DagBag from /home/airflow/.local/lib/python3.7/site-packages/airflow/example_dags/tutorial.py
[2023-03-30 11:52:11,860] {processor.py:651} INFO - DAG(s) dict_keys(['tutorial']) retrieved from /home/airflow/.local/lib/python3.7/site-packages/airflow/example_dags/tutorial.py
[2023-03-30 11:52:11,966] {logging_mixin.py:115} INFO - [2023-03-30 11:52:11,966] {dag.py:2371} INFO - Sync 1 DAGs
[2023-03-30 11:52:12,026] {logging_mixin.py:115} INFO - [2023-03-30 11:52:12,026] {dag.py:2919} INFO - Setting next_dagrun for tutorial to 2023-03-29T11:52:12.026432+00:00, run_after=2023-03-30T11:52:12.026432+00:00
[2023-03-30 11:52:12,158] {processor.py:161} INFO - Processing /home/airflow/.local/lib/python3.7/site-packages/airflow/example_dags/tutorial.py took 0.308 seconds
[2023-03-30 11:52:42,414] {processor.py:153} INFO - Started process (PID=2198) to work on /home/airflow/.local/lib/python3.7/site-packages/airflow/example_dags/tutorial.py
[2023-03-30 11:52:42,415] {processor.py:641} INFO - Processing file /home/airflow/.local/lib/python3.7/site-packages/airflow/example_dags/tutorial.py for tasks to queue
[2023-03-30 11:52:42,417] {logging_mixin.py:115} INFO - [2023-03-30 11:52:42,417] {dagbag.py:507} INFO - Filling up the DagBag from /home/airflow/.local/lib/python3.7/site-packages/airflow/example_dags/tutorial.py
[2023-03-30 11:52:42,422] {processor.py:651} INFO - DAG(s) dict_keys(['tutorial']) retrieved from /home/airflow/.local/lib/python3.7/site-packages/airflow/example_dags/tutorial.py
[2023-03-30 11:52:42,525] {logging_mixin.py:115} INFO - [2023-03-30 11:52:42,525] {dag.py:2371} INFO - Sync 1 DAGs
[2023-03-30 11:52:42,582] {logging_mixin.py:115} INFO - [2023-03-30 11:52:42,581] {dag.py:2919} INFO - Setting next_dagrun for tutorial to 2023-03-29T11:52:42.581508+00:00, run_after=2023-03-30T11:52:42.581508+00:00
[2023-03-30 11:52:42,714] {processor.py:161} INFO - Processing /home/airflow/.local/lib/python3.7/site-packages/airflow/example_dags/tutorial.py took 0.303 seconds
[2023-03-30 11:53:13,365] {processor.py:153} INFO - Started process (PID=2260) to work on /home/airflow/.local/lib/python3.7/site-packages/airflow/example_dags/tutorial.py
[2023-03-30 11:53:13,366] {processor.py:641} INFO - Processing file /home/airflow/.local/lib/python3.7/site-packages/airflow/example_dags/tutorial.py for tasks to queue
[2023-03-30 11:53:13,367] {logging_mixin.py:115} INFO - [2023-03-30 11:53:13,367] {dagbag.py:507} INFO - Filling up the DagBag from /home/airflow/.local/lib/python3.7/site-packages/airflow/example_dags/tutorial.py
[2023-03-30 11:53:13,372] {processor.py:651} INFO - DAG(s) dict_keys(['tutorial']) retrieved from /home/airflow/.local/lib/python3.7/site-packages/airflow/example_dags/tutorial.py
[2023-03-30 11:53:13,474] {logging_mixin.py:115} INFO - [2023-03-30 11:53:13,474] {dag.py:2371} INFO - Sync 1 DAGs
[2023-03-30 11:53:13,525] {logging_mixin.py:115} INFO - [2023-03-30 11:53:13,525] {dag.py:2919} INFO - Setting next_dagrun for tutorial to 2023-03-29T11:53:13.525614+00:00, run_after=2023-03-30T11:53:13.525614+00:00
[2023-03-30 11:53:13,644] {processor.py:161} INFO - Processing /home/airflow/.local/lib/python3.7/site-packages/airflow/example_dags/tutorial.py took 0.281 seconds
[2023-03-30 11:53:44,058] {processor.py:153} INFO - Started process (PID=2323) to work on /home/airflow/.local/lib/python3.7/site-packages/airflow/example_dags/tutorial.py
[2023-03-30 11:53:44,063] {processor.py:641} INFO - Processing file /home/airflow/.local/lib/python3.7/site-packages/airflow/example_dags/tutorial.py for tasks to queue
[2023-03-30 11:53:44,063] {logging_mixin.py:115} INFO - [2023-03-30 11:53:44,063] {dagbag.py:507} INFO - Filling up the DagBag from /home/airflow/.local/lib/python3.7/site-packages/airflow/example_dags/tutorial.py
[2023-03-30 11:53:44,081] {processor.py:651} INFO - DAG(s) dict_keys(['tutorial']) retrieved from /home/airflow/.local/lib/python3.7/site-packages/airflow/example_dags/tutorial.py
[2023-03-30 11:53:44,183] {logging_mixin.py:115} INFO - [2023-03-30 11:53:44,182] {dag.py:2371} INFO - Sync 1 DAGs
[2023-03-30 11:53:44,237] {logging_mixin.py:115} INFO - [2023-03-30 11:53:44,237] {dag.py:2919} INFO - Setting next_dagrun for tutorial to 2023-03-29T11:53:44.237367+00:00, run_after=2023-03-30T11:53:44.237367+00:00
[2023-03-30 11:53:44,389] {processor.py:161} INFO - Processing /home/airflow/.local/lib/python3.7/site-packages/airflow/example_dags/tutorial.py took 0.336 seconds
[2023-03-30 11:54:15,075] {processor.py:153} INFO - Started process (PID=2377) to work on /home/airflow/.local/lib/python3.7/site-packages/airflow/example_dags/tutorial.py
[2023-03-30 11:54:15,076] {processor.py:641} INFO - Processing file /home/airflow/.local/lib/python3.7/site-packages/airflow/example_dags/tutorial.py for tasks to queue
[2023-03-30 11:54:15,077] {logging_mixin.py:115} INFO - [2023-03-30 11:54:15,077] {dagbag.py:507} INFO - Filling up the DagBag from /home/airflow/.local/lib/python3.7/site-packages/airflow/example_dags/tutorial.py
[2023-03-30 11:54:15,082] {processor.py:651} INFO - DAG(s) dict_keys(['tutorial']) retrieved from /home/airflow/.local/lib/python3.7/site-packages/airflow/example_dags/tutorial.py
[2023-03-30 11:54:15,184] {logging_mixin.py:115} INFO - [2023-03-30 11:54:15,184] {dag.py:2371} INFO - Sync 1 DAGs
[2023-03-30 11:54:15,240] {logging_mixin.py:115} INFO - [2023-03-30 11:54:15,240] {dag.py:2919} INFO - Setting next_dagrun for tutorial to 2023-03-29T11:54:15.240006+00:00, run_after=2023-03-30T11:54:15.240006+00:00
[2023-03-30 11:54:15,366] {processor.py:161} INFO - Processing /home/airflow/.local/lib/python3.7/site-packages/airflow/example_dags/tutorial.py took 0.293 seconds
[2023-03-30 11:54:45,937] {processor.py:153} INFO - Started process (PID=2440) to work on /home/airflow/.local/lib/python3.7/site-packages/airflow/example_dags/tutorial.py
[2023-03-30 11:54:45,938] {processor.py:641} INFO - Processing file /home/airflow/.local/lib/python3.7/site-packages/airflow/example_dags/tutorial.py for tasks to queue
[2023-03-30 11:54:45,939] {logging_mixin.py:115} INFO - [2023-03-30 11:54:45,939] {dagbag.py:507} INFO - Filling up the DagBag from /home/airflow/.local/lib/python3.7/site-packages/airflow/example_dags/tutorial.py
[2023-03-30 11:54:45,944] {processor.py:651} INFO - DAG(s) dict_keys(['tutorial']) retrieved from /home/airflow/.local/lib/python3.7/site-packages/airflow/example_dags/tutorial.py
[2023-03-30 11:54:46,052] {logging_mixin.py:115} INFO - [2023-03-30 11:54:46,052] {dag.py:2371} INFO - Sync 1 DAGs
[2023-03-30 11:54:46,214] {logging_mixin.py:115} INFO - [2023-03-30 11:54:46,214] {dag.py:2919} INFO - Setting next_dagrun for tutorial to 2023-03-29T11:54:46.214594+00:00, run_after=2023-03-30T11:54:46.214594+00:00
[2023-03-30 11:54:46,240] {processor.py:161} INFO - Processing /home/airflow/.local/lib/python3.7/site-packages/airflow/example_dags/tutorial.py took 0.305 seconds
[2023-03-30 11:55:16,527] {processor.py:153} INFO - Started process (PID=2503) to work on /home/airflow/.local/lib/python3.7/site-packages/airflow/example_dags/tutorial.py
[2023-03-30 11:55:16,529] {processor.py:641} INFO - Processing file /home/airflow/.local/lib/python3.7/site-packages/airflow/example_dags/tutorial.py for tasks to queue
[2023-03-30 11:55:16,529] {logging_mixin.py:115} INFO - [2023-03-30 11:55:16,529] {dagbag.py:507} INFO - Filling up the DagBag from /home/airflow/.local/lib/python3.7/site-packages/airflow/example_dags/tutorial.py
[2023-03-30 11:55:16,536] {processor.py:651} INFO - DAG(s) dict_keys(['tutorial']) retrieved from /home/airflow/.local/lib/python3.7/site-packages/airflow/example_dags/tutorial.py
[2023-03-30 11:55:16,638] {logging_mixin.py:115} INFO - [2023-03-30 11:55:16,638] {dag.py:2371} INFO - Sync 1 DAGs
[2023-03-30 11:55:16,778] {logging_mixin.py:115} INFO - [2023-03-30 11:55:16,778] {dag.py:2919} INFO - Setting next_dagrun for tutorial to 2023-03-29T11:55:16.777978+00:00, run_after=2023-03-30T11:55:16.777978+00:00
[2023-03-30 11:55:16,802] {processor.py:161} INFO - Processing /home/airflow/.local/lib/python3.7/site-packages/airflow/example_dags/tutorial.py took 0.278 seconds
[2023-03-30 11:55:47,328] {processor.py:153} INFO - Started process (PID=2566) to work on /home/airflow/.local/lib/python3.7/site-packages/airflow/example_dags/tutorial.py
[2023-03-30 11:55:47,329] {processor.py:641} INFO - Processing file /home/airflow/.local/lib/python3.7/site-packages/airflow/example_dags/tutorial.py for tasks to queue
[2023-03-30 11:55:47,329] {logging_mixin.py:115} INFO - [2023-03-30 11:55:47,329] {dagbag.py:507} INFO - Filling up the DagBag from /home/airflow/.local/lib/python3.7/site-packages/airflow/example_dags/tutorial.py
[2023-03-30 11:55:47,334] {processor.py:651} INFO - DAG(s) dict_keys(['tutorial']) retrieved from /home/airflow/.local/lib/python3.7/site-packages/airflow/example_dags/tutorial.py
[2023-03-30 11:55:47,434] {logging_mixin.py:115} INFO - [2023-03-30 11:55:47,434] {dag.py:2371} INFO - Sync 1 DAGs
[2023-03-30 11:55:47,576] {logging_mixin.py:115} INFO - [2023-03-30 11:55:47,575] {dag.py:2919} INFO - Setting next_dagrun for tutorial to 2023-03-29T11:55:47.575774+00:00, run_after=2023-03-30T11:55:47.575774+00:00
[2023-03-30 11:55:47,599] {processor.py:161} INFO - Processing /home/airflow/.local/lib/python3.7/site-packages/airflow/example_dags/tutorial.py took 0.274 seconds
[2023-03-30 11:56:17,743] {processor.py:153} INFO - Started process (PID=2629) to work on /home/airflow/.local/lib/python3.7/site-packages/airflow/example_dags/tutorial.py
[2023-03-30 11:56:17,743] {processor.py:641} INFO - Processing file /home/airflow/.local/lib/python3.7/site-packages/airflow/example_dags/tutorial.py for tasks to queue
[2023-03-30 11:56:17,745] {logging_mixin.py:115} INFO - [2023-03-30 11:56:17,745] {dagbag.py:507} INFO - Filling up the DagBag from /home/airflow/.local/lib/python3.7/site-packages/airflow/example_dags/tutorial.py
[2023-03-30 11:56:17,749] {processor.py:651} INFO - DAG(s) dict_keys(['tutorial']) retrieved from /home/airflow/.local/lib/python3.7/site-packages/airflow/example_dags/tutorial.py
[2023-03-30 11:56:17,855] {logging_mixin.py:115} INFO - [2023-03-30 11:56:17,855] {dag.py:2371} INFO - Sync 1 DAGs
[2023-03-30 11:56:17,994] {logging_mixin.py:115} INFO - [2023-03-30 11:56:17,994] {dag.py:2919} INFO - Setting next_dagrun for tutorial to 2023-03-29T11:56:17.994510+00:00, run_after=2023-03-30T11:56:17.994510+00:00
[2023-03-30 11:56:18,018] {processor.py:161} INFO - Processing /home/airflow/.local/lib/python3.7/site-packages/airflow/example_dags/tutorial.py took 0.278 seconds
[2023-03-30 11:56:48,447] {processor.py:153} INFO - Started process (PID=2682) to work on /home/airflow/.local/lib/python3.7/site-packages/airflow/example_dags/tutorial.py
[2023-03-30 11:56:48,448] {processor.py:641} INFO - Processing file /home/airflow/.local/lib/python3.7/site-packages/airflow/example_dags/tutorial.py for tasks to queue
[2023-03-30 11:56:48,449] {logging_mixin.py:115} INFO - [2023-03-30 11:56:48,449] {dagbag.py:507} INFO - Filling up the DagBag from /home/airflow/.local/lib/python3.7/site-packages/airflow/example_dags/tutorial.py
[2023-03-30 11:56:48,455] {processor.py:651} INFO - DAG(s) dict_keys(['tutorial']) retrieved from /home/airflow/.local/lib/python3.7/site-packages/airflow/example_dags/tutorial.py
[2023-03-30 11:56:48,564] {logging_mixin.py:115} INFO - [2023-03-30 11:56:48,564] {dag.py:2371} INFO - Sync 1 DAGs
[2023-03-30 11:56:48,718] {logging_mixin.py:115} INFO - [2023-03-30 11:56:48,718] {dag.py:2919} INFO - Setting next_dagrun for tutorial to 2023-03-29T11:56:48.718281+00:00, run_after=2023-03-30T11:56:48.718281+00:00
[2023-03-30 11:56:48,741] {processor.py:161} INFO - Processing /home/airflow/.local/lib/python3.7/site-packages/airflow/example_dags/tutorial.py took 0.297 seconds
[2023-03-30 11:57:19,237] {processor.py:153} INFO - Started process (PID=2745) to work on /home/airflow/.local/lib/python3.7/site-packages/airflow/example_dags/tutorial.py
[2023-03-30 11:57:19,238] {processor.py:641} INFO - Processing file /home/airflow/.local/lib/python3.7/site-packages/airflow/example_dags/tutorial.py for tasks to queue
[2023-03-30 11:57:19,239] {logging_mixin.py:115} INFO - [2023-03-30 11:57:19,239] {dagbag.py:507} INFO - Filling up the DagBag from /home/airflow/.local/lib/python3.7/site-packages/airflow/example_dags/tutorial.py
[2023-03-30 11:57:19,244] {processor.py:651} INFO - DAG(s) dict_keys(['tutorial']) retrieved from /home/airflow/.local/lib/python3.7/site-packages/airflow/example_dags/tutorial.py
[2023-03-30 11:57:19,345] {logging_mixin.py:115} INFO - [2023-03-30 11:57:19,345] {dag.py:2371} INFO - Sync 1 DAGs
[2023-03-30 11:57:19,489] {logging_mixin.py:115} INFO - [2023-03-30 11:57:19,488] {dag.py:2919} INFO - Setting next_dagrun for tutorial to 2023-03-29T11:57:19.488788+00:00, run_after=2023-03-30T11:57:19.488788+00:00
[2023-03-30 11:57:19,512] {processor.py:161} INFO - Processing /home/airflow/.local/lib/python3.7/site-packages/airflow/example_dags/tutorial.py took 0.277 seconds
[2023-03-30 11:57:50,206] {processor.py:153} INFO - Started process (PID=2808) to work on /home/airflow/.local/lib/python3.7/site-packages/airflow/example_dags/tutorial.py
[2023-03-30 11:57:50,207] {processor.py:641} INFO - Processing file /home/airflow/.local/lib/python3.7/site-packages/airflow/example_dags/tutorial.py for tasks to queue
[2023-03-30 11:57:50,208] {logging_mixin.py:115} INFO - [2023-03-30 11:57:50,208] {dagbag.py:507} INFO - Filling up the DagBag from /home/airflow/.local/lib/python3.7/site-packages/airflow/example_dags/tutorial.py
[2023-03-30 11:57:50,212] {processor.py:651} INFO - DAG(s) dict_keys(['tutorial']) retrieved from /home/airflow/.local/lib/python3.7/site-packages/airflow/example_dags/tutorial.py
[2023-03-30 11:57:50,311] {logging_mixin.py:115} INFO - [2023-03-30 11:57:50,311] {dag.py:2371} INFO - Sync 1 DAGs
[2023-03-30 11:57:50,452] {logging_mixin.py:115} INFO - [2023-03-30 11:57:50,452] {dag.py:2919} INFO - Setting next_dagrun for tutorial to 2023-03-29T11:57:50.452439+00:00, run_after=2023-03-30T11:57:50.452439+00:00
[2023-03-30 11:57:50,475] {processor.py:161} INFO - Processing /home/airflow/.local/lib/python3.7/site-packages/airflow/example_dags/tutorial.py took 0.272 seconds
[2023-03-30 11:58:20,696] {processor.py:153} INFO - Started process (PID=2871) to work on /home/airflow/.local/lib/python3.7/site-packages/airflow/example_dags/tutorial.py
[2023-03-30 11:58:20,697] {processor.py:641} INFO - Processing file /home/airflow/.local/lib/python3.7/site-packages/airflow/example_dags/tutorial.py for tasks to queue
[2023-03-30 11:58:20,698] {logging_mixin.py:115} INFO - [2023-03-30 11:58:20,698] {dagbag.py:507} INFO - Filling up the DagBag from /home/airflow/.local/lib/python3.7/site-packages/airflow/example_dags/tutorial.py
[2023-03-30 11:58:20,703] {processor.py:651} INFO - DAG(s) dict_keys(['tutorial']) retrieved from /home/airflow/.local/lib/python3.7/site-packages/airflow/example_dags/tutorial.py
[2023-03-30 11:58:20,808] {logging_mixin.py:115} INFO - [2023-03-30 11:58:20,808] {dag.py:2371} INFO - Sync 1 DAGs
[2023-03-30 11:58:20,983] {logging_mixin.py:115} INFO - [2023-03-30 11:58:20,983] {dag.py:2919} INFO - Setting next_dagrun for tutorial to 2023-03-29T11:58:20.983219+00:00, run_after=2023-03-30T11:58:20.983219+00:00
[2023-03-30 11:58:21,011] {processor.py:161} INFO - Processing /home/airflow/.local/lib/python3.7/site-packages/airflow/example_dags/tutorial.py took 0.318 seconds
[2023-03-30 11:58:51,224] {processor.py:153} INFO - Started process (PID=2934) to work on /home/airflow/.local/lib/python3.7/site-packages/airflow/example_dags/tutorial.py
[2023-03-30 11:58:51,226] {processor.py:641} INFO - Processing file /home/airflow/.local/lib/python3.7/site-packages/airflow/example_dags/tutorial.py for tasks to queue
[2023-03-30 11:58:51,226] {logging_mixin.py:115} INFO - [2023-03-30 11:58:51,226] {dagbag.py:507} INFO - Filling up the DagBag from /home/airflow/.local/lib/python3.7/site-packages/airflow/example_dags/tutorial.py
[2023-03-30 11:58:51,232] {processor.py:651} INFO - DAG(s) dict_keys(['tutorial']) retrieved from /home/airflow/.local/lib/python3.7/site-packages/airflow/example_dags/tutorial.py
[2023-03-30 11:58:51,333] {logging_mixin.py:115} INFO - [2023-03-30 11:58:51,333] {dag.py:2371} INFO - Sync 1 DAGs
[2023-03-30 11:58:51,476] {logging_mixin.py:115} INFO - [2023-03-30 11:58:51,476] {dag.py:2919} INFO - Setting next_dagrun for tutorial to 2023-03-29T11:58:51.476688+00:00, run_after=2023-03-30T11:58:51.476688+00:00
[2023-03-30 11:58:51,500] {processor.py:161} INFO - Processing /home/airflow/.local/lib/python3.7/site-packages/airflow/example_dags/tutorial.py took 0.278 seconds
[2023-03-30 11:59:22,013] {processor.py:153} INFO - Started process (PID=2994) to work on /home/airflow/.local/lib/python3.7/site-packages/airflow/example_dags/tutorial.py
[2023-03-30 11:59:22,014] {processor.py:641} INFO - Processing file /home/airflow/.local/lib/python3.7/site-packages/airflow/example_dags/tutorial.py for tasks to queue
[2023-03-30 11:59:22,015] {logging_mixin.py:115} INFO - [2023-03-30 11:59:22,015] {dagbag.py:507} INFO - Filling up the DagBag from /home/airflow/.local/lib/python3.7/site-packages/airflow/example_dags/tutorial.py
[2023-03-30 11:59:22,020] {processor.py:651} INFO - DAG(s) dict_keys(['tutorial']) retrieved from /home/airflow/.local/lib/python3.7/site-packages/airflow/example_dags/tutorial.py
[2023-03-30 11:59:22,127] {logging_mixin.py:115} INFO - [2023-03-30 11:59:22,127] {dag.py:2371} INFO - Sync 1 DAGs
[2023-03-30 11:59:22,272] {logging_mixin.py:115} INFO - [2023-03-30 11:59:22,272] {dag.py:2919} INFO - Setting next_dagrun for tutorial to 2023-03-29T11:59:22.272265+00:00, run_after=2023-03-30T11:59:22.272265+00:00
[2023-03-30 11:59:22,298] {processor.py:161} INFO - Processing /home/airflow/.local/lib/python3.7/site-packages/airflow/example_dags/tutorial.py took 0.288 seconds
[2023-03-30 11:59:52,532] {processor.py:153} INFO - Started process (PID=3050) to work on /home/airflow/.local/lib/python3.7/site-packages/airflow/example_dags/tutorial.py
[2023-03-30 11:59:52,533] {processor.py:641} INFO - Processing file /home/airflow/.local/lib/python3.7/site-packages/airflow/example_dags/tutorial.py for tasks to queue
[2023-03-30 11:59:52,534] {logging_mixin.py:115} INFO - [2023-03-30 11:59:52,534] {dagbag.py:507} INFO - Filling up the DagBag from /home/airflow/.local/lib/python3.7/site-packages/airflow/example_dags/tutorial.py
[2023-03-30 11:59:52,538] {processor.py:651} INFO - DAG(s) dict_keys(['tutorial']) retrieved from /home/airflow/.local/lib/python3.7/site-packages/airflow/example_dags/tutorial.py
[2023-03-30 11:59:52,642] {logging_mixin.py:115} INFO - [2023-03-30 11:59:52,642] {dag.py:2371} INFO - Sync 1 DAGs
[2023-03-30 11:59:52,798] {logging_mixin.py:115} INFO - [2023-03-30 11:59:52,797] {dag.py:2919} INFO - Setting next_dagrun for tutorial to 2023-03-29T11:59:52.797816+00:00, run_after=2023-03-30T11:59:52.797816+00:00
[2023-03-30 11:59:52,822] {processor.py:161} INFO - Processing /home/airflow/.local/lib/python3.7/site-packages/airflow/example_dags/tutorial.py took 0.301 seconds
[2023-03-30 12:00:22,964] {processor.py:153} INFO - Started process (PID=3113) to work on /home/airflow/.local/lib/python3.7/site-packages/airflow/example_dags/tutorial.py
[2023-03-30 12:00:22,965] {processor.py:641} INFO - Processing file /home/airflow/.local/lib/python3.7/site-packages/airflow/example_dags/tutorial.py for tasks to queue
[2023-03-30 12:00:22,966] {logging_mixin.py:115} INFO - [2023-03-30 12:00:22,966] {dagbag.py:507} INFO - Filling up the DagBag from /home/airflow/.local/lib/python3.7/site-packages/airflow/example_dags/tutorial.py
[2023-03-30 12:00:22,971] {processor.py:651} INFO - DAG(s) dict_keys(['tutorial']) retrieved from /home/airflow/.local/lib/python3.7/site-packages/airflow/example_dags/tutorial.py
[2023-03-30 12:00:23,070] {logging_mixin.py:115} INFO - [2023-03-30 12:00:23,070] {dag.py:2371} INFO - Sync 1 DAGs
[2023-03-30 12:00:23,210] {logging_mixin.py:115} INFO - [2023-03-30 12:00:23,210] {dag.py:2919} INFO - Setting next_dagrun for tutorial to 2023-03-29T12:00:23.210516+00:00, run_after=2023-03-30T12:00:23.210516+00:00
[2023-03-30 12:00:23,234] {processor.py:161} INFO - Processing /home/airflow/.local/lib/python3.7/site-packages/airflow/example_dags/tutorial.py took 0.273 seconds
[2023-03-30 12:00:53,576] {processor.py:153} INFO - Started process (PID=3177) to work on /home/airflow/.local/lib/python3.7/site-packages/airflow/example_dags/tutorial.py
[2023-03-30 12:00:53,577] {processor.py:641} INFO - Processing file /home/airflow/.local/lib/python3.7/site-packages/airflow/example_dags/tutorial.py for tasks to queue
[2023-03-30 12:00:53,577] {logging_mixin.py:115} INFO - [2023-03-30 12:00:53,577] {dagbag.py:507} INFO - Filling up the DagBag from /home/airflow/.local/lib/python3.7/site-packages/airflow/example_dags/tutorial.py
[2023-03-30 12:00:53,582] {processor.py:651} INFO - DAG(s) dict_keys(['tutorial']) retrieved from /home/airflow/.local/lib/python3.7/site-packages/airflow/example_dags/tutorial.py
[2023-03-30 12:00:53,685] {logging_mixin.py:115} INFO - [2023-03-30 12:00:53,685] {dag.py:2371} INFO - Sync 1 DAGs
[2023-03-30 12:00:53,828] {logging_mixin.py:115} INFO - [2023-03-30 12:00:53,828] {dag.py:2919} INFO - Setting next_dagrun for tutorial to 2023-03-29T12:00:53.827830+00:00, run_after=2023-03-30T12:00:53.827830+00:00
[2023-03-30 12:00:53,852] {processor.py:161} INFO - Processing /home/airflow/.local/lib/python3.7/site-packages/airflow/example_dags/tutorial.py took 0.279 seconds
[2023-03-30 12:01:24,131] {processor.py:153} INFO - Started process (PID=3239) to work on /home/airflow/.local/lib/python3.7/site-packages/airflow/example_dags/tutorial.py
[2023-03-30 12:01:24,132] {processor.py:641} INFO - Processing file /home/airflow/.local/lib/python3.7/site-packages/airflow/example_dags/tutorial.py for tasks to queue
[2023-03-30 12:01:24,132] {logging_mixin.py:115} INFO - [2023-03-30 12:01:24,132] {dagbag.py:507} INFO - Filling up the DagBag from /home/airflow/.local/lib/python3.7/site-packages/airflow/example_dags/tutorial.py
[2023-03-30 12:01:24,137] {processor.py:651} INFO - DAG(s) dict_keys(['tutorial']) retrieved from /home/airflow/.local/lib/python3.7/site-packages/airflow/example_dags/tutorial.py
[2023-03-30 12:01:24,239] {logging_mixin.py:115} INFO - [2023-03-30 12:01:24,239] {dag.py:2371} INFO - Sync 1 DAGs
[2023-03-30 12:01:24,381] {logging_mixin.py:115} INFO - [2023-03-30 12:01:24,381] {dag.py:2919} INFO - Setting next_dagrun for tutorial to 2023-03-29T12:01:24.381010+00:00, run_after=2023-03-30T12:01:24.381010+00:00
[2023-03-30 12:01:24,406] {processor.py:161} INFO - Processing /home/airflow/.local/lib/python3.7/site-packages/airflow/example_dags/tutorial.py took 0.278 seconds
[2023-03-30 12:01:55,292] {processor.py:153} INFO - Started process (PID=3302) to work on /home/airflow/.local/lib/python3.7/site-packages/airflow/example_dags/tutorial.py
[2023-03-30 12:01:55,300] {processor.py:641} INFO - Processing file /home/airflow/.local/lib/python3.7/site-packages/airflow/example_dags/tutorial.py for tasks to queue
[2023-03-30 12:01:55,301] {logging_mixin.py:115} INFO - [2023-03-30 12:01:55,301] {dagbag.py:507} INFO - Filling up the DagBag from /home/airflow/.local/lib/python3.7/site-packages/airflow/example_dags/tutorial.py
[2023-03-30 12:01:55,306] {processor.py:651} INFO - DAG(s) dict_keys(['tutorial']) retrieved from /home/airflow/.local/lib/python3.7/site-packages/airflow/example_dags/tutorial.py
[2023-03-30 12:01:55,410] {logging_mixin.py:115} INFO - [2023-03-30 12:01:55,410] {dag.py:2371} INFO - Sync 1 DAGs
[2023-03-30 12:01:55,578] {logging_mixin.py:115} INFO - [2023-03-30 12:01:55,577] {dag.py:2919} INFO - Setting next_dagrun for tutorial to 2023-03-29T12:01:55.577775+00:00, run_after=2023-03-30T12:01:55.577775+00:00
[2023-03-30 12:01:55,604] {processor.py:161} INFO - Processing /home/airflow/.local/lib/python3.7/site-packages/airflow/example_dags/tutorial.py took 0.314 seconds
[2023-03-30 12:02:25,864] {processor.py:153} INFO - Started process (PID=3356) to work on /home/airflow/.local/lib/python3.7/site-packages/airflow/example_dags/tutorial.py
[2023-03-30 12:02:25,865] {processor.py:641} INFO - Processing file /home/airflow/.local/lib/python3.7/site-packages/airflow/example_dags/tutorial.py for tasks to queue
[2023-03-30 12:02:25,866] {logging_mixin.py:115} INFO - [2023-03-30 12:02:25,866] {dagbag.py:507} INFO - Filling up the DagBag from /home/airflow/.local/lib/python3.7/site-packages/airflow/example_dags/tutorial.py
[2023-03-30 12:02:25,870] {processor.py:651} INFO - DAG(s) dict_keys(['tutorial']) retrieved from /home/airflow/.local/lib/python3.7/site-packages/airflow/example_dags/tutorial.py
[2023-03-30 12:02:25,970] {logging_mixin.py:115} INFO - [2023-03-30 12:02:25,969] {dag.py:2371} INFO - Sync 1 DAGs
[2023-03-30 12:02:26,113] {logging_mixin.py:115} INFO - [2023-03-30 12:02:26,113] {dag.py:2919} INFO - Setting next_dagrun for tutorial to 2023-03-29T12:02:26.113127+00:00, run_after=2023-03-30T12:02:26.113127+00:00
[2023-03-30 12:02:26,136] {processor.py:161} INFO - Processing /home/airflow/.local/lib/python3.7/site-packages/airflow/example_dags/tutorial.py took 0.275 seconds
[2023-03-30 12:02:56,446] {processor.py:153} INFO - Started process (PID=3420) to work on /home/airflow/.local/lib/python3.7/site-packages/airflow/example_dags/tutorial.py
[2023-03-30 12:02:56,446] {processor.py:641} INFO - Processing file /home/airflow/.local/lib/python3.7/site-packages/airflow/example_dags/tutorial.py for tasks to queue
[2023-03-30 12:02:56,447] {logging_mixin.py:115} INFO - [2023-03-30 12:02:56,447] {dagbag.py:507} INFO - Filling up the DagBag from /home/airflow/.local/lib/python3.7/site-packages/airflow/example_dags/tutorial.py
[2023-03-30 12:02:56,452] {processor.py:651} INFO - DAG(s) dict_keys(['tutorial']) retrieved from /home/airflow/.local/lib/python3.7/site-packages/airflow/example_dags/tutorial.py
[2023-03-30 12:02:56,552] {logging_mixin.py:115} INFO - [2023-03-30 12:02:56,552] {dag.py:2371} INFO - Sync 1 DAGs
[2023-03-30 12:02:56,692] {logging_mixin.py:115} INFO - [2023-03-30 12:02:56,692] {dag.py:2919} INFO - Setting next_dagrun for tutorial to 2023-03-29T12:02:56.692496+00:00, run_after=2023-03-30T12:02:56.692496+00:00
[2023-03-30 12:02:56,716] {processor.py:161} INFO - Processing /home/airflow/.local/lib/python3.7/site-packages/airflow/example_dags/tutorial.py took 0.273 seconds
[2023-03-30 12:03:26,935] {processor.py:153} INFO - Started process (PID=3483) to work on /home/airflow/.local/lib/python3.7/site-packages/airflow/example_dags/tutorial.py
[2023-03-30 12:03:26,937] {processor.py:641} INFO - Processing file /home/airflow/.local/lib/python3.7/site-packages/airflow/example_dags/tutorial.py for tasks to queue
[2023-03-30 12:03:26,938] {logging_mixin.py:115} INFO - [2023-03-30 12:03:26,938] {dagbag.py:507} INFO - Filling up the DagBag from /home/airflow/.local/lib/python3.7/site-packages/airflow/example_dags/tutorial.py
[2023-03-30 12:03:26,942] {processor.py:651} INFO - DAG(s) dict_keys(['tutorial']) retrieved from /home/airflow/.local/lib/python3.7/site-packages/airflow/example_dags/tutorial.py
[2023-03-30 12:03:27,046] {logging_mixin.py:115} INFO - [2023-03-30 12:03:27,046] {dag.py:2371} INFO - Sync 1 DAGs
[2023-03-30 12:03:27,193] {logging_mixin.py:115} INFO - [2023-03-30 12:03:27,193] {dag.py:2919} INFO - Setting next_dagrun for tutorial to 2023-03-29T12:03:27.193198+00:00, run_after=2023-03-30T12:03:27.193198+00:00
[2023-03-30 12:03:27,219] {processor.py:161} INFO - Processing /home/airflow/.local/lib/python3.7/site-packages/airflow/example_dags/tutorial.py took 0.286 seconds
[2023-03-30 12:03:57,459] {processor.py:153} INFO - Started process (PID=3546) to work on /home/airflow/.local/lib/python3.7/site-packages/airflow/example_dags/tutorial.py
[2023-03-30 12:03:57,460] {processor.py:641} INFO - Processing file /home/airflow/.local/lib/python3.7/site-packages/airflow/example_dags/tutorial.py for tasks to queue
[2023-03-30 12:03:57,461] {logging_mixin.py:115} INFO - [2023-03-30 12:03:57,461] {dagbag.py:507} INFO - Filling up the DagBag from /home/airflow/.local/lib/python3.7/site-packages/airflow/example_dags/tutorial.py
[2023-03-30 12:03:57,465] {processor.py:651} INFO - DAG(s) dict_keys(['tutorial']) retrieved from /home/airflow/.local/lib/python3.7/site-packages/airflow/example_dags/tutorial.py
[2023-03-30 12:03:57,567] {logging_mixin.py:115} INFO - [2023-03-30 12:03:57,566] {dag.py:2371} INFO - Sync 1 DAGs
[2023-03-30 12:03:57,719] {logging_mixin.py:115} INFO - [2023-03-30 12:03:57,719] {dag.py:2919} INFO - Setting next_dagrun for tutorial to 2023-03-29T12:03:57.718892+00:00, run_after=2023-03-30T12:03:57.718892+00:00
[2023-03-30 12:03:57,743] {processor.py:161} INFO - Processing /home/airflow/.local/lib/python3.7/site-packages/airflow/example_dags/tutorial.py took 0.287 seconds
[2023-03-30 12:04:28,099] {processor.py:153} INFO - Started process (PID=3609) to work on /home/airflow/.local/lib/python3.7/site-packages/airflow/example_dags/tutorial.py
[2023-03-30 12:04:28,100] {processor.py:641} INFO - Processing file /home/airflow/.local/lib/python3.7/site-packages/airflow/example_dags/tutorial.py for tasks to queue
[2023-03-30 12:04:28,101] {logging_mixin.py:115} INFO - [2023-03-30 12:04:28,101] {dagbag.py:507} INFO - Filling up the DagBag from /home/airflow/.local/lib/python3.7/site-packages/airflow/example_dags/tutorial.py
[2023-03-30 12:04:28,105] {processor.py:651} INFO - DAG(s) dict_keys(['tutorial']) retrieved from /home/airflow/.local/lib/python3.7/site-packages/airflow/example_dags/tutorial.py
[2023-03-30 12:04:28,206] {logging_mixin.py:115} INFO - [2023-03-30 12:04:28,206] {dag.py:2371} INFO - Sync 1 DAGs
[2023-03-30 12:04:28,368] {logging_mixin.py:115} INFO - [2023-03-30 12:04:28,368] {dag.py:2919} INFO - Setting next_dagrun for tutorial to 2023-03-29T12:04:28.367854+00:00, run_after=2023-03-30T12:04:28.367854+00:00
[2023-03-30 12:04:28,394] {processor.py:161} INFO - Processing /home/airflow/.local/lib/python3.7/site-packages/airflow/example_dags/tutorial.py took 0.297 seconds
[2023-03-30 12:04:58,735] {processor.py:153} INFO - Started process (PID=3663) to work on /home/airflow/.local/lib/python3.7/site-packages/airflow/example_dags/tutorial.py
[2023-03-30 12:04:58,736] {processor.py:641} INFO - Processing file /home/airflow/.local/lib/python3.7/site-packages/airflow/example_dags/tutorial.py for tasks to queue
[2023-03-30 12:04:58,737] {logging_mixin.py:115} INFO - [2023-03-30 12:04:58,737] {dagbag.py:507} INFO - Filling up the DagBag from /home/airflow/.local/lib/python3.7/site-packages/airflow/example_dags/tutorial.py
[2023-03-30 12:04:58,742] {processor.py:651} INFO - DAG(s) dict_keys(['tutorial']) retrieved from /home/airflow/.local/lib/python3.7/site-packages/airflow/example_dags/tutorial.py
[2023-03-30 12:04:58,843] {logging_mixin.py:115} INFO - [2023-03-30 12:04:58,843] {dag.py:2371} INFO - Sync 1 DAGs
[2023-03-30 12:04:58,980] {logging_mixin.py:115} INFO - [2023-03-30 12:04:58,980] {dag.py:2919} INFO - Setting next_dagrun for tutorial to 2023-03-29T12:04:58.980389+00:00, run_after=2023-03-30T12:04:58.980389+00:00
[2023-03-30 12:04:59,003] {processor.py:161} INFO - Processing /home/airflow/.local/lib/python3.7/site-packages/airflow/example_dags/tutorial.py took 0.271 seconds
[2023-03-30 12:05:29,294] {processor.py:153} INFO - Started process (PID=3726) to work on /home/airflow/.local/lib/python3.7/site-packages/airflow/example_dags/tutorial.py
[2023-03-30 12:05:29,295] {processor.py:641} INFO - Processing file /home/airflow/.local/lib/python3.7/site-packages/airflow/example_dags/tutorial.py for tasks to queue
[2023-03-30 12:05:29,296] {logging_mixin.py:115} INFO - [2023-03-30 12:05:29,296] {dagbag.py:507} INFO - Filling up the DagBag from /home/airflow/.local/lib/python3.7/site-packages/airflow/example_dags/tutorial.py
[2023-03-30 12:05:29,301] {processor.py:651} INFO - DAG(s) dict_keys(['tutorial']) retrieved from /home/airflow/.local/lib/python3.7/site-packages/airflow/example_dags/tutorial.py
[2023-03-30 12:05:29,401] {logging_mixin.py:115} INFO - [2023-03-30 12:05:29,401] {dag.py:2371} INFO - Sync 1 DAGs
[2023-03-30 12:05:29,539] {logging_mixin.py:115} INFO - [2023-03-30 12:05:29,539] {dag.py:2919} INFO - Setting next_dagrun for tutorial to 2023-03-29T12:05:29.539567+00:00, run_after=2023-03-30T12:05:29.539567+00:00
[2023-03-30 12:05:29,563] {processor.py:161} INFO - Processing /home/airflow/.local/lib/python3.7/site-packages/airflow/example_dags/tutorial.py took 0.272 seconds
[2023-03-30 12:06:00,284] {processor.py:153} INFO - Started process (PID=3789) to work on /home/airflow/.local/lib/python3.7/site-packages/airflow/example_dags/tutorial.py
[2023-03-30 12:06:00,285] {processor.py:641} INFO - Processing file /home/airflow/.local/lib/python3.7/site-packages/airflow/example_dags/tutorial.py for tasks to queue
[2023-03-30 12:06:00,286] {logging_mixin.py:115} INFO - [2023-03-30 12:06:00,286] {dagbag.py:507} INFO - Filling up the DagBag from /home/airflow/.local/lib/python3.7/site-packages/airflow/example_dags/tutorial.py
[2023-03-30 12:06:00,291] {processor.py:651} INFO - DAG(s) dict_keys(['tutorial']) retrieved from /home/airflow/.local/lib/python3.7/site-packages/airflow/example_dags/tutorial.py
[2023-03-30 12:06:00,397] {logging_mixin.py:115} INFO - [2023-03-30 12:06:00,397] {dag.py:2371} INFO - Sync 1 DAGs
[2023-03-30 12:06:00,545] {logging_mixin.py:115} INFO - [2023-03-30 12:06:00,545] {dag.py:2919} INFO - Setting next_dagrun for tutorial to 2023-03-29T12:06:00.544887+00:00, run_after=2023-03-30T12:06:00.544887+00:00
[2023-03-30 12:06:00,569] {processor.py:161} INFO - Processing /home/airflow/.local/lib/python3.7/site-packages/airflow/example_dags/tutorial.py took 0.287 seconds
[2023-03-30 12:06:31,447] {processor.py:153} INFO - Started process (PID=3852) to work on /home/airflow/.local/lib/python3.7/site-packages/airflow/example_dags/tutorial.py
[2023-03-30 12:06:31,449] {processor.py:641} INFO - Processing file /home/airflow/.local/lib/python3.7/site-packages/airflow/example_dags/tutorial.py for tasks to queue
[2023-03-30 12:06:31,450] {logging_mixin.py:115} INFO - [2023-03-30 12:06:31,450] {dagbag.py:507} INFO - Filling up the DagBag from /home/airflow/.local/lib/python3.7/site-packages/airflow/example_dags/tutorial.py
[2023-03-30 12:06:31,455] {processor.py:651} INFO - DAG(s) dict_keys(['tutorial']) retrieved from /home/airflow/.local/lib/python3.7/site-packages/airflow/example_dags/tutorial.py
[2023-03-30 12:06:31,555] {logging_mixin.py:115} INFO - [2023-03-30 12:06:31,555] {dag.py:2371} INFO - Sync 1 DAGs
[2023-03-30 12:06:31,696] {logging_mixin.py:115} INFO - [2023-03-30 12:06:31,696] {dag.py:2919} INFO - Setting next_dagrun for tutorial to 2023-03-29T12:06:31.695947+00:00, run_after=2023-03-30T12:06:31.695947+00:00
[2023-03-30 12:06:31,719] {processor.py:161} INFO - Processing /home/airflow/.local/lib/python3.7/site-packages/airflow/example_dags/tutorial.py took 0.274 seconds
[2023-03-30 12:07:02,199] {processor.py:153} INFO - Started process (PID=3915) to work on /home/airflow/.local/lib/python3.7/site-packages/airflow/example_dags/tutorial.py
[2023-03-30 12:07:02,201] {processor.py:641} INFO - Processing file /home/airflow/.local/lib/python3.7/site-packages/airflow/example_dags/tutorial.py for tasks to queue
[2023-03-30 12:07:02,201] {logging_mixin.py:115} INFO - [2023-03-30 12:07:02,201] {dagbag.py:507} INFO - Filling up the DagBag from /home/airflow/.local/lib/python3.7/site-packages/airflow/example_dags/tutorial.py
[2023-03-30 12:07:02,208] {processor.py:651} INFO - DAG(s) dict_keys(['tutorial']) retrieved from /home/airflow/.local/lib/python3.7/site-packages/airflow/example_dags/tutorial.py
[2023-03-30 12:07:02,314] {logging_mixin.py:115} INFO - [2023-03-30 12:07:02,314] {dag.py:2371} INFO - Sync 1 DAGs
[2023-03-30 12:07:02,454] {logging_mixin.py:115} INFO - [2023-03-30 12:07:02,454] {dag.py:2919} INFO - Setting next_dagrun for tutorial to 2023-03-29T12:07:02.454691+00:00, run_after=2023-03-30T12:07:02.454691+00:00
[2023-03-30 12:07:02,477] {processor.py:161} INFO - Processing /home/airflow/.local/lib/python3.7/site-packages/airflow/example_dags/tutorial.py took 0.281 seconds
[2023-03-30 12:07:32,791] {processor.py:153} INFO - Started process (PID=3969) to work on /home/airflow/.local/lib/python3.7/site-packages/airflow/example_dags/tutorial.py
[2023-03-30 12:07:32,792] {processor.py:641} INFO - Processing file /home/airflow/.local/lib/python3.7/site-packages/airflow/example_dags/tutorial.py for tasks to queue
[2023-03-30 12:07:32,792] {logging_mixin.py:115} INFO - [2023-03-30 12:07:32,792] {dagbag.py:507} INFO - Filling up the DagBag from /home/airflow/.local/lib/python3.7/site-packages/airflow/example_dags/tutorial.py
[2023-03-30 12:07:32,797] {processor.py:651} INFO - DAG(s) dict_keys(['tutorial']) retrieved from /home/airflow/.local/lib/python3.7/site-packages/airflow/example_dags/tutorial.py
[2023-03-30 12:07:32,900] {logging_mixin.py:115} INFO - [2023-03-30 12:07:32,900] {dag.py:2371} INFO - Sync 1 DAGs
[2023-03-30 12:07:33,046] {logging_mixin.py:115} INFO - [2023-03-30 12:07:33,046] {dag.py:2919} INFO - Setting next_dagrun for tutorial to 2023-03-29T12:07:33.045992+00:00, run_after=2023-03-30T12:07:33.045992+00:00
[2023-03-30 12:07:33,068] {processor.py:161} INFO - Processing /home/airflow/.local/lib/python3.7/site-packages/airflow/example_dags/tutorial.py took 0.280 seconds
